#
# There is insufficient memory for the Java Runtime Environment to continue.
# Native memory allocation (mmap) failed to map 2441216 bytes for G1 virtual space
# Possible reasons:
#   The system is out of physical RAM or swap space
#   The process is running with CompressedOops enabled, and the Java Heap may be blocking the growth of the native heap
# Possible solutions:
#   Reduce memory load on the system
#   Increase physical memory or swap space
#   Check if swap backing store is full
#   Decrease Java heap size (-Xmx/-Xms)
#   Decrease number of Java threads
#   Decrease Java thread stack sizes (-Xss)
#   Set larger code cache with -XX:ReservedCodeCacheSize=
#   JVM is running with Unscaled Compressed Oops mode in which the Java heap is
#     placed in the first 4GB address space. The Java Heap base address is the
#     maximum limit for the native heap growth. Please use -XX:HeapBaseMinAddress
#     to set the Java Heap base and to place the Java Heap above 4GB virtual address.
# This output file may be truncated or incomplete.
#
#  Out of Memory Error (os_windows.cpp:3548), pid=44552, tid=30776
#
# JRE version: Java(TM) SE Runtime Environment (17.0.11+7) (build 17.0.11+7-LTS-207)
# Java VM: Java HotSpot(TM) 64-Bit Server VM (17.0.11+7-LTS-207, mixed mode, sharing, tiered, compressed oops, compressed class ptrs, g1 gc, windows-amd64)
# No core dump will be written. Minidumps are not enabled by default on client versions of Windows
#

---------------  S U M M A R Y ------------

Command Line: --add-opens=java.base/java.util=ALL-UNNAMED --add-opens=java.base/java.lang=ALL-UNNAMED --add-opens=java.base/java.lang.invoke=ALL-UNNAMED --add-opens=java.prefs/java.util.prefs=ALL-UNNAMED --add-opens=java.base/java.nio.charset=ALL-UNNAMED --add-opens=java.base/java.net=ALL-UNNAMED --add-opens=java.base/java.util.concurrent.atomic=ALL-UNNAMED -Xmx1536m -Dfile.encoding=x-windows-949 -Duser.country=KR -Duser.language=ko -Duser.variant -javaagent:C:\Gradle\gradle-8.7\lib\agents\gradle-instrumentation-agent-8.7.jar org.gradle.launcher.daemon.bootstrap.GradleDaemon 8.7

Host: Intel(R) Core(TM) i5-6200U CPU @ 2.30GHz, 4 cores, 3G,  Windows 10 , 64 bit Build 19041 (10.0.19041.3636)
Time: Fri Aug  2 04:00:58 2024  Windows 10 , 64 bit Build 19041 (10.0.19041.3636) elapsed time: 178.940611 seconds (0d 0h 2m 58s)

---------------  T H R E A D  ---------------

Current thread (0x00000256d2717870):  VMThread "VM Thread" [stack: 0x000000d73f200000,0x000000d73f300000] [id=30776]

Stack: [0x000000d73f200000,0x000000d73f300000]
Native frames: (J=compiled Java code, j=interpreted, Vv=VM code, C=native code)
V  [jvm.dll+0x679cca]
V  [jvm.dll+0x7da13d]
V  [jvm.dll+0x7dba83]
V  [jvm.dll+0x7dc0f3]
V  [jvm.dll+0x2449af]
V  [jvm.dll+0x676ce9]
V  [jvm.dll+0x66b852]
V  [jvm.dll+0x3018d6]
V  [jvm.dll+0x308e76]
V  [jvm.dll+0x359718]
V  [jvm.dll+0x35991f]
V  [jvm.dll+0x2d89a8]
V  [jvm.dll+0x2d6ddd]
V  [jvm.dll+0x2d642c]
V  [jvm.dll+0x319f8b]
V  [jvm.dll+0x7e09eb]
V  [jvm.dll+0x7e1724]
V  [jvm.dll+0x7e1c3d]
V  [jvm.dll+0x7e2014]
V  [jvm.dll+0x7e20e0]
V  [jvm.dll+0x78a85a]
V  [jvm.dll+0x678bb5]
C  [ucrtbase.dll+0x21bb2]
C  [KERNEL32.DLL+0x17344]
C  [ntdll.dll+0x4cc91]

VM_Operation (0x000000d744dfbc20): G1CollectForAllocation, mode: safepoint, requested by thread 0x00000256f75b4cf0


---------------  P R O C E S S  ---------------

Threads class SMR info:
_java_thread_list=0x00000256ff385080, length=94, elements={
0x00000256d2648cb0, 0x00000256eec63ce0, 0x00000256eec64970, 0x00000256eec76860,
0x00000256eec7c260, 0x00000256eec7cb30, 0x00000256eec80900, 0x00000256eec837e0,
0x00000256eec84980, 0x00000256eed09120, 0x00000256f3067480, 0x00000256f3161060,
0x00000256f48da0e0, 0x00000256f3f894a0, 0x00000256f49ad700, 0x00000256f4671db0,
0x00000256f51f39c0, 0x00000256f45eeee0, 0x00000256f45ed590, 0x00000256f45edaa0,
0x00000256f45ed080, 0x00000256f45ef3f0, 0x00000256f45efe10, 0x00000256f45edfb0,
0x00000256f45ef900, 0x00000256f45f0320, 0x00000256f45f0830, 0x00000256f45ee4c0,
0x00000256f542c8e0, 0x00000256f542c3d0, 0x00000256f542f160, 0x00000256f542a570,
0x00000256f542d300, 0x00000256f542cdf0, 0x00000256f542f670, 0x00000256f5430fc0,
0x00000256f542dd20, 0x00000256f542bec0, 0x00000256f54305a0, 0x00000256f542e230,
0x00000256f54314d0, 0x00000256f542e740, 0x00000256f542ec50, 0x00000256f5430ab0,
0x00000256f542af90, 0x00000256f542b4a0, 0x00000256f56cf6e0, 0x00000256f56d0b20,
0x00000256f56d1030, 0x00000256f56d1540, 0x00000256f56d1a50, 0x00000256f45ee9d0,
0x00000256f7b001c0, 0x00000256f7afcf20, 0x00000256f7afe360, 0x00000256f7b01600,
0x00000256f7afbff0, 0x00000256f7afed80, 0x00000256f7b02020, 0x00000256f7afe870,
0x00000256f7b01b10, 0x00000256f7afb5d0, 0x00000256f7b02530, 0x00000256f7afd940,
0x00000256f7afde50, 0x00000256f7afb0c0, 0x00000256f7b02a40, 0x00000256f7afbae0,
0x00000256f7afc500, 0x00000256f7afca10, 0x00000256f7aff290, 0x00000256f7b010f0,
0x00000256f7afd430, 0x00000256f7aff7a0, 0x00000256f7affcb0, 0x00000256f7b006d0,
0x00000256f7b00be0, 0x00000256f75b0610, 0x00000256f75b38b0, 0x00000256f75b33a0,
0x00000256f75b2e90, 0x00000256f75b3dc0, 0x00000256f75b42d0, 0x00000256f75ad370,
0x00000256f75b4cf0, 0x00000256f75ae2a0, 0x00000256f75b1540, 0x00000256f54319e0,
0x00000256f5d93fa0, 0x00000256f5d94ed0, 0x00000256f5d91210, 0x00000256f5d96d30,
0x00000256f5d93580, 0x00000256f5d958f0
}

Java Threads: ( => current thread )
  0x00000256d2648cb0 JavaThread "main" [_thread_blocked, id=30616, stack(0x000000d73ec00000,0x000000d73ed00000)]
  0x00000256eec63ce0 JavaThread "Reference Handler" daemon [_thread_blocked, id=9460, stack(0x000000d73f300000,0x000000d73f400000)]
  0x00000256eec64970 JavaThread "Finalizer" daemon [_thread_blocked, id=41156, stack(0x000000d73f400000,0x000000d73f500000)]
  0x00000256eec76860 JavaThread "Signal Dispatcher" daemon [_thread_blocked, id=43116, stack(0x000000d73f500000,0x000000d73f600000)]
  0x00000256eec7c260 JavaThread "Attach Listener" daemon [_thread_blocked, id=46040, stack(0x000000d73f600000,0x000000d73f700000)]
  0x00000256eec7cb30 JavaThread "Service Thread" daemon [_thread_blocked, id=33980, stack(0x000000d73f700000,0x000000d73f800000)]
  0x00000256eec80900 JavaThread "Monitor Deflation Thread" daemon [_thread_blocked, id=16776, stack(0x000000d73f800000,0x000000d73f900000)]
  0x00000256eec837e0 JavaThread "C2 CompilerThread0" daemon [_thread_blocked, id=43816, stack(0x000000d73f900000,0x000000d73fa00000)]
  0x00000256eec84980 JavaThread "C1 CompilerThread0" daemon [_thread_blocked, id=36156, stack(0x000000d73fa00000,0x000000d73fb00000)]
  0x00000256eed09120 JavaThread "Sweeper thread" daemon [_thread_blocked, id=1804, stack(0x000000d73fb00000,0x000000d73fc00000)]
  0x00000256f3067480 JavaThread "Common-Cleaner" daemon [_thread_blocked, id=44108, stack(0x000000d73fc00000,0x000000d73fd00000)]
  0x00000256f3161060 JavaThread "Notification Thread" daemon [_thread_blocked, id=33208, stack(0x000000d73fd00000,0x000000d73fe00000)]
  0x00000256f48da0e0 JavaThread "Daemon health stats" [_thread_blocked, id=45104, stack(0x000000d740200000,0x000000d740300000)]
  0x00000256f3f894a0 JavaThread "Incoming local TCP Connector on port 59771" [_thread_in_native, id=45904, stack(0x000000d740300000,0x000000d740400000)]
  0x00000256f49ad700 JavaThread "Daemon periodic checks" [_thread_blocked, id=41920, stack(0x000000d740400000,0x000000d740500000)]
  0x00000256f4671db0 JavaThread "Daemon" [_thread_blocked, id=43620, stack(0x000000d740500000,0x000000d740600000)]
  0x00000256f51f39c0 JavaThread "Handler for socket connection from /127.0.0.1:59771 to /127.0.0.1:59772" [_thread_in_native, id=9752, stack(0x000000d740600000,0x000000d740700000)]
  0x00000256f45eeee0 JavaThread "Cancel handler" [_thread_blocked, id=36100, stack(0x000000d740700000,0x000000d740800000)]
  0x00000256f45ed590 JavaThread "Daemon worker" [_thread_blocked, id=41820, stack(0x000000d740800000,0x000000d740900000)]
  0x00000256f45edaa0 JavaThread "Asynchronous log dispatcher for DefaultDaemonConnection: socket connection from /127.0.0.1:59771 to /127.0.0.1:59772" [_thread_blocked, id=24140, stack(0x000000d740900000,0x000000d740a00000)]
  0x00000256f45ed080 JavaThread "Stdin handler" [_thread_blocked, id=38080, stack(0x000000d740a00000,0x000000d740b00000)]
  0x00000256f45ef3f0 JavaThread "Daemon client event forwarder" [_thread_blocked, id=41400, stack(0x000000d740b00000,0x000000d740c00000)]
  0x00000256f45efe10 JavaThread "Cache worker for journal cache (C:\Users\Violin\.gradle\caches\journal-1)" [_thread_blocked, id=43356, stack(0x000000d740c00000,0x000000d740d00000)]
  0x00000256f45edfb0 JavaThread "File lock request listener" [_thread_in_native, id=22872, stack(0x000000d740d00000,0x000000d740e00000)]
  0x00000256f45ef900 JavaThread "Cache worker for file hash cache (C:\Users\Violin\.gradle\caches\8.7\fileHashes)" [_thread_blocked, id=42768, stack(0x000000d740e00000,0x000000d740f00000)]
  0x00000256f45f0320 JavaThread "Cache worker for file hash cache (C:\Users\Violin\AndroidStudioProjects\Simple Bank Manager\.gradle\8.7\fileHashes)" [_thread_blocked, id=22796, stack(0x000000d740f00000,0x000000d741000000)]
  0x00000256f45f0830 JavaThread "File watcher server" daemon [_thread_blocked, id=36896, stack(0x000000d741000000,0x000000d741100000)]
  0x00000256f45ee4c0 JavaThread "File watcher consumer" daemon [_thread_blocked, id=9504, stack(0x000000d741100000,0x000000d741200000)]
  0x00000256f542c8e0 JavaThread "Cache worker for checksums cache (C:\Users\Violin\AndroidStudioProjects\Simple Bank Manager\.gradle\8.7\checksums)" [_thread_blocked, id=37912, stack(0x000000d741200000,0x000000d741300000)]
  0x00000256f542c3d0 JavaThread "Cache worker for cache directory md-supplier (C:\Users\Violin\.gradle\caches\8.7\md-supplier)" [_thread_blocked, id=25488, stack(0x000000d741300000,0x000000d741400000)]
  0x00000256f542f160 JavaThread "Cache worker for cache directory md-rule (C:\Users\Violin\.gradle\caches\8.7\md-rule)" [_thread_blocked, id=5796, stack(0x000000d741400000,0x000000d741500000)]
  0x00000256f542a570 JavaThread "Cache worker for file content cache (C:\Users\Violin\.gradle\caches\8.7\fileContent)" [_thread_blocked, id=28088, stack(0x000000d741500000,0x000000d741600000)]
  0x00000256f542d300 JavaThread "jar transforms" [_thread_blocked, id=38196, stack(0x000000d741900000,0x000000d741a00000)]
  0x00000256f542cdf0 JavaThread "Unconstrained build operations" [_thread_blocked, id=45156, stack(0x000000d741b00000,0x000000d741c00000)]
  0x00000256f542f670 JavaThread "Unconstrained build operations Thread 2" [_thread_blocked, id=12084, stack(0x000000d741c00000,0x000000d741d00000)]
  0x00000256f5430fc0 JavaThread "jar transforms Thread 2" [_thread_blocked, id=18860, stack(0x000000d741d00000,0x000000d741e00000)]
  0x00000256f542dd20 JavaThread "Cache worker for Build Output Cleanup Cache (C:\Users\Violin\AndroidStudioProjects\Simple Bank Manager\.gradle\buildOutputCleanup)" [_thread_blocked, id=40144, stack(0x000000d73e900000,0x000000d73ea00000)]
  0x00000256f542bec0 JavaThread "jar transforms Thread 3" [_thread_blocked, id=15208, stack(0x000000d741e00000,0x000000d741f00000)]
  0x00000256f54305a0 JavaThread "Unconstrained build operations Thread 3" [_thread_blocked, id=34420, stack(0x000000d741f00000,0x000000d742000000)]
  0x00000256f542e230 JavaThread "Unconstrained build operations Thread 4" [_thread_blocked, id=45028, stack(0x000000d742000000,0x000000d742100000)]
  0x00000256f54314d0 JavaThread "Unconstrained build operations Thread 5" [_thread_blocked, id=39348, stack(0x000000d742100000,0x000000d742200000)]
  0x00000256f542e740 JavaThread "Unconstrained build operations Thread 6" [_thread_blocked, id=45704, stack(0x000000d742200000,0x000000d742300000)]
  0x00000256f542ec50 JavaThread "Unconstrained build operations Thread 7" [_thread_blocked, id=44708, stack(0x000000d742300000,0x000000d742400000)]
  0x00000256f5430ab0 JavaThread "Unconstrained build operations Thread 8" [_thread_blocked, id=18056, stack(0x000000d742400000,0x000000d742500000)]
  0x00000256f542af90 JavaThread "jar transforms Thread 4" [_thread_blocked, id=42324, stack(0x000000d742700000,0x000000d742800000)]
  0x00000256f542b4a0 JavaThread "Memory manager" [_thread_blocked, id=44692, stack(0x000000d742800000,0x000000d742900000)]
  0x00000256f56cf6e0 JavaThread "build event listener" [_thread_blocked, id=12008, stack(0x000000d742900000,0x000000d742a00000)]
  0x00000256f56d0b20 JavaThread "included builds" [_thread_blocked, id=38484, stack(0x000000d73ea00000,0x000000d73eb00000)]
  0x00000256f56d1030 JavaThread "Execution worker" [_thread_blocked, id=24268, stack(0x000000d73eb00000,0x000000d73ec00000)]
  0x00000256f56d1540 JavaThread "Execution worker Thread 2" [_thread_blocked, id=44312, stack(0x000000d742a00000,0x000000d742b00000)]
  0x00000256f56d1a50 JavaThread "Execution worker Thread 3" [_thread_blocked, id=44436, stack(0x000000d742b00000,0x000000d742c00000)]
  0x00000256f45ee9d0 JavaThread "Cache worker for execution history cache (C:\Users\Violin\AndroidStudioProjects\Simple Bank Manager\.gradle\8.7\executionHistory)" [_thread_blocked, id=38780, stack(0x000000d742c00000,0x000000d742d00000)]
  0x00000256f7b001c0 JavaThread "Unconstrained build operations Thread 9" [_thread_blocked, id=41328, stack(0x000000d742d00000,0x000000d742e00000)]
  0x00000256f7afcf20 JavaThread "Unconstrained build operations Thread 10" [_thread_blocked, id=45400, stack(0x000000d742e00000,0x000000d742f00000)]
  0x00000256f7afe360 JavaThread "Unconstrained build operations Thread 11" [_thread_blocked, id=28164, stack(0x000000d742f00000,0x000000d743000000)]
  0x00000256f7b01600 JavaThread "Unconstrained build operations Thread 12" [_thread_blocked, id=41488, stack(0x000000d743000000,0x000000d743100000)]
  0x00000256f7afbff0 JavaThread "Unconstrained build operations Thread 13" [_thread_blocked, id=43016, stack(0x000000d743100000,0x000000d743200000)]
  0x00000256f7afed80 JavaThread "Unconstrained build operations Thread 14" [_thread_blocked, id=33364, stack(0x000000d743200000,0x000000d743300000)]
  0x00000256f7b02020 JavaThread "Unconstrained build operations Thread 15" [_thread_blocked, id=41144, stack(0x000000d743300000,0x000000d743400000)]
  0x00000256f7afe870 JavaThread "Unconstrained build operations Thread 16" [_thread_blocked, id=19512, stack(0x000000d743400000,0x000000d743500000)]
  0x00000256f7b01b10 JavaThread "Unconstrained build operations Thread 17" [_thread_blocked, id=44564, stack(0x000000d743500000,0x000000d743600000)]
  0x00000256f7afb5d0 JavaThread "Unconstrained build operations Thread 18" [_thread_blocked, id=36184, stack(0x000000d743600000,0x000000d743700000)]
  0x00000256f7b02530 JavaThread "Unconstrained build operations Thread 19" [_thread_blocked, id=24632, stack(0x000000d743700000,0x000000d743800000)]
  0x00000256f7afd940 JavaThread "Unconstrained build operations Thread 20" [_thread_blocked, id=28760, stack(0x000000d743800000,0x000000d743900000)]
  0x00000256f7afde50 JavaThread "Unconstrained build operations Thread 21" [_thread_blocked, id=27688, stack(0x000000d743900000,0x000000d743a00000)]
  0x00000256f7afb0c0 JavaThread "Unconstrained build operations Thread 22" [_thread_blocked, id=42580, stack(0x000000d743a00000,0x000000d743b00000)]
  0x00000256f7b02a40 JavaThread "Unconstrained build operations Thread 23" [_thread_blocked, id=44228, stack(0x000000d743b00000,0x000000d743c00000)]
  0x00000256f7afbae0 JavaThread "Unconstrained build operations Thread 24" [_thread_blocked, id=32804, stack(0x000000d743c00000,0x000000d743d00000)]
  0x00000256f7afc500 JavaThread "Unconstrained build operations Thread 25" [_thread_blocked, id=37024, stack(0x000000d743d00000,0x000000d743e00000)]
  0x00000256f7afca10 JavaThread "Unconstrained build operations Thread 26" [_thread_blocked, id=43564, stack(0x000000d743e00000,0x000000d743f00000)]
  0x00000256f7aff290 JavaThread "Unconstrained build operations Thread 27" [_thread_blocked, id=25584, stack(0x000000d743f00000,0x000000d744000000)]
  0x00000256f7b010f0 JavaThread "Unconstrained build operations Thread 28" [_thread_blocked, id=32184, stack(0x000000d744000000,0x000000d744100000)]
  0x00000256f7afd430 JavaThread "Unconstrained build operations Thread 29" [_thread_blocked, id=39716, stack(0x000000d744100000,0x000000d744200000)]
  0x00000256f7aff7a0 JavaThread "Unconstrained build operations Thread 30" [_thread_blocked, id=30180, stack(0x000000d744200000,0x000000d744300000)]
  0x00000256f7affcb0 JavaThread "Unconstrained build operations Thread 31" [_thread_blocked, id=39128, stack(0x000000d744300000,0x000000d744400000)]
  0x00000256f7b006d0 JavaThread "Unconstrained build operations Thread 32" [_thread_blocked, id=33616, stack(0x000000d744400000,0x000000d744500000)]
  0x00000256f7b00be0 JavaThread "Unconstrained build operations Thread 33" [_thread_blocked, id=45936, stack(0x000000d744500000,0x000000d744600000)]
  0x00000256f75b0610 JavaThread "Unconstrained build operations Thread 34" [_thread_blocked, id=43788, stack(0x000000d744600000,0x000000d744700000)]
  0x00000256f75b38b0 JavaThread "Unconstrained build operations Thread 35" [_thread_blocked, id=30436, stack(0x000000d744700000,0x000000d744800000)]
  0x00000256f75b33a0 JavaThread "Unconstrained build operations Thread 36" [_thread_blocked, id=39440, stack(0x000000d744800000,0x000000d744900000)]
  0x00000256f75b2e90 JavaThread "Unconstrained build operations Thread 37" [_thread_blocked, id=35668, stack(0x000000d744900000,0x000000d744a00000)]
  0x00000256f75b3dc0 JavaThread "Unconstrained build operations Thread 38" [_thread_blocked, id=45532, stack(0x000000d744a00000,0x000000d744b00000)]
  0x00000256f75b42d0 JavaThread "Unconstrained build operations Thread 39" [_thread_blocked, id=39848, stack(0x000000d744b00000,0x000000d744c00000)]
  0x00000256f75ad370 JavaThread "Unconstrained build operations Thread 40" [_thread_blocked, id=44520, stack(0x000000d744c00000,0x000000d744d00000)]
  0x00000256f75b4cf0 JavaThread "WorkerExecutor Queue" [_thread_blocked, id=27176, stack(0x000000d744d00000,0x000000d744e00000)]
  0x00000256f75ae2a0 JavaThread "RMI Scheduler(0)" daemon [_thread_blocked, id=39532, stack(0x000000d744e00000,0x000000d744f00000)]
  0x00000256f75b1540 JavaThread "RMI GC Daemon" daemon [_thread_blocked, id=38540, stack(0x000000d745000000,0x000000d745100000)]
  0x00000256f54319e0 JavaThread "RMI TCP Accept-0" daemon [_thread_in_native, id=44844, stack(0x000000d745100000,0x000000d745200000)]
  0x00000256f5d93fa0 JavaThread "RMI Reaper" [_thread_blocked, id=39772, stack(0x000000d745200000,0x000000d745300000)]
  0x00000256f5d94ed0 JavaThread "RMI TCP Connection(idle)" daemon [_thread_blocked, id=37324, stack(0x000000d745300000,0x000000d745400000)]
  0x00000256f5d91210 JavaThread "Exec process" [_thread_blocked, id=44416, stack(0x000000d745500000,0x000000d745600000)]
  0x00000256f5d96d30 JavaThread "Exec process Thread 2" [_thread_blocked, id=1844, stack(0x000000d745700000,0x000000d745800000)]
  0x00000256f5d93580 JavaThread "Exec process Thread 3" [_thread_blocked, id=42984, stack(0x000000d745800000,0x000000d745900000)]
  0x00000256f5d958f0 JavaThread "Exec process Thread 4" [_thread_blocked, id=44816, stack(0x000000d745900000,0x000000d745a00000)]

Other Threads:
=>0x00000256d2717870 VMThread "VM Thread" [stack: 0x000000d73f200000,0x000000d73f300000] [id=30776]
  0x00000256d26b0e40 WatcherThread [stack: 0x000000d73fe00000,0x000000d73ff00000] [id=29856]
  0x00000256d2693430 GCTaskThread "GC Thread#0" [stack: 0x000000d73ed00000,0x000000d73ee00000] [id=44860]
  0x00000256f37e5b80 GCTaskThread "GC Thread#1" [stack: 0x000000d73ff00000,0x000000d740000000] [id=29876]
  0x00000256f36a9c80 GCTaskThread "GC Thread#2" [stack: 0x000000d740000000,0x000000d740100000] [id=35232]
  0x00000256f3c3f1b0 GCTaskThread "GC Thread#3" [stack: 0x000000d740100000,0x000000d740200000] [id=32668]
  0x00000256d26a12a0 ConcurrentGCThread "G1 Main Marker" [stack: 0x000000d73ee00000,0x000000d73ef00000] [id=39604]
  0x00000256d26a4370 ConcurrentGCThread "G1 Conc#0" [stack: 0x000000d73ef00000,0x000000d73f000000] [id=40112]
  0x00000256d26f4e60 ConcurrentGCThread "G1 Refine#0" [stack: 0x000000d73f000000,0x000000d73f100000] [id=23172]
  0x00000256f6432270 ConcurrentGCThread "G1 Refine#1" [stack: 0x000000d741600000,0x000000d741700000] [id=26292]
  0x00000256f5b594c0 ConcurrentGCThread "G1 Refine#2" [stack: 0x000000d741700000,0x000000d741800000] [id=35548]
  0x00000256d26f57a0 ConcurrentGCThread "G1 Service" [stack: 0x000000d73f100000,0x000000d73f200000] [id=43768]

Threads with active compile tasks:
C2 CompilerThread0   179030 26406       4       org.objectweb.asm.ClassReader::readCode (5109 bytes)

VM state: at safepoint (normal execution)

VM Mutex/Monitor currently owned by a thread:  ([mutex/lock_event])
[0x00000256d2643410] Threads_lock - owner thread: 0x00000256d2717870
[0x00000256d2643bf0] Heap_lock - owner thread: 0x00000256f75b4cf0

Heap address: 0x00000000a0000000, size: 1536 MB, Compressed Oops mode: 32-bit

CDS archive(s) mapped at: [0x0000025680000000-0x0000025680bd0000-0x0000025680bd0000), size 12386304, SharedBaseAddress: 0x0000025680000000, ArchiveRelocationMode: 1.
Compressed class space mapped at: 0x0000025681000000-0x00000256c1000000, reserved size: 1073741824
Narrow klass base: 0x0000025680000000, Narrow klass shift: 0, Narrow klass range: 0x100000000

GC Precious Log:
 CPUs: 4 total, 4 available
 Memory: 4010M
 Large Page Support: Disabled
 NUMA Support: Disabled
 Compressed Oops: Enabled (32-bit)
 Heap Region Size: 1M
 Heap Min Capacity: 8M
 Heap Initial Capacity: 64M
 Heap Max Capacity: 1536M
 Pre-touch: Disabled
 Parallel Workers: 4
 Concurrent Workers: 1
 Concurrent Refinement Workers: 4
 Periodic GC: Disabled

Heap:
 garbage-first heap   total 295936K, used 249532K [0x00000000a0000000, 0x0000000100000000)
  region size 1024K, 1 young (1024K), 1 survivors (1024K)
 Metaspace       used 172424K, committed 173504K, reserved 1245184K
  class space    used 22002K, committed 22528K, reserved 1048576K

Heap Regions: E=young(eden), S=young(survivor), O=old, HS=humongous(starts), HC=humongous(continues), CS=collection set, F=free, OA=open archive, CA=closed archive, TAMS=top-at-mark-start (previous, next)
|   0|0x00000000a0000000, 0x00000000a0100000, 0x00000000a0100000|100%| O|  |TAMS 0x00000000a0100000, 0x00000000a0100000| Untracked 
|   1|0x00000000a0100000, 0x00000000a0200000, 0x00000000a0200000|100%| O|  |TAMS 0x00000000a0200000, 0x00000000a0200000| Untracked 
|   2|0x00000000a0200000, 0x00000000a0300000, 0x00000000a0300000|100%| O|  |TAMS 0x00000000a0300000, 0x00000000a0300000| Untracked 
|   3|0x00000000a0300000, 0x00000000a0400000, 0x00000000a0400000|100%|HS|  |TAMS 0x00000000a0400000, 0x00000000a0400000| Complete 
|   4|0x00000000a0400000, 0x00000000a0500000, 0x00000000a0500000|100%|HC|  |TAMS 0x00000000a0500000, 0x00000000a0500000| Complete 
|   5|0x00000000a0500000, 0x00000000a0600000, 0x00000000a0600000|100%|HC|  |TAMS 0x00000000a0600000, 0x00000000a0600000| Complete 
|   6|0x00000000a0600000, 0x00000000a0700000, 0x00000000a0700000|100%|HC|  |TAMS 0x00000000a0700000, 0x00000000a0700000| Complete 
|   7|0x00000000a0700000, 0x00000000a0800000, 0x00000000a0800000|100%| O|  |TAMS 0x00000000a0800000, 0x00000000a0800000| Untracked 
|   8|0x00000000a0800000, 0x00000000a0900000, 0x00000000a0900000|100%| O|  |TAMS 0x00000000a0900000, 0x00000000a0900000| Untracked 
|   9|0x00000000a0900000, 0x00000000a0a00000, 0x00000000a0a00000|100%| O|  |TAMS 0x00000000a0a00000, 0x00000000a0a00000| Untracked 
|  10|0x00000000a0a00000, 0x00000000a0b00000, 0x00000000a0b00000|100%| O|  |TAMS 0x00000000a0b00000, 0x00000000a0b00000| Untracked 
|  11|0x00000000a0b00000, 0x00000000a0c00000, 0x00000000a0c00000|100%| O|  |TAMS 0x00000000a0c00000, 0x00000000a0c00000| Untracked 
|  12|0x00000000a0c00000, 0x00000000a0d00000, 0x00000000a0d00000|100%| O|  |TAMS 0x00000000a0d00000, 0x00000000a0d00000| Untracked 
|  13|0x00000000a0d00000, 0x00000000a0e00000, 0x00000000a0e00000|100%| O|  |TAMS 0x00000000a0e00000, 0x00000000a0e00000| Untracked 
|  14|0x00000000a0e00000, 0x00000000a0f00000, 0x00000000a0f00000|100%| O|  |TAMS 0x00000000a0f00000, 0x00000000a0f00000| Untracked 
|  15|0x00000000a0f00000, 0x00000000a1000000, 0x00000000a1000000|100%| O|  |TAMS 0x00000000a1000000, 0x00000000a1000000| Untracked 
|  16|0x00000000a1000000, 0x00000000a1100000, 0x00000000a1100000|100%| O|  |TAMS 0x00000000a1100000, 0x00000000a1100000| Untracked 
|  17|0x00000000a1100000, 0x00000000a1200000, 0x00000000a1200000|100%| O|  |TAMS 0x00000000a1200000, 0x00000000a1200000| Untracked 
|  18|0x00000000a1200000, 0x00000000a1300000, 0x00000000a1300000|100%| O|  |TAMS 0x00000000a1300000, 0x00000000a1300000| Untracked 
|  19|0x00000000a1300000, 0x00000000a1400000, 0x00000000a1400000|100%| O|  |TAMS 0x00000000a1400000, 0x00000000a1400000| Untracked 
|  20|0x00000000a1400000, 0x00000000a1500000, 0x00000000a1500000|100%| O|  |TAMS 0x00000000a1500000, 0x00000000a1500000| Untracked 
|  21|0x00000000a1500000, 0x00000000a1600000, 0x00000000a1600000|100%| O|  |TAMS 0x00000000a1600000, 0x00000000a1600000| Untracked 
|  22|0x00000000a1600000, 0x00000000a1700000, 0x00000000a1700000|100%| O|  |TAMS 0x00000000a1700000, 0x00000000a1700000| Untracked 
|  23|0x00000000a1700000, 0x00000000a1800000, 0x00000000a1800000|100%| O|  |TAMS 0x00000000a1800000, 0x00000000a1800000| Untracked 
|  24|0x00000000a1800000, 0x00000000a1900000, 0x00000000a1900000|100%| O|  |TAMS 0x00000000a1900000, 0x00000000a1900000| Untracked 
|  25|0x00000000a1900000, 0x00000000a1a00000, 0x00000000a1a00000|100%| O|  |TAMS 0x00000000a1a00000, 0x00000000a1a00000| Untracked 
|  26|0x00000000a1a00000, 0x00000000a1b00000, 0x00000000a1b00000|100%| O|  |TAMS 0x00000000a1b00000, 0x00000000a1b00000| Untracked 
|  27|0x00000000a1b00000, 0x00000000a1c00000, 0x00000000a1c00000|100%| O|  |TAMS 0x00000000a1c00000, 0x00000000a1c00000| Untracked 
|  28|0x00000000a1c00000, 0x00000000a1d00000, 0x00000000a1d00000|100%| O|  |TAMS 0x00000000a1d00000, 0x00000000a1d00000| Untracked 
|  29|0x00000000a1d00000, 0x00000000a1e00000, 0x00000000a1e00000|100%| O|  |TAMS 0x00000000a1e00000, 0x00000000a1e00000| Untracked 
|  30|0x00000000a1e00000, 0x00000000a1f00000, 0x00000000a1f00000|100%| O|  |TAMS 0x00000000a1f00000, 0x00000000a1f00000| Untracked 
|  31|0x00000000a1f00000, 0x00000000a2000000, 0x00000000a2000000|100%| O|  |TAMS 0x00000000a2000000, 0x00000000a2000000| Untracked 
|  32|0x00000000a2000000, 0x00000000a2100000, 0x00000000a2100000|100%| O|  |TAMS 0x00000000a2100000, 0x00000000a2100000| Untracked 
|  33|0x00000000a2100000, 0x00000000a2200000, 0x00000000a2200000|100%| O|  |TAMS 0x00000000a2200000, 0x00000000a2200000| Untracked 
|  34|0x00000000a2200000, 0x00000000a2300000, 0x00000000a2300000|100%| O|  |TAMS 0x00000000a2300000, 0x00000000a2300000| Untracked 
|  35|0x00000000a2300000, 0x00000000a2400000, 0x00000000a2400000|100%| O|  |TAMS 0x00000000a2400000, 0x00000000a2400000| Untracked 
|  36|0x00000000a2400000, 0x00000000a2500000, 0x00000000a2500000|100%| O|  |TAMS 0x00000000a2500000, 0x00000000a2500000| Untracked 
|  37|0x00000000a2500000, 0x00000000a2600000, 0x00000000a2600000|100%| O|  |TAMS 0x00000000a2600000, 0x00000000a2600000| Untracked 
|  38|0x00000000a2600000, 0x00000000a2700000, 0x00000000a2700000|100%| O|  |TAMS 0x00000000a2700000, 0x00000000a2700000| Untracked 
|  39|0x00000000a2700000, 0x00000000a2800000, 0x00000000a2800000|100%| O|  |TAMS 0x00000000a2800000, 0x00000000a2800000| Untracked 
|  40|0x00000000a2800000, 0x00000000a2900000, 0x00000000a2900000|100%| O|  |TAMS 0x00000000a2900000, 0x00000000a2900000| Untracked 
|  41|0x00000000a2900000, 0x00000000a2a00000, 0x00000000a2a00000|100%| O|  |TAMS 0x00000000a2a00000, 0x00000000a2a00000| Untracked 
|  42|0x00000000a2a00000, 0x00000000a2b00000, 0x00000000a2b00000|100%| O|  |TAMS 0x00000000a2b00000, 0x00000000a2b00000| Untracked 
|  43|0x00000000a2b00000, 0x00000000a2c00000, 0x00000000a2c00000|100%| O|  |TAMS 0x00000000a2c00000, 0x00000000a2c00000| Untracked 
|  44|0x00000000a2c00000, 0x00000000a2d00000, 0x00000000a2d00000|100%| O|  |TAMS 0x00000000a2d00000, 0x00000000a2d00000| Untracked 
|  45|0x00000000a2d00000, 0x00000000a2e00000, 0x00000000a2e00000|100%| O|  |TAMS 0x00000000a2d00000, 0x00000000a2e00000| Untracked 
|  46|0x00000000a2e00000, 0x00000000a2f00000, 0x00000000a2f00000|100%| O|  |TAMS 0x00000000a2e00000, 0x00000000a2f00000| Untracked 
|  47|0x00000000a2f00000, 0x00000000a3000000, 0x00000000a3000000|100%|HS|  |TAMS 0x00000000a3000000, 0x00000000a3000000| Complete 
|  48|0x00000000a3000000, 0x00000000a3100000, 0x00000000a3100000|100%|HS|  |TAMS 0x00000000a3100000, 0x00000000a3100000| Complete 
|  49|0x00000000a3100000, 0x00000000a3200000, 0x00000000a3200000|100%|HS|  |TAMS 0x00000000a3200000, 0x00000000a3200000| Complete 
|  50|0x00000000a3200000, 0x00000000a3300000, 0x00000000a3300000|100%|HS|  |TAMS 0x00000000a3300000, 0x00000000a3300000| Complete 
|  51|0x00000000a3300000, 0x00000000a3400000, 0x00000000a3400000|100%|HC|  |TAMS 0x00000000a3400000, 0x00000000a3400000| Complete 
|  52|0x00000000a3400000, 0x00000000a3500000, 0x00000000a3500000|100%|HC|  |TAMS 0x00000000a3500000, 0x00000000a3500000| Complete 
|  53|0x00000000a3500000, 0x00000000a3600000, 0x00000000a3600000|100%| O|  |TAMS 0x00000000a3600000, 0x00000000a3600000| Untracked 
|  54|0x00000000a3600000, 0x00000000a3700000, 0x00000000a3700000|100%|HS|  |TAMS 0x00000000a3700000, 0x00000000a3700000| Complete 
|  55|0x00000000a3700000, 0x00000000a3800000, 0x00000000a3800000|100%| O|  |TAMS 0x00000000a3800000, 0x00000000a3800000| Untracked 
|  56|0x00000000a3800000, 0x00000000a3900000, 0x00000000a3900000|100%| O|  |TAMS 0x00000000a3900000, 0x00000000a3900000| Untracked 
|  57|0x00000000a3900000, 0x00000000a3a00000, 0x00000000a3a00000|100%| O|  |TAMS 0x00000000a3a00000, 0x00000000a3a00000| Untracked 
|  58|0x00000000a3a00000, 0x00000000a3b00000, 0x00000000a3b00000|100%| O|  |TAMS 0x00000000a3b00000, 0x00000000a3b00000| Untracked 
|  59|0x00000000a3b00000, 0x00000000a3c00000, 0x00000000a3c00000|100%| O|  |TAMS 0x00000000a3c00000, 0x00000000a3c00000| Untracked 
|  60|0x00000000a3c00000, 0x00000000a3d00000, 0x00000000a3d00000|100%| O|  |TAMS 0x00000000a3c00000, 0x00000000a3d00000| Untracked 
|  61|0x00000000a3d00000, 0x00000000a3e00000, 0x00000000a3e00000|100%| O|  |TAMS 0x00000000a3e00000, 0x00000000a3e00000| Untracked 
|  62|0x00000000a3e00000, 0x00000000a3f00000, 0x00000000a3f00000|100%| O|  |TAMS 0x00000000a3f00000, 0x00000000a3f00000| Untracked 
|  63|0x00000000a3f00000, 0x00000000a4000000, 0x00000000a4000000|100%| O|  |TAMS 0x00000000a4000000, 0x00000000a4000000| Untracked 
|  64|0x00000000a4000000, 0x00000000a4100000, 0x00000000a4100000|100%| O|  |TAMS 0x00000000a4100000, 0x00000000a4100000| Untracked 
|  65|0x00000000a4100000, 0x00000000a4200000, 0x00000000a4200000|100%| O|  |TAMS 0x00000000a4200000, 0x00000000a4200000| Untracked 
|  66|0x00000000a4200000, 0x00000000a4300000, 0x00000000a4300000|100%| O|  |TAMS 0x00000000a4300000, 0x00000000a4300000| Untracked 
|  67|0x00000000a4300000, 0x00000000a4400000, 0x00000000a4400000|100%| O|  |TAMS 0x00000000a4400000, 0x00000000a4400000| Untracked 
|  68|0x00000000a4400000, 0x00000000a4500000, 0x00000000a4500000|100%| O|  |TAMS 0x00000000a4500000, 0x00000000a4500000| Untracked 
|  69|0x00000000a4500000, 0x00000000a4600000, 0x00000000a4600000|100%| O|  |TAMS 0x00000000a4600000, 0x00000000a4600000| Untracked 
|  70|0x00000000a4600000, 0x00000000a4700000, 0x00000000a4700000|100%| O|  |TAMS 0x00000000a4700000, 0x00000000a4700000| Untracked 
|  71|0x00000000a4700000, 0x00000000a4800000, 0x00000000a4800000|100%| O|  |TAMS 0x00000000a4800000, 0x00000000a4800000| Untracked 
|  72|0x00000000a4800000, 0x00000000a4900000, 0x00000000a4900000|100%| O|  |TAMS 0x00000000a4900000, 0x00000000a4900000| Untracked 
|  73|0x00000000a4900000, 0x00000000a4a00000, 0x00000000a4a00000|100%| O|  |TAMS 0x00000000a4a00000, 0x00000000a4a00000| Untracked 
|  74|0x00000000a4a00000, 0x00000000a4b00000, 0x00000000a4b00000|100%|HS|  |TAMS 0x00000000a4b00000, 0x00000000a4b00000| Complete 
|  75|0x00000000a4b00000, 0x00000000a4c00000, 0x00000000a4c00000|100%| O|  |TAMS 0x00000000a4c00000, 0x00000000a4c00000| Untracked 
|  76|0x00000000a4c00000, 0x00000000a4d00000, 0x00000000a4d00000|100%|HS|  |TAMS 0x00000000a4d00000, 0x00000000a4d00000| Complete 
|  77|0x00000000a4d00000, 0x00000000a4e00000, 0x00000000a4e00000|100%|HC|  |TAMS 0x00000000a4e00000, 0x00000000a4e00000| Complete 
|  78|0x00000000a4e00000, 0x00000000a4f00000, 0x00000000a4f00000|100%|HC|  |TAMS 0x00000000a4f00000, 0x00000000a4f00000| Complete 
|  79|0x00000000a4f00000, 0x00000000a5000000, 0x00000000a5000000|100%| O|  |TAMS 0x00000000a5000000, 0x00000000a5000000| Untracked 
|  80|0x00000000a5000000, 0x00000000a5100000, 0x00000000a5100000|100%| O|  |TAMS 0x00000000a5100000, 0x00000000a5100000| Untracked 
|  81|0x00000000a5100000, 0x00000000a5200000, 0x00000000a5200000|100%| O|  |TAMS 0x00000000a5200000, 0x00000000a5200000| Untracked 
|  82|0x00000000a5200000, 0x00000000a5300000, 0x00000000a5300000|100%| O|  |TAMS 0x00000000a5300000, 0x00000000a5300000| Untracked 
|  83|0x00000000a5300000, 0x00000000a5400000, 0x00000000a5400000|100%| O|  |TAMS 0x00000000a5400000, 0x00000000a5400000| Untracked 
|  84|0x00000000a5400000, 0x00000000a5500000, 0x00000000a5500000|100%| O|  |TAMS 0x00000000a5500000, 0x00000000a5500000| Untracked 
|  85|0x00000000a5500000, 0x00000000a5600000, 0x00000000a5600000|100%| O|  |TAMS 0x00000000a5600000, 0x00000000a5600000| Untracked 
|  86|0x00000000a5600000, 0x00000000a5700000, 0x00000000a5700000|100%| O|  |TAMS 0x00000000a5700000, 0x00000000a5700000| Untracked 
|  87|0x00000000a5700000, 0x00000000a5800000, 0x00000000a5800000|100%| O|  |TAMS 0x00000000a5800000, 0x00000000a5800000| Untracked 
|  88|0x00000000a5800000, 0x00000000a5900000, 0x00000000a5900000|100%| O|  |TAMS 0x00000000a5900000, 0x00000000a5900000| Untracked 
|  89|0x00000000a5900000, 0x00000000a5a00000, 0x00000000a5a00000|100%| O|  |TAMS 0x00000000a5a00000, 0x00000000a5a00000| Untracked 
|  90|0x00000000a5a00000, 0x00000000a5b00000, 0x00000000a5b00000|100%| O|  |TAMS 0x00000000a5b00000, 0x00000000a5b00000| Untracked 
|  91|0x00000000a5b00000, 0x00000000a5c00000, 0x00000000a5c00000|100%| O|  |TAMS 0x00000000a5c00000, 0x00000000a5c00000| Untracked 
|  92|0x00000000a5c00000, 0x00000000a5d00000, 0x00000000a5d00000|100%| O|  |TAMS 0x00000000a5d00000, 0x00000000a5d00000| Untracked 
|  93|0x00000000a5d00000, 0x00000000a5e00000, 0x00000000a5e00000|100%| O|  |TAMS 0x00000000a5e00000, 0x00000000a5e00000| Untracked 
|  94|0x00000000a5e00000, 0x00000000a5f00000, 0x00000000a5f00000|100%| O|  |TAMS 0x00000000a5f00000, 0x00000000a5f00000| Untracked 
|  95|0x00000000a5f00000, 0x00000000a6000000, 0x00000000a6000000|100%| O|  |TAMS 0x00000000a6000000, 0x00000000a6000000| Untracked 
|  96|0x00000000a6000000, 0x00000000a6100000, 0x00000000a6100000|100%| O|  |TAMS 0x00000000a6000000, 0x00000000a6100000| Untracked 
|  97|0x00000000a6100000, 0x00000000a6200000, 0x00000000a6200000|100%| O|  |TAMS 0x00000000a6200000, 0x00000000a6200000| Untracked 
|  98|0x00000000a6200000, 0x00000000a6300000, 0x00000000a6300000|100%| O|  |TAMS 0x00000000a6300000, 0x00000000a6300000| Untracked 
|  99|0x00000000a6300000, 0x00000000a6400000, 0x00000000a6400000|100%| O|  |TAMS 0x00000000a6400000, 0x00000000a6400000| Untracked 
| 100|0x00000000a6400000, 0x00000000a6500000, 0x00000000a6500000|100%| O|  |TAMS 0x00000000a6400000, 0x00000000a6500000| Untracked 
| 101|0x00000000a6500000, 0x00000000a6600000, 0x00000000a6600000|100%| O|  |TAMS 0x00000000a6600000, 0x00000000a6600000| Untracked 
| 102|0x00000000a6600000, 0x00000000a6700000, 0x00000000a6700000|100%| O|  |TAMS 0x00000000a6700000, 0x00000000a6700000| Untracked 
| 103|0x00000000a6700000, 0x00000000a6800000, 0x00000000a6800000|100%| O|  |TAMS 0x00000000a6800000, 0x00000000a6800000| Untracked 
| 104|0x00000000a6800000, 0x00000000a6900000, 0x00000000a6900000|100%| O|  |TAMS 0x00000000a6900000, 0x00000000a6900000| Untracked 
| 105|0x00000000a6900000, 0x00000000a6a00000, 0x00000000a6a00000|100%| O|  |TAMS 0x00000000a6a00000, 0x00000000a6a00000| Untracked 
| 106|0x00000000a6a00000, 0x00000000a6b00000, 0x00000000a6b00000|100%| O|  |TAMS 0x00000000a6a00000, 0x00000000a6b00000| Untracked 
| 107|0x00000000a6b00000, 0x00000000a6c00000, 0x00000000a6c00000|100%| O|  |TAMS 0x00000000a6c00000, 0x00000000a6c00000| Untracked 
| 108|0x00000000a6c00000, 0x00000000a6d00000, 0x00000000a6d00000|100%| O|  |TAMS 0x00000000a6d00000, 0x00000000a6d00000| Untracked 
| 109|0x00000000a6d00000, 0x00000000a6e00000, 0x00000000a6e00000|100%| O|  |TAMS 0x00000000a6e00000, 0x00000000a6e00000| Untracked 
| 110|0x00000000a6e00000, 0x00000000a6f00000, 0x00000000a6f00000|100%| O|  |TAMS 0x00000000a6f00000, 0x00000000a6f00000| Untracked 
| 111|0x00000000a6f00000, 0x00000000a7000000, 0x00000000a7000000|100%| O|  |TAMS 0x00000000a7000000, 0x00000000a7000000| Untracked 
| 112|0x00000000a7000000, 0x00000000a7100000, 0x00000000a7100000|100%| O|  |TAMS 0x00000000a7100000, 0x00000000a7100000| Untracked 
| 113|0x00000000a7100000, 0x00000000a7200000, 0x00000000a7200000|100%| O|  |TAMS 0x00000000a7200000, 0x00000000a7200000| Untracked 
| 114|0x00000000a7200000, 0x00000000a7300000, 0x00000000a7300000|100%| O|  |TAMS 0x00000000a7300000, 0x00000000a7300000| Untracked 
| 115|0x00000000a7300000, 0x00000000a7400000, 0x00000000a7400000|100%| O|  |TAMS 0x00000000a7400000, 0x00000000a7400000| Untracked 
| 116|0x00000000a7400000, 0x00000000a7500000, 0x00000000a7500000|100%| O|  |TAMS 0x00000000a7500000, 0x00000000a7500000| Untracked 
| 117|0x00000000a7500000, 0x00000000a7600000, 0x00000000a7600000|100%|HS|  |TAMS 0x00000000a7600000, 0x00000000a7600000| Complete 
| 118|0x00000000a7600000, 0x00000000a7700000, 0x00000000a7700000|100%|HC|  |TAMS 0x00000000a7700000, 0x00000000a7700000| Complete 
| 119|0x00000000a7700000, 0x00000000a7800000, 0x00000000a7800000|100%| O|  |TAMS 0x00000000a7800000, 0x00000000a7800000| Untracked 
| 120|0x00000000a7800000, 0x00000000a7900000, 0x00000000a7900000|100%| O|  |TAMS 0x00000000a7900000, 0x00000000a7900000| Untracked 
| 121|0x00000000a7900000, 0x00000000a7a00000, 0x00000000a7a00000|100%| O|  |TAMS 0x00000000a7a00000, 0x00000000a7a00000| Untracked 
| 122|0x00000000a7a00000, 0x00000000a7b00000, 0x00000000a7b00000|100%| O|  |TAMS 0x00000000a7b00000, 0x00000000a7b00000| Untracked 
| 123|0x00000000a7b00000, 0x00000000a7c00000, 0x00000000a7c00000|100%| O|  |TAMS 0x00000000a7c00000, 0x00000000a7c00000| Untracked 
| 124|0x00000000a7c00000, 0x00000000a7d00000, 0x00000000a7d00000|100%|HS|  |TAMS 0x00000000a7d00000, 0x00000000a7d00000| Complete 
| 125|0x00000000a7d00000, 0x00000000a7e00000, 0x00000000a7e00000|100%|HC|  |TAMS 0x00000000a7e00000, 0x00000000a7e00000| Complete 
| 126|0x00000000a7e00000, 0x00000000a7f00000, 0x00000000a7f00000|100%|HC|  |TAMS 0x00000000a7f00000, 0x00000000a7f00000| Complete 
| 127|0x00000000a7f00000, 0x00000000a8000000, 0x00000000a8000000|100%| O|  |TAMS 0x00000000a8000000, 0x00000000a8000000| Untracked 
| 128|0x00000000a8000000, 0x00000000a8100000, 0x00000000a8100000|100%| O|  |TAMS 0x00000000a8100000, 0x00000000a8100000| Untracked 
| 129|0x00000000a8100000, 0x00000000a8200000, 0x00000000a8200000|100%| O|  |TAMS 0x00000000a8200000, 0x00000000a8200000| Untracked 
| 130|0x00000000a8200000, 0x00000000a8300000, 0x00000000a8300000|100%| O|  |TAMS 0x00000000a8300000, 0x00000000a8300000| Untracked 
| 131|0x00000000a8300000, 0x00000000a8400000, 0x00000000a8400000|100%| O|  |TAMS 0x00000000a8400000, 0x00000000a8400000| Untracked 
| 132|0x00000000a8400000, 0x00000000a8500000, 0x00000000a8500000|100%| O|  |TAMS 0x00000000a8481e00, 0x00000000a8500000| Untracked 
| 133|0x00000000a8500000, 0x00000000a8600000, 0x00000000a8600000|100%| O|  |TAMS 0x00000000a8500000, 0x00000000a8600000| Untracked 
| 134|0x00000000a8600000, 0x00000000a8700000, 0x00000000a8700000|100%| O|  |TAMS 0x00000000a8600000, 0x00000000a8700000| Untracked 
| 135|0x00000000a8700000, 0x00000000a8800000, 0x00000000a8800000|100%|HS|  |TAMS 0x00000000a8800000, 0x00000000a8800000| Complete 
| 136|0x00000000a8800000, 0x00000000a8900000, 0x00000000a8900000|100%|HC|  |TAMS 0x00000000a8900000, 0x00000000a8900000| Complete 
| 137|0x00000000a8900000, 0x00000000a8a00000, 0x00000000a8a00000|100%|HC|  |TAMS 0x00000000a8a00000, 0x00000000a8a00000| Complete 
| 138|0x00000000a8a00000, 0x00000000a8b00000, 0x00000000a8b00000|100%|HC|  |TAMS 0x00000000a8b00000, 0x00000000a8b00000| Complete 
| 139|0x00000000a8b00000, 0x00000000a8c00000, 0x00000000a8c00000|100%|HC|  |TAMS 0x00000000a8c00000, 0x00000000a8c00000| Complete 
| 140|0x00000000a8c00000, 0x00000000a8d00000, 0x00000000a8d00000|100%|HC|  |TAMS 0x00000000a8d00000, 0x00000000a8d00000| Complete 
| 141|0x00000000a8d00000, 0x00000000a8e00000, 0x00000000a8e00000|100%|HC|  |TAMS 0x00000000a8e00000, 0x00000000a8e00000| Complete 
| 142|0x00000000a8e00000, 0x00000000a8f00000, 0x00000000a8f00000|100%|HC|  |TAMS 0x00000000a8f00000, 0x00000000a8f00000| Complete 
| 143|0x00000000a8f00000, 0x00000000a9000000, 0x00000000a9000000|100%|HC|  |TAMS 0x00000000a9000000, 0x00000000a9000000| Complete 
| 144|0x00000000a9000000, 0x00000000a9100000, 0x00000000a9100000|100%|HS|  |TAMS 0x00000000a9100000, 0x00000000a9100000| Complete 
| 145|0x00000000a9100000, 0x00000000a9200000, 0x00000000a9200000|100%|HC|  |TAMS 0x00000000a9200000, 0x00000000a9200000| Complete 
| 146|0x00000000a9200000, 0x00000000a9300000, 0x00000000a9300000|100%| O|  |TAMS 0x00000000a9200000, 0x00000000a9300000| Untracked 
| 147|0x00000000a9300000, 0x00000000a9400000, 0x00000000a9400000|100%| O|  |TAMS 0x00000000a9300000, 0x00000000a9400000| Untracked 
| 148|0x00000000a9400000, 0x00000000a9500000, 0x00000000a9500000|100%| O|  |TAMS 0x00000000a9400000, 0x00000000a9500000| Untracked 
| 149|0x00000000a9500000, 0x00000000a9600000, 0x00000000a9600000|100%| O|  |TAMS 0x00000000a9500000, 0x00000000a9600000| Untracked 
| 150|0x00000000a9600000, 0x00000000a9700000, 0x00000000a9700000|100%| O|  |TAMS 0x00000000a9600000, 0x00000000a9700000| Untracked 
| 151|0x00000000a9700000, 0x00000000a9800000, 0x00000000a9800000|100%|HS|  |TAMS 0x00000000a9700000, 0x00000000a9800000| Complete 
| 152|0x00000000a9800000, 0x00000000a9900000, 0x00000000a9900000|100%|HC|  |TAMS 0x00000000a9800000, 0x00000000a9900000| Complete 
| 153|0x00000000a9900000, 0x00000000a9a00000, 0x00000000a9a00000|100%| O|  |TAMS 0x00000000a9900000, 0x00000000a9a00000| Untracked 
| 154|0x00000000a9a00000, 0x00000000a9b00000, 0x00000000a9b00000|100%| O|  |TAMS 0x00000000a9a00000, 0x00000000a9b00000| Untracked 
| 155|0x00000000a9b00000, 0x00000000a9c00000, 0x00000000a9c00000|100%| O|  |TAMS 0x00000000a9b00000, 0x00000000a9c00000| Untracked 
| 156|0x00000000a9c00000, 0x00000000a9d00000, 0x00000000a9d00000|100%| O|  |TAMS 0x00000000a9c00000, 0x00000000a9d00000| Untracked 
| 157|0x00000000a9d00000, 0x00000000a9e00000, 0x00000000a9e00000|100%| O|  |TAMS 0x00000000a9d00000, 0x00000000a9e00000| Untracked 
| 158|0x00000000a9e00000, 0x00000000a9f00000, 0x00000000a9f00000|100%| O|  |TAMS 0x00000000a9e00000, 0x00000000a9f00000| Untracked 
| 159|0x00000000a9f00000, 0x00000000aa000000, 0x00000000aa000000|100%| O|  |TAMS 0x00000000a9f00000, 0x00000000aa000000| Untracked 
| 160|0x00000000aa000000, 0x00000000aa100000, 0x00000000aa100000|100%| O|  |TAMS 0x00000000aa000000, 0x00000000aa100000| Untracked 
| 161|0x00000000aa100000, 0x00000000aa200000, 0x00000000aa200000|100%| O|  |TAMS 0x00000000aa100000, 0x00000000aa200000| Untracked 
| 162|0x00000000aa200000, 0x00000000aa300000, 0x00000000aa300000|100%| O|  |TAMS 0x00000000aa200000, 0x00000000aa300000| Untracked 
| 163|0x00000000aa300000, 0x00000000aa400000, 0x00000000aa400000|100%| O|  |TAMS 0x00000000aa300000, 0x00000000aa400000| Untracked 
| 164|0x00000000aa400000, 0x00000000aa500000, 0x00000000aa500000|100%| O|  |TAMS 0x00000000aa400000, 0x00000000aa500000| Untracked 
| 165|0x00000000aa500000, 0x00000000aa600000, 0x00000000aa600000|100%| O|  |TAMS 0x00000000aa500000, 0x00000000aa600000| Untracked 
| 166|0x00000000aa600000, 0x00000000aa700000, 0x00000000aa700000|100%| O|  |TAMS 0x00000000aa600000, 0x00000000aa700000| Untracked 
| 167|0x00000000aa700000, 0x00000000aa800000, 0x00000000aa800000|100%| O|  |TAMS 0x00000000aa700000, 0x00000000aa800000| Untracked 
| 168|0x00000000aa800000, 0x00000000aa900000, 0x00000000aa900000|100%| O|  |TAMS 0x00000000aa800000, 0x00000000aa900000| Untracked 
| 169|0x00000000aa900000, 0x00000000aaa00000, 0x00000000aaa00000|100%| O|  |TAMS 0x00000000aa900000, 0x00000000aaa00000| Untracked 
| 170|0x00000000aaa00000, 0x00000000aab00000, 0x00000000aab00000|100%| O|  |TAMS 0x00000000aaa00000, 0x00000000aab00000| Untracked 
| 171|0x00000000aab00000, 0x00000000aac00000, 0x00000000aac00000|100%| O|  |TAMS 0x00000000aab00000, 0x00000000aac00000| Untracked 
| 172|0x00000000aac00000, 0x00000000aad00000, 0x00000000aad00000|100%| O|  |TAMS 0x00000000aac00000, 0x00000000aad00000| Untracked 
| 173|0x00000000aad00000, 0x00000000aae00000, 0x00000000aae00000|100%| O|  |TAMS 0x00000000aad00000, 0x00000000aae00000| Untracked 
| 174|0x00000000aae00000, 0x00000000aaf00000, 0x00000000aaf00000|100%| O|  |TAMS 0x00000000aae00000, 0x00000000aaf00000| Untracked 
| 175|0x00000000aaf00000, 0x00000000ab000000, 0x00000000ab000000|100%| O|  |TAMS 0x00000000aaf00000, 0x00000000ab000000| Untracked 
| 176|0x00000000ab000000, 0x00000000ab100000, 0x00000000ab100000|100%| O|  |TAMS 0x00000000ab000000, 0x00000000ab100000| Untracked 
| 177|0x00000000ab100000, 0x00000000ab200000, 0x00000000ab200000|100%| O|  |TAMS 0x00000000ab100000, 0x00000000ab200000| Untracked 
| 178|0x00000000ab200000, 0x00000000ab300000, 0x00000000ab300000|100%| O|  |TAMS 0x00000000ab200000, 0x00000000ab300000| Untracked 
| 179|0x00000000ab300000, 0x00000000ab400000, 0x00000000ab400000|100%| O|  |TAMS 0x00000000ab300000, 0x00000000ab400000| Untracked 
| 180|0x00000000ab400000, 0x00000000ab500000, 0x00000000ab500000|100%| O|  |TAMS 0x00000000ab400000, 0x00000000ab500000| Untracked 
| 181|0x00000000ab500000, 0x00000000ab600000, 0x00000000ab600000|100%| O|  |TAMS 0x00000000ab500000, 0x00000000ab600000| Untracked 
| 182|0x00000000ab600000, 0x00000000ab700000, 0x00000000ab700000|100%| O|  |TAMS 0x00000000ab600000, 0x00000000ab700000| Untracked 
| 183|0x00000000ab700000, 0x00000000ab800000, 0x00000000ab800000|100%| O|  |TAMS 0x00000000ab700000, 0x00000000ab800000| Untracked 
| 184|0x00000000ab800000, 0x00000000ab900000, 0x00000000ab900000|100%| O|  |TAMS 0x00000000ab800000, 0x00000000ab900000| Untracked 
| 185|0x00000000ab900000, 0x00000000aba00000, 0x00000000aba00000|100%| O|  |TAMS 0x00000000ab900000, 0x00000000aba00000| Untracked 
| 186|0x00000000aba00000, 0x00000000abb00000, 0x00000000abb00000|100%| O|  |TAMS 0x00000000aba00000, 0x00000000abb00000| Untracked 
| 187|0x00000000abb00000, 0x00000000abc00000, 0x00000000abc00000|100%| O|  |TAMS 0x00000000abb00000, 0x00000000abc00000| Untracked 
| 188|0x00000000abc00000, 0x00000000abd00000, 0x00000000abd00000|100%| O|  |TAMS 0x00000000abc00000, 0x00000000abd00000| Untracked 
| 189|0x00000000abd00000, 0x00000000abe00000, 0x00000000abe00000|100%| O|  |TAMS 0x00000000abd00000, 0x00000000abe00000| Untracked 
| 190|0x00000000abe00000, 0x00000000abf00000, 0x00000000abf00000|100%| O|  |TAMS 0x00000000abe00000, 0x00000000abf00000| Untracked 
| 191|0x00000000abf00000, 0x00000000ac000000, 0x00000000ac000000|100%| O|  |TAMS 0x00000000abf00000, 0x00000000ac000000| Untracked 
| 192|0x00000000ac000000, 0x00000000ac100000, 0x00000000ac100000|100%| O|  |TAMS 0x00000000ac000000, 0x00000000ac100000| Untracked 
| 193|0x00000000ac100000, 0x00000000ac200000, 0x00000000ac200000|100%| O|  |TAMS 0x00000000ac100000, 0x00000000ac200000| Untracked 
| 194|0x00000000ac200000, 0x00000000ac300000, 0x00000000ac300000|100%| O|  |TAMS 0x00000000ac200000, 0x00000000ac300000| Untracked 
| 195|0x00000000ac300000, 0x00000000ac400000, 0x00000000ac400000|100%| O|  |TAMS 0x00000000ac300000, 0x00000000ac400000| Untracked 
| 196|0x00000000ac400000, 0x00000000ac500000, 0x00000000ac500000|100%| O|  |TAMS 0x00000000ac400000, 0x00000000ac500000| Untracked 
| 197|0x00000000ac500000, 0x00000000ac600000, 0x00000000ac600000|100%| O|  |TAMS 0x00000000ac500000, 0x00000000ac600000| Untracked 
| 198|0x00000000ac600000, 0x00000000ac700000, 0x00000000ac700000|100%| O|  |TAMS 0x00000000ac600000, 0x00000000ac700000| Untracked 
| 199|0x00000000ac700000, 0x00000000ac800000, 0x00000000ac800000|100%| O|  |TAMS 0x00000000ac700000, 0x00000000ac800000| Untracked 
| 200|0x00000000ac800000, 0x00000000ac900000, 0x00000000ac900000|100%| O|  |TAMS 0x00000000ac800000, 0x00000000ac900000| Untracked 
| 201|0x00000000ac900000, 0x00000000aca00000, 0x00000000aca00000|100%| O|  |TAMS 0x00000000ac900000, 0x00000000aca00000| Untracked 
| 202|0x00000000aca00000, 0x00000000acb00000, 0x00000000acb00000|100%| O|  |TAMS 0x00000000aca00000, 0x00000000acb00000| Untracked 
| 203|0x00000000acb00000, 0x00000000acc00000, 0x00000000acc00000|100%| O|  |TAMS 0x00000000acb00000, 0x00000000acc00000| Untracked 
| 204|0x00000000acc00000, 0x00000000acd00000, 0x00000000acd00000|100%| O|  |TAMS 0x00000000acc00000, 0x00000000acd00000| Untracked 
| 205|0x00000000acd00000, 0x00000000ace00000, 0x00000000ace00000|100%| O|  |TAMS 0x00000000acd00000, 0x00000000ace00000| Untracked 
| 206|0x00000000ace00000, 0x00000000acf00000, 0x00000000acf00000|100%| O|  |TAMS 0x00000000ace00000, 0x00000000acf00000| Untracked 
| 207|0x00000000acf00000, 0x00000000ad000000, 0x00000000ad000000|100%| O|  |TAMS 0x00000000acf00000, 0x00000000ad000000| Untracked 
| 208|0x00000000ad000000, 0x00000000ad100000, 0x00000000ad100000|100%| O|  |TAMS 0x00000000ad000000, 0x00000000ad100000| Untracked 
| 209|0x00000000ad100000, 0x00000000ad200000, 0x00000000ad200000|100%| O|  |TAMS 0x00000000ad100000, 0x00000000ad200000| Untracked 
| 210|0x00000000ad200000, 0x00000000ad300000, 0x00000000ad300000|100%| O|  |TAMS 0x00000000ad200000, 0x00000000ad300000| Untracked 
| 211|0x00000000ad300000, 0x00000000ad400000, 0x00000000ad400000|100%| O|  |TAMS 0x00000000ad300000, 0x00000000ad400000| Untracked 
| 212|0x00000000ad400000, 0x00000000ad500000, 0x00000000ad500000|100%| O|  |TAMS 0x00000000ad400000, 0x00000000ad500000| Untracked 
| 213|0x00000000ad500000, 0x00000000ad600000, 0x00000000ad600000|100%| O|  |TAMS 0x00000000ad500000, 0x00000000ad600000| Untracked 
| 214|0x00000000ad600000, 0x00000000ad700000, 0x00000000ad700000|100%| O|  |TAMS 0x00000000ad600000, 0x00000000ad700000| Untracked 
| 215|0x00000000ad700000, 0x00000000ad800000, 0x00000000ad800000|100%| O|  |TAMS 0x00000000ad700000, 0x00000000ad800000| Untracked 
| 216|0x00000000ad800000, 0x00000000ad900000, 0x00000000ad900000|100%| O|  |TAMS 0x00000000ad800000, 0x00000000ad900000| Untracked 
| 217|0x00000000ad900000, 0x00000000ada00000, 0x00000000ada00000|100%| O|  |TAMS 0x00000000ad900000, 0x00000000ada00000| Untracked 
| 218|0x00000000ada00000, 0x00000000adb00000, 0x00000000adb00000|100%| O|  |TAMS 0x00000000ada00000, 0x00000000adb00000| Untracked 
| 219|0x00000000adb00000, 0x00000000adc00000, 0x00000000adc00000|100%| O|  |TAMS 0x00000000adb00000, 0x00000000adc00000| Untracked 
| 220|0x00000000adc00000, 0x00000000add00000, 0x00000000add00000|100%| O|  |TAMS 0x00000000adc00000, 0x00000000add00000| Untracked 
| 221|0x00000000add00000, 0x00000000ade00000, 0x00000000ade00000|100%| O|  |TAMS 0x00000000add00000, 0x00000000ade00000| Untracked 
| 222|0x00000000ade00000, 0x00000000adf00000, 0x00000000adf00000|100%| O|  |TAMS 0x00000000ade00000, 0x00000000adf00000| Untracked 
| 223|0x00000000adf00000, 0x00000000ae000000, 0x00000000ae000000|100%| O|  |TAMS 0x00000000adf00000, 0x00000000ae000000| Untracked 
| 224|0x00000000ae000000, 0x00000000ae100000, 0x00000000ae100000|100%| O|  |TAMS 0x00000000ae000000, 0x00000000ae100000| Untracked 
| 225|0x00000000ae100000, 0x00000000ae200000, 0x00000000ae200000|100%| O|  |TAMS 0x00000000ae100000, 0x00000000ae200000| Untracked 
| 226|0x00000000ae200000, 0x00000000ae300000, 0x00000000ae300000|100%| O|  |TAMS 0x00000000ae200000, 0x00000000ae300000| Untracked 
| 227|0x00000000ae300000, 0x00000000ae400000, 0x00000000ae400000|100%| O|  |TAMS 0x00000000ae300000, 0x00000000ae400000| Untracked 
| 228|0x00000000ae400000, 0x00000000ae500000, 0x00000000ae500000|100%| O|  |TAMS 0x00000000ae400000, 0x00000000ae42ea00| Untracked 
| 229|0x00000000ae500000, 0x00000000ae600000, 0x00000000ae600000|100%| O|  |TAMS 0x00000000ae500000, 0x00000000ae500000| Untracked 
| 230|0x00000000ae600000, 0x00000000ae700000, 0x00000000ae700000|100%| O|  |TAMS 0x00000000ae600000, 0x00000000ae600000| Untracked 
| 231|0x00000000ae700000, 0x00000000ae800000, 0x00000000ae800000|100%| O|  |TAMS 0x00000000ae700000, 0x00000000ae700000| Untracked 
| 232|0x00000000ae800000, 0x00000000ae900000, 0x00000000ae900000|100%| O|  |TAMS 0x00000000ae800000, 0x00000000ae800000| Untracked 
| 233|0x00000000ae900000, 0x00000000aea00000, 0x00000000aea00000|100%| O|  |TAMS 0x00000000ae900000, 0x00000000ae900000| Untracked 
| 234|0x00000000aea00000, 0x00000000aeb00000, 0x00000000aeb00000|100%| O|  |TAMS 0x00000000aea00000, 0x00000000aea00000| Untracked 
| 235|0x00000000aeb00000, 0x00000000aec00000, 0x00000000aec00000|100%| O|  |TAMS 0x00000000aeb00000, 0x00000000aeb00000| Untracked 
| 236|0x00000000aec00000, 0x00000000aed00000, 0x00000000aed00000|100%|HS|  |TAMS 0x00000000aec00000, 0x00000000aec00000| Complete 
| 237|0x00000000aed00000, 0x00000000aee00000, 0x00000000aee00000|100%| O|  |TAMS 0x00000000aed00000, 0x00000000aed00000| Untracked 
| 238|0x00000000aee00000, 0x00000000aef00000, 0x00000000aef00000|100%| O|  |TAMS 0x00000000aee00000, 0x00000000aee00000| Untracked 
| 239|0x00000000aef00000, 0x00000000af000000, 0x00000000af000000|100%| O|  |TAMS 0x00000000aef00000, 0x00000000aef00000| Untracked 
| 240|0x00000000af000000, 0x00000000af100000, 0x00000000af100000|100%| O|  |TAMS 0x00000000af000000, 0x00000000af000000| Untracked 
| 241|0x00000000af100000, 0x00000000af200000, 0x00000000af200000|100%| O|  |TAMS 0x00000000af100000, 0x00000000af100000| Untracked 
| 242|0x00000000af200000, 0x00000000af300000, 0x00000000af300000|100%| O|  |TAMS 0x00000000af200000, 0x00000000af200000| Untracked 
| 243|0x00000000af300000, 0x00000000af32d000, 0x00000000af400000| 17%| O|  |TAMS 0x00000000af300000, 0x00000000af300000| Untracked 
| 244|0x00000000af400000, 0x00000000af400000, 0x00000000af500000|  0%| F|  |TAMS 0x00000000af400000, 0x00000000af400000| Untracked 
| 245|0x00000000af500000, 0x00000000af500000, 0x00000000af600000|  0%| F|  |TAMS 0x00000000af500000, 0x00000000af500000| Untracked 
| 246|0x00000000af600000, 0x00000000af600000, 0x00000000af700000|  0%| F|  |TAMS 0x00000000af600000, 0x00000000af600000| Untracked 
| 247|0x00000000af700000, 0x00000000af700000, 0x00000000af800000|  0%| F|  |TAMS 0x00000000af700000, 0x00000000af700000| Untracked 
| 248|0x00000000af800000, 0x00000000af800000, 0x00000000af900000|  0%| F|  |TAMS 0x00000000af800000, 0x00000000af800000| Untracked 
| 249|0x00000000af900000, 0x00000000af900000, 0x00000000afa00000|  0%| F|  |TAMS 0x00000000af900000, 0x00000000af900000| Untracked 
| 250|0x00000000afa00000, 0x00000000afa00000, 0x00000000afb00000|  0%| F|  |TAMS 0x00000000afa00000, 0x00000000afa00000| Untracked 
| 251|0x00000000afb00000, 0x00000000afb00000, 0x00000000afc00000|  0%| F|  |TAMS 0x00000000afb00000, 0x00000000afb00000| Untracked 
| 252|0x00000000afc00000, 0x00000000afc00000, 0x00000000afd00000|  0%| F|  |TAMS 0x00000000afc00000, 0x00000000afc00000| Untracked 
| 253|0x00000000afd00000, 0x00000000afd00000, 0x00000000afe00000|  0%| F|  |TAMS 0x00000000afd00000, 0x00000000afd00000| Untracked 
| 254|0x00000000afe00000, 0x00000000afe00000, 0x00000000aff00000|  0%| F|  |TAMS 0x00000000afe00000, 0x00000000afe00000| Untracked 
| 255|0x00000000aff00000, 0x00000000aff00000, 0x00000000b0000000|  0%| F|  |TAMS 0x00000000aff00000, 0x00000000aff00000| Untracked 
| 256|0x00000000b0000000, 0x00000000b0000000, 0x00000000b0100000|  0%| F|  |TAMS 0x00000000b0000000, 0x00000000b0000000| Untracked 
| 257|0x00000000b0100000, 0x00000000b0100000, 0x00000000b0200000|  0%| F|  |TAMS 0x00000000b0100000, 0x00000000b0100000| Untracked 
| 258|0x00000000b0200000, 0x00000000b0200000, 0x00000000b0300000|  0%| F|  |TAMS 0x00000000b0200000, 0x00000000b0200000| Untracked 
| 259|0x00000000b0300000, 0x00000000b0300000, 0x00000000b0400000|  0%| F|  |TAMS 0x00000000b0300000, 0x00000000b0300000| Untracked 
| 260|0x00000000b0400000, 0x00000000b0400000, 0x00000000b0500000|  0%| F|  |TAMS 0x00000000b0400000, 0x00000000b0400000| Untracked 
| 261|0x00000000b0500000, 0x00000000b0500000, 0x00000000b0600000|  0%| F|  |TAMS 0x00000000b0500000, 0x00000000b0500000| Untracked 
| 262|0x00000000b0600000, 0x00000000b0600000, 0x00000000b0700000|  0%| F|  |TAMS 0x00000000b0600000, 0x00000000b0600000| Untracked 
| 263|0x00000000b0700000, 0x00000000b0700000, 0x00000000b0800000|  0%| F|  |TAMS 0x00000000b0700000, 0x00000000b0700000| Untracked 
| 264|0x00000000b0800000, 0x00000000b0800000, 0x00000000b0900000|  0%| F|  |TAMS 0x00000000b0800000, 0x00000000b0800000| Untracked 
| 265|0x00000000b0900000, 0x00000000b0900000, 0x00000000b0a00000|  0%| F|  |TAMS 0x00000000b0900000, 0x00000000b0900000| Untracked 
| 266|0x00000000b0a00000, 0x00000000b0a00000, 0x00000000b0b00000|  0%| F|  |TAMS 0x00000000b0a00000, 0x00000000b0a00000| Untracked 
| 267|0x00000000b0b00000, 0x00000000b0b00000, 0x00000000b0c00000|  0%| F|  |TAMS 0x00000000b0b00000, 0x00000000b0b00000| Untracked 
| 268|0x00000000b0c00000, 0x00000000b0c00000, 0x00000000b0d00000|  0%| F|  |TAMS 0x00000000b0c00000, 0x00000000b0c00000| Untracked 
| 269|0x00000000b0d00000, 0x00000000b0d00000, 0x00000000b0e00000|  0%| F|  |TAMS 0x00000000b0d00000, 0x00000000b0d00000| Untracked 
| 270|0x00000000b0e00000, 0x00000000b0e00000, 0x00000000b0f00000|  0%| F|  |TAMS 0x00000000b0e00000, 0x00000000b0e00000| Untracked 
| 271|0x00000000b0f00000, 0x00000000b0f00000, 0x00000000b1000000|  0%| F|  |TAMS 0x00000000b0f00000, 0x00000000b0f00000| Untracked 
| 272|0x00000000b1000000, 0x00000000b1000000, 0x00000000b1100000|  0%| F|  |TAMS 0x00000000b1000000, 0x00000000b1000000| Untracked 
| 273|0x00000000b1100000, 0x00000000b1100000, 0x00000000b1200000|  0%| F|  |TAMS 0x00000000b1100000, 0x00000000b1100000| Untracked 
| 274|0x00000000b1200000, 0x00000000b1200000, 0x00000000b1300000|  0%| F|  |TAMS 0x00000000b1200000, 0x00000000b1200000| Untracked 
| 275|0x00000000b1300000, 0x00000000b1300000, 0x00000000b1400000|  0%| F|  |TAMS 0x00000000b1300000, 0x00000000b1300000| Untracked 
| 276|0x00000000b1400000, 0x00000000b14820b0, 0x00000000b1500000| 50%| S|CS|TAMS 0x00000000b1400000, 0x00000000b1400000| Complete 
| 277|0x00000000b1500000, 0x00000000b1500000, 0x00000000b1600000|  0%| F|  |TAMS 0x00000000b1500000, 0x00000000b1500000| Untracked 
| 278|0x00000000b1600000, 0x00000000b1600000, 0x00000000b1700000|  0%| F|  |TAMS 0x00000000b1600000, 0x00000000b1600000| Untracked 
| 279|0x00000000b1700000, 0x00000000b1700000, 0x00000000b1800000|  0%| F|  |TAMS 0x00000000b1700000, 0x00000000b1700000| Untracked 
| 280|0x00000000b1800000, 0x00000000b1800000, 0x00000000b1900000|  0%| F|  |TAMS 0x00000000b1800000, 0x00000000b1800000| Untracked 
| 281|0x00000000b1900000, 0x00000000b1900000, 0x00000000b1a00000|  0%| F|  |TAMS 0x00000000b1900000, 0x00000000b1900000| Untracked 
| 282|0x00000000b1a00000, 0x00000000b1a00000, 0x00000000b1b00000|  0%| F|  |TAMS 0x00000000b1a00000, 0x00000000b1a00000| Untracked 
| 283|0x00000000b1b00000, 0x00000000b1b00000, 0x00000000b1c00000|  0%| F|  |TAMS 0x00000000b1b00000, 0x00000000b1b00000| Untracked 
| 284|0x00000000b1c00000, 0x00000000b1c00000, 0x00000000b1d00000|  0%| F|  |TAMS 0x00000000b1c00000, 0x00000000b1c00000| Untracked 
| 285|0x00000000b1d00000, 0x00000000b1d00000, 0x00000000b1e00000|  0%| F|  |TAMS 0x00000000b1d00000, 0x00000000b1d00000| Untracked 
| 286|0x00000000b1e00000, 0x00000000b1e00000, 0x00000000b1f00000|  0%| F|  |TAMS 0x00000000b1e00000, 0x00000000b1e00000| Untracked 
| 287|0x00000000b1f00000, 0x00000000b1f00000, 0x00000000b2000000|  0%| F|  |TAMS 0x00000000b1f00000, 0x00000000b1f00000| Untracked 
| 288|0x00000000b2000000, 0x00000000b2000000, 0x00000000b2100000|  0%| F|  |TAMS 0x00000000b2000000, 0x00000000b2000000| Untracked 

Card table byte_map: [0x00000256e9210000,0x00000256e9510000] _byte_map_base: 0x00000256e8d10000

Marking Bits (Prev, Next): (CMBitMap*) 0x00000256d26949b0, (CMBitMap*) 0x00000256d2694970
 Prev Bits: [0x00000256eb010000, 0x00000256ec810000)
 Next Bits: [0x00000256e9810000, 0x00000256eb010000)

Polling page: 0x00000256d07d0000

Metaspace:

Usage:
  Non-class:    146.90 MB used.
      Class:     21.49 MB used.
       Both:    168.38 MB used.

Virtual space:
  Non-class space:      192.00 MB reserved,     147.44 MB ( 77%) committed,  3 nodes.
      Class space:        1.00 GB reserved,      22.00 MB (  2%) committed,  1 nodes.
             Both:        1.19 GB reserved,     169.44 MB ( 14%) committed. 

Chunk freelists:
   Non-Class:  12.27 MB
       Class:  9.95 MB
        Both:  22.22 MB

MaxMetaspaceSize: unlimited
CompressedClassSpaceSize: 1.00 GB
Initial GC threshold: 21.00 MB
Current GC threshold: 212.94 MB
CDS: on
MetaspaceReclaimPolicy: balanced
 - commit_granule_bytes: 65536.
 - commit_granule_words: 8192.
 - virtual_space_node_default_size: 8388608.
 - enlarge_chunks_in_place: 1.
 - new_chunks_are_fully_committed: 0.
 - uncommit_free_chunks: 1.
 - use_allocation_guard: 0.
 - handle_deallocations: 1.


Internal statistics:

num_allocs_failed_limit: 18.
num_arena_births: 1440.
num_arena_deaths: 2.
num_vsnodes_births: 4.
num_vsnodes_deaths: 0.
num_space_committed: 2709.
num_space_uncommitted: 0.
num_chunks_returned_to_freelist: 21.
num_chunks_taken_from_freelist: 8371.
num_chunk_merges: 18.
num_chunk_splits: 5859.
num_chunks_enlarged: 4174.
num_inconsistent_stats: 0.

CodeHeap 'non-profiled nmethods': size=120000Kb used=10794Kb max_used=11043Kb free=109205Kb
 bounds [0x00000256e19e0000, 0x00000256e24b0000, 0x00000256e8f10000]
CodeHeap 'profiled nmethods': size=120000Kb used=46623Kb max_used=47485Kb free=73376Kb
 bounds [0x00000256d9f10000, 0x00000256dcdc0000, 0x00000256e1440000]
CodeHeap 'non-nmethods': size=5760Kb used=2573Kb max_used=2657Kb free=3186Kb
 bounds [0x00000256e1440000, 0x00000256e16f0000, 0x00000256e19e0000]
 total_blobs=22447 nmethods=21317 adapters=1037
 compilation: enabled
              stopped_count=0, restarted_count=0
 full_count=0

Compilation events (20 events):
Event: 178.815 Thread 0x00000256eec84980 26436       3       com.android.tools.lint.detector.api.Detector::beforeCheckFile (7 bytes)
Event: 178.816 Thread 0x00000256eec84980 nmethod 26436 0x00000256dbd6a590 code [0x00000256dbd6a7a0, 0x00000256dbd6ad38]
Event: 178.817 Thread 0x00000256eec84980 26437       3       org.objectweb.asm.ClassVisitor::<init> (94 bytes)
Event: 178.818 Thread 0x00000256eec84980 nmethod 26437 0x00000256dbcfbc10 code [0x00000256dbcfbe20, 0x00000256dbcfc3b8]
Event: 178.818 Thread 0x00000256eec84980 26438       3       org.objectweb.asm.tree.ClassNode::visit (37 bytes)
Event: 178.819 Thread 0x00000256eec84980 nmethod 26438 0x00000256db8f5d10 code [0x00000256db8f5ec0, 0x00000256db8f6188]
Event: 178.819 Thread 0x00000256eec84980 26439       3       org.objectweb.asm.tree.ClassNode::visitSource (11 bytes)
Event: 178.819 Thread 0x00000256eec84980 nmethod 26439 0x00000256dbacdd10 code [0x00000256dbacdea0, 0x00000256dbace058]
Event: 178.819 Thread 0x00000256eec84980 26440       3       com.android.tools.lint.client.api.LintDriver::isSuppressed (186 bytes)
Event: 178.821 Thread 0x00000256eec84980 nmethod 26440 0x00000256dc307f90 code [0x00000256dc3082e0, 0x00000256dc309438]
Event: 178.821 Thread 0x00000256eec84980 26444       3       org.objectweb.asm.tree.ClassNode::<init> (50 bytes)
Event: 178.822 Thread 0x00000256eec84980 nmethod 26444 0x00000256dbbb5590 code [0x00000256dbbb5800, 0x00000256dbbb6448]
Event: 178.822 Thread 0x00000256eec84980 26445   !   3       com.android.tools.lint.client.api.ClassEntry$Companion::visit (190 bytes)
Event: 178.825 Thread 0x00000256eec84980 nmethod 26445 0x00000256dbdd0290 code [0x00000256dbdd0740, 0x00000256dbdd2b58]
Event: 178.825 Thread 0x00000256eec84980 26441       3       com.android.tools.lint.checks.X509TrustManagerDetector::checkClass (215 bytes)
Event: 178.827 Thread 0x00000256eec84980 nmethod 26441 0x00000256dc0da010 code [0x00000256dc0da2c0, 0x00000256dc0db0d8]
Event: 178.827 Thread 0x00000256eec84980 26442       3       com.android.tools.lint.checks.LocaleFolderDetector::checkClass (296 bytes)
Event: 178.830 Thread 0x00000256eec84980 nmethod 26442 0x00000256dc412b10 code [0x00000256dc412f80, 0x00000256dc415248]
Event: 178.830 Thread 0x00000256eec84980 26443       3       com.android.tools.lint.detector.api.ClassContext::getSourceContents (16 bytes)
Event: 178.830 Thread 0x00000256eec84980 nmethod 26443 0x00000256dbb05890 code [0x00000256dbb05a40, 0x00000256dbb05be8]

GC Heap History (20 events):
Event: 175.018 GC heap after
{Heap after GC invocations=72 (full 0):
 garbage-first heap   total 295936K, used 217088K [0x00000000a0000000, 0x0000000100000000)
  region size 1024K, 4 young (4096K), 4 survivors (4096K)
 Metaspace       used 165091K, committed 166080K, reserved 1245184K
  class space    used 20939K, committed 21440K, reserved 1048576K
}
Event: 176.561 GC heap before
{Heap before GC invocations=72 (full 0):
 garbage-first heap   total 295936K, used 252928K [0x00000000a0000000, 0x0000000100000000)
  region size 1024K, 39 young (39936K), 4 survivors (4096K)
 Metaspace       used 170483K, committed 171584K, reserved 1245184K
  class space    used 21791K, committed 22336K, reserved 1048576K
}
Event: 176.574 GC heap after
{Heap after GC invocations=73 (full 0):
 garbage-first heap   total 295936K, used 221532K [0x00000000a0000000, 0x0000000100000000)
  region size 1024K, 5 young (5120K), 5 survivors (5120K)
 Metaspace       used 170483K, committed 171584K, reserved 1245184K
  class space    used 21791K, committed 22336K, reserved 1048576K
}
Event: 177.668 GC heap before
{Heap before GC invocations=73 (full 0):
 garbage-first heap   total 295936K, used 254300K [0x00000000a0000000, 0x0000000100000000)
  region size 1024K, 37 young (37888K), 5 survivors (5120K)
 Metaspace       used 172091K, committed 173248K, reserved 1245184K
  class space    used 21978K, committed 22528K, reserved 1048576K
}
Event: 177.681 GC heap after
{Heap after GC invocations=74 (full 0):
 garbage-first heap   total 295936K, used 224293K [0x00000000a0000000, 0x0000000100000000)
  region size 1024K, 3 young (3072K), 3 survivors (3072K)
 Metaspace       used 172091K, committed 173248K, reserved 1245184K
  class space    used 21978K, committed 22528K, reserved 1048576K
}
Event: 177.908 GC heap before
{Heap before GC invocations=74 (full 0):
 garbage-first heap   total 295936K, used 255013K [0x00000000a0000000, 0x0000000100000000)
  region size 1024K, 33 young (33792K), 3 survivors (3072K)
 Metaspace       used 172172K, committed 173312K, reserved 1245184K
  class space    used 21980K, committed 22528K, reserved 1048576K
}
Event: 177.914 GC heap after
{Heap after GC invocations=75 (full 0):
 garbage-first heap   total 295936K, used 229052K [0x00000000a0000000, 0x0000000100000000)
  region size 1024K, 5 young (5120K), 5 survivors (5120K)
 Metaspace       used 172172K, committed 173312K, reserved 1245184K
  class space    used 21980K, committed 22528K, reserved 1048576K
}
Event: 178.004 GC heap before
{Heap before GC invocations=75 (full 0):
 garbage-first heap   total 295936K, used 255676K [0x00000000a0000000, 0x0000000100000000)
  region size 1024K, 31 young (31744K), 5 survivors (5120K)
 Metaspace       used 172172K, committed 173312K, reserved 1245184K
  class space    used 21980K, committed 22528K, reserved 1048576K
}
Event: 178.006 GC heap after
{Heap after GC invocations=76 (full 0):
 garbage-first heap   total 295936K, used 233340K [0x00000000a0000000, 0x0000000100000000)
  region size 1024K, 4 young (4096K), 4 survivors (4096K)
 Metaspace       used 172172K, committed 173312K, reserved 1245184K
  class space    used 21980K, committed 22528K, reserved 1048576K
}
Event: 178.102 GC heap before
{Heap before GC invocations=76 (full 0):
 garbage-first heap   total 295936K, used 256892K [0x00000000a0000000, 0x0000000100000000)
  region size 1024K, 27 young (27648K), 4 survivors (4096K)
 Metaspace       used 172172K, committed 173312K, reserved 1245184K
  class space    used 21980K, committed 22528K, reserved 1048576K
}
Event: 178.104 GC heap after
{Heap after GC invocations=77 (full 0):
 garbage-first heap   total 295936K, used 237754K [0x00000000a0000000, 0x0000000100000000)
  region size 1024K, 4 young (4096K), 4 survivors (4096K)
 Metaspace       used 172172K, committed 173312K, reserved 1245184K
  class space    used 21980K, committed 22528K, reserved 1048576K
}
Event: 178.203 GC heap before
{Heap before GC invocations=77 (full 0):
 garbage-first heap   total 295936K, used 256186K [0x00000000a0000000, 0x0000000100000000)
  region size 1024K, 23 young (23552K), 4 survivors (4096K)
 Metaspace       used 172172K, committed 173312K, reserved 1245184K
  class space    used 21980K, committed 22528K, reserved 1048576K
}
Event: 178.226 GC heap after
{Heap after GC invocations=78 (full 0):
 garbage-first heap   total 295936K, used 240400K [0x00000000a0000000, 0x0000000100000000)
  region size 1024K, 3 young (3072K), 3 survivors (3072K)
 Metaspace       used 172172K, committed 173312K, reserved 1245184K
  class space    used 21980K, committed 22528K, reserved 1048576K
}
Event: 178.305 GC heap before
{Heap before GC invocations=78 (full 0):
 garbage-first heap   total 295936K, used 258832K [0x00000000a0000000, 0x0000000100000000)
  region size 1024K, 21 young (21504K), 3 survivors (3072K)
 Metaspace       used 172172K, committed 173312K, reserved 1245184K
  class space    used 21980K, committed 22528K, reserved 1048576K
}
Event: 178.307 GC heap after
{Heap after GC invocations=79 (full 0):
 garbage-first heap   total 295936K, used 243116K [0x00000000a0000000, 0x0000000100000000)
  region size 1024K, 3 young (3072K), 3 survivors (3072K)
 Metaspace       used 172172K, committed 173312K, reserved 1245184K
  class space    used 21980K, committed 22528K, reserved 1048576K
}
Event: 178.372 GC heap before
{Heap before GC invocations=79 (full 0):
 garbage-first heap   total 295936K, used 260524K [0x00000000a0000000, 0x0000000100000000)
  region size 1024K, 19 young (19456K), 3 survivors (3072K)
 Metaspace       used 172172K, committed 173312K, reserved 1245184K
  class space    used 21980K, committed 22528K, reserved 1048576K
}
Event: 178.376 GC heap after
{Heap after GC invocations=80 (full 0):
 garbage-first heap   total 295936K, used 246729K [0x00000000a0000000, 0x0000000100000000)
  region size 1024K, 3 young (3072K), 3 survivors (3072K)
 Metaspace       used 172172K, committed 173312K, reserved 1245184K
  class space    used 21980K, committed 22528K, reserved 1048576K
}
Event: 178.429 GC heap before
{Heap before GC invocations=80 (full 0):
 garbage-first heap   total 295936K, used 260041K [0x00000000a0000000, 0x0000000100000000)
  region size 1024K, 16 young (16384K), 3 survivors (3072K)
 Metaspace       used 172172K, committed 173312K, reserved 1245184K
  class space    used 21980K, committed 22528K, reserved 1048576K
}
Event: 178.431 GC heap after
{Heap after GC invocations=81 (full 0):
 garbage-first heap   total 295936K, used 248832K [0x00000000a0000000, 0x0000000100000000)
  region size 1024K, 2 young (2048K), 2 survivors (2048K)
 Metaspace       used 172172K, committed 173312K, reserved 1245184K
  class space    used 21980K, committed 22528K, reserved 1048576K
}
Event: 178.896 GC heap before
{Heap before GC invocations=81 (full 0):
 garbage-first heap   total 295936K, used 261120K [0x00000000a0000000, 0x0000000100000000)
  region size 1024K, 14 young (14336K), 2 survivors (2048K)
 Metaspace       used 172424K, committed 173504K, reserved 1245184K
  class space    used 22002K, committed 22528K, reserved 1048576K
}

Deoptimization events (20 events):
Event: 177.176 Thread 0x00000256f75b4cf0 DEOPT PACKING pc=0x00000256dcb5eb7c sp=0x000000d744dfad90
Event: 177.176 Thread 0x00000256f75b4cf0 DEOPT UNPACKING pc=0x00000256e1492b43 sp=0x000000d744dfa298 mode 0
Event: 177.176 Thread 0x00000256f75b4cf0 DEOPT PACKING pc=0x00000256dcb5eb7c sp=0x000000d744dfaff0
Event: 177.176 Thread 0x00000256f75b4cf0 DEOPT UNPACKING pc=0x00000256e1492b43 sp=0x000000d744dfa4f8 mode 0
Event: 177.316 Thread 0x00000256f75b4cf0 DEOPT PACKING pc=0x00000256dcb3eed8 sp=0x000000d744dfa830
Event: 177.316 Thread 0x00000256f75b4cf0 DEOPT UNPACKING pc=0x00000256e1492b43 sp=0x000000d744df9cc0 mode 0
Event: 177.316 Thread 0x00000256f75b4cf0 DEOPT PACKING pc=0x00000256dcb5b5cb sp=0x000000d744dfaa40
Event: 177.316 Thread 0x00000256f75b4cf0 DEOPT UNPACKING pc=0x00000256e1492b43 sp=0x000000d744df9f38 mode 0
Event: 177.479 Thread 0x00000256f75b4cf0 Uncommon trap: trap_request=0xffffffc6 fr.pc=0x00000256e1f914d8 relative=0x00000000000005d8
Event: 177.479 Thread 0x00000256f75b4cf0 Uncommon trap: reason=bimorphic_or_optimized_type_check action=maybe_recompile pc=0x00000256e1f914d8 method=org.jetbrains.kotlin.types.ClassifierBasedTypeConstructor.equals(Ljava/lang/Object;)Z @ 33 c2
Event: 177.479 Thread 0x00000256f75b4cf0 DEOPT PACKING pc=0x00000256e1f914d8 sp=0x000000d744dfb9f0
Event: 177.479 Thread 0x00000256f75b4cf0 DEOPT UNPACKING pc=0x00000256e14923a3 sp=0x000000d744dfb990 mode 2
Event: 177.496 Thread 0x00000256f75b4cf0 Uncommon trap: trap_request=0xffffffc6 fr.pc=0x00000256e1f914d8 relative=0x00000000000005d8
Event: 177.496 Thread 0x00000256f75b4cf0 Uncommon trap: reason=bimorphic_or_optimized_type_check action=maybe_recompile pc=0x00000256e1f914d8 method=org.jetbrains.kotlin.types.ClassifierBasedTypeConstructor.equals(Ljava/lang/Object;)Z @ 33 c2
Event: 177.496 Thread 0x00000256f75b4cf0 DEOPT PACKING pc=0x00000256e1f914d8 sp=0x000000d744dfb800
Event: 177.496 Thread 0x00000256f75b4cf0 DEOPT UNPACKING pc=0x00000256e14923a3 sp=0x000000d744dfb7a0 mode 2
Event: 177.595 Thread 0x00000256f75b4cf0 Uncommon trap: trap_request=0xffffff45 fr.pc=0x00000256e23dd714 relative=0x00000000000019b4
Event: 177.595 Thread 0x00000256f75b4cf0 Uncommon trap: reason=unstable_if action=reinterpret pc=0x00000256e23dd714 method=com.intellij.lang.java.lexer.JavaLexer.isKeyword(Ljava/lang/String;Lcom/intellij/pom/java/LanguageLevel;)Z @ 17 c2
Event: 177.595 Thread 0x00000256f75b4cf0 DEOPT PACKING pc=0x00000256e23dd714 sp=0x000000d744df9420
Event: 177.596 Thread 0x00000256f75b4cf0 DEOPT UNPACKING pc=0x00000256e14923a3 sp=0x000000d744df92b0 mode 2

Classes unloaded (1 events):
Event: 131.724 Thread 0x00000256d2717870 Unloading class 0x0000025681c52000 'java/lang/invoke/LambdaForm$DMH+0x0000025681c52000'

Classes redefined (0 events):
No events

Internal exceptions (20 events):
Event: 159.566 Thread 0x00000256f75b4cf0 Implicit null exception at 0x00000256e235504c to 0x00000256e2355140
Event: 159.626 Thread 0x00000256f75b4cf0 Exception <a 'java/lang/NoSuchMethodError'{0x00000000b1d2a050}: 'int java.lang.invoke.DirectMethodHandle$Holder.invokeStaticInit(java.lang.Object, int)'> (0x00000000b1d2a050) 
thrown [s\open\src\hotspot\share\interpreter\linkResolver.cpp, line 759]
Event: 160.161 Thread 0x00000256f75b4cf0 Exception <a 'java/lang/NoSuchMethodError'{0x00000000b1374a78}: 'java.lang.Object java.lang.invoke.DirectMethodHandle$Holder.invokeStatic(java.lang.Object, int, java.lang.Object, java.lang.Object)'> (0x00000000b1374a78) 
thrown [s\open\src\hotspot\share\interpreter\linkResolver.cpp, line 759]
Event: 164.475 Thread 0x00000256f5d98170 Exception <a 'sun/net/ConnectionResetException'{0x00000000b1880d68}: Connection reset> (0x00000000b1880d68) 
thrown [s\open\src\hotspot\share\prims\jni.cpp, line 535]
Event: 164.479 Thread 0x00000256f5d97c60 Exception <a 'java/io/IOException'{0x00000000ae500878}: Connection reset by peer> (0x00000000ae500878) 
thrown [s\open\src\hotspot\share\prims\jni.cpp, line 535]
Event: 164.502 Thread 0x00000256f5d91210 Exception <a 'java/lang/NoSuchMethodError'{0x00000000ae525d38}: 'void java.lang.invoke.DirectMethodHandle$Holder.invokeSpecial(java.lang.Object, java.lang.Object, int)'> (0x00000000ae525d38) 
thrown [s\open\src\hotspot\share\interpreter\linkResolver.cpp, line 759]
Event: 164.525 Thread 0x00000256f45edaa0 Exception <a 'java/lang/NoSuchMethodError'{0x00000000ae4132b8}: static Lorg/gradle/internal/remote/internal/MessageIOException;.<clinit>()V> (0x00000000ae4132b8) 
thrown [s\open\src\hotspot\share\prims\jni.cpp, line 1112]
Event: 164.532 Thread 0x00000256f45edaa0 Exception <a 'java/lang/NoSuchMethodError'{0x00000000ae436fe0}: static [Ljava/lang/StackTraceElement;.<clinit>()V> (0x00000000ae436fe0) 
thrown [s\open\src\hotspot\share\prims\jni.cpp, line 1112]
Event: 164.535 Thread 0x00000256f5d97750 Exception <a 'java/lang/reflect/InvocationTargetException'{0x00000000ae40a9a0}> (0x00000000ae40a9a0) 
thrown [s\open\src\hotspot\share\runtime\reflection.cpp, line 1121]
Event: 164.628 Thread 0x00000256f56d1a50 Exception <a 'java/lang/ClassNotFoundException'{0x00000000ae38c148}: org/gradle/api/internal/tasks/testing/results/DefaultTestResultBeanInfo> (0x00000000ae38c148) 
thrown [s\open\src\hotspot\share\classfile\systemDictionary.cpp, line 256]
Event: 164.635 Thread 0x00000256f56d1a50 Exception <a 'java/lang/ClassNotFoundException'{0x00000000ae3a2bd8}: org/gradle/api/internal/tasks/testing/results/DefaultTestResultCustomizer> (0x00000000ae3a2bd8) 
thrown [s\open\src\hotspot\share\classfile\systemDictionary.cpp, line 256]
Event: 164.679 Thread 0x00000256f56d1a50 Exception <a 'java/lang/ClassNotFoundException'{0x00000000ae226f50}: org/gradle/api/tasks/testing/TestResult$ResultTypeBeanInfo> (0x00000000ae226f50) 
thrown [s\open\src\hotspot\share\classfile\systemDictionary.cpp, line 256]
Event: 164.703 Thread 0x00000256f56d1a50 Exception <a 'java/lang/ClassNotFoundException'{0x00000000ae22ed10}: java/lang/EnumBeanInfo> (0x00000000ae22ed10) 
thrown [s\open\src\hotspot\share\classfile\systemDictionary.cpp, line 256]
Event: 164.706 Thread 0x00000256f56d1a50 Exception <a 'java/lang/ClassNotFoundException'{0x00000000ae185d58}: java/lang/EnumCustomizer> (0x00000000ae185d58) 
thrown [s\open\src\hotspot\share\classfile\systemDictionary.cpp, line 256]
Event: 164.715 Thread 0x00000256f56d1a50 Exception <a 'java/lang/ClassNotFoundException'{0x00000000ae1a3bc8}: org/gradle/api/tasks/testing/TestResult$ResultTypeCustomizer> (0x00000000ae1a3bc8) 
thrown [s\open\src\hotspot\share\classfile\systemDictionary.cpp, line 256]
Event: 165.977 Thread 0x00000256f56d1a50 Exception <a 'java/lang/reflect/InvocationTargetException'{0x00000000af6100e8}> (0x00000000af6100e8) 
thrown [s\open\src\hotspot\share\runtime\reflection.cpp, line 1121]
Event: 166.935 Thread 0x00000256f75b4cf0 Exception <a 'java/lang/IncompatibleClassChangeError'{0x00000000ae7dfba8}: Found class java.lang.Object, but interface was expected> (0x00000000ae7dfba8) 
thrown [s\open\src\hotspot\share\interpreter\linkResolver.cpp, line 826]
Event: 167.081 Thread 0x00000256f75b4cf0 Implicit null exception at 0x00000256e1a39c20 to 0x00000256e1a39d18
Event: 175.240 Thread 0x00000256f75b4cf0 Implicit null exception at 0x00000256e1cffe6f to 0x00000256e1d003cc
Event: 177.046 Thread 0x00000256f75b4cf0 Implicit null exception at 0x00000256e2363971 to 0x00000256e236c26c

VM Operations (20 events):
Event: 177.914 Executing VM operation: G1CollectForAllocation done
Event: 178.003 Executing VM operation: G1CollectForAllocation
Event: 178.006 Executing VM operation: G1CollectForAllocation done
Event: 178.102 Executing VM operation: G1CollectForAllocation
Event: 178.104 Executing VM operation: G1CollectForAllocation done
Event: 178.203 Executing VM operation: G1CollectForAllocation
Event: 178.226 Executing VM operation: G1CollectForAllocation done
Event: 178.304 Executing VM operation: G1CollectForAllocation
Event: 178.307 Executing VM operation: G1CollectForAllocation done
Event: 178.372 Executing VM operation: G1CollectForAllocation
Event: 178.376 Executing VM operation: G1CollectForAllocation done
Event: 178.429 Executing VM operation: G1CollectForAllocation
Event: 178.431 Executing VM operation: G1CollectForAllocation done
Event: 178.517 Executing VM operation: HandshakeAllThreads
Event: 178.517 Executing VM operation: HandshakeAllThreads done
Event: 178.540 Executing VM operation: HandshakeAllThreads
Event: 178.540 Executing VM operation: HandshakeAllThreads done
Event: 178.540 Executing VM operation: HandshakeAllThreads
Event: 178.541 Executing VM operation: HandshakeAllThreads done
Event: 178.830 Executing VM operation: G1CollectForAllocation

Events (20 events):
Event: 178.592 Thread 0x00000256eed09120 flushing nmethod 0x00000256dcb27590
Event: 178.592 Thread 0x00000256eed09120 flushing nmethod 0x00000256dcb28210
Event: 178.593 Thread 0x00000256eed09120 flushing nmethod 0x00000256dcb3a690
Event: 178.593 Thread 0x00000256eed09120 flushing nmethod 0x00000256dcb45b10
Event: 178.593 Thread 0x00000256eed09120 flushing nmethod 0x00000256dcb47310
Event: 178.593 Thread 0x00000256eed09120 flushing nmethod 0x00000256dcb50510
Event: 178.593 Thread 0x00000256eed09120 flushing nmethod 0x00000256dcb52c90
Event: 178.593 Thread 0x00000256eed09120 flushing nmethod 0x00000256dcb53210
Event: 178.593 Thread 0x00000256eed09120 flushing nmethod 0x00000256dcb53610
Event: 178.593 Thread 0x00000256eed09120 flushing nmethod 0x00000256dcb54090
Event: 178.593 Thread 0x00000256eed09120 flushing nmethod 0x00000256dcb54490
Event: 178.593 Thread 0x00000256eed09120 flushing nmethod 0x00000256dcb57110
Event: 178.593 Thread 0x00000256eed09120 flushing nmethod 0x00000256dcb5f310
Event: 178.593 Thread 0x00000256eed09120 flushing nmethod 0x00000256dcb5f890
Event: 178.593 Thread 0x00000256eed09120 flushing nmethod 0x00000256dcb69a10
Event: 178.593 Thread 0x00000256eed09120 flushing nmethod 0x00000256dcb75390
Event: 178.593 Thread 0x00000256eed09120 flushing nmethod 0x00000256dcb7c490
Event: 178.593 Thread 0x00000256eed09120 flushing nmethod 0x00000256dcb7f790
Event: 178.593 Thread 0x00000256eed09120 flushing nmethod 0x00000256dcb81590
Event: 178.593 Thread 0x00000256eed09120 flushing nmethod 0x00000256dcb81a10


Dynamic libraries:
0x00007ff7b6110000 - 0x00007ff7b6120000 	C:\Program Files\Java\jdk-17\bin\java.exe
0x00007ff96c9d0000 - 0x00007ff96cbc8000 	C:\WINDOWS\SYSTEM32\ntdll.dll
0x00007ff96c870000 - 0x00007ff96c92d000 	C:\WINDOWS\System32\KERNEL32.DLL
0x00007ff96a1f0000 - 0x00007ff96a4e6000 	C:\WINDOWS\System32\KERNELBASE.dll
0x00007ff96a0c0000 - 0x00007ff96a1c0000 	C:\WINDOWS\System32\ucrtbase.dll
0x00007ff963160000 - 0x00007ff963179000 	C:\Program Files\Java\jdk-17\bin\jli.dll
0x00007ff96aa10000 - 0x00007ff96aac0000 	C:\WINDOWS\System32\ADVAPI32.dll
0x00007ff96b910000 - 0x00007ff96b9ae000 	C:\WINDOWS\System32\msvcrt.dll
0x00007ff96b7b0000 - 0x00007ff96b850000 	C:\WINDOWS\System32\sechost.dll
0x00007ff96b310000 - 0x00007ff96b433000 	C:\WINDOWS\System32\RPCRT4.dll
0x00007ff960940000 - 0x00007ff96095b000 	C:\Program Files\Java\jdk-17\bin\VCRUNTIME140.dll
0x00007ff96a1c0000 - 0x00007ff96a1e7000 	C:\WINDOWS\System32\bcrypt.dll
0x00007ff953f00000 - 0x00007ff95419a000 	C:\WINDOWS\WinSxS\amd64_microsoft.windows.common-controls_6595b64144ccf1df_6.0.19041.4355_none_60b8b9eb71f62e16\COMCTL32.dll
0x00007ff96b5a0000 - 0x00007ff96b73f000 	C:\WINDOWS\System32\USER32.dll
0x00007ff96a090000 - 0x00007ff96a0b2000 	C:\WINDOWS\System32\win32u.dll
0x00007ff96b850000 - 0x00007ff96b87b000 	C:\WINDOWS\System32\GDI32.dll
0x00007ff96a740000 - 0x00007ff96a857000 	C:\WINDOWS\System32\gdi32full.dll
0x00007ff96a540000 - 0x00007ff96a5dd000 	C:\WINDOWS\System32\msvcp_win.dll
0x00007ff961130000 - 0x00007ff96113a000 	C:\WINDOWS\SYSTEM32\VERSION.dll
0x00007ff96b570000 - 0x00007ff96b59f000 	C:\WINDOWS\System32\IMM32.DLL
0x00007ff9627f0000 - 0x00007ff9627fc000 	C:\Program Files\Java\jdk-17\bin\vcruntime140_1.dll
0x00007ff9532b0000 - 0x00007ff95333e000 	C:\Program Files\Java\jdk-17\bin\msvcp140.dll
0x00007ff913330000 - 0x00007ff913f10000 	C:\Program Files\Java\jdk-17\bin\server\jvm.dll
0x00007ff96aac0000 - 0x00007ff96aac8000 	C:\WINDOWS\System32\PSAPI.DLL
0x00007ff967fd0000 - 0x00007ff967fd9000 	C:\WINDOWS\SYSTEM32\WSOCK32.dll
0x00007ff956920000 - 0x00007ff956947000 	C:\WINDOWS\SYSTEM32\WINMM.dll
0x00007ff96b740000 - 0x00007ff96b7ab000 	C:\WINDOWS\System32\WS2_32.dll
0x00007ff9688a0000 - 0x00007ff9688b2000 	C:\WINDOWS\SYSTEM32\kernel.appcore.dll
0x00007ff960c30000 - 0x00007ff960c3a000 	C:\Program Files\Java\jdk-17\bin\jimage.dll
0x00007ff967c70000 - 0x00007ff967e54000 	C:\WINDOWS\SYSTEM32\DBGHELP.DLL
0x00007ff961c70000 - 0x00007ff961ca4000 	C:\WINDOWS\SYSTEM32\dbgcore.DLL
0x00007ff96a980000 - 0x00007ff96aa02000 	C:\WINDOWS\System32\bcryptPrimitives.dll
0x00007ff9604d0000 - 0x00007ff9604de000 	C:\Program Files\Java\jdk-17\bin\instrument.dll
0x00007ff95a900000 - 0x00007ff95a925000 	C:\Program Files\Java\jdk-17\bin\java.dll
0x00007ff94e170000 - 0x00007ff94e247000 	C:\Program Files\Java\jdk-17\bin\jsvml.dll
0x00007ff96aaf0000 - 0x00007ff96b25c000 	C:\WINDOWS\System32\SHELL32.dll
0x00007ff9680f0000 - 0x00007ff96888d000 	C:\WINDOWS\SYSTEM32\windows.storage.dll
0x00007ff96c310000 - 0x00007ff96c663000 	C:\WINDOWS\System32\combase.dll
0x00007ff969ab0000 - 0x00007ff969ade000 	C:\WINDOWS\SYSTEM32\Wldp.dll
0x00007ff96b9c0000 - 0x00007ff96ba8d000 	C:\WINDOWS\System32\OLEAUT32.dll
0x00007ff96baf0000 - 0x00007ff96bb9d000 	C:\WINDOWS\System32\SHCORE.dll
0x00007ff96bc20000 - 0x00007ff96bc75000 	C:\WINDOWS\System32\shlwapi.dll
0x00007ff969fc0000 - 0x00007ff969fe4000 	C:\WINDOWS\SYSTEM32\profapi.dll
0x00007ff95a8a0000 - 0x00007ff95a8b8000 	C:\Program Files\Java\jdk-17\bin\zip.dll
0x00007ff95a800000 - 0x00007ff95a819000 	C:\Program Files\Java\jdk-17\bin\net.dll
0x00007ff960600000 - 0x00007ff96070a000 	C:\WINDOWS\SYSTEM32\WINHTTP.dll
0x00007ff969810000 - 0x00007ff96987a000 	C:\WINDOWS\system32\mswsock.dll
0x00007ff95a7a0000 - 0x00007ff95a7b6000 	C:\Program Files\Java\jdk-17\bin\nio.dll
0x00007ff960a10000 - 0x00007ff960a20000 	C:\Program Files\Java\jdk-17\bin\verify.dll
0x00007ff93ba70000 - 0x00007ff93ba97000 	C:\Users\Violin\.gradle\native\c067742578af261105cb4f569cf0c3c89f3d7b1fecec35dd04571415982c5e48\windows-amd64\native-platform.dll
0x00007ff93d6c0000 - 0x00007ff93d804000 	C:\Users\Violin\.gradle\native\38dada09dfb8b06ba9b0570ebf7e218e3eb74d4ef43ca46872605cf95ebc2f47\windows-amd64\native-platform-file-events.dll
0x00007ff95a890000 - 0x00007ff95a89a000 	C:\Program Files\Java\jdk-17\bin\management.dll
0x00007ff95a7f0000 - 0x00007ff95a7fb000 	C:\Program Files\Java\jdk-17\bin\management_ext.dll
0x00007ff969a10000 - 0x00007ff969a28000 	C:\WINDOWS\SYSTEM32\CRYPTSP.dll
0x00007ff9690c0000 - 0x00007ff9690f4000 	C:\WINDOWS\system32\rsaenh.dll
0x00007ff969f70000 - 0x00007ff969f9e000 	C:\WINDOWS\SYSTEM32\USERENV.dll
0x00007ff969a00000 - 0x00007ff969a0c000 	C:\WINDOWS\SYSTEM32\CRYPTBASE.dll
0x00007ff9694a0000 - 0x00007ff9694db000 	C:\WINDOWS\SYSTEM32\IPHLPAPI.DLL
0x00007ff96c2a0000 - 0x00007ff96c2a8000 	C:\WINDOWS\System32\NSI.dll
0x00007ff961110000 - 0x00007ff961127000 	C:\WINDOWS\SYSTEM32\dhcpcsvc6.DLL
0x00007ff961a70000 - 0x00007ff961a8d000 	C:\WINDOWS\SYSTEM32\dhcpcsvc.DLL
0x00007ff9694f0000 - 0x00007ff9695ba000 	C:\WINDOWS\SYSTEM32\DNSAPI.dll
0x00007ff95a730000 - 0x00007ff95a73e000 	C:\Program Files\Java\jdk-17\bin\sunmscapi.dll
0x00007ff96a5e0000 - 0x00007ff96a73e000 	C:\WINDOWS\System32\CRYPT32.dll
0x00007ff969b20000 - 0x00007ff969b49000 	C:\WINDOWS\SYSTEM32\ncrypt.dll
0x00007ff969ae0000 - 0x00007ff969b1b000 	C:\WINDOWS\SYSTEM32\NTASN1.dll
0x00007ff964540000 - 0x00007ff964547000 	C:\WINDOWS\system32\wshunix.dll
0x00007ff95a9b0000 - 0x00007ff95a9ba000 	C:\Windows\System32\rasadhlp.dll
0x00007ff95af20000 - 0x00007ff95afa0000 	C:\WINDOWS\System32\fwpuclnt.dll
0x00007ff965d00000 - 0x00007ff965d07000 	C:\Program Files\Java\jdk-17\bin\rmi.dll
0x00007ff935d90000 - 0x00007ff935da7000 	C:\WINDOWS\system32\napinsp.dll
0x00007ff911150000 - 0x00007ff91116b000 	C:\WINDOWS\system32\pnrpnsp.dll
0x00007ff9665d0000 - 0x00007ff9665e5000 	C:\WINDOWS\system32\wshbth.dll
0x00007ff9651b0000 - 0x00007ff9651cd000 	C:\WINDOWS\system32\NLAapi.dll
0x00007ff911130000 - 0x00007ff911142000 	C:\WINDOWS\System32\winrnr.dll

dbghelp: loaded successfully - version: 4.0.5 - missing functions: none
symbol engine: initialized successfully - sym options: 0x614 - pdb path: .;C:\Program Files\Java\jdk-17\bin;C:\WINDOWS\SYSTEM32;C:\WINDOWS\WinSxS\amd64_microsoft.windows.common-controls_6595b64144ccf1df_6.0.19041.4355_none_60b8b9eb71f62e16;C:\Program Files\Java\jdk-17\bin\server;C:\Users\Violin\.gradle\native\c067742578af261105cb4f569cf0c3c89f3d7b1fecec35dd04571415982c5e48\windows-amd64;C:\Users\Violin\.gradle\native\38dada09dfb8b06ba9b0570ebf7e218e3eb74d4ef43ca46872605cf95ebc2f47\windows-amd64

VM Arguments:
jvm_args: --add-opens=java.base/java.util=ALL-UNNAMED --add-opens=java.base/java.lang=ALL-UNNAMED --add-opens=java.base/java.lang.invoke=ALL-UNNAMED --add-opens=java.prefs/java.util.prefs=ALL-UNNAMED --add-opens=java.base/java.nio.charset=ALL-UNNAMED --add-opens=java.base/java.net=ALL-UNNAMED --add-opens=java.base/java.util.concurrent.atomic=ALL-UNNAMED -Xmx1536m -Dfile.encoding=x-windows-949 -Duser.country=KR -Duser.language=ko -Duser.variant -javaagent:C:\Gradle\gradle-8.7\lib\agents\gradle-instrumentation-agent-8.7.jar 
java_command: org.gradle.launcher.daemon.bootstrap.GradleDaemon 8.7
java_class_path (initial): C:\Gradle\gradle-8.7\lib\gradle-launcher-8.7.jar
Launcher Type: SUN_STANDARD

[Global flags]
     intx CICompilerCount                          = 3                                         {product} {ergonomic}
     uint ConcGCThreads                            = 1                                         {product} {ergonomic}
     uint G1ConcRefinementThreads                  = 4                                         {product} {ergonomic}
   size_t G1HeapRegionSize                         = 1048576                                   {product} {ergonomic}
    uintx GCDrainStackTargetSize                   = 64                                        {product} {ergonomic}
   size_t InitialHeapSize                          = 67108864                                  {product} {ergonomic}
   size_t MarkStackSize                            = 4194304                                   {product} {ergonomic}
   size_t MaxHeapSize                              = 1610612736                                {product} {command line}
   size_t MaxNewSize                               = 965738496                                 {product} {ergonomic}
   size_t MinHeapDeltaBytes                        = 1048576                                   {product} {ergonomic}
   size_t MinHeapSize                              = 8388608                                   {product} {ergonomic}
    uintx NonNMethodCodeHeapSize                   = 5832780                                {pd product} {ergonomic}
    uintx NonProfiledCodeHeapSize                  = 122912730                              {pd product} {ergonomic}
    uintx ProfiledCodeHeapSize                     = 122912730                              {pd product} {ergonomic}
    uintx ReservedCodeCacheSize                    = 251658240                              {pd product} {ergonomic}
     bool SegmentedCodeCache                       = true                                      {product} {ergonomic}
   size_t SoftMaxHeapSize                          = 1610612736                             {manageable} {ergonomic}
     bool UseCompressedClassPointers               = true                           {product lp64_product} {ergonomic}
     bool UseCompressedOops                        = true                           {product lp64_product} {ergonomic}
     bool UseG1GC                                  = true                                      {product} {ergonomic}
     bool UseLargePagesIndividualAllocation        = false                                  {pd product} {ergonomic}

Logging:
Log output configuration:
 #0: stdout all=warning uptime,level,tags
 #1: stderr all=off uptime,level,tags

Environment Variables:
CLASSPATH=C:\Gradle\gradle-8.7\lib\gradle-launcher-8.7.jar
PATH=C:\Program Files\Common Files\Oracle\Java\javapath;C:\Program Files (x86)\Intel\iCLS Client\;C:\Program Files\Intel\iCLS Client\;C:\WINDOWS\system32;C:\WINDOWS;C:\WINDOWS\System32\Wbem;C:\WINDOWS\System32\WindowsPowerShell\v1.0\;C:\Program Files\Intel\WiFi\bin\;C:\Program Files\Common Files\Intel\WirelessCommon\;C:\Program Files (x86)\Intel\Intel(R) Management Engine Components\DAL;C:\Program Files\Intel\Intel(R) Management Engine Components\DAL;C:\Program Files (x86)\Intel\Intel(R) Management Engine Components\IPT;C:\Program Files\Intel\Intel(R) Management Engine Components\IPT;C:\WINDOWS\System32\OpenSSH\;C:\Program Files\Git\cmd;C:\Gradle\gradle-8.7\bin;C:\Program Files\dotnet\;C:\Users\Violin\SDKs\platform-tools-latest-windows\platform-tools;C:\Users\Violin\AppData\Local\Microsoft\WindowsApps;C:\Users\Violin\AppData\Local\GitHubDesktop\bin;C:\Users\Violin\SDKs\platform-tools-latest-windows\platform-tools;
USERNAME=Violin
OS=Windows_NT
PROCESSOR_IDENTIFIER=Intel64 Family 6 Model 78 Stepping 3, GenuineIntel



---------------  S Y S T E M  ---------------

OS:
 Windows 10 , 64 bit Build 19041 (10.0.19041.3636)
OS uptime: 42 days 23:56 hours

CPU: total 4 (initial active 4) (2 cores per cpu, 2 threads per core) family 6 model 78 stepping 3 microcode 0xcc, cx8, cmov, fxsr, ht, mmx, 3dnowpref, sse, sse2, sse3, ssse3, sse4.1, sse4.2, popcnt, lzcnt, tsc, tscinvbit, avx, avx2, aes, erms, clmul, bmi1, bmi2, adx, fma, vzeroupper, clflush, clflushopt

Memory: 4k page, system-wide physical 4010M (69M free)
TotalPageFile size 16298M (AvailPageFile size 6M)
current process WorkingSet (physical memory assigned to process): 400M, peak: 455M
current process commit charge ("private bytes"): 873M, peak: 876M

vm_info: Java HotSpot(TM) 64-Bit Server VM (17.0.11+7-LTS-207) for windows-amd64 JRE (17.0.11+7-LTS-207), built on Mar 11 2024 19:01:50 by "mach5one" with MS VC++ 17.6 (VS2022)

END.
