#
# There is insufficient memory for the Java Runtime Environment to continue.
# Native memory allocation (malloc) failed to allocate 162336 bytes for Chunk::new
# Possible reasons:
#   The system is out of physical RAM or swap space
#   The process is running with CompressedOops enabled, and the Java Heap may be blocking the growth of the native heap
# Possible solutions:
#   Reduce memory load on the system
#   Increase physical memory or swap space
#   Check if swap backing store is full
#   Decrease Java heap size (-Xmx/-Xms)
#   Decrease number of Java threads
#   Decrease Java thread stack sizes (-Xss)
#   Set larger code cache with -XX:ReservedCodeCacheSize=
#   JVM is running with Unscaled Compressed Oops mode in which the Java heap is
#     placed in the first 4GB address space. The Java Heap base address is the
#     maximum limit for the native heap growth. Please use -XX:HeapBaseMinAddress
#     to set the Java Heap base and to place the Java Heap above 4GB virtual address.
# This output file may be truncated or incomplete.
#
#  Out of Memory Error (arena.cpp:189), pid=32744, tid=17732
#
# JRE version: Java(TM) SE Runtime Environment (17.0.11+7) (build 17.0.11+7-LTS-207)
# Java VM: Java HotSpot(TM) 64-Bit Server VM (17.0.11+7-LTS-207, mixed mode, sharing, tiered, compressed oops, compressed class ptrs, g1 gc, windows-amd64)
# No core dump will be written. Minidumps are not enabled by default on client versions of Windows
#

---------------  S U M M A R Y ------------

Command Line: -Xmx64m -Xms64m -javaagent:C:\Gradle\gradle-8.7/lib/agents/gradle-instrumentation-agent-8.7.jar -Dorg.gradle.appname=gradle org.gradle.launcher.GradleMain build

Host: Intel(R) Core(TM) i5-6200U CPU @ 2.30GHz, 4 cores, 3G,  Windows 10 , 64 bit Build 19041 (10.0.19041.3636)
Time: Tue Jul 30 01:45:33 2024  Windows 10 , 64 bit Build 19041 (10.0.19041.3636) elapsed time: 101.923592 seconds (0d 0h 1m 41s)

---------------  T H R E A D  ---------------

Current thread (0x0000020f9fa9ee90):  JavaThread "C2 CompilerThread0" daemon [_thread_in_native, id=17732, stack(0x000000f7c0d00000,0x000000f7c0e00000)]


Current CompileTask:
C2: 101924 1902       4       org.gradle.internal.logging.text.AbstractLineChoppingStyledTextOutput$1::execute (9 bytes)

Stack: [0x000000f7c0d00000,0x000000f7c0e00000]
Native frames: (J=compiled Java code, j=interpreted, Vv=VM code, C=native code)
V  [jvm.dll+0x679cca]
V  [jvm.dll+0x7da13d]
V  [jvm.dll+0x7dba83]
V  [jvm.dll+0x7dc0f3]
V  [jvm.dll+0x2449af]
V  [jvm.dll+0xab83b]
V  [jvm.dll+0xabe1c]
V  [jvm.dll+0x2a9e6f]
V  [jvm.dll+0x5818d9]
V  [jvm.dll+0x21ed62]
V  [jvm.dll+0x217bd7]
V  [jvm.dll+0x215505]
V  [jvm.dll+0x1a2040]
V  [jvm.dll+0x225a2b]
V  [jvm.dll+0x223bcb]
V  [jvm.dll+0x7903ec]
V  [jvm.dll+0x78a85a]
V  [jvm.dll+0x678bb5]
C  [ucrtbase.dll+0x21bb2]
C  [KERNEL32.DLL+0x17344]
C  [ntdll.dll+0x4cc91]


---------------  P R O C E S S  ---------------

Threads class SMR info:
_java_thread_list=0x0000020fe5d6be00, length=15, elements={
0x0000020f86b948b0, 0x0000020f86c67fd0, 0x0000020f86c6b510, 0x0000020f9fa95c30,
0x0000020f9fa96500, 0x0000020f9fa97570, 0x0000020f9fa9bae0, 0x0000020f9fa9ee90,
0x0000020f9fa9ff40, 0x0000020f9faab7d0, 0x0000020f9fa7c020, 0x0000020fe507cbb0,
0x0000020fe5246850, 0x0000020fe501d020, 0x0000020fe501d500
}

Java Threads: ( => current thread )
  0x0000020f86b948b0 JavaThread "main" [_thread_in_vm, id=38544, stack(0x000000f7c0000000,0x000000f7c0100000)]
  0x0000020f86c67fd0 JavaThread "Reference Handler" daemon [_thread_blocked, id=43352, stack(0x000000f7c0700000,0x000000f7c0800000)]
  0x0000020f86c6b510 JavaThread "Finalizer" daemon [_thread_blocked, id=40252, stack(0x000000f7c0800000,0x000000f7c0900000)]
  0x0000020f9fa95c30 JavaThread "Signal Dispatcher" daemon [_thread_blocked, id=27188, stack(0x000000f7c0900000,0x000000f7c0a00000)]
  0x0000020f9fa96500 JavaThread "Attach Listener" daemon [_thread_blocked, id=30364, stack(0x000000f7c0a00000,0x000000f7c0b00000)]
  0x0000020f9fa97570 JavaThread "Service Thread" daemon [_thread_blocked, id=31208, stack(0x000000f7c0b00000,0x000000f7c0c00000)]
  0x0000020f9fa9bae0 JavaThread "Monitor Deflation Thread" daemon [_thread_blocked, id=40704, stack(0x000000f7c0c00000,0x000000f7c0d00000)]
=>0x0000020f9fa9ee90 JavaThread "C2 CompilerThread0" daemon [_thread_in_native, id=17732, stack(0x000000f7c0d00000,0x000000f7c0e00000)]
  0x0000020f9fa9ff40 JavaThread "C1 CompilerThread0" daemon [_thread_blocked, id=34380, stack(0x000000f7c0e00000,0x000000f7c0f00000)]
  0x0000020f9faab7d0 JavaThread "Sweeper thread" daemon [_thread_blocked, id=34924, stack(0x000000f7c0f00000,0x000000f7c1000000)]
  0x0000020f9fa7c020 JavaThread "Common-Cleaner" daemon [_thread_blocked, id=37988, stack(0x000000f7c1000000,0x000000f7c1100000)]
  0x0000020fe507cbb0 JavaThread "Notification Thread" daemon [_thread_blocked, id=32156, stack(0x000000f7c1100000,0x000000f7c1200000)]
  0x0000020fe5246850 JavaThread "pool-1-thread-1" [_thread_blocked, id=2092, stack(0x000000f7c1600000,0x000000f7c1700000)]
  0x0000020fe501d020 JavaThread "DisconnectableInputStream source reader" daemon [_thread_in_native, id=39740, stack(0x000000f7c1800000,0x000000f7c1900000)]
  0x0000020fe501d500 JavaThread "Forward input" [_thread_blocked, id=32844, stack(0x000000f7c1900000,0x000000f7c1a00000)]

Other Threads:
  0x0000020f86c5e430 VMThread "VM Thread" [stack: 0x000000f7c0600000,0x000000f7c0700000] [id=27484]
  0x0000020f86b95890 WatcherThread [stack: 0x000000f7c1200000,0x000000f7c1300000] [id=38584]
  0x0000020f86bb3540 GCTaskThread "GC Thread#0" [stack: 0x000000f7c0100000,0x000000f7c0200000] [id=21640]
  0x0000020fe5028540 GCTaskThread "GC Thread#1" [stack: 0x000000f7c1300000,0x000000f7c1400000] [id=33224]
  0x0000020fe51fb9f0 GCTaskThread "GC Thread#2" [stack: 0x000000f7c1400000,0x000000f7c1500000] [id=43088]
  0x0000020f9fadb060 GCTaskThread "GC Thread#3" [stack: 0x000000f7c1500000,0x000000f7c1600000] [id=39216]
  0x0000020f86bb7360 ConcurrentGCThread "G1 Main Marker" [stack: 0x000000f7c0200000,0x000000f7c0300000] [id=34444]
  0x0000020f86bb7c80 ConcurrentGCThread "G1 Conc#0" [stack: 0x000000f7c0300000,0x000000f7c0400000] [id=28928]
  0x0000020f86c05140 ConcurrentGCThread "G1 Refine#0" [stack: 0x000000f7c0400000,0x000000f7c0500000] [id=37656]
  0x0000020f86c05a80 ConcurrentGCThread "G1 Service" [stack: 0x000000f7c0500000,0x000000f7c0600000] [id=29740]

Threads with active compile tasks:
C2 CompilerThread0   102049 1902       4       org.gradle.internal.logging.text.AbstractLineChoppingStyledTextOutput$1::execute (9 bytes)

VM state: not at safepoint (normal execution)

VM Mutex/Monitor currently owned by a thread: None

Heap address: 0x00000000fc000000, size: 64 MB, Compressed Oops mode: 32-bit

CDS archive(s) mapped at: [0x0000020fa0000000-0x0000020fa0bd0000-0x0000020fa0bd0000), size 12386304, SharedBaseAddress: 0x0000020fa0000000, ArchiveRelocationMode: 1.
Compressed class space mapped at: 0x0000020fa1000000-0x0000020fe1000000, reserved size: 1073741824
Narrow klass base: 0x0000020fa0000000, Narrow klass shift: 0, Narrow klass range: 0x100000000

GC Precious Log:
 CPUs: 4 total, 4 available
 Memory: 4010M
 Large Page Support: Disabled
 NUMA Support: Disabled
 Compressed Oops: Enabled (32-bit)
 Heap Region Size: 1M
 Heap Min Capacity: 64M
 Heap Initial Capacity: 64M
 Heap Max Capacity: 64M
 Pre-touch: Disabled
 Parallel Workers: 4
 Concurrent Workers: 1
 Concurrent Refinement Workers: 4
 Periodic GC: Disabled

Heap:
 garbage-first heap   total 65536K, used 28233K [0x00000000fc000000, 0x0000000100000000)
  region size 1024K, 20 young (20480K), 2 survivors (2048K)
 Metaspace       used 9954K, committed 10240K, reserved 1114112K
  class space    used 1296K, committed 1408K, reserved 1048576K

Heap Regions: E=young(eden), S=young(survivor), O=old, HS=humongous(starts), HC=humongous(continues), CS=collection set, F=free, OA=open archive, CA=closed archive, TAMS=top-at-mark-start (previous, next)
|   0|0x00000000fc000000, 0x00000000fc100000, 0x00000000fc100000|100%| O|  |TAMS 0x00000000fc000000, 0x00000000fc000000| Untracked 
|   1|0x00000000fc100000, 0x00000000fc200000, 0x00000000fc200000|100%| O|  |TAMS 0x00000000fc100000, 0x00000000fc100000| Untracked 
|   2|0x00000000fc200000, 0x00000000fc300000, 0x00000000fc300000|100%|HS|  |TAMS 0x00000000fc200000, 0x00000000fc200000| Complete 
|   3|0x00000000fc300000, 0x00000000fc400000, 0x00000000fc400000|100%|HC|  |TAMS 0x00000000fc300000, 0x00000000fc300000| Complete 
|   4|0x00000000fc400000, 0x00000000fc500000, 0x00000000fc500000|100%|HC|  |TAMS 0x00000000fc400000, 0x00000000fc400000| Complete 
|   5|0x00000000fc500000, 0x00000000fc600000, 0x00000000fc600000|100%|HC|  |TAMS 0x00000000fc500000, 0x00000000fc500000| Complete 
|   6|0x00000000fc600000, 0x00000000fc700000, 0x00000000fc700000|100%| O|  |TAMS 0x00000000fc600000, 0x00000000fc600000| Untracked 
|   7|0x00000000fc700000, 0x00000000fc800000, 0x00000000fc800000|100%| O|  |TAMS 0x00000000fc700000, 0x00000000fc700000| Untracked 
|   8|0x00000000fc800000, 0x00000000fc892400, 0x00000000fc900000| 57%| O|  |TAMS 0x00000000fc800000, 0x00000000fc800000| Untracked 
|   9|0x00000000fc900000, 0x00000000fc900000, 0x00000000fca00000|  0%| F|  |TAMS 0x00000000fc900000, 0x00000000fc900000| Untracked 
|  10|0x00000000fca00000, 0x00000000fca00000, 0x00000000fcb00000|  0%| F|  |TAMS 0x00000000fca00000, 0x00000000fca00000| Untracked 
|  11|0x00000000fcb00000, 0x00000000fcb00000, 0x00000000fcc00000|  0%| F|  |TAMS 0x00000000fcb00000, 0x00000000fcb00000| Untracked 
|  12|0x00000000fcc00000, 0x00000000fcc00000, 0x00000000fcd00000|  0%| F|  |TAMS 0x00000000fcc00000, 0x00000000fcc00000| Untracked 
|  13|0x00000000fcd00000, 0x00000000fcd00000, 0x00000000fce00000|  0%| F|  |TAMS 0x00000000fcd00000, 0x00000000fcd00000| Untracked 
|  14|0x00000000fce00000, 0x00000000fce00000, 0x00000000fcf00000|  0%| F|  |TAMS 0x00000000fce00000, 0x00000000fce00000| Untracked 
|  15|0x00000000fcf00000, 0x00000000fcf00000, 0x00000000fd000000|  0%| F|  |TAMS 0x00000000fcf00000, 0x00000000fcf00000| Untracked 
|  16|0x00000000fd000000, 0x00000000fd000000, 0x00000000fd100000|  0%| F|  |TAMS 0x00000000fd000000, 0x00000000fd000000| Untracked 
|  17|0x00000000fd100000, 0x00000000fd100000, 0x00000000fd200000|  0%| F|  |TAMS 0x00000000fd100000, 0x00000000fd100000| Untracked 
|  18|0x00000000fd200000, 0x00000000fd200000, 0x00000000fd300000|  0%| F|  |TAMS 0x00000000fd200000, 0x00000000fd200000| Untracked 
|  19|0x00000000fd300000, 0x00000000fd300000, 0x00000000fd400000|  0%| F|  |TAMS 0x00000000fd300000, 0x00000000fd300000| Untracked 
|  20|0x00000000fd400000, 0x00000000fd400000, 0x00000000fd500000|  0%| F|  |TAMS 0x00000000fd400000, 0x00000000fd400000| Untracked 
|  21|0x00000000fd500000, 0x00000000fd500000, 0x00000000fd600000|  0%| F|  |TAMS 0x00000000fd500000, 0x00000000fd500000| Untracked 
|  22|0x00000000fd600000, 0x00000000fd600000, 0x00000000fd700000|  0%| F|  |TAMS 0x00000000fd600000, 0x00000000fd600000| Untracked 
|  23|0x00000000fd700000, 0x00000000fd700000, 0x00000000fd800000|  0%| F|  |TAMS 0x00000000fd700000, 0x00000000fd700000| Untracked 
|  24|0x00000000fd800000, 0x00000000fd800000, 0x00000000fd900000|  0%| F|  |TAMS 0x00000000fd800000, 0x00000000fd800000| Untracked 
|  25|0x00000000fd900000, 0x00000000fd900000, 0x00000000fda00000|  0%| F|  |TAMS 0x00000000fd900000, 0x00000000fd900000| Untracked 
|  26|0x00000000fda00000, 0x00000000fda00000, 0x00000000fdb00000|  0%| F|  |TAMS 0x00000000fda00000, 0x00000000fda00000| Untracked 
|  27|0x00000000fdb00000, 0x00000000fdb00000, 0x00000000fdc00000|  0%| F|  |TAMS 0x00000000fdb00000, 0x00000000fdb00000| Untracked 
|  28|0x00000000fdc00000, 0x00000000fdc00000, 0x00000000fdd00000|  0%| F|  |TAMS 0x00000000fdc00000, 0x00000000fdc00000| Untracked 
|  29|0x00000000fdd00000, 0x00000000fdd00000, 0x00000000fde00000|  0%| F|  |TAMS 0x00000000fdd00000, 0x00000000fdd00000| Untracked 
|  30|0x00000000fde00000, 0x00000000fde00000, 0x00000000fdf00000|  0%| F|  |TAMS 0x00000000fde00000, 0x00000000fde00000| Untracked 
|  31|0x00000000fdf00000, 0x00000000fdf00000, 0x00000000fe000000|  0%| F|  |TAMS 0x00000000fdf00000, 0x00000000fdf00000| Untracked 
|  32|0x00000000fe000000, 0x00000000fe000000, 0x00000000fe100000|  0%| F|  |TAMS 0x00000000fe000000, 0x00000000fe000000| Untracked 
|  33|0x00000000fe100000, 0x00000000fe100000, 0x00000000fe200000|  0%| F|  |TAMS 0x00000000fe100000, 0x00000000fe100000| Untracked 
|  34|0x00000000fe200000, 0x00000000fe200000, 0x00000000fe300000|  0%| F|  |TAMS 0x00000000fe200000, 0x00000000fe200000| Untracked 
|  35|0x00000000fe300000, 0x00000000fe300000, 0x00000000fe400000|  0%| F|  |TAMS 0x00000000fe300000, 0x00000000fe300000| Untracked 
|  36|0x00000000fe400000, 0x00000000fe400000, 0x00000000fe500000|  0%| F|  |TAMS 0x00000000fe400000, 0x00000000fe400000| Untracked 
|  37|0x00000000fe500000, 0x00000000fe500000, 0x00000000fe600000|  0%| F|  |TAMS 0x00000000fe500000, 0x00000000fe500000| Untracked 
|  38|0x00000000fe600000, 0x00000000fe600000, 0x00000000fe700000|  0%| F|  |TAMS 0x00000000fe600000, 0x00000000fe600000| Untracked 
|  39|0x00000000fe700000, 0x00000000fe700000, 0x00000000fe800000|  0%| F|  |TAMS 0x00000000fe700000, 0x00000000fe700000| Untracked 
|  40|0x00000000fe800000, 0x00000000fe800000, 0x00000000fe900000|  0%| F|  |TAMS 0x00000000fe800000, 0x00000000fe800000| Untracked 
|  41|0x00000000fe900000, 0x00000000fe900000, 0x00000000fea00000|  0%| F|  |TAMS 0x00000000fe900000, 0x00000000fe900000| Untracked 
|  42|0x00000000fea00000, 0x00000000fea00000, 0x00000000feb00000|  0%| F|  |TAMS 0x00000000fea00000, 0x00000000fea00000| Untracked 
|  43|0x00000000feb00000, 0x00000000feb00000, 0x00000000fec00000|  0%| F|  |TAMS 0x00000000feb00000, 0x00000000feb00000| Untracked 
|  44|0x00000000fec00000, 0x00000000fecca720, 0x00000000fed00000| 79%| E|  |TAMS 0x00000000fec00000, 0x00000000fec00000| Complete 
|  45|0x00000000fed00000, 0x00000000fee00000, 0x00000000fee00000|100%| E|CS|TAMS 0x00000000fed00000, 0x00000000fed00000| Complete 
|  46|0x00000000fee00000, 0x00000000fef00000, 0x00000000fef00000|100%| S|CS|TAMS 0x00000000fee00000, 0x00000000fee00000| Complete 
|  47|0x00000000fef00000, 0x00000000ff000000, 0x00000000ff000000|100%| S|CS|TAMS 0x00000000fef00000, 0x00000000fef00000| Complete 
|  48|0x00000000ff000000, 0x00000000ff100000, 0x00000000ff100000|100%| E|CS|TAMS 0x00000000ff000000, 0x00000000ff000000| Complete 
|  49|0x00000000ff100000, 0x00000000ff200000, 0x00000000ff200000|100%| E|CS|TAMS 0x00000000ff100000, 0x00000000ff100000| Complete 
|  50|0x00000000ff200000, 0x00000000ff300000, 0x00000000ff300000|100%| E|CS|TAMS 0x00000000ff200000, 0x00000000ff200000| Complete 
|  51|0x00000000ff300000, 0x00000000ff400000, 0x00000000ff400000|100%| E|CS|TAMS 0x00000000ff300000, 0x00000000ff300000| Complete 
|  52|0x00000000ff400000, 0x00000000ff500000, 0x00000000ff500000|100%| E|CS|TAMS 0x00000000ff400000, 0x00000000ff400000| Complete 
|  53|0x00000000ff500000, 0x00000000ff600000, 0x00000000ff600000|100%| E|CS|TAMS 0x00000000ff500000, 0x00000000ff500000| Complete 
|  54|0x00000000ff600000, 0x00000000ff700000, 0x00000000ff700000|100%| E|CS|TAMS 0x00000000ff600000, 0x00000000ff600000| Complete 
|  55|0x00000000ff700000, 0x00000000ff800000, 0x00000000ff800000|100%| E|CS|TAMS 0x00000000ff700000, 0x00000000ff700000| Complete 
|  56|0x00000000ff800000, 0x00000000ff900000, 0x00000000ff900000|100%| E|CS|TAMS 0x00000000ff800000, 0x00000000ff800000| Complete 
|  57|0x00000000ff900000, 0x00000000ffa00000, 0x00000000ffa00000|100%| E|CS|TAMS 0x00000000ff900000, 0x00000000ff900000| Complete 
|  58|0x00000000ffa00000, 0x00000000ffb00000, 0x00000000ffb00000|100%| E|CS|TAMS 0x00000000ffa00000, 0x00000000ffa00000| Complete 
|  59|0x00000000ffb00000, 0x00000000ffc00000, 0x00000000ffc00000|100%| E|CS|TAMS 0x00000000ffb00000, 0x00000000ffb00000| Complete 
|  60|0x00000000ffc00000, 0x00000000ffd00000, 0x00000000ffd00000|100%| E|CS|TAMS 0x00000000ffc00000, 0x00000000ffc00000| Complete 
|  61|0x00000000ffd00000, 0x00000000ffe00000, 0x00000000ffe00000|100%| E|CS|TAMS 0x00000000ffd00000, 0x00000000ffd00000| Complete 
|  62|0x00000000ffe00000, 0x00000000fff00000, 0x00000000fff00000|100%| E|CS|TAMS 0x00000000ffe00000, 0x00000000ffe00000| Complete 
|  63|0x00000000fff00000, 0x0000000100000000, 0x0000000100000000|100%| E|CS|TAMS 0x00000000fff00000, 0x00000000fff00000| Complete 

Card table byte_map: [0x0000020f869e0000,0x0000020f86a00000] _byte_map_base: 0x0000020f86200000

Marking Bits (Prev, Next): (CMBitMap*) 0x0000020f86bb5a90, (CMBitMap*) 0x0000020f86bb5ad0
 Prev Bits: [0x0000020f86a20000, 0x0000020f86b20000)
 Next Bits: [0x0000020f9d460000, 0x0000020f9d560000)

Polling page: 0x0000020f86370000

Metaspace:

Usage:
  Non-class:      8.46 MB used.
      Class:      1.27 MB used.
       Both:      9.72 MB used.

Virtual space:
  Non-class space:       64.00 MB reserved,       8.62 MB ( 13%) committed,  1 nodes.
      Class space:        1.00 GB reserved,       1.38 MB ( <1%) committed,  1 nodes.
             Both:        1.06 GB reserved,      10.00 MB ( <1%) committed. 

Chunk freelists:
   Non-Class:  7.36 MB
       Class:  14.57 MB
        Both:  21.93 MB

MaxMetaspaceSize: unlimited
CompressedClassSpaceSize: 1.00 GB
Initial GC threshold: 21.00 MB
Current GC threshold: 21.00 MB
CDS: on
MetaspaceReclaimPolicy: balanced
 - commit_granule_bytes: 65536.
 - commit_granule_words: 8192.
 - virtual_space_node_default_size: 8388608.
 - enlarge_chunks_in_place: 1.
 - new_chunks_are_fully_committed: 0.
 - uncommit_free_chunks: 1.
 - use_allocation_guard: 0.
 - handle_deallocations: 1.


Internal statistics:

num_allocs_failed_limit: 0.
num_arena_births: 92.
num_arena_deaths: 0.
num_vsnodes_births: 2.
num_vsnodes_deaths: 0.
num_space_committed: 160.
num_space_uncommitted: 0.
num_chunks_returned_to_freelist: 0.
num_chunks_taken_from_freelist: 360.
num_chunk_merges: 0.
num_chunk_splits: 249.
num_chunks_enlarged: 201.
num_inconsistent_stats: 0.

CodeHeap 'non-profiled nmethods': size=120000Kb used=727Kb max_used=727Kb free=119272Kb
 bounds [0x0000020f95f30000, 0x0000020f961a0000, 0x0000020f9d460000]
CodeHeap 'profiled nmethods': size=120000Kb used=3598Kb max_used=3598Kb free=116401Kb
 bounds [0x0000020f8e460000, 0x0000020f8e7f0000, 0x0000020f95990000]
CodeHeap 'non-nmethods': size=5760Kb used=1188Kb max_used=1217Kb free=4571Kb
 bounds [0x0000020f95990000, 0x0000020f95c00000, 0x0000020f95f30000]
 total_blobs=2388 nmethods=1900 adapters=401
 compilation: enabled
              stopped_count=0, restarted_count=0
 full_count=0

Compilation events (20 events):
Event: 101.762 Thread 0x0000020f9fa9ff40 nmethod 1892 0x0000020f8e7dfa10 code [0x0000020f8e7dfca0, 0x0000020f8e7e0768]
Event: 101.762 Thread 0x0000020f9fa9ff40 1891       3       org.gradle.internal.logging.text.AbstractLineChoppingStyledTextOutput::access$900 (4 bytes)
Event: 101.763 Thread 0x0000020f9fa9ff40 nmethod 1891 0x0000020f8e7e0c10 code [0x0000020f8e7e0da0, 0x0000020f8e7e0e98]
Event: 101.774 Thread 0x0000020f9fa9ff40 1893       3       java.nio.ByteBuffer::position (6 bytes)
Event: 101.775 Thread 0x0000020f9fa9ff40 nmethod 1893 0x0000020f8e7e0f10 code [0x0000020f8e7e10c0, 0x0000020f8e7e1288]
Event: 101.820 Thread 0x0000020f9fa9ff40 1894       1       java.util.LinkedList::size (5 bytes)
Event: 101.821 Thread 0x0000020f9fa9ff40 nmethod 1894 0x0000020f95fe4910 code [0x0000020f95fe4aa0, 0x0000020f95fe4b78]
Event: 101.872 Thread 0x0000020f9fa9ff40 1895       3       org.gradle.internal.logging.console.DefaultAnsiExecutor$AnsiContextImpl::a (234 bytes)
Event: 101.876 Thread 0x0000020f9fa9ee90 1896       4       org.gradle.internal.logging.text.AbstractLineChoppingStyledTextOutput$StateContext::isCurrentCharEquals (70 bytes)
Event: 101.877 Thread 0x0000020f9fa9ff40 nmethod 1895 0x0000020f8e7e1310 code [0x0000020f8e7e1640, 0x0000020f8e7e2a58]
Event: 101.884 Thread 0x0000020f9fa9ee90 nmethod 1896 0x0000020f95fe4f10 code [0x0000020f95fe50a0, 0x0000020f95fe5268]
Event: 101.886 Thread 0x0000020f9fa9ff40 1898   !   3       java.nio.CharBuffer::wrap (21 bytes)
Event: 101.886 Thread 0x0000020f9fa9ee90 1899       4       jdk.internal.org.objectweb.asm.Symbol::<init> (38 bytes)
Event: 101.887 Thread 0x0000020f9fa9ff40 nmethod 1898 0x0000020f8e7e3610 code [0x0000020f8e7e37c0, 0x0000020f8e7e3a58]
Event: 101.895 Thread 0x0000020f9fa9ee90 nmethod 1899 0x0000020f95fe5410 code [0x0000020f95fe5580, 0x0000020f95fe58d8]
Event: 101.895 Thread 0x0000020f9fa9ee90 1900       4       org.gradle.internal.logging.text.AbstractLineChoppingStyledTextOutput$StateContext::hasChar (25 bytes)
Event: 101.897 Thread 0x0000020f9fa9ee90 nmethod 1900 0x0000020f95fe5990 code [0x0000020f95fe5b00, 0x0000020f95fe5bb8]
Event: 101.897 Thread 0x0000020f9fa9ee90 1901       4       org.gradle.internal.logging.text.AbstractLineChoppingStyledTextOutput::access$900 (4 bytes)
Event: 101.898 Thread 0x0000020f9fa9ee90 nmethod 1901 0x0000020f95fe5c90 code [0x0000020f95fe5e00, 0x0000020f95fe5e58]
Event: 101.898 Thread 0x0000020f9fa9ee90 1902       4       org.gradle.internal.logging.text.AbstractLineChoppingStyledTextOutput$1::execute (9 bytes)

GC Heap History (4 events):
Event: 16.705 GC heap before
{Heap before GC invocations=0 (full 0):
 garbage-first heap   total 65536K, used 12288K [0x00000000fc000000, 0x0000000100000000)
  region size 1024K, 13 young (13312K), 0 survivors (0K)
 Metaspace       used 1309K, committed 1472K, reserved 1114112K
  class space    used 113K, committed 192K, reserved 1048576K
}
Event: 16.718 GC heap after
{Heap after GC invocations=1 (full 0):
 garbage-first heap   total 65536K, used 4057K [0x00000000fc000000, 0x0000000100000000)
  region size 1024K, 2 young (2048K), 2 survivors (2048K)
 Metaspace       used 1309K, committed 1472K, reserved 1114112K
  class space    used 113K, committed 192K, reserved 1048576K
}
Event: 19.944 GC heap before
{Heap before GC invocations=1 (full 0):
 garbage-first heap   total 65536K, used 22489K [0x00000000fc000000, 0x0000000100000000)
  region size 1024K, 16 young (16384K), 2 survivors (2048K)
 Metaspace       used 4927K, committed 5056K, reserved 1114112K
  class space    used 672K, committed 768K, reserved 1048576K
}
Event: 19.950 GC heap after
{Heap after GC invocations=2 (full 0):
 garbage-first heap   total 65536K, used 10825K [0x00000000fc000000, 0x0000000100000000)
  region size 1024K, 2 young (2048K), 2 survivors (2048K)
 Metaspace       used 4927K, committed 5056K, reserved 1114112K
  class space    used 672K, committed 768K, reserved 1048576K
}

Deoptimization events (20 events):
Event: 21.581 Thread 0x0000020fe5abe4d0 DEOPT PACKING pc=0x0000020f95f9fa48 sp=0x000000f7c17fe590
Event: 21.581 Thread 0x0000020fe5abe4d0 DEOPT UNPACKING pc=0x0000020f959e23a3 sp=0x000000f7c17fe528 mode 2
Event: 21.587 Thread 0x0000020fe5abe4d0 Uncommon trap: trap_request=0xffffff6e fr.pc=0x0000020f95fa7374 relative=0x00000000000003d4
Event: 21.587 Thread 0x0000020fe5abe4d0 Uncommon trap: reason=loop_limit_check action=maybe_recompile pc=0x0000020f95fa7374 method=java.lang.StringLatin1.indexOf([BI[BII)I @ 37 c2
Event: 21.587 Thread 0x0000020fe5abe4d0 DEOPT PACKING pc=0x0000020f95fa7374 sp=0x000000f7c17fedb0
Event: 21.587 Thread 0x0000020fe5abe4d0 DEOPT UNPACKING pc=0x0000020f959e23a3 sp=0x000000f7c17fed38 mode 2
Event: 38.138 Thread 0x0000020fe6249fe0 Uncommon trap: trap_request=0xffffff45 fr.pc=0x0000020f95fa5694 relative=0x00000000000010d4
Event: 38.138 Thread 0x0000020fe6249fe0 Uncommon trap: reason=unstable_if action=reinterpret pc=0x0000020f95fa5694 method=java.util.concurrent.ConcurrentHashMap.putVal(Ljava/lang/Object;Ljava/lang/Object;Z)Ljava/lang/Object; @ 97 c2
Event: 38.138 Thread 0x0000020fe6249fe0 DEOPT PACKING pc=0x0000020f95fa5694 sp=0x000000f7c19fdf50
Event: 38.138 Thread 0x0000020fe6249fe0 DEOPT UNPACKING pc=0x0000020f959e23a3 sp=0x000000f7c19fdee8 mode 2
Event: 38.374 Thread 0x0000020f86b948b0 Uncommon trap: trap_request=0xffffff45 fr.pc=0x0000020f95f3ed04 relative=0x0000000000000084
Event: 38.374 Thread 0x0000020f86b948b0 Uncommon trap: reason=unstable_if action=reinterpret pc=0x0000020f95f3ed04 method=java.lang.String.charAt(I)C @ 4 c2
Event: 38.374 Thread 0x0000020f86b948b0 DEOPT PACKING pc=0x0000020f95f3ed04 sp=0x000000f7c00fd570
Event: 38.374 Thread 0x0000020f86b948b0 DEOPT UNPACKING pc=0x0000020f959e23a3 sp=0x000000f7c00fd510 mode 2
Event: 96.220 Thread 0x0000020f86b948b0 DEOPT PACKING pc=0x0000020f8e78c4cd sp=0x000000f7c00fd1b0
Event: 96.220 Thread 0x0000020f86b948b0 DEOPT UNPACKING pc=0x0000020f959e2b43 sp=0x000000f7c00fc648 mode 0
Event: 101.711 Thread 0x0000020f86b948b0 Uncommon trap: trap_request=0xffffff45 fr.pc=0x0000020f95fe117c relative=0x000000000000015c
Event: 101.711 Thread 0x0000020f86b948b0 Uncommon trap: reason=unstable_if action=reinterpret pc=0x0000020f95fe117c method=com.esotericsoftware.kryo.io.Input.require(I)I @ 180 c2
Event: 101.711 Thread 0x0000020f86b948b0 DEOPT PACKING pc=0x0000020f95fe117c sp=0x000000f7c00fd510
Event: 101.711 Thread 0x0000020f86b948b0 DEOPT UNPACKING pc=0x0000020f959e23a3 sp=0x000000f7c00fd4b8 mode 2

Classes unloaded (0 events):
No events

Classes redefined (0 events):
No events

Internal exceptions (20 events):
Event: 19.583 Thread 0x0000020f86b948b0 Exception <a 'java/lang/NoSuchMethodError'{0x00000000ff8ebc88}: 'void java.lang.invoke.DelegatingMethodHandle$Holder.delegate(java.lang.Object, java.lang.Object, int, java.lang.Object)'> (0x00000000ff8ebc88) 
thrown [s\open\src\hotspot\share\interpreter\linkResolver.cpp, line 759]
Event: 19.584 Thread 0x0000020f86b948b0 Exception <a 'java/lang/NoSuchMethodError'{0x00000000ff8efcc0}: 'int java.lang.invoke.DirectMethodHandle$Holder.invokeSpecial(java.lang.Object, java.lang.Object, java.lang.Object)'> (0x00000000ff8efcc0) 
thrown [s\open\src\hotspot\share\interpreter\linkResolver.cpp, line 759]
Event: 19.588 Thread 0x0000020f86b948b0 Exception <a 'java/lang/NoSuchMethodError'{0x00000000ff7035b0}: 'java.lang.Object java.lang.invoke.Invokers$Holder.invokeExact_MT(java.lang.Object, java.lang.Object, java.lang.Object, java.lang.Object)'> (0x00000000ff7035b0) 
thrown [s\open\src\hotspot\share\interpreter\linkResolver.cpp, line 759]
Event: 19.972 Thread 0x0000020f86b948b0 Exception <a 'java/lang/NoSuchMethodError'{0x00000000fff82160}: 'void java.lang.invoke.DirectMethodHandle$Holder.invokeSpecial(java.lang.Object, java.lang.Object, java.lang.Object)'> (0x00000000fff82160) 
thrown [s\open\src\hotspot\share\interpreter\linkResolver.cpp, line 759]
Event: 19.992 Thread 0x0000020f86b948b0 Implicit null exception at 0x0000020f95f7170f to 0x0000020f95f71c94
Event: 20.035 Thread 0x0000020f86b948b0 Exception <a 'java/lang/NoSuchMethodError'{0x00000000ffeea238}: 'java.lang.Object java.lang.invoke.DirectMethodHandle$Holder.invokeStaticInit(java.lang.Object)'> (0x00000000ffeea238) 
thrown [s\open\src\hotspot\share\interpreter\linkResolver.cpp, line 759]
Event: 20.099 Thread 0x0000020f86b948b0 Exception <a 'java/lang/NoSuchMethodError'{0x00000000ffd9a508}: 'int java.lang.invoke.DirectMethodHandle$Holder.invokeVirtual(java.lang.Object, java.lang.Object, java.lang.Object)'> (0x00000000ffd9a508) 
thrown [s\open\src\hotspot\share\interpreter\linkResolver.cpp, line 759]
Event: 20.114 Thread 0x0000020f86b948b0 Exception <a 'java/lang/NoSuchMethodError'{0x00000000ffddad98}: 'java.lang.Object java.lang.invoke.DirectMethodHandle$Holder.invokeVirtual(java.lang.Object, java.lang.Object, java.lang.Object)'> (0x00000000ffddad98) 
thrown [s\open\src\hotspot\share\interpreter\linkResolver.cpp, line 759]
Event: 20.297 Thread 0x0000020f86b948b0 Exception <a 'java/lang/NoSuchMethodError'{0x00000000ff954fa0}: 'java.lang.Object java.lang.invoke.DirectMethodHandle$Holder.invokeStaticInit(java.lang.Object, int, int, int, int)'> (0x00000000ff954fa0) 
thrown [s\open\src\hotspot\share\interpreter\linkResolver.cpp, line 759]
Event: 20.490 Thread 0x0000020f86b948b0 Exception <a 'java/lang/NoSuchMethodError'{0x00000000ff99d568}: 'java.lang.Object java.lang.invoke.DirectMethodHandle$Holder.invokeStaticInit(java.lang.Object, java.lang.Object, int, int, int, int)'> (0x00000000ff99d568) 
thrown [s\open\src\hotspot\share\interpreter\linkResolver.cpp, line 759]
Event: 20.827 Thread 0x0000020f86b948b0 Exception <a 'java/lang/NoSuchMethodError'{0x00000000ff9c9ff8}: 'void java.lang.invoke.DirectMethodHandle$Holder.invokeStatic(java.lang.Object, java.lang.Object, java.lang.Object)'> (0x00000000ff9c9ff8) 
thrown [s\open\src\hotspot\share\interpreter\linkResolver.cpp, line 759]
Event: 20.858 Thread 0x0000020f86b948b0 Implicit null exception at 0x0000020f95f7b872 to 0x0000020f95f7be8c
Event: 20.858 Thread 0x0000020f86b948b0 Implicit null exception at 0x0000020f95f7d9f2 to 0x0000020f95f7e00c
Event: 21.429 Thread 0x0000020fe5abe4d0 Exception <a 'java/lang/NoSuchMethodError'{0x00000000ff375450}: 'void java.lang.invoke.DirectMethodHandle$Holder.invokeStatic(java.lang.Object, long)'> (0x00000000ff375450) 
thrown [s\open\src\hotspot\share\interpreter\linkResolver.cpp, line 759]
Event: 21.431 Thread 0x0000020fe5abe4d0 Exception <a 'java/lang/NoSuchMethodError'{0x00000000ff37ada8}: 'java.lang.Object java.lang.invoke.DirectMethodHandle$Holder.newInvokeSpecial(java.lang.Object, long)'> (0x00000000ff37ada8) 
thrown [s\open\src\hotspot\share\interpreter\linkResolver.cpp, line 759]
Event: 21.437 Thread 0x0000020fe5abe4d0 Exception <a 'java/lang/NoSuchMethodError'{0x00000000ff385950}: 'java.lang.Object java.lang.invoke.DirectMethodHandle$Holder.invokeStaticInit(java.lang.Object, java.lang.Object, long, java.lang.Object)'> (0x00000000ff385950) 
thrown [s\open\src\hotspot\share\interpreter\linkResolver.cpp, line 759]
Event: 21.452 Thread 0x0000020fe5abe4d0 Exception <a 'java/lang/NoSuchMethodError'{0x00000000ff38bfd8}: 'java.lang.Object java.lang.invoke.DirectMethodHandle$Holder.newInvokeSpecial(java.lang.Object, java.lang.Object, long)'> (0x00000000ff38bfd8) 
thrown [s\open\src\hotspot\share\interpreter\linkResolver.cpp, line 759]
Event: 21.454 Thread 0x0000020fe5abe4d0 Exception <a 'java/lang/NoSuchMethodError'{0x00000000ff3902c8}: 'java.lang.Object java.lang.invoke.Invokers$Holder.linkToTargetMethod(java.lang.Object, long, java.lang.Object)'> (0x00000000ff3902c8) 
thrown [s\open\src\hotspot\share\interpreter\linkResolver.cpp, line 759]
Event: 101.709 Thread 0x0000020f86b948b0 Exception <a 'sun/net/ConnectionResetException'{0x00000000fec3ba20}: Connection reset> (0x00000000fec3ba20) 
thrown [s\open\src\hotspot\share\prims\jni.cpp, line 535]
Event: 101.883 Thread 0x0000020f86b948b0 Exception <a 'java/lang/NoSuchMethodError'{0x00000000fec6b2b8}: 'int java.lang.invoke.DirectMethodHandle$Holder.invokeVirtual(java.lang.Object, java.lang.Object)'> (0x00000000fec6b2b8) 
thrown [s\open\src\hotspot\share\interpreter\linkResolver.cpp, line 759]

VM Operations (20 events):
Event: 90.836 Executing VM operation: Cleanup
Event: 90.836 Executing VM operation: Cleanup done
Event: 91.837 Executing VM operation: Cleanup
Event: 91.853 Executing VM operation: Cleanup done
Event: 92.866 Executing VM operation: Cleanup
Event: 92.866 Executing VM operation: Cleanup done
Event: 93.876 Executing VM operation: Cleanup
Event: 93.876 Executing VM operation: Cleanup done
Event: 94.878 Executing VM operation: Cleanup
Event: 94.878 Executing VM operation: Cleanup done
Event: 96.889 Executing VM operation: Cleanup
Event: 96.889 Executing VM operation: Cleanup done
Event: 98.904 Executing VM operation: Cleanup
Event: 98.904 Executing VM operation: Cleanup done
Event: 99.904 Executing VM operation: Cleanup
Event: 99.905 Executing VM operation: Cleanup done
Event: 100.214 Executing VM operation: HandshakeAllThreads
Event: 100.215 Executing VM operation: HandshakeAllThreads done
Event: 101.228 Executing VM operation: Cleanup
Event: 101.228 Executing VM operation: Cleanup done

Events (20 events):
Event: 51.309 loading class jdk/internal/reflect/ClassFileAssembler
Event: 51.309 loading class jdk/internal/reflect/ClassFileAssembler done
Event: 51.310 loading class jdk/internal/reflect/UTF8
Event: 51.310 loading class jdk/internal/reflect/UTF8 done
Event: 51.312 loading class jdk/internal/reflect/Label
Event: 51.312 loading class jdk/internal/reflect/Label done
Event: 51.312 loading class jdk/internal/reflect/Label$PatchInfo
Event: 51.312 loading class jdk/internal/reflect/Label$PatchInfo done
Event: 51.312 loading class jdk/internal/reflect/MethodAccessorGenerator$1
Event: 51.312 loading class jdk/internal/reflect/MethodAccessorGenerator$1 done
Event: 51.312 loading class jdk/internal/reflect/ClassDefiner
Event: 51.312 loading class jdk/internal/reflect/ClassDefiner done
Event: 51.313 loading class jdk/internal/reflect/ClassDefiner$1
Event: 51.313 loading class jdk/internal/reflect/ClassDefiner$1 done
Event: 58.776 loading class jdk/internal/misc/ScopedMemoryAccess$Scope
Event: 58.776 loading class jdk/internal/misc/ScopedMemoryAccess$Scope done
Event: 58.784 loading class java/util/ArrayList$ListItr
Event: 58.784 loading class java/util/ArrayList$ListItr done
Event: 101.699 loading class sun/net/ConnectionResetException
Event: 101.705 loading class sun/net/ConnectionResetException done


Dynamic libraries:
0x00007ff70e8f0000 - 0x00007ff70e900000 	C:\Program Files\Java\jdk-17\bin\java.exe
0x00007ff96c9d0000 - 0x00007ff96cbc8000 	C:\WINDOWS\SYSTEM32\ntdll.dll
0x00007ff96c870000 - 0x00007ff96c92d000 	C:\WINDOWS\System32\KERNEL32.DLL
0x00007ff96a1f0000 - 0x00007ff96a4e6000 	C:\WINDOWS\System32\KERNELBASE.dll
0x00007ff96a0c0000 - 0x00007ff96a1c0000 	C:\WINDOWS\System32\ucrtbase.dll
0x00007ff9627f0000 - 0x00007ff96280b000 	C:\Program Files\Java\jdk-17\bin\VCRUNTIME140.dll
0x00007ff960290000 - 0x00007ff9602a9000 	C:\Program Files\Java\jdk-17\bin\jli.dll
0x00007ff96aa10000 - 0x00007ff96aac0000 	C:\WINDOWS\System32\ADVAPI32.dll
0x00007ff96b910000 - 0x00007ff96b9ae000 	C:\WINDOWS\System32\msvcrt.dll
0x00007ff96b7b0000 - 0x00007ff96b850000 	C:\WINDOWS\System32\sechost.dll
0x00007ff96b310000 - 0x00007ff96b433000 	C:\WINDOWS\System32\RPCRT4.dll
0x00007ff96a1c0000 - 0x00007ff96a1e7000 	C:\WINDOWS\System32\bcrypt.dll
0x00007ff96b5a0000 - 0x00007ff96b73f000 	C:\WINDOWS\System32\USER32.dll
0x00007ff96a090000 - 0x00007ff96a0b2000 	C:\WINDOWS\System32\win32u.dll
0x00007ff96b850000 - 0x00007ff96b87b000 	C:\WINDOWS\System32\GDI32.dll
0x00007ff96a740000 - 0x00007ff96a857000 	C:\WINDOWS\System32\gdi32full.dll
0x00007ff96a540000 - 0x00007ff96a5dd000 	C:\WINDOWS\System32\msvcp_win.dll
0x00007ff953f00000 - 0x00007ff95419a000 	C:\WINDOWS\WinSxS\amd64_microsoft.windows.common-controls_6595b64144ccf1df_6.0.19041.4355_none_60b8b9eb71f62e16\COMCTL32.dll
0x00007ff961130000 - 0x00007ff96113a000 	C:\WINDOWS\SYSTEM32\VERSION.dll
0x00007ff96b570000 - 0x00007ff96b59f000 	C:\WINDOWS\System32\IMM32.DLL
0x00007ff962870000 - 0x00007ff96287c000 	C:\Program Files\Java\jdk-17\bin\vcruntime140_1.dll
0x00007ff93cfe0000 - 0x00007ff93d06e000 	C:\Program Files\Java\jdk-17\bin\msvcp140.dll
0x00007ff913330000 - 0x00007ff913f10000 	C:\Program Files\Java\jdk-17\bin\server\jvm.dll
0x00007ff96aac0000 - 0x00007ff96aac8000 	C:\WINDOWS\System32\PSAPI.DLL
0x00007ff956920000 - 0x00007ff956947000 	C:\WINDOWS\SYSTEM32\WINMM.dll
0x00007ff967fd0000 - 0x00007ff967fd9000 	C:\WINDOWS\SYSTEM32\WSOCK32.dll
0x00007ff96b740000 - 0x00007ff96b7ab000 	C:\WINDOWS\System32\WS2_32.dll
0x00007ff9688a0000 - 0x00007ff9688b2000 	C:\WINDOWS\SYSTEM32\kernel.appcore.dll
0x00007ff960c30000 - 0x00007ff960c3a000 	C:\Program Files\Java\jdk-17\bin\jimage.dll
0x00007ff967c70000 - 0x00007ff967e54000 	C:\WINDOWS\SYSTEM32\DBGHELP.DLL
0x00007ff961c70000 - 0x00007ff961ca4000 	C:\WINDOWS\SYSTEM32\dbgcore.DLL
0x00007ff96a980000 - 0x00007ff96aa02000 	C:\WINDOWS\System32\bcryptPrimitives.dll
0x00007ff95ae70000 - 0x00007ff95ae7e000 	C:\Program Files\Java\jdk-17\bin\instrument.dll
0x00007ff953430000 - 0x00007ff953455000 	C:\Program Files\Java\jdk-17\bin\java.dll
0x00007ff9357f0000 - 0x00007ff9358c7000 	C:\Program Files\Java\jdk-17\bin\jsvml.dll
0x00007ff96aaf0000 - 0x00007ff96b25c000 	C:\WINDOWS\System32\SHELL32.dll
0x00007ff9680f0000 - 0x00007ff96888d000 	C:\WINDOWS\SYSTEM32\windows.storage.dll
0x00007ff96c310000 - 0x00007ff96c663000 	C:\WINDOWS\System32\combase.dll
0x00007ff969ab0000 - 0x00007ff969ade000 	C:\WINDOWS\SYSTEM32\Wldp.dll
0x00007ff96b9c0000 - 0x00007ff96ba8d000 	C:\WINDOWS\System32\OLEAUT32.dll
0x00007ff96baf0000 - 0x00007ff96bb9d000 	C:\WINDOWS\System32\SHCORE.dll
0x00007ff96bc20000 - 0x00007ff96bc75000 	C:\WINDOWS\System32\shlwapi.dll
0x00007ff969fc0000 - 0x00007ff969fe4000 	C:\WINDOWS\SYSTEM32\profapi.dll
0x00007ff957ae0000 - 0x00007ff957af8000 	C:\Program Files\Java\jdk-17\bin\zip.dll
0x00007ff95a8a0000 - 0x00007ff95a8b9000 	C:\Program Files\Java\jdk-17\bin\net.dll
0x00007ff960600000 - 0x00007ff96070a000 	C:\WINDOWS\SYSTEM32\WINHTTP.dll
0x00007ff969810000 - 0x00007ff96987a000 	C:\WINDOWS\system32\mswsock.dll
0x00007ff95a7a0000 - 0x00007ff95a7b6000 	C:\Program Files\Java\jdk-17\bin\nio.dll
0x00007ff960a70000 - 0x00007ff960a80000 	C:\Program Files\Java\jdk-17\bin\verify.dll
0x00007ff93ba70000 - 0x00007ff93ba97000 	C:\Users\Violin\.gradle\native\c067742578af261105cb4f569cf0c3c89f3d7b1fecec35dd04571415982c5e48\windows-amd64\native-platform.dll
0x00007ff959750000 - 0x00007ff95975a000 	C:\Users\Violin\.gradle\native\jansi\1.18\windows64\jansi.dll
0x00007ff960a10000 - 0x00007ff960a1a000 	C:\Program Files\Java\jdk-17\bin\management.dll
0x00007ff960280000 - 0x00007ff96028b000 	C:\Program Files\Java\jdk-17\bin\management_ext.dll
0x00007ff969a10000 - 0x00007ff969a28000 	C:\WINDOWS\SYSTEM32\CRYPTSP.dll
0x00007ff9690c0000 - 0x00007ff9690f4000 	C:\WINDOWS\system32\rsaenh.dll
0x00007ff969f70000 - 0x00007ff969f9e000 	C:\WINDOWS\SYSTEM32\USERENV.dll
0x00007ff969a00000 - 0x00007ff969a0c000 	C:\WINDOWS\SYSTEM32\CRYPTBASE.dll
0x00007ff9694a0000 - 0x00007ff9694db000 	C:\WINDOWS\SYSTEM32\IPHLPAPI.DLL
0x00007ff96c2a0000 - 0x00007ff96c2a8000 	C:\WINDOWS\System32\NSI.dll
0x00007ff961110000 - 0x00007ff961127000 	C:\WINDOWS\SYSTEM32\dhcpcsvc6.DLL
0x00007ff961a70000 - 0x00007ff961a8d000 	C:\WINDOWS\SYSTEM32\dhcpcsvc.DLL
0x00007ff9694f0000 - 0x00007ff9695ba000 	C:\WINDOWS\SYSTEM32\DNSAPI.dll
0x00007ff95a730000 - 0x00007ff95a73e000 	C:\Program Files\Java\jdk-17\bin\sunmscapi.dll
0x00007ff96a5e0000 - 0x00007ff96a73e000 	C:\WINDOWS\System32\CRYPT32.dll
0x00007ff969b20000 - 0x00007ff969b49000 	C:\WINDOWS\SYSTEM32\ncrypt.dll
0x00007ff969ae0000 - 0x00007ff969b1b000 	C:\WINDOWS\SYSTEM32\NTASN1.dll
0x00007ff964540000 - 0x00007ff964547000 	C:\WINDOWS\system32\wshunix.dll

dbghelp: loaded successfully - version: 4.0.5 - missing functions: none
symbol engine: initialized successfully - sym options: 0x614 - pdb path: .;C:\Program Files\Java\jdk-17\bin;C:\WINDOWS\SYSTEM32;C:\WINDOWS\WinSxS\amd64_microsoft.windows.common-controls_6595b64144ccf1df_6.0.19041.4355_none_60b8b9eb71f62e16;C:\Program Files\Java\jdk-17\bin\server;C:\Users\Violin\.gradle\native\c067742578af261105cb4f569cf0c3c89f3d7b1fecec35dd04571415982c5e48\windows-amd64;C:\Users\Violin\.gradle\native\jansi\1.18\windows64

VM Arguments:
jvm_args: -Xmx64m -Xms64m -javaagent:C:\Gradle\gradle-8.7/lib/agents/gradle-instrumentation-agent-8.7.jar -Dorg.gradle.appname=gradle 
java_command: org.gradle.launcher.GradleMain build
java_class_path (initial): C:\Gradle\gradle-8.7\lib\gradle-launcher-8.7.jar
Launcher Type: SUN_STANDARD

[Global flags]
     intx CICompilerCount                          = 3                                         {product} {ergonomic}
     uint ConcGCThreads                            = 1                                         {product} {ergonomic}
     uint G1ConcRefinementThreads                  = 4                                         {product} {ergonomic}
   size_t G1HeapRegionSize                         = 1048576                                   {product} {ergonomic}
    uintx GCDrainStackTargetSize                   = 64                                        {product} {ergonomic}
   size_t InitialHeapSize                          = 67108864                                  {product} {command line}
   size_t MarkStackSize                            = 4194304                                   {product} {ergonomic}
   size_t MaxHeapSize                              = 67108864                                  {product} {command line}
   size_t MaxNewSize                               = 39845888                                  {product} {ergonomic}
   size_t MinHeapDeltaBytes                        = 1048576                                   {product} {ergonomic}
   size_t MinHeapSize                              = 67108864                                  {product} {command line}
    uintx NonNMethodCodeHeapSize                   = 5832780                                {pd product} {ergonomic}
    uintx NonProfiledCodeHeapSize                  = 122912730                              {pd product} {ergonomic}
    uintx ProfiledCodeHeapSize                     = 122912730                              {pd product} {ergonomic}
    uintx ReservedCodeCacheSize                    = 251658240                              {pd product} {ergonomic}
     bool SegmentedCodeCache                       = true                                      {product} {ergonomic}
   size_t SoftMaxHeapSize                          = 67108864                               {manageable} {ergonomic}
     bool UseCompressedClassPointers               = true                           {product lp64_product} {ergonomic}
     bool UseCompressedOops                        = true                           {product lp64_product} {ergonomic}
     bool UseG1GC                                  = true                                      {product} {ergonomic}
     bool UseLargePagesIndividualAllocation        = false                                  {pd product} {ergonomic}

Logging:
Log output configuration:
 #0: stdout all=warning uptime,level,tags
 #1: stderr all=off uptime,level,tags

Environment Variables:
CLASSPATH=C:\Gradle\gradle-8.7\lib\gradle-launcher-8.7.jar
PATH=C:\Program Files\Common Files\Oracle\Java\javapath;C:\Program Files (x86)\Intel\iCLS Client\;C:\Program Files\Intel\iCLS Client\;C:\WINDOWS\system32;C:\WINDOWS;C:\WINDOWS\System32\Wbem;C:\WINDOWS\System32\WindowsPowerShell\v1.0\;C:\Program Files\Intel\WiFi\bin\;C:\Program Files\Common Files\Intel\WirelessCommon\;C:\Program Files (x86)\Intel\Intel(R) Management Engine Components\DAL;C:\Program Files\Intel\Intel(R) Management Engine Components\DAL;C:\Program Files (x86)\Intel\Intel(R) Management Engine Components\IPT;C:\Program Files\Intel\Intel(R) Management Engine Components\IPT;C:\WINDOWS\System32\OpenSSH\;C:\Program Files\Git\cmd;C:\Gradle\gradle-8.7\bin;C:\Program Files\dotnet\;C:\Users\Violin\SDKs\platform-tools-latest-windows\platform-tools;C:\Users\Violin\AppData\Local\Microsoft\WindowsApps;C:\Users\Violin\AppData\Local\GitHubDesktop\bin;C:\Users\Violin\SDKs\platform-tools-latest-windows\platform-tools;
USERNAME=Violin
OS=Windows_NT
PROCESSOR_IDENTIFIER=Intel64 Family 6 Model 78 Stepping 3, GenuineIntel



---------------  S Y S T E M  ---------------

OS:
 Windows 10 , 64 bit Build 19041 (10.0.19041.3636)
OS uptime: 39 days 21:41 hours

CPU: total 4 (initial active 4) (2 cores per cpu, 2 threads per core) family 6 model 78 stepping 3 microcode 0xcc, cx8, cmov, fxsr, ht, mmx, 3dnowpref, sse, sse2, sse3, ssse3, sse4.1, sse4.2, popcnt, lzcnt, tsc, tscinvbit, avx, avx2, aes, erms, clmul, bmi1, bmi2, adx, fma, vzeroupper, clflush, clflushopt

Memory: 4k page, system-wide physical 4010M (464M free)
TotalPageFile size 16298M (AvailPageFile size 402M)
current process WorkingSet (physical memory assigned to process): 29M, peak: 88M
current process commit charge ("private bytes"): 156M, peak: 161M

vm_info: Java HotSpot(TM) 64-Bit Server VM (17.0.11+7-LTS-207) for windows-amd64 JRE (17.0.11+7-LTS-207), built on Mar 11 2024 19:01:50 by "mach5one" with MS VC++ 17.6 (VS2022)

END.
