#
# There is insufficient memory for the Java Runtime Environment to continue.
# Native memory allocation (malloc) failed to allocate 1881296 bytes for Chunk::new
# Possible reasons:
#   The system is out of physical RAM or swap space
#   The process is running with CompressedOops enabled, and the Java Heap may be blocking the growth of the native heap
# Possible solutions:
#   Reduce memory load on the system
#   Increase physical memory or swap space
#   Check if swap backing store is full
#   Decrease Java heap size (-Xmx/-Xms)
#   Decrease number of Java threads
#   Decrease Java thread stack sizes (-Xss)
#   Set larger code cache with -XX:ReservedCodeCacheSize=
#   JVM is running with Unscaled Compressed Oops mode in which the Java heap is
#     placed in the first 4GB address space. The Java Heap base address is the
#     maximum limit for the native heap growth. Please use -XX:HeapBaseMinAddress
#     to set the Java Heap base and to place the Java Heap above 4GB virtual address.
# This output file may be truncated or incomplete.
#
#  Out of Memory Error (arena.cpp:189), pid=35668, tid=14596
#
# JRE version: Java(TM) SE Runtime Environment (17.0.11+7) (build 17.0.11+7-LTS-207)
# Java VM: Java HotSpot(TM) 64-Bit Server VM (17.0.11+7-LTS-207, mixed mode, sharing, tiered, compressed oops, compressed class ptrs, g1 gc, windows-amd64)
# No core dump will be written. Minidumps are not enabled by default on client versions of Windows
#

---------------  S U M M A R Y ------------

Command Line: --add-opens=java.base/java.util=ALL-UNNAMED --add-opens=java.base/java.lang=ALL-UNNAMED --add-opens=java.base/java.lang.invoke=ALL-UNNAMED --add-opens=java.prefs/java.util.prefs=ALL-UNNAMED --add-opens=java.base/java.nio.charset=ALL-UNNAMED --add-opens=java.base/java.net=ALL-UNNAMED --add-opens=java.base/java.util.concurrent.atomic=ALL-UNNAMED -Xmx1536m -Dfile.encoding=x-windows-949 -Duser.country=KR -Duser.language=ko -Duser.variant org.gradle.launcher.daemon.bootstrap.GradleDaemon 8.0

Host: Intel(R) Core(TM) i5-6200U CPU @ 2.30GHz, 4 cores, 3G,  Windows 10 , 64 bit Build 19041 (10.0.19041.4597)
Time: Sat Sep 14 01:40:38 2024  Windows 10 , 64 bit Build 19041 (10.0.19041.4597) elapsed time: 42.550937 seconds (0d 0h 0m 42s)

---------------  T H R E A D  ---------------

Current thread (0x000001df3e6017d0):  JavaThread "C2 CompilerThread0" daemon [_thread_in_native, id=14596, stack(0x00000038a7400000,0x00000038a7500000)]


Current CompileTask:
C2:  42551 8972 %     4       org.gradle.internal.instantiation.generator.AbstractClassGenerator::inspectType @ 107 (560 bytes)

Stack: [0x00000038a7400000,0x00000038a7500000]
Native frames: (J=compiled Java code, j=interpreted, Vv=VM code, C=native code)
V  [jvm.dll+0x679cca]
V  [jvm.dll+0x7da13d]
V  [jvm.dll+0x7dba83]
V  [jvm.dll+0x7dc0f3]
V  [jvm.dll+0x2449af]
V  [jvm.dll+0xab83b]
V  [jvm.dll+0xabe1c]
V  [jvm.dll+0x36155f]
V  [jvm.dll+0x32bd61]
V  [jvm.dll+0x32b1fa]
V  [jvm.dll+0x2161df]
V  [jvm.dll+0x21560f]
V  [jvm.dll+0x1a2040]
V  [jvm.dll+0x225a2b]
V  [jvm.dll+0x223bcb]
V  [jvm.dll+0x7903ec]
V  [jvm.dll+0x78a85a]
V  [jvm.dll+0x678bb5]
C  [ucrtbase.dll+0x21bb2]
C  [KERNEL32.DLL+0x17374]
C  [ntdll.dll+0x4cc91]


---------------  P R O C E S S  ---------------

Threads class SMR info:
_java_thread_list=0x000001df881bc490, length=82, elements={
0x000001df20045300, 0x000001df3e5e3e40, 0x000001df3e5e4a50, 0x000001df3e5f5a80,
0x000001df3e5f8460, 0x000001df3e5f8d30, 0x000001df3e5feb10, 0x000001df3e6017d0,
0x000001df3e60b1b0, 0x000001df3e61d690, 0x000001df3e7d4270, 0x000001df3e7d6b60,
0x000001df8598e010, 0x000001df85a2b020, 0x000001df8598d840, 0x000001df84ddb3a0,
0x000001df3e781380, 0x000001df857ca700, 0x000001df85bd0f80, 0x000001df85bd2de0,
0x000001df85bd4220, 0x000001df85bd1eb0, 0x000001df85bd3800, 0x000001df85bd32f0,
0x000001df85bd0a70, 0x000001df85bd1490, 0x000001df85bd19a0, 0x000001df85bd23c0,
0x000001df85bd28d0, 0x000001df85efd9c0, 0x000001df85f01170, 0x000001df85f034e0,
0x000001df85f02fd0, 0x000001df85f020a0, 0x000001df85f025b0, 0x000001df85efc580,
0x000001df85f00c60, 0x000001df85efd4b0, 0x000001df85f00750, 0x000001df85eff310,
0x000001df85f01680, 0x000001df85eff820, 0x000001df85f01b90, 0x000001df85efc070,
0x000001df85f02ac0, 0x000001df85efee00, 0x000001df85f00240, 0x000001df85f039f0,
0x000001df85efded0, 0x000001df85efca90, 0x000001df85efe3e0, 0x000001df85efe8f0,
0x000001df3e8de280, 0x000001df3e8dafe0, 0x000001df3e8e0b00, 0x000001df3e8e1520,
0x000001df3e8df1b0, 0x000001df3e8db4f0, 0x000001df3e8deca0, 0x000001df3e8e1010,
0x000001df3e8ddd70, 0x000001df3e8e1a30, 0x000001df3e8da5c0, 0x000001df3e8e1f40,
0x000001df3e8df6c0, 0x000001df3e8daad0, 0x000001df3e8dfbd0, 0x000001df3e8e00e0,
0x000001df3e8dc930, 0x000001df3e8dc420, 0x000001df3e8dbf10, 0x000001df3e8dd860,
0x000001df3e8e05f0, 0x000001df3e8dba00, 0x000001df3e8dce40, 0x000001df3e8dd350,
0x000001df3e8de790, 0x000001df8677bb70, 0x000001df8677c080, 0x000001df86776560,
0x000001df867783c0, 0x000001df867788d0
}

Java Threads: ( => current thread )
  0x000001df20045300 JavaThread "main" [_thread_blocked, id=34072, stack(0x00000038a6700000,0x00000038a6800000)]
  0x000001df3e5e3e40 JavaThread "Reference Handler" daemon [_thread_blocked, id=28032, stack(0x00000038a6e00000,0x00000038a6f00000)]
  0x000001df3e5e4a50 JavaThread "Finalizer" daemon [_thread_blocked, id=33256, stack(0x00000038a6f00000,0x00000038a7000000)]
  0x000001df3e5f5a80 JavaThread "Signal Dispatcher" daemon [_thread_blocked, id=17500, stack(0x00000038a7000000,0x00000038a7100000)]
  0x000001df3e5f8460 JavaThread "Attach Listener" daemon [_thread_blocked, id=30900, stack(0x00000038a7100000,0x00000038a7200000)]
  0x000001df3e5f8d30 JavaThread "Service Thread" daemon [_thread_blocked, id=14072, stack(0x00000038a7200000,0x00000038a7300000)]
  0x000001df3e5feb10 JavaThread "Monitor Deflation Thread" daemon [_thread_blocked, id=29904, stack(0x00000038a7300000,0x00000038a7400000)]
=>0x000001df3e6017d0 JavaThread "C2 CompilerThread0" daemon [_thread_in_native, id=14596, stack(0x00000038a7400000,0x00000038a7500000)]
  0x000001df3e60b1b0 JavaThread "C1 CompilerThread0" daemon [_thread_blocked, id=20252, stack(0x00000038a7500000,0x00000038a7600000)]
  0x000001df3e61d690 JavaThread "Sweeper thread" daemon [_thread_blocked, id=30664, stack(0x00000038a7600000,0x00000038a7700000)]
  0x000001df3e7d4270 JavaThread "Common-Cleaner" daemon [_thread_blocked, id=8900, stack(0x00000038a7700000,0x00000038a7800000)]
  0x000001df3e7d6b60 JavaThread "Notification Thread" daemon [_thread_blocked, id=32808, stack(0x00000038a7800000,0x00000038a7900000)]
  0x000001df8598e010 JavaThread "Daemon health stats" [_thread_blocked, id=35568, stack(0x00000038a7d00000,0x00000038a7e00000)]
  0x000001df85a2b020 JavaThread "Incoming local TCP Connector on port 56128" [_thread_in_native, id=25456, stack(0x00000038a7e00000,0x00000038a7f00000)]
  0x000001df8598d840 JavaThread "Daemon periodic checks" [_thread_blocked, id=34352, stack(0x00000038a7f00000,0x00000038a8000000)]
  0x000001df84ddb3a0 JavaThread "Daemon" [_thread_blocked, id=25368, stack(0x00000038a8000000,0x00000038a8100000)]
  0x000001df3e781380 JavaThread "Handler for socket connection from /127.0.0.1:56128 to /127.0.0.1:56129" [_thread_in_native, id=31000, stack(0x00000038a8100000,0x00000038a8200000)]
  0x000001df857ca700 JavaThread "Cancel handler" [_thread_blocked, id=10380, stack(0x00000038a8200000,0x00000038a8300000)]
  0x000001df85bd0f80 JavaThread "Daemon worker" [_thread_in_vm, id=29224, stack(0x00000038a8300000,0x00000038a8400000)]
  0x000001df85bd2de0 JavaThread "Asynchronous log dispatcher for DefaultDaemonConnection: socket connection from /127.0.0.1:56128 to /127.0.0.1:56129" [_thread_blocked, id=34012, stack(0x00000038a8400000,0x00000038a8500000)]
  0x000001df85bd4220 JavaThread "Stdin handler" [_thread_blocked, id=33856, stack(0x00000038a8500000,0x00000038a8600000)]
  0x000001df85bd1eb0 JavaThread "Daemon client event forwarder" [_thread_blocked, id=23728, stack(0x00000038a8600000,0x00000038a8700000)]
  0x000001df85bd3800 JavaThread "Cache worker for journal cache (C:\Users\Violin\.gradle\caches\journal-1)" [_thread_blocked, id=24024, stack(0x00000038a8700000,0x00000038a8800000)]
  0x000001df85bd32f0 JavaThread "File lock request listener" [_thread_in_native, id=33464, stack(0x00000038a8800000,0x00000038a8900000)]
  0x000001df85bd0a70 JavaThread "Cache worker for file hash cache (C:\Users\Violin\.gradle\caches\8.0\fileHashes)" [_thread_blocked, id=4724, stack(0x00000038a8900000,0x00000038a8a00000)]
  0x000001df85bd1490 JavaThread "File watcher server" daemon [_thread_in_native, id=31288, stack(0x00000038a8a00000,0x00000038a8b00000)]
  0x000001df85bd19a0 JavaThread "File watcher consumer" daemon [_thread_blocked, id=31900, stack(0x00000038a8b00000,0x00000038a8c00000)]
  0x000001df85bd23c0 JavaThread "Cache worker for checksums cache (C:\Users\Violin\AndroidStudioProjects\Simple Bank Manager\.gradle\8.0\checksums)" [_thread_blocked, id=24084, stack(0x00000038a8c00000,0x00000038a8d00000)]
  0x000001df85bd28d0 JavaThread "Cache worker for cache directory md-rule (C:\Users\Violin\.gradle\caches\8.0\md-rule)" [_thread_blocked, id=35140, stack(0x00000038a8d00000,0x00000038a8e00000)]
  0x000001df85efd9c0 JavaThread "Cache worker for file content cache (C:\Users\Violin\.gradle\caches\8.0\fileContent)" [_thread_blocked, id=32044, stack(0x00000038a8e00000,0x00000038a8f00000)]
  0x000001df85f01170 JavaThread "Cache worker for file hash cache (C:\Users\Violin\AndroidStudioProjects\Simple Bank Manager\.gradle\8.0\fileHashes)" [_thread_blocked, id=34396, stack(0x00000038a8f00000,0x00000038a9000000)]
  0x000001df85f034e0 JavaThread "Cache worker for cache directory md-supplier (C:\Users\Violin\.gradle\caches\8.0\md-supplier)" [_thread_blocked, id=28068, stack(0x00000038a9000000,0x00000038a9100000)]
  0x000001df85f02fd0 JavaThread "Cache worker for execution history cache (C:\Users\Violin\.gradle\caches\8.0\executionHistory)" [_thread_blocked, id=33932, stack(0x00000038a9100000,0x00000038a9200000)]
  0x000001df85f020a0 JavaThread "jar transforms" [_thread_blocked, id=20272, stack(0x00000038a9200000,0x00000038a9300000)]
  0x000001df85f025b0 JavaThread "Unconstrained build operations" [_thread_blocked, id=34544, stack(0x00000038a9400000,0x00000038a9500000)]
  0x000001df85efc580 JavaThread "jar transforms Thread 2" [_thread_blocked, id=26348, stack(0x00000038a9500000,0x00000038a9600000)]
  0x000001df85f00c60 JavaThread "jar transforms Thread 3" [_thread_blocked, id=30200, stack(0x00000038a9600000,0x00000038a9700000)]
  0x000001df85efd4b0 JavaThread "Cache worker for dependencies-accessors (C:\Users\Violin\AndroidStudioProjects\Simple Bank Manager\.gradle\8.0\dependencies-accessors)" [_thread_blocked, id=33312, stack(0x00000038a9700000,0x00000038a9800000)]
  0x000001df85f00750 JavaThread "jar transforms Thread 4" [_thread_blocked, id=29500, stack(0x00000038a9800000,0x00000038a9900000)]
  0x000001df85eff310 JavaThread "Cache worker for Build Output Cleanup Cache (C:\Users\Violin\AndroidStudioProjects\Simple Bank Manager\.gradle\buildOutputCleanup)" [_thread_blocked, id=23636, stack(0x00000038a9900000,0x00000038a9a00000)]
  0x000001df85f01680 JavaThread "Unconstrained build operations Thread 2" [_thread_blocked, id=4132, stack(0x00000038a9a00000,0x00000038a9b00000)]
  0x000001df85eff820 JavaThread "Unconstrained build operations Thread 3" [_thread_blocked, id=25764, stack(0x00000038a9b00000,0x00000038a9c00000)]
  0x000001df85f01b90 JavaThread "Unconstrained build operations Thread 4" [_thread_blocked, id=25252, stack(0x00000038a9c00000,0x00000038a9d00000)]
  0x000001df85efc070 JavaThread "Unconstrained build operations Thread 5" [_thread_blocked, id=34636, stack(0x00000038a9d00000,0x00000038a9e00000)]
  0x000001df85f02ac0 JavaThread "Unconstrained build operations Thread 6" [_thread_blocked, id=17928, stack(0x00000038a9e00000,0x00000038a9f00000)]
  0x000001df85efee00 JavaThread "Unconstrained build operations Thread 7" [_thread_blocked, id=33068, stack(0x00000038a9f00000,0x00000038aa000000)]
  0x000001df85f00240 JavaThread "Unconstrained build operations Thread 8" [_thread_blocked, id=34296, stack(0x00000038aa000000,0x00000038aa100000)]
  0x000001df85f039f0 JavaThread "Unconstrained build operations Thread 9" [_thread_blocked, id=34888, stack(0x00000038aa100000,0x00000038aa200000)]
  0x000001df85efded0 JavaThread "Unconstrained build operations Thread 10" [_thread_blocked, id=35068, stack(0x00000038aa200000,0x00000038aa300000)]
  0x000001df85efca90 JavaThread "Unconstrained build operations Thread 11" [_thread_blocked, id=18024, stack(0x00000038aa300000,0x00000038aa400000)]
  0x000001df85efe3e0 JavaThread "Unconstrained build operations Thread 12" [_thread_blocked, id=20448, stack(0x00000038aa400000,0x00000038aa500000)]
  0x000001df85efe8f0 JavaThread "Unconstrained build operations Thread 13" [_thread_blocked, id=33912, stack(0x00000038aa500000,0x00000038aa600000)]
  0x000001df3e8de280 JavaThread "Unconstrained build operations Thread 14" [_thread_blocked, id=10844, stack(0x00000038aa600000,0x00000038aa700000)]
  0x000001df3e8dafe0 JavaThread "Unconstrained build operations Thread 15" [_thread_blocked, id=35336, stack(0x00000038aa700000,0x00000038aa800000)]
  0x000001df3e8e0b00 JavaThread "Unconstrained build operations Thread 16" [_thread_blocked, id=34836, stack(0x00000038aa800000,0x00000038aa900000)]
  0x000001df3e8e1520 JavaThread "Unconstrained build operations Thread 17" [_thread_blocked, id=34532, stack(0x00000038aa900000,0x00000038aaa00000)]
  0x000001df3e8df1b0 JavaThread "Unconstrained build operations Thread 18" [_thread_blocked, id=33916, stack(0x00000038aaa00000,0x00000038aab00000)]
  0x000001df3e8db4f0 JavaThread "Unconstrained build operations Thread 19" [_thread_blocked, id=27348, stack(0x00000038aab00000,0x00000038aac00000)]
  0x000001df3e8deca0 JavaThread "Unconstrained build operations Thread 20" [_thread_blocked, id=35688, stack(0x00000038aac00000,0x00000038aad00000)]
  0x000001df3e8e1010 JavaThread "Unconstrained build operations Thread 21" [_thread_blocked, id=4480, stack(0x00000038aad00000,0x00000038aae00000)]
  0x000001df3e8ddd70 JavaThread "Unconstrained build operations Thread 22" [_thread_blocked, id=9304, stack(0x00000038aae00000,0x00000038aaf00000)]
  0x000001df3e8e1a30 JavaThread "Unconstrained build operations Thread 23" [_thread_blocked, id=35364, stack(0x00000038aaf00000,0x00000038ab000000)]
  0x000001df3e8da5c0 JavaThread "Unconstrained build operations Thread 24" [_thread_blocked, id=34228, stack(0x00000038ab000000,0x00000038ab100000)]
  0x000001df3e8e1f40 JavaThread "Unconstrained build operations Thread 25" [_thread_blocked, id=23816, stack(0x00000038ab100000,0x00000038ab200000)]
  0x000001df3e8df6c0 JavaThread "Unconstrained build operations Thread 26" [_thread_blocked, id=13164, stack(0x00000038ab200000,0x00000038ab300000)]
  0x000001df3e8daad0 JavaThread "Unconstrained build operations Thread 27" [_thread_blocked, id=19564, stack(0x00000038ab300000,0x00000038ab400000)]
  0x000001df3e8dfbd0 JavaThread "Unconstrained build operations Thread 28" [_thread_blocked, id=33032, stack(0x00000038ab400000,0x00000038ab500000)]
  0x000001df3e8e00e0 JavaThread "Unconstrained build operations Thread 29" [_thread_blocked, id=31564, stack(0x00000038ab500000,0x00000038ab600000)]
  0x000001df3e8dc930 JavaThread "Unconstrained build operations Thread 30" [_thread_blocked, id=34284, stack(0x00000038ab600000,0x00000038ab700000)]
  0x000001df3e8dc420 JavaThread "Unconstrained build operations Thread 31" [_thread_blocked, id=30464, stack(0x00000038ab700000,0x00000038ab800000)]
  0x000001df3e8dbf10 JavaThread "Unconstrained build operations Thread 32" [_thread_blocked, id=23664, stack(0x00000038ab800000,0x00000038ab900000)]
  0x000001df3e8dd860 JavaThread "Unconstrained build operations Thread 33" [_thread_blocked, id=28324, stack(0x00000038ab900000,0x00000038aba00000)]
  0x000001df3e8e05f0 JavaThread "Unconstrained build operations Thread 34" [_thread_blocked, id=16344, stack(0x00000038aba00000,0x00000038abb00000)]
  0x000001df3e8dba00 JavaThread "Unconstrained build operations Thread 35" [_thread_blocked, id=20908, stack(0x00000038abb00000,0x00000038abc00000)]
  0x000001df3e8dce40 JavaThread "Unconstrained build operations Thread 36" [_thread_blocked, id=33860, stack(0x00000038abc00000,0x00000038abd00000)]
  0x000001df3e8dd350 JavaThread "Unconstrained build operations Thread 37" [_thread_blocked, id=32636, stack(0x00000038abd00000,0x00000038abe00000)]
  0x000001df3e8de790 JavaThread "Unconstrained build operations Thread 38" [_thread_blocked, id=26936, stack(0x00000038abe00000,0x00000038abf00000)]
  0x000001df8677bb70 JavaThread "Unconstrained build operations Thread 39" [_thread_blocked, id=12520, stack(0x00000038abf00000,0x00000038ac000000)]
  0x000001df8677c080 JavaThread "Unconstrained build operations Thread 40" [_thread_blocked, id=32580, stack(0x00000038ac000000,0x00000038ac100000)]
  0x000001df86776560 JavaThread "build event listener" [_thread_blocked, id=32568, stack(0x00000038ac100000,0x00000038ac200000)]
  0x000001df867783c0 JavaThread "Memory manager" [_thread_blocked, id=34152, stack(0x00000038ac200000,0x00000038ac300000)]
  0x000001df867788d0 JavaThread "build event listener" [_thread_blocked, id=19740, stack(0x00000038ac500000,0x00000038ac600000)]

Other Threads:
  0x000001df20115b40 VMThread "VM Thread" [stack: 0x00000038a6d00000,0x00000038a6e00000] [id=35368]
  0x000001df200a6cd0 WatcherThread [stack: 0x00000038a7900000,0x00000038a7a00000] [id=1664]
  0x000001df200912b0 GCTaskThread "GC Thread#0" [stack: 0x00000038a6800000,0x00000038a6900000] [id=34372]
  0x000001df3ead6640 GCTaskThread "GC Thread#1" [stack: 0x00000038a7a00000,0x00000038a7b00000] [id=34356]
  0x000001df843c2a30 GCTaskThread "GC Thread#2" [stack: 0x00000038a7b00000,0x00000038a7c00000] [id=28844]
  0x000001df84707b20 GCTaskThread "GC Thread#3" [stack: 0x00000038a7c00000,0x00000038a7d00000] [id=34872]
  0x000001df2009e110 ConcurrentGCThread "G1 Main Marker" [stack: 0x00000038a6900000,0x00000038a6a00000] [id=20052]
  0x000001df2009f1d0 ConcurrentGCThread "G1 Conc#0" [stack: 0x00000038a6a00000,0x00000038a6b00000] [id=35628]
  0x000001df200eed20 ConcurrentGCThread "G1 Refine#0" [stack: 0x00000038a6b00000,0x00000038a6c00000] [id=32692]
  0x000001df200f0670 ConcurrentGCThread "G1 Service" [stack: 0x00000038a6c00000,0x00000038a6d00000] [id=15448]

Threads with active compile tasks:
C2 CompilerThread0    42705 8972 %     4       org.gradle.internal.instantiation.generator.AbstractClassGenerator::inspectType @ 107 (560 bytes)

VM state: not at safepoint (normal execution)

VM Mutex/Monitor currently owned by a thread: None

Heap address: 0x00000000a0000000, size: 1536 MB, Compressed Oops mode: 32-bit

CDS archive(s) mapped at: [0x000001df3f000000-0x000001df3fbd0000-0x000001df3fbd0000), size 12386304, SharedBaseAddress: 0x000001df3f000000, ArchiveRelocationMode: 1.
Compressed class space mapped at: 0x000001df40000000-0x000001df80000000, reserved size: 1073741824
Narrow klass base: 0x000001df3f000000, Narrow klass shift: 0, Narrow klass range: 0x100000000

GC Precious Log:
 CPUs: 4 total, 4 available
 Memory: 4010M
 Large Page Support: Disabled
 NUMA Support: Disabled
 Compressed Oops: Enabled (32-bit)
 Heap Region Size: 1M
 Heap Min Capacity: 8M
 Heap Initial Capacity: 64M
 Heap Max Capacity: 1536M
 Pre-touch: Disabled
 Parallel Workers: 4
 Concurrent Workers: 1
 Concurrent Refinement Workers: 4
 Periodic GC: Disabled

Heap:
 garbage-first heap   total 209920K, used 155691K [0x00000000a0000000, 0x0000000100000000)
  region size 1024K, 86 young (88064K), 2 survivors (2048K)
 Metaspace       used 75085K, committed 75712K, reserved 1179648K
  class space    used 10247K, committed 10560K, reserved 1048576K

Heap Regions: E=young(eden), S=young(survivor), O=old, HS=humongous(starts), HC=humongous(continues), CS=collection set, F=free, OA=open archive, CA=closed archive, TAMS=top-at-mark-start (previous, next)
|   0|0x00000000a0000000, 0x00000000a0100000, 0x00000000a0100000|100%| O|  |TAMS 0x00000000a0100000, 0x00000000a0000000| Untracked 
|   1|0x00000000a0100000, 0x00000000a0200000, 0x00000000a0200000|100%| O|  |TAMS 0x00000000a0200000, 0x00000000a0100000| Untracked 
|   2|0x00000000a0200000, 0x00000000a0300000, 0x00000000a0300000|100%|HS|  |TAMS 0x00000000a0300000, 0x00000000a0200000| Complete 
|   3|0x00000000a0300000, 0x00000000a0400000, 0x00000000a0400000|100%|HC|  |TAMS 0x00000000a0400000, 0x00000000a0300000| Complete 
|   4|0x00000000a0400000, 0x00000000a0500000, 0x00000000a0500000|100%|HC|  |TAMS 0x00000000a0500000, 0x00000000a0400000| Complete 
|   5|0x00000000a0500000, 0x00000000a0600000, 0x00000000a0600000|100%|HC|  |TAMS 0x00000000a0600000, 0x00000000a0500000| Complete 
|   6|0x00000000a0600000, 0x00000000a0700000, 0x00000000a0700000|100%| O|  |TAMS 0x00000000a0700000, 0x00000000a0600000| Untracked 
|   7|0x00000000a0700000, 0x00000000a0800000, 0x00000000a0800000|100%| O|  |TAMS 0x00000000a0800000, 0x00000000a0700000| Untracked 
|   8|0x00000000a0800000, 0x00000000a0900000, 0x00000000a0900000|100%| O|  |TAMS 0x00000000a0900000, 0x00000000a0800000| Untracked 
|   9|0x00000000a0900000, 0x00000000a0a00000, 0x00000000a0a00000|100%| O|  |TAMS 0x00000000a0a00000, 0x00000000a0900000| Untracked 
|  10|0x00000000a0a00000, 0x00000000a0b00000, 0x00000000a0b00000|100%| O|  |TAMS 0x00000000a0b00000, 0x00000000a0a00000| Untracked 
|  11|0x00000000a0b00000, 0x00000000a0c00000, 0x00000000a0c00000|100%| O|  |TAMS 0x00000000a0c00000, 0x00000000a0b00000| Untracked 
|  12|0x00000000a0c00000, 0x00000000a0d00000, 0x00000000a0d00000|100%| O|  |TAMS 0x00000000a0d00000, 0x00000000a0c00000| Untracked 
|  13|0x00000000a0d00000, 0x00000000a0e00000, 0x00000000a0e00000|100%| O|  |TAMS 0x00000000a0e00000, 0x00000000a0d00000| Untracked 
|  14|0x00000000a0e00000, 0x00000000a0f00000, 0x00000000a0f00000|100%| O|  |TAMS 0x00000000a0f00000, 0x00000000a0e00000| Untracked 
|  15|0x00000000a0f00000, 0x00000000a1000000, 0x00000000a1000000|100%| O|  |TAMS 0x00000000a1000000, 0x00000000a0f00000| Untracked 
|  16|0x00000000a1000000, 0x00000000a1100000, 0x00000000a1100000|100%| O|  |TAMS 0x00000000a1100000, 0x00000000a1000000| Untracked 
|  17|0x00000000a1100000, 0x00000000a1200000, 0x00000000a1200000|100%| O|  |TAMS 0x00000000a1200000, 0x00000000a1100000| Untracked 
|  18|0x00000000a1200000, 0x00000000a1300000, 0x00000000a1300000|100%| O|  |TAMS 0x00000000a1300000, 0x00000000a1200000| Untracked 
|  19|0x00000000a1300000, 0x00000000a1400000, 0x00000000a1400000|100%| O|  |TAMS 0x00000000a1400000, 0x00000000a1300000| Untracked 
|  20|0x00000000a1400000, 0x00000000a1500000, 0x00000000a1500000|100%| O|  |TAMS 0x00000000a1500000, 0x00000000a1400000| Untracked 
|  21|0x00000000a1500000, 0x00000000a1600000, 0x00000000a1600000|100%| O|  |TAMS 0x00000000a1600000, 0x00000000a1500000| Untracked 
|  22|0x00000000a1600000, 0x00000000a1700000, 0x00000000a1700000|100%| O|  |TAMS 0x00000000a1700000, 0x00000000a1600000| Untracked 
|  23|0x00000000a1700000, 0x00000000a1800000, 0x00000000a1800000|100%| O|  |TAMS 0x00000000a1800000, 0x00000000a1700000| Untracked 
|  24|0x00000000a1800000, 0x00000000a1900000, 0x00000000a1900000|100%| O|  |TAMS 0x00000000a1900000, 0x00000000a1800000| Untracked 
|  25|0x00000000a1900000, 0x00000000a1a00000, 0x00000000a1a00000|100%| O|  |TAMS 0x00000000a1a00000, 0x00000000a1900000| Untracked 
|  26|0x00000000a1a00000, 0x00000000a1b00000, 0x00000000a1b00000|100%| O|  |TAMS 0x00000000a1b00000, 0x00000000a1a00000| Untracked 
|  27|0x00000000a1b00000, 0x00000000a1c00000, 0x00000000a1c00000|100%| O|  |TAMS 0x00000000a1c00000, 0x00000000a1b00000| Untracked 
|  28|0x00000000a1c00000, 0x00000000a1d00000, 0x00000000a1d00000|100%| O|  |TAMS 0x00000000a1d00000, 0x00000000a1c00000| Untracked 
|  29|0x00000000a1d00000, 0x00000000a1e00000, 0x00000000a1e00000|100%| O|  |TAMS 0x00000000a1e00000, 0x00000000a1d00000| Untracked 
|  30|0x00000000a1e00000, 0x00000000a1f00000, 0x00000000a1f00000|100%| O|  |TAMS 0x00000000a1f00000, 0x00000000a1e00000| Untracked 
|  31|0x00000000a1f00000, 0x00000000a2000000, 0x00000000a2000000|100%| O|  |TAMS 0x00000000a2000000, 0x00000000a1f00000| Untracked 
|  32|0x00000000a2000000, 0x00000000a2100000, 0x00000000a2100000|100%| O|  |TAMS 0x00000000a2100000, 0x00000000a2000000| Untracked 
|  33|0x00000000a2100000, 0x00000000a2200000, 0x00000000a2200000|100%| O|  |TAMS 0x00000000a2200000, 0x00000000a2100000| Untracked 
|  34|0x00000000a2200000, 0x00000000a2300000, 0x00000000a2300000|100%| O|  |TAMS 0x00000000a2300000, 0x00000000a2200000| Untracked 
|  35|0x00000000a2300000, 0x00000000a2400000, 0x00000000a2400000|100%| O|  |TAMS 0x00000000a2400000, 0x00000000a2300000| Untracked 
|  36|0x00000000a2400000, 0x00000000a2500000, 0x00000000a2500000|100%| O|  |TAMS 0x00000000a2500000, 0x00000000a2400000| Untracked 
|  37|0x00000000a2500000, 0x00000000a2600000, 0x00000000a2600000|100%| O|  |TAMS 0x00000000a2600000, 0x00000000a2500000| Untracked 
|  38|0x00000000a2600000, 0x00000000a2700000, 0x00000000a2700000|100%| O|  |TAMS 0x00000000a2700000, 0x00000000a2600000| Untracked 
|  39|0x00000000a2700000, 0x00000000a2800000, 0x00000000a2800000|100%| O|  |TAMS 0x00000000a2800000, 0x00000000a2700000| Untracked 
|  40|0x00000000a2800000, 0x00000000a2800000, 0x00000000a2900000|  0%| F|  |TAMS 0x00000000a2800000, 0x00000000a2800000| Untracked 
|  41|0x00000000a2900000, 0x00000000a2a00000, 0x00000000a2a00000|100%|HS|  |TAMS 0x00000000a2a00000, 0x00000000a2900000| Complete 
|  42|0x00000000a2a00000, 0x00000000a2b00000, 0x00000000a2b00000|100%|HS|  |TAMS 0x00000000a2b00000, 0x00000000a2a00000| Complete 
|  43|0x00000000a2b00000, 0x00000000a2c00000, 0x00000000a2c00000|100%|HS|  |TAMS 0x00000000a2c00000, 0x00000000a2b00000| Complete 
|  44|0x00000000a2c00000, 0x00000000a2d00000, 0x00000000a2d00000|100%| O|  |TAMS 0x00000000a2d00000, 0x00000000a2c00000| Untracked 
|  45|0x00000000a2d00000, 0x00000000a2e00000, 0x00000000a2e00000|100%| O|  |TAMS 0x00000000a2e00000, 0x00000000a2d00000| Untracked 
|  46|0x00000000a2e00000, 0x00000000a2f00000, 0x00000000a2f00000|100%| O|  |TAMS 0x00000000a2f00000, 0x00000000a2e00000| Untracked 
|  47|0x00000000a2f00000, 0x00000000a3000000, 0x00000000a3000000|100%|HS|  |TAMS 0x00000000a3000000, 0x00000000a2f00000| Complete 
|  48|0x00000000a3000000, 0x00000000a3100000, 0x00000000a3100000|100%|HC|  |TAMS 0x00000000a3100000, 0x00000000a3000000| Complete 
|  49|0x00000000a3100000, 0x00000000a3200000, 0x00000000a3200000|100%|HC|  |TAMS 0x00000000a3200000, 0x00000000a3100000| Complete 
|  50|0x00000000a3200000, 0x00000000a3300000, 0x00000000a3300000|100%| O|  |TAMS 0x00000000a3300000, 0x00000000a3200000| Untracked 
|  51|0x00000000a3300000, 0x00000000a3400000, 0x00000000a3400000|100%| O|  |TAMS 0x00000000a3400000, 0x00000000a3300000| Untracked 
|  52|0x00000000a3400000, 0x00000000a3500000, 0x00000000a3500000|100%| O|  |TAMS 0x00000000a3500000, 0x00000000a3400000| Untracked 
|  53|0x00000000a3500000, 0x00000000a3600000, 0x00000000a3600000|100%| O|  |TAMS 0x00000000a3600000, 0x00000000a3500000| Untracked 
|  54|0x00000000a3600000, 0x00000000a3700000, 0x00000000a3700000|100%| O|  |TAMS 0x00000000a3700000, 0x00000000a3600000| Untracked 
|  55|0x00000000a3700000, 0x00000000a3800000, 0x00000000a3800000|100%| O|  |TAMS 0x00000000a3800000, 0x00000000a3700000| Untracked 
|  56|0x00000000a3800000, 0x00000000a3900000, 0x00000000a3900000|100%| O|  |TAMS 0x00000000a3900000, 0x00000000a3800000| Untracked 
|  57|0x00000000a3900000, 0x00000000a3a00000, 0x00000000a3a00000|100%| O|  |TAMS 0x00000000a3900000, 0x00000000a3900000| Untracked 
|  58|0x00000000a3a00000, 0x00000000a3b00000, 0x00000000a3b00000|100%| O|  |TAMS 0x00000000a3a00000, 0x00000000a3a00000| Untracked 
|  59|0x00000000a3b00000, 0x00000000a3c00000, 0x00000000a3c00000|100%| O|  |TAMS 0x00000000a3b00000, 0x00000000a3b00000| Untracked 
|  60|0x00000000a3c00000, 0x00000000a3d00000, 0x00000000a3d00000|100%| O|  |TAMS 0x00000000a3c00000, 0x00000000a3c00000| Untracked 
|  61|0x00000000a3d00000, 0x00000000a3e00000, 0x00000000a3e00000|100%| O|  |TAMS 0x00000000a3d00000, 0x00000000a3d00000| Untracked 
|  62|0x00000000a3e00000, 0x00000000a3f00000, 0x00000000a3f00000|100%| O|  |TAMS 0x00000000a3e00000, 0x00000000a3e00000| Untracked 
|  63|0x00000000a3f00000, 0x00000000a4000000, 0x00000000a4000000|100%| O|  |TAMS 0x00000000a4000000, 0x00000000a3f00000| Untracked 
|  64|0x00000000a4000000, 0x00000000a4100000, 0x00000000a4100000|100%| O|  |TAMS 0x00000000a4100000, 0x00000000a4000000| Untracked 
|  65|0x00000000a4100000, 0x00000000a4200000, 0x00000000a4200000|100%| O|  |TAMS 0x00000000a410d200, 0x00000000a4100000| Untracked 
|  66|0x00000000a4200000, 0x00000000a4300000, 0x00000000a4300000|100%| O|  |TAMS 0x00000000a4200000, 0x00000000a4200000| Untracked 
|  67|0x00000000a4300000, 0x00000000a4400000, 0x00000000a4400000|100%| O|  |TAMS 0x00000000a4300000, 0x00000000a4300000| Untracked 
|  68|0x00000000a4400000, 0x00000000a44a5600, 0x00000000a4500000| 64%| O|  |TAMS 0x00000000a4400000, 0x00000000a4400000| Untracked 
|  69|0x00000000a4500000, 0x00000000a4500000, 0x00000000a4600000|  0%| F|  |TAMS 0x00000000a4500000, 0x00000000a4500000| Untracked 
|  70|0x00000000a4600000, 0x00000000a4600000, 0x00000000a4700000|  0%| F|  |TAMS 0x00000000a4600000, 0x00000000a4600000| Untracked 
|  71|0x00000000a4700000, 0x00000000a4700000, 0x00000000a4800000|  0%| F|  |TAMS 0x00000000a4700000, 0x00000000a4700000| Untracked 
|  72|0x00000000a4800000, 0x00000000a4800000, 0x00000000a4900000|  0%| F|  |TAMS 0x00000000a4800000, 0x00000000a4800000| Untracked 
|  73|0x00000000a4900000, 0x00000000a4900000, 0x00000000a4a00000|  0%| F|  |TAMS 0x00000000a4900000, 0x00000000a4900000| Untracked 
|  74|0x00000000a4a00000, 0x00000000a4a00000, 0x00000000a4b00000|  0%| F|  |TAMS 0x00000000a4a00000, 0x00000000a4a00000| Untracked 
|  75|0x00000000a4b00000, 0x00000000a4b00000, 0x00000000a4c00000|  0%| F|  |TAMS 0x00000000a4b00000, 0x00000000a4b00000| Untracked 
|  76|0x00000000a4c00000, 0x00000000a4c00000, 0x00000000a4d00000|  0%| F|  |TAMS 0x00000000a4c00000, 0x00000000a4c00000| Untracked 
|  77|0x00000000a4d00000, 0x00000000a4d00000, 0x00000000a4e00000|  0%| F|  |TAMS 0x00000000a4d00000, 0x00000000a4d00000| Untracked 
|  78|0x00000000a4e00000, 0x00000000a4e00000, 0x00000000a4f00000|  0%| F|  |TAMS 0x00000000a4e00000, 0x00000000a4e00000| Untracked 
|  79|0x00000000a4f00000, 0x00000000a4f00000, 0x00000000a5000000|  0%| F|  |TAMS 0x00000000a4f00000, 0x00000000a4f00000| Untracked 
|  80|0x00000000a5000000, 0x00000000a5000000, 0x00000000a5100000|  0%| F|  |TAMS 0x00000000a5000000, 0x00000000a5000000| Untracked 
|  81|0x00000000a5100000, 0x00000000a5100000, 0x00000000a5200000|  0%| F|  |TAMS 0x00000000a5100000, 0x00000000a5100000| Untracked 
|  82|0x00000000a5200000, 0x00000000a5200000, 0x00000000a5300000|  0%| F|  |TAMS 0x00000000a5200000, 0x00000000a5200000| Untracked 
|  83|0x00000000a5300000, 0x00000000a5300000, 0x00000000a5400000|  0%| F|  |TAMS 0x00000000a5300000, 0x00000000a5300000| Untracked 
|  84|0x00000000a5400000, 0x00000000a5400000, 0x00000000a5500000|  0%| F|  |TAMS 0x00000000a5400000, 0x00000000a5400000| Untracked 
|  85|0x00000000a5500000, 0x00000000a5500000, 0x00000000a5600000|  0%| F|  |TAMS 0x00000000a5500000, 0x00000000a5500000| Untracked 
|  86|0x00000000a5600000, 0x00000000a5600000, 0x00000000a5700000|  0%| F|  |TAMS 0x00000000a5600000, 0x00000000a5600000| Untracked 
|  87|0x00000000a5700000, 0x00000000a5700000, 0x00000000a5800000|  0%| F|  |TAMS 0x00000000a5700000, 0x00000000a5700000| Untracked 
|  88|0x00000000a5800000, 0x00000000a5800000, 0x00000000a5900000|  0%| F|  |TAMS 0x00000000a5800000, 0x00000000a5800000| Untracked 
|  89|0x00000000a5900000, 0x00000000a5900000, 0x00000000a5a00000|  0%| F|  |TAMS 0x00000000a5900000, 0x00000000a5900000| Untracked 
|  90|0x00000000a5a00000, 0x00000000a5a00000, 0x00000000a5b00000|  0%| F|  |TAMS 0x00000000a5a00000, 0x00000000a5a00000| Untracked 
|  91|0x00000000a5b00000, 0x00000000a5b00000, 0x00000000a5c00000|  0%| F|  |TAMS 0x00000000a5b00000, 0x00000000a5b00000| Untracked 
|  92|0x00000000a5c00000, 0x00000000a5c00000, 0x00000000a5d00000|  0%| F|  |TAMS 0x00000000a5c00000, 0x00000000a5c00000| Untracked 
|  93|0x00000000a5d00000, 0x00000000a5d00000, 0x00000000a5e00000|  0%| F|  |TAMS 0x00000000a5d00000, 0x00000000a5d00000| Untracked 
|  94|0x00000000a5e00000, 0x00000000a5e00000, 0x00000000a5f00000|  0%| F|  |TAMS 0x00000000a5e00000, 0x00000000a5e00000| Untracked 
|  95|0x00000000a5f00000, 0x00000000a5f00000, 0x00000000a6000000|  0%| F|  |TAMS 0x00000000a5f00000, 0x00000000a5f00000| Untracked 
|  96|0x00000000a6000000, 0x00000000a6000000, 0x00000000a6100000|  0%| F|  |TAMS 0x00000000a6000000, 0x00000000a6000000| Untracked 
|  97|0x00000000a6100000, 0x00000000a6100000, 0x00000000a6200000|  0%| F|  |TAMS 0x00000000a6100000, 0x00000000a6100000| Untracked 
|  98|0x00000000a6200000, 0x00000000a6200000, 0x00000000a6300000|  0%| F|  |TAMS 0x00000000a6200000, 0x00000000a6200000| Untracked 
|  99|0x00000000a6300000, 0x00000000a6300000, 0x00000000a6400000|  0%| F|  |TAMS 0x00000000a6300000, 0x00000000a6300000| Untracked 
| 100|0x00000000a6400000, 0x00000000a6400000, 0x00000000a6500000|  0%| F|  |TAMS 0x00000000a6400000, 0x00000000a6400000| Untracked 
| 101|0x00000000a6500000, 0x00000000a6500000, 0x00000000a6600000|  0%| F|  |TAMS 0x00000000a6500000, 0x00000000a6500000| Untracked 
| 102|0x00000000a6600000, 0x00000000a6600000, 0x00000000a6700000|  0%| F|  |TAMS 0x00000000a6600000, 0x00000000a6600000| Untracked 
| 103|0x00000000a6700000, 0x00000000a6700000, 0x00000000a6800000|  0%| F|  |TAMS 0x00000000a6700000, 0x00000000a6700000| Untracked 
| 104|0x00000000a6800000, 0x00000000a6800000, 0x00000000a6900000|  0%| F|  |TAMS 0x00000000a6800000, 0x00000000a6800000| Untracked 
| 105|0x00000000a6900000, 0x00000000a6900000, 0x00000000a6a00000|  0%| F|  |TAMS 0x00000000a6900000, 0x00000000a6900000| Untracked 
| 106|0x00000000a6a00000, 0x00000000a6a00000, 0x00000000a6b00000|  0%| F|  |TAMS 0x00000000a6a00000, 0x00000000a6a00000| Untracked 
| 107|0x00000000a6b00000, 0x00000000a6b00000, 0x00000000a6c00000|  0%| F|  |TAMS 0x00000000a6b00000, 0x00000000a6b00000| Untracked 
| 108|0x00000000a6c00000, 0x00000000a6c00000, 0x00000000a6d00000|  0%| F|  |TAMS 0x00000000a6c00000, 0x00000000a6c00000| Untracked 
| 109|0x00000000a6d00000, 0x00000000a6d00000, 0x00000000a6e00000|  0%| F|  |TAMS 0x00000000a6d00000, 0x00000000a6d00000| Untracked 
| 110|0x00000000a6e00000, 0x00000000a6e00000, 0x00000000a6f00000|  0%| F|  |TAMS 0x00000000a6e00000, 0x00000000a6e00000| Untracked 
| 111|0x00000000a6f00000, 0x00000000a6f00000, 0x00000000a7000000|  0%| F|  |TAMS 0x00000000a6f00000, 0x00000000a6f00000| Untracked 
| 112|0x00000000a7000000, 0x00000000a7000000, 0x00000000a7100000|  0%| F|  |TAMS 0x00000000a7000000, 0x00000000a7000000| Untracked 
| 113|0x00000000a7100000, 0x00000000a7100000, 0x00000000a7200000|  0%| F|  |TAMS 0x00000000a7100000, 0x00000000a7100000| Untracked 
| 114|0x00000000a7200000, 0x00000000a7200000, 0x00000000a7300000|  0%| F|  |TAMS 0x00000000a7200000, 0x00000000a7200000| Untracked 
| 115|0x00000000a7300000, 0x00000000a7300000, 0x00000000a7400000|  0%| F|  |TAMS 0x00000000a7300000, 0x00000000a7300000| Untracked 
| 116|0x00000000a7400000, 0x00000000a7400000, 0x00000000a7500000|  0%| F|  |TAMS 0x00000000a7400000, 0x00000000a7400000| Untracked 
| 117|0x00000000a7500000, 0x00000000a7500000, 0x00000000a7600000|  0%| F|  |TAMS 0x00000000a7500000, 0x00000000a7500000| Untracked 
| 118|0x00000000a7600000, 0x00000000a7600000, 0x00000000a7700000|  0%| F|  |TAMS 0x00000000a7600000, 0x00000000a7600000| Untracked 
| 119|0x00000000a7700000, 0x00000000a7800000, 0x00000000a7800000|100%| E|  |TAMS 0x00000000a7700000, 0x00000000a7700000| Complete 
| 120|0x00000000a7800000, 0x00000000a7900000, 0x00000000a7900000|100%| E|CS|TAMS 0x00000000a7800000, 0x00000000a7800000| Complete 
| 121|0x00000000a7900000, 0x00000000a7a00000, 0x00000000a7a00000|100%| E|CS|TAMS 0x00000000a7900000, 0x00000000a7900000| Complete 
| 122|0x00000000a7a00000, 0x00000000a7b00000, 0x00000000a7b00000|100%| E|CS|TAMS 0x00000000a7a00000, 0x00000000a7a00000| Complete 
| 123|0x00000000a7b00000, 0x00000000a7c00000, 0x00000000a7c00000|100%| E|CS|TAMS 0x00000000a7b00000, 0x00000000a7b00000| Complete 
| 124|0x00000000a7c00000, 0x00000000a7d00000, 0x00000000a7d00000|100%| E|CS|TAMS 0x00000000a7c00000, 0x00000000a7c00000| Complete 
| 125|0x00000000a7d00000, 0x00000000a7e00000, 0x00000000a7e00000|100%| E|CS|TAMS 0x00000000a7d00000, 0x00000000a7d00000| Complete 
| 126|0x00000000a7e00000, 0x00000000a7f00000, 0x00000000a7f00000|100%| E|CS|TAMS 0x00000000a7e00000, 0x00000000a7e00000| Complete 
| 127|0x00000000a7f00000, 0x00000000a8000000, 0x00000000a8000000|100%| E|CS|TAMS 0x00000000a7f00000, 0x00000000a7f00000| Complete 
| 128|0x00000000a8000000, 0x00000000a8100000, 0x00000000a8100000|100%| E|CS|TAMS 0x00000000a8000000, 0x00000000a8000000| Complete 
| 129|0x00000000a8100000, 0x00000000a8200000, 0x00000000a8200000|100%| E|CS|TAMS 0x00000000a8100000, 0x00000000a8100000| Complete 
| 130|0x00000000a8200000, 0x00000000a8300000, 0x00000000a8300000|100%| E|CS|TAMS 0x00000000a8200000, 0x00000000a8200000| Complete 
| 131|0x00000000a8300000, 0x00000000a8400000, 0x00000000a8400000|100%| E|CS|TAMS 0x00000000a8300000, 0x00000000a8300000| Complete 
| 132|0x00000000a8400000, 0x00000000a8500000, 0x00000000a8500000|100%| E|CS|TAMS 0x00000000a8400000, 0x00000000a8400000| Complete 
| 133|0x00000000a8500000, 0x00000000a8600000, 0x00000000a8600000|100%| E|CS|TAMS 0x00000000a8500000, 0x00000000a8500000| Complete 
| 134|0x00000000a8600000, 0x00000000a8700000, 0x00000000a8700000|100%| E|CS|TAMS 0x00000000a8600000, 0x00000000a8600000| Complete 
| 135|0x00000000a8700000, 0x00000000a8800000, 0x00000000a8800000|100%| E|CS|TAMS 0x00000000a8700000, 0x00000000a8700000| Complete 
| 136|0x00000000a8800000, 0x00000000a8900000, 0x00000000a8900000|100%| E|CS|TAMS 0x00000000a8800000, 0x00000000a8800000| Complete 
| 137|0x00000000a8900000, 0x00000000a8a00000, 0x00000000a8a00000|100%| E|CS|TAMS 0x00000000a8900000, 0x00000000a8900000| Complete 
| 138|0x00000000a8a00000, 0x00000000a8b00000, 0x00000000a8b00000|100%| E|CS|TAMS 0x00000000a8a00000, 0x00000000a8a00000| Complete 
| 139|0x00000000a8b00000, 0x00000000a8c00000, 0x00000000a8c00000|100%| E|CS|TAMS 0x00000000a8b00000, 0x00000000a8b00000| Complete 
| 140|0x00000000a8c00000, 0x00000000a8d00000, 0x00000000a8d00000|100%| E|CS|TAMS 0x00000000a8c00000, 0x00000000a8c00000| Complete 
| 141|0x00000000a8d00000, 0x00000000a8e00000, 0x00000000a8e00000|100%| E|CS|TAMS 0x00000000a8d00000, 0x00000000a8d00000| Complete 
| 142|0x00000000a8e00000, 0x00000000a8f00000, 0x00000000a8f00000|100%| E|CS|TAMS 0x00000000a8e00000, 0x00000000a8e00000| Complete 
| 143|0x00000000a8f00000, 0x00000000a9000000, 0x00000000a9000000|100%| E|CS|TAMS 0x00000000a8f00000, 0x00000000a8f00000| Complete 
| 144|0x00000000a9000000, 0x00000000a9100000, 0x00000000a9100000|100%| E|CS|TAMS 0x00000000a9000000, 0x00000000a9000000| Complete 
| 145|0x00000000a9100000, 0x00000000a9200000, 0x00000000a9200000|100%| E|CS|TAMS 0x00000000a9100000, 0x00000000a9100000| Complete 
| 146|0x00000000a9200000, 0x00000000a9300000, 0x00000000a9300000|100%| E|CS|TAMS 0x00000000a9200000, 0x00000000a9200000| Complete 
| 147|0x00000000a9300000, 0x00000000a9400000, 0x00000000a9400000|100%| E|CS|TAMS 0x00000000a9300000, 0x00000000a9300000| Complete 
| 148|0x00000000a9400000, 0x00000000a9500000, 0x00000000a9500000|100%| E|CS|TAMS 0x00000000a9400000, 0x00000000a9400000| Complete 
| 149|0x00000000a9500000, 0x00000000a9600000, 0x00000000a9600000|100%| E|CS|TAMS 0x00000000a9500000, 0x00000000a9500000| Complete 
| 150|0x00000000a9600000, 0x00000000a9700000, 0x00000000a9700000|100%| E|CS|TAMS 0x00000000a9600000, 0x00000000a9600000| Complete 
| 151|0x00000000a9700000, 0x00000000a9800000, 0x00000000a9800000|100%| E|CS|TAMS 0x00000000a9700000, 0x00000000a9700000| Complete 
| 152|0x00000000a9800000, 0x00000000a9900000, 0x00000000a9900000|100%| E|CS|TAMS 0x00000000a9800000, 0x00000000a9800000| Complete 
| 153|0x00000000a9900000, 0x00000000a9a00000, 0x00000000a9a00000|100%| E|CS|TAMS 0x00000000a9900000, 0x00000000a9900000| Complete 
| 154|0x00000000a9a00000, 0x00000000a9b00000, 0x00000000a9b00000|100%| E|CS|TAMS 0x00000000a9a00000, 0x00000000a9a00000| Complete 
| 155|0x00000000a9b00000, 0x00000000a9c00000, 0x00000000a9c00000|100%| E|CS|TAMS 0x00000000a9b00000, 0x00000000a9b00000| Complete 
| 156|0x00000000a9c00000, 0x00000000a9d00000, 0x00000000a9d00000|100%| E|CS|TAMS 0x00000000a9c00000, 0x00000000a9c00000| Complete 
| 157|0x00000000a9d00000, 0x00000000a9e00000, 0x00000000a9e00000|100%| E|CS|TAMS 0x00000000a9d00000, 0x00000000a9d00000| Complete 
| 158|0x00000000a9e00000, 0x00000000a9f00000, 0x00000000a9f00000|100%| E|CS|TAMS 0x00000000a9e00000, 0x00000000a9e00000| Complete 
| 159|0x00000000a9f00000, 0x00000000aa000000, 0x00000000aa000000|100%| E|CS|TAMS 0x00000000a9f00000, 0x00000000a9f00000| Complete 
| 160|0x00000000aa000000, 0x00000000aa100000, 0x00000000aa100000|100%| E|CS|TAMS 0x00000000aa000000, 0x00000000aa000000| Complete 
| 161|0x00000000aa100000, 0x00000000aa200000, 0x00000000aa200000|100%| E|CS|TAMS 0x00000000aa100000, 0x00000000aa100000| Complete 
| 162|0x00000000aa200000, 0x00000000aa300000, 0x00000000aa300000|100%| E|CS|TAMS 0x00000000aa200000, 0x00000000aa200000| Complete 
| 163|0x00000000aa300000, 0x00000000aa400000, 0x00000000aa400000|100%| E|CS|TAMS 0x00000000aa300000, 0x00000000aa300000| Complete 
| 164|0x00000000aa400000, 0x00000000aa500000, 0x00000000aa500000|100%| E|CS|TAMS 0x00000000aa400000, 0x00000000aa400000| Complete 
| 165|0x00000000aa500000, 0x00000000aa600000, 0x00000000aa600000|100%| E|CS|TAMS 0x00000000aa500000, 0x00000000aa500000| Complete 
| 166|0x00000000aa600000, 0x00000000aa700000, 0x00000000aa700000|100%| E|CS|TAMS 0x00000000aa600000, 0x00000000aa600000| Complete 
| 167|0x00000000aa700000, 0x00000000aa800000, 0x00000000aa800000|100%| E|CS|TAMS 0x00000000aa700000, 0x00000000aa700000| Complete 
| 168|0x00000000aa800000, 0x00000000aa900000, 0x00000000aa900000|100%| E|CS|TAMS 0x00000000aa800000, 0x00000000aa800000| Complete 
| 169|0x00000000aa900000, 0x00000000aaa00000, 0x00000000aaa00000|100%| E|CS|TAMS 0x00000000aa900000, 0x00000000aa900000| Complete 
| 170|0x00000000aaa00000, 0x00000000aab00000, 0x00000000aab00000|100%| E|CS|TAMS 0x00000000aaa00000, 0x00000000aaa00000| Complete 
| 171|0x00000000aab00000, 0x00000000aac00000, 0x00000000aac00000|100%| E|CS|TAMS 0x00000000aab00000, 0x00000000aab00000| Complete 
| 172|0x00000000aac00000, 0x00000000aad00000, 0x00000000aad00000|100%| E|CS|TAMS 0x00000000aac00000, 0x00000000aac00000| Complete 
| 173|0x00000000aad00000, 0x00000000aae00000, 0x00000000aae00000|100%| E|CS|TAMS 0x00000000aad00000, 0x00000000aad00000| Complete 
| 174|0x00000000aae00000, 0x00000000aaf00000, 0x00000000aaf00000|100%| E|CS|TAMS 0x00000000aae00000, 0x00000000aae00000| Complete 
| 175|0x00000000aaf00000, 0x00000000ab000000, 0x00000000ab000000|100%| E|CS|TAMS 0x00000000aaf00000, 0x00000000aaf00000| Complete 
| 176|0x00000000ab000000, 0x00000000ab100000, 0x00000000ab100000|100%| E|CS|TAMS 0x00000000ab000000, 0x00000000ab000000| Complete 
| 177|0x00000000ab100000, 0x00000000ab200000, 0x00000000ab200000|100%| E|CS|TAMS 0x00000000ab100000, 0x00000000ab100000| Complete 
| 178|0x00000000ab200000, 0x00000000ab300000, 0x00000000ab300000|100%| E|CS|TAMS 0x00000000ab200000, 0x00000000ab200000| Complete 
| 179|0x00000000ab300000, 0x00000000ab400000, 0x00000000ab400000|100%| E|CS|TAMS 0x00000000ab300000, 0x00000000ab300000| Complete 
| 180|0x00000000ab400000, 0x00000000ab500000, 0x00000000ab500000|100%| E|CS|TAMS 0x00000000ab400000, 0x00000000ab400000| Complete 
| 181|0x00000000ab500000, 0x00000000ab600000, 0x00000000ab600000|100%| E|CS|TAMS 0x00000000ab500000, 0x00000000ab500000| Complete 
| 182|0x00000000ab600000, 0x00000000ab700000, 0x00000000ab700000|100%| E|CS|TAMS 0x00000000ab600000, 0x00000000ab600000| Complete 
| 183|0x00000000ab700000, 0x00000000ab800000, 0x00000000ab800000|100%| E|CS|TAMS 0x00000000ab700000, 0x00000000ab700000| Complete 
| 184|0x00000000ab800000, 0x00000000ab900000, 0x00000000ab900000|100%| E|CS|TAMS 0x00000000ab800000, 0x00000000ab800000| Complete 
| 185|0x00000000ab900000, 0x00000000aba00000, 0x00000000aba00000|100%| E|CS|TAMS 0x00000000ab900000, 0x00000000ab900000| Complete 
| 186|0x00000000aba00000, 0x00000000abb00000, 0x00000000abb00000|100%| E|CS|TAMS 0x00000000aba00000, 0x00000000aba00000| Complete 
| 187|0x00000000abb00000, 0x00000000abc00000, 0x00000000abc00000|100%| E|CS|TAMS 0x00000000abb00000, 0x00000000abb00000| Complete 
| 188|0x00000000abc00000, 0x00000000abd00000, 0x00000000abd00000|100%| E|CS|TAMS 0x00000000abc00000, 0x00000000abc00000| Complete 
| 189|0x00000000abd00000, 0x00000000abe00000, 0x00000000abe00000|100%| E|CS|TAMS 0x00000000abd00000, 0x00000000abd00000| Complete 
| 190|0x00000000abe00000, 0x00000000abf00000, 0x00000000abf00000|100%| E|CS|TAMS 0x00000000abe00000, 0x00000000abe00000| Complete 
| 191|0x00000000abf00000, 0x00000000ac000000, 0x00000000ac000000|100%| E|CS|TAMS 0x00000000abf00000, 0x00000000abf00000| Complete 
| 192|0x00000000ac000000, 0x00000000ac100000, 0x00000000ac100000|100%| E|CS|TAMS 0x00000000ac000000, 0x00000000ac000000| Complete 
| 193|0x00000000ac100000, 0x00000000ac200000, 0x00000000ac200000|100%| E|CS|TAMS 0x00000000ac100000, 0x00000000ac100000| Complete 
| 194|0x00000000ac200000, 0x00000000ac300000, 0x00000000ac300000|100%| E|CS|TAMS 0x00000000ac200000, 0x00000000ac200000| Complete 
| 195|0x00000000ac300000, 0x00000000ac400000, 0x00000000ac400000|100%| E|CS|TAMS 0x00000000ac300000, 0x00000000ac300000| Complete 
| 196|0x00000000ac400000, 0x00000000ac500000, 0x00000000ac500000|100%| E|CS|TAMS 0x00000000ac400000, 0x00000000ac400000| Complete 
| 197|0x00000000ac500000, 0x00000000ac600000, 0x00000000ac600000|100%| E|CS|TAMS 0x00000000ac500000, 0x00000000ac500000| Complete 
| 198|0x00000000ac600000, 0x00000000ac700000, 0x00000000ac700000|100%| E|CS|TAMS 0x00000000ac600000, 0x00000000ac600000| Complete 
| 199|0x00000000ac700000, 0x00000000ac800000, 0x00000000ac800000|100%| E|CS|TAMS 0x00000000ac700000, 0x00000000ac700000| Complete 
| 200|0x00000000ac800000, 0x00000000ac900000, 0x00000000ac900000|100%| E|CS|TAMS 0x00000000ac800000, 0x00000000ac800000| Complete 
| 201|0x00000000ac900000, 0x00000000aca00000, 0x00000000aca00000|100%| E|CS|TAMS 0x00000000ac900000, 0x00000000ac900000| Complete 
| 202|0x00000000aca00000, 0x00000000aca659e8, 0x00000000acb00000| 39%| S|CS|TAMS 0x00000000aca00000, 0x00000000aca00000| Complete 
| 203|0x00000000acb00000, 0x00000000acc00000, 0x00000000acc00000|100%| S|CS|TAMS 0x00000000acb00000, 0x00000000acb00000| Complete 
| 204|0x00000000acc00000, 0x00000000acd00000, 0x00000000acd00000|100%| E|CS|TAMS 0x00000000acc00000, 0x00000000acc00000| Complete 

Card table byte_map: [0x000001df38a40000,0x000001df38d40000] _byte_map_base: 0x000001df38540000

Marking Bits (Prev, Next): (CMBitMap*) 0x000001df20091820, (CMBitMap*) 0x000001df200917e0
 Prev Bits: [0x000001df3a840000, 0x000001df3c040000)
 Next Bits: [0x000001df39040000, 0x000001df3a840000)

Polling page: 0x000001df20120000

Metaspace:

Usage:
  Non-class:     63.36 MB used.
      Class:     10.02 MB used.
       Both:     73.37 MB used.

Virtual space:
  Non-class space:      128.00 MB reserved,      63.69 MB ( 50%) committed,  2 nodes.
      Class space:        1.00 GB reserved,      10.31 MB (  1%) committed,  1 nodes.
             Both:        1.12 GB reserved,      74.00 MB (  6%) committed. 

Chunk freelists:
   Non-Class:  15.70 MB
       Class:  5.64 MB
        Both:  21.33 MB

MaxMetaspaceSize: unlimited
CompressedClassSpaceSize: 1.00 GB
Initial GC threshold: 21.00 MB
Current GC threshold: 102.81 MB
CDS: on
MetaspaceReclaimPolicy: balanced
 - commit_granule_bytes: 65536.
 - commit_granule_words: 8192.
 - virtual_space_node_default_size: 8388608.
 - enlarge_chunks_in_place: 1.
 - new_chunks_are_fully_committed: 0.
 - uncommit_free_chunks: 1.
 - use_allocation_guard: 0.
 - handle_deallocations: 1.


Internal statistics:

num_allocs_failed_limit: 9.
num_arena_births: 716.
num_arena_deaths: 0.
num_vsnodes_births: 3.
num_vsnodes_deaths: 0.
num_space_committed: 1184.
num_space_uncommitted: 0.
num_chunks_returned_to_freelist: 9.
num_chunks_taken_from_freelist: 3581.
num_chunk_merges: 3.
num_chunk_splits: 2356.
num_chunks_enlarged: 1571.
num_inconsistent_stats: 0.

CodeHeap 'non-profiled nmethods': size=120000Kb used=3944Kb max_used=3944Kb free=116055Kb
 bounds [0x000001df30bf0000, 0x000001df30fd0000, 0x000001df38120000]
CodeHeap 'profiled nmethods': size=120000Kb used=16142Kb max_used=16142Kb free=103857Kb
 bounds [0x000001df29120000, 0x000001df2a0f0000, 0x000001df30650000]
CodeHeap 'non-nmethods': size=5760Kb used=2405Kb max_used=2476Kb free=3354Kb
 bounds [0x000001df30650000, 0x000001df308f0000, 0x000001df30bf0000]
 total_blobs=9145 nmethods=8207 adapters=850
 compilation: enabled
              stopped_count=0, restarted_count=0
 full_count=0

Compilation events (20 events):
Event: 42.426 Thread 0x000001df3e60b1b0 9155       1       org.gradle.internal.graph.CachingDirectedGraphWalker$NodeDetails::access$600 (5 bytes)
Event: 42.426 Thread 0x000001df3e60b1b0 nmethod 9155 0x000001df30fc9010 code [0x000001df30fc91a0, 0x000001df30fc9258]
Event: 42.427 Thread 0x000001df3e60b1b0 9156       1       org.gradle.api.internal.project.DefaultProject::getDepth (5 bytes)
Event: 42.427 Thread 0x000001df3e60b1b0 nmethod 9156 0x000001df30fc9310 code [0x000001df30fc94a0, 0x000001df30fc9578]
Event: 42.431 Thread 0x000001df3e60b1b0 9157       2       org.gradle.internal.instantiation.generator.AsmBackedClassGenerator$ClassBuilderImpl::applyReadOnlyManagedStateToGetter (63 bytes)
Event: 42.434 Thread 0x000001df3e60b1b0 nmethod 9157 0x000001df2a0da310 code [0x000001df2a0da560, 0x000001df2a0dac18]
Event: 42.434 Thread 0x000001df3e60b1b0 9158       2       java.lang.invoke.LambdaForm$MH/0x000001df40700c00::linkToTargetMethod (13 bytes)
Event: 42.434 Thread 0x000001df3e60b1b0 nmethod 9158 0x000001df2a0db190 code [0x000001df2a0db340, 0x000001df2a0db4b8]
Event: 42.434 Thread 0x000001df3e60b1b0 9159       2       java.lang.invoke.LambdaForm$DMH/0x000001df40700400::newInvokeSpecial (30 bytes)
Event: 42.435 Thread 0x000001df3e60b1b0 nmethod 9159 0x000001df2a0db590 code [0x000001df2a0db740, 0x000001df2a0db948]
Event: 42.456 Thread 0x000001df3e60b1b0 9160       2       com.google.common.collect.ImmutableMap::values (23 bytes)
Event: 42.456 Thread 0x000001df3e60b1b0 nmethod 9160 0x000001df2a0dbb10 code [0x000001df2a0dbcc0, 0x000001df2a0dbe88]
Event: 42.456 Thread 0x000001df3e60b1b0 9161       2       com.google.common.collect.RegularImmutableMap$Values::size (8 bytes)
Event: 42.456 Thread 0x000001df3e60b1b0 nmethod 9161 0x000001df2a0dbf10 code [0x000001df2a0dc0a0, 0x000001df2a0dc1b8]
Event: 42.457 Thread 0x000001df3e60b1b0 9162       2       com.google.common.collect.ImmutableSortedSet$Builder::sortAndDedup (165 bytes)
Event: 42.459 Thread 0x000001df3e60b1b0 nmethod 9162 0x000001df2a0dc290 code [0x000001df2a0dc500, 0x000001df2a0dccd8]
Event: 42.460 Thread 0x000001df3e60b1b0 9163       1       org.gradle.internal.properties.annotations.AbstractTypeAnnotationHandler::getAnnotationType (5 bytes)
Event: 42.460 Thread 0x000001df3e60b1b0 nmethod 9163 0x000001df30fc9610 code [0x000001df30fc97a0, 0x000001df30fc9878]
Event: 42.464 Thread 0x000001df3e60b1b0 9164   !   2       org.gradle.api.internal.provider.AbstractProperty::doCalculateValue (48 bytes)
Event: 42.465 Thread 0x000001df3e60b1b0 nmethod 9164 0x000001df2a0dd190 code [0x000001df2a0dd3c0, 0x000001df2a0dda98]

GC Heap History (20 events):
Event: 29.389 GC heap before
{Heap before GC invocations=21 (full 0):
 garbage-first heap   total 83968K, used 50817K [0x00000000a0000000, 0x0000000100000000)
  region size 1024K, 9 young (9216K), 4 survivors (4096K)
 Metaspace       used 49945K, committed 50496K, reserved 1114112K
  class space    used 6720K, committed 6976K, reserved 1048576K
}
Event: 29.400 GC heap after
{Heap after GC invocations=22 (full 0):
 garbage-first heap   total 83968K, used 51473K [0x00000000a0000000, 0x0000000100000000)
  region size 1024K, 4 young (4096K), 4 survivors (4096K)
 Metaspace       used 49945K, committed 50496K, reserved 1114112K
  class space    used 6720K, committed 6976K, reserved 1048576K
}
Event: 29.959 GC heap before
{Heap before GC invocations=23 (full 0):
 garbage-first heap   total 99328K, used 64785K [0x00000000a0000000, 0x0000000100000000)
  region size 1024K, 14 young (14336K), 4 survivors (4096K)
 Metaspace       used 50592K, committed 51200K, reserved 1114112K
  class space    used 6817K, committed 7104K, reserved 1048576K
}
Event: 29.975 GC heap after
{Heap after GC invocations=24 (full 0):
 garbage-first heap   total 99328K, used 57344K [0x00000000a0000000, 0x0000000100000000)
  region size 1024K, 2 young (2048K), 2 survivors (2048K)
 Metaspace       used 50592K, committed 51200K, reserved 1114112K
  class space    used 6817K, committed 7104K, reserved 1048576K
}
Event: 31.011 GC heap before
{Heap before GC invocations=24 (full 0):
 garbage-first heap   total 99328K, used 70656K [0x00000000a0000000, 0x0000000100000000)
  region size 1024K, 15 young (15360K), 2 survivors (2048K)
 Metaspace       used 52131K, committed 52672K, reserved 1114112K
  class space    used 7023K, committed 7296K, reserved 1048576K
}
Event: 31.020 GC heap after
{Heap after GC invocations=25 (full 0):
 garbage-first heap   total 99328K, used 57821K [0x00000000a0000000, 0x0000000100000000)
  region size 1024K, 1 young (1024K), 1 survivors (1024K)
 Metaspace       used 52131K, committed 52672K, reserved 1114112K
  class space    used 7023K, committed 7296K, reserved 1048576K
}
Event: 31.602 GC heap before
{Heap before GC invocations=26 (full 0):
 garbage-first heap   total 104448K, used 72157K [0x00000000a0000000, 0x0000000100000000)
  region size 1024K, 15 young (15360K), 1 survivors (1024K)
 Metaspace       used 53962K, committed 54464K, reserved 1114112K
  class space    used 7264K, committed 7488K, reserved 1048576K
}
Event: 31.608 GC heap after
{Heap after GC invocations=27 (full 0):
 garbage-first heap   total 104448K, used 58368K [0x00000000a0000000, 0x0000000100000000)
  region size 1024K, 1 young (1024K), 1 survivors (1024K)
 Metaspace       used 53962K, committed 54464K, reserved 1114112K
  class space    used 7264K, committed 7488K, reserved 1048576K
}
Event: 32.504 GC heap before
{Heap before GC invocations=27 (full 0):
 garbage-first heap   total 104448K, used 76800K [0x00000000a0000000, 0x0000000100000000)
  region size 1024K, 19 young (19456K), 1 survivors (1024K)
 Metaspace       used 56538K, committed 57024K, reserved 1114112K
  class space    used 7575K, committed 7808K, reserved 1048576K
}
Event: 32.512 GC heap after
{Heap after GC invocations=28 (full 0):
 garbage-first heap   total 104448K, used 58916K [0x00000000a0000000, 0x0000000100000000)
  region size 1024K, 2 young (2048K), 2 survivors (2048K)
 Metaspace       used 56538K, committed 57024K, reserved 1114112K
  class space    used 7575K, committed 7808K, reserved 1048576K
}
Event: 33.761 GC heap before
{Heap before GC invocations=29 (full 0):
 garbage-first heap   total 104448K, used 76324K [0x00000000a0000000, 0x0000000100000000)
  region size 1024K, 20 young (20480K), 2 survivors (2048K)
 Metaspace       used 59063K, committed 59712K, reserved 1114112K
  class space    used 7927K, committed 8256K, reserved 1048576K
}
Event: 33.769 GC heap after
{Heap after GC invocations=30 (full 0):
 garbage-first heap   total 104448K, used 60737K [0x00000000a0000000, 0x0000000100000000)
  region size 1024K, 3 young (3072K), 3 survivors (3072K)
 Metaspace       used 59063K, committed 59712K, reserved 1114112K
  class space    used 7927K, committed 8256K, reserved 1048576K
}
Event: 34.431 GC heap before
{Heap before GC invocations=31 (full 0):
 garbage-first heap   total 133120K, used 84289K [0x00000000a0000000, 0x0000000100000000)
  region size 1024K, 20 young (20480K), 3 survivors (3072K)
 Metaspace       used 59636K, committed 60224K, reserved 1114112K
  class space    used 8024K, committed 8320K, reserved 1048576K
}
Event: 34.501 GC heap after
{Heap after GC invocations=32 (full 0):
 garbage-first heap   total 133120K, used 63003K [0x00000000a0000000, 0x0000000100000000)
  region size 1024K, 3 young (3072K), 3 survivors (3072K)
 Metaspace       used 59636K, committed 60224K, reserved 1114112K
  class space    used 8024K, committed 8320K, reserved 1048576K
}
Event: 35.976 GC heap before
{Heap before GC invocations=32 (full 0):
 garbage-first heap   total 133120K, used 93723K [0x00000000a0000000, 0x0000000100000000)
  region size 1024K, 33 young (33792K), 3 survivors (3072K)
 Metaspace       used 62057K, committed 62720K, reserved 1114112K
  class space    used 8316K, committed 8640K, reserved 1048576K
}
Event: 36.001 GC heap after
{Heap after GC invocations=33 (full 0):
 garbage-first heap   total 209920K, used 65155K [0x00000000a0000000, 0x0000000100000000)
  region size 1024K, 5 young (5120K), 5 survivors (5120K)
 Metaspace       used 62057K, committed 62720K, reserved 1114112K
  class space    used 8316K, committed 8640K, reserved 1048576K
}
Event: 38.956 GC heap before
{Heap before GC invocations=34 (full 0):
 garbage-first heap   total 209920K, used 137859K [0x00000000a0000000, 0x0000000100000000)
  region size 1024K, 75 young (76800K), 5 survivors (5120K)
 Metaspace       used 67040K, committed 67648K, reserved 1114112K
  class space    used 8942K, committed 9280K, reserved 1048576K
}
Event: 39.009 GC heap after
{Heap after GC invocations=35 (full 0):
 garbage-first heap   total 209920K, used 70467K [0x00000000a0000000, 0x0000000100000000)
  region size 1024K, 10 young (10240K), 10 survivors (10240K)
 Metaspace       used 67040K, committed 67648K, reserved 1114112K
  class space    used 8942K, committed 9280K, reserved 1048576K
}
Event: 39.039 GC heap before
{Heap before GC invocations=35 (full 0):
 garbage-first heap   total 209920K, used 71491K [0x00000000a0000000, 0x0000000100000000)
  region size 1024K, 11 young (11264K), 10 survivors (10240K)
 Metaspace       used 67154K, committed 67776K, reserved 1114112K
  class space    used 8958K, committed 9280K, reserved 1048576K
}
Event: 39.139 GC heap after
{Heap after GC invocations=36 (full 0):
 garbage-first heap   total 209920K, used 70699K [0x00000000a0000000, 0x0000000100000000)
  region size 1024K, 2 young (2048K), 2 survivors (2048K)
 Metaspace       used 67154K, committed 67776K, reserved 1114112K
  class space    used 8958K, committed 9280K, reserved 1048576K
}

Deoptimization events (20 events):
Event: 41.640 Thread 0x000001df85bd0f80 DEOPT PACKING pc=0x000001df30ccfedc sp=0x00000038a83fa850
Event: 41.640 Thread 0x000001df85bd0f80 DEOPT UNPACKING pc=0x000001df306a23a3 sp=0x00000038a83fa7f0 mode 2
Event: 41.989 Thread 0x000001df85bd0f80 Uncommon trap: trap_request=0xffffff45 fr.pc=0x000001df30c58ea0 relative=0x0000000000000a40
Event: 41.989 Thread 0x000001df85bd0f80 Uncommon trap: reason=unstable_if action=reinterpret pc=0x000001df30c58ea0 method=java.util.HashMap.resize()[Ljava/util/HashMap$Node; @ 203 c2
Event: 41.989 Thread 0x000001df85bd0f80 DEOPT PACKING pc=0x000001df30c58ea0 sp=0x00000038a83f8cf0
Event: 41.990 Thread 0x000001df85bd0f80 DEOPT UNPACKING pc=0x000001df306a23a3 sp=0x00000038a83f8c80 mode 2
Event: 41.990 Thread 0x000001df85bd0f80 Uncommon trap: trap_request=0xffffff45 fr.pc=0x000001df30f475ac relative=0x000000000000314c
Event: 41.990 Thread 0x000001df85bd0f80 Uncommon trap: reason=unstable_if action=reinterpret pc=0x000001df30f475ac method=java.util.HashMap.getNode(Ljava/lang/Object;)Ljava/util/HashMap$Node; @ 85 c2
Event: 41.990 Thread 0x000001df85bd0f80 DEOPT PACKING pc=0x000001df30f475ac sp=0x00000038a83f8d80
Event: 41.990 Thread 0x000001df85bd0f80 DEOPT UNPACKING pc=0x000001df306a23a3 sp=0x00000038a83f8c68 mode 2
Event: 41.990 Thread 0x000001df85bd0f80 Uncommon trap: trap_request=0xffffff45 fr.pc=0x000001df30f2d948 relative=0x0000000000000828
Event: 41.990 Thread 0x000001df85bd0f80 Uncommon trap: reason=unstable_if action=reinterpret pc=0x000001df30f2d948 method=java.util.HashMap.getNode(Ljava/lang/Object;)Ljava/util/HashMap$Node; @ 85 c2
Event: 41.990 Thread 0x000001df85bd0f80 DEOPT PACKING pc=0x000001df30f2d948 sp=0x00000038a83f8d10
Event: 41.990 Thread 0x000001df85bd0f80 DEOPT UNPACKING pc=0x000001df306a23a3 sp=0x00000038a83f8c50 mode 2
Event: 41.990 Thread 0x000001df85bd0f80 Uncommon trap: trap_request=0xffffff45 fr.pc=0x000001df30f2610c relative=0x000000000000026c
Event: 41.990 Thread 0x000001df85bd0f80 Uncommon trap: reason=unstable_if action=reinterpret pc=0x000001df30f2610c method=java.util.HashMap.getNode(Ljava/lang/Object;)Ljava/util/HashMap$Node; @ 85 c2
Event: 41.990 Thread 0x000001df85bd0f80 DEOPT PACKING pc=0x000001df30f2610c sp=0x00000038a83f8cd0
Event: 41.990 Thread 0x000001df85bd0f80 DEOPT UNPACKING pc=0x000001df306a23a3 sp=0x00000038a83f8c50 mode 2
Event: 42.477 Thread 0x000001df85bd0f80 DEOPT PACKING pc=0x000001df29ed6935 sp=0x00000038a83f9260
Event: 42.477 Thread 0x000001df85bd0f80 DEOPT UNPACKING pc=0x000001df306a2b43 sp=0x00000038a83f8788 mode 0

Classes unloaded (0 events):
No events

Classes redefined (0 events):
No events

Internal exceptions (20 events):
Event: 38.465 Thread 0x000001df85bd0f80 Exception <a 'java/lang/ClassNotFoundException'{0x00000000a92c3f60}: com/android/build/gradle/internal/dsl/TestOptions_DecoratedBeanInfo> (0x00000000a92c3f60) 
thrown [s\open\src\hotspot\share\classfile\systemDictionary.cpp, line 256]
Event: 38.467 Thread 0x000001df85bd0f80 Exception <a 'java/lang/ClassNotFoundException'{0x00000000a92d52b0}: com/android/build/gradle/internal/dsl/TestOptionsBeanInfo> (0x00000000a92d52b0) 
thrown [s\open\src\hotspot\share\classfile\systemDictionary.cpp, line 256]
Event: 38.469 Thread 0x000001df85bd0f80 Exception <a 'java/lang/ClassNotFoundException'{0x00000000a92e65e8}: com/android/build/gradle/internal/dsl/TestOptionsCustomizer> (0x00000000a92e65e8) 
thrown [s\open\src\hotspot\share\classfile\systemDictionary.cpp, line 256]
Event: 38.474 Thread 0x000001df85bd0f80 Exception <a 'java/lang/ClassNotFoundException'{0x00000000a9113448}: com/android/build/gradle/internal/dsl/TestOptions_DecoratedCustomizer> (0x00000000a9113448) 
thrown [s\open\src\hotspot\share\classfile\systemDictionary.cpp, line 256]
Event: 38.490 Thread 0x000001df85bd0f80 Exception <a 'java/lang/ClassNotFoundException'{0x00000000a9187470}: com/android/build/gradle/internal/dsl/TestOptions$UnitTestOptions_DecoratedBeanInfo> (0x00000000a9187470) 
thrown [s\open\src\hotspot\share\classfile\systemDictionary.cpp, line 256]
Event: 38.492 Thread 0x000001df85bd0f80 Exception <a 'java/lang/ClassNotFoundException'{0x00000000a919a1a8}: com/android/build/gradle/internal/dsl/TestOptions$UnitTestOptionsBeanInfo> (0x00000000a919a1a8) 
thrown [s\open\src\hotspot\share\classfile\systemDictionary.cpp, line 256]
Event: 38.494 Thread 0x000001df85bd0f80 Exception <a 'java/lang/ClassNotFoundException'{0x00000000a91acec8}: com/android/build/gradle/internal/dsl/TestOptions$UnitTestOptionsCustomizer> (0x00000000a91acec8) 
thrown [s\open\src\hotspot\share\classfile\systemDictionary.cpp, line 256]
Event: 38.496 Thread 0x000001df85bd0f80 Exception <a 'java/lang/ClassNotFoundException'{0x00000000a91c71c8}: com/android/build/gradle/internal/dsl/TestOptions$UnitTestOptions_DecoratedCustomizer> (0x00000000a91c71c8) 
thrown [s\open\src\hotspot\share\classfile\systemDictionary.cpp, line 256]
Event: 40.474 Thread 0x000001df85bd0f80 Exception <a 'java/lang/NoSuchMethodError'{0x00000000aaca2628}: 'int java.lang.invoke.DirectMethodHandle$Holder.invokeSpecialIFC(java.lang.Object, java.lang.Object, java.lang.Object, java.lang.Object, java.lang.Object)'> (0x00000000aaca2628) 
thrown [s\open\src\hotspot\share\interpreter\linkResolver.cpp, line 759]
Event: 40.897 Thread 0x000001df85bd0f80 Exception <a 'java/lang/ClassNotFoundException'{0x00000000a9e21678}: com/android/build/gradle/internal/api/ApkVariantOutputImpl_DecoratedBeanInfo> (0x00000000a9e21678) 
thrown [s\open\src\hotspot\share\classfile\systemDictionary.cpp, line 256]
Event: 40.898 Thread 0x000001df85bd0f80 Exception <a 'java/lang/ClassNotFoundException'{0x00000000a9e2f850}: com/android/build/gradle/internal/api/ApkVariantOutputImplBeanInfo> (0x00000000a9e2f850) 
thrown [s\open\src\hotspot\share\classfile\systemDictionary.cpp, line 256]
Event: 40.899 Thread 0x000001df85bd0f80 Exception <a 'java/lang/ClassNotFoundException'{0x00000000a9e3da40}: com/android/build/gradle/internal/api/BaseVariantOutputImplBeanInfo> (0x00000000a9e3da40) 
thrown [s\open\src\hotspot\share\classfile\systemDictionary.cpp, line 256]
Event: 40.900 Thread 0x000001df85bd0f80 Exception <a 'java/lang/ClassNotFoundException'{0x00000000a9e4beb0}: com/android/build/gradle/internal/api/BaseVariantOutputImplCustomizer> (0x00000000a9e4beb0) 
thrown [s\open\src\hotspot\share\classfile\systemDictionary.cpp, line 256]
Event: 40.903 Thread 0x000001df85bd0f80 Exception <a 'java/lang/ClassNotFoundException'{0x00000000a9e6c780}: com/android/build/gradle/internal/api/ApkVariantOutputImplCustomizer> (0x00000000a9e6c780) 
thrown [s\open\src\hotspot\share\classfile\systemDictionary.cpp, line 256]
Event: 40.905 Thread 0x000001df85bd0f80 Exception <a 'java/lang/ClassNotFoundException'{0x00000000a9e87818}: com/android/build/gradle/internal/api/ApkVariantOutputImpl_DecoratedCustomizer> (0x00000000a9e87818) 
thrown [s\open\src\hotspot\share\classfile\systemDictionary.cpp, line 256]
Event: 40.975 Thread 0x000001df85bd0f80 Exception <a 'java/lang/ClassNotFoundException'{0x00000000a9c66c20}: com/android/build/gradle/internal/api/ReadOnlyBuildTypeBeanInfo> (0x00000000a9c66c20) 
thrown [s\open\src\hotspot\share\classfile\systemDictionary.cpp, line 256]
Event: 40.976 Thread 0x000001df85bd0f80 Exception <a 'java/lang/ClassNotFoundException'{0x00000000a9c75040}: com/android/build/gradle/internal/api/ReadOnlyBaseConfigBeanInfo> (0x00000000a9c75040) 
thrown [s\open\src\hotspot\share\classfile\systemDictionary.cpp, line 256]
Event: 40.977 Thread 0x000001df85bd0f80 Exception <a 'java/lang/ClassNotFoundException'{0x00000000a9c83488}: com/android/build/gradle/internal/api/ReadOnlyBaseConfigCustomizer> (0x00000000a9c83488) 
thrown [s\open\src\hotspot\share\classfile\systemDictionary.cpp, line 256]
Event: 40.979 Thread 0x000001df85bd0f80 Exception <a 'java/lang/ClassNotFoundException'{0x00000000a9ca26b8}: com/android/build/gradle/internal/api/ReadOnlyBuildTypeCustomizer> (0x00000000a9ca26b8) 
thrown [s\open\src\hotspot\share\classfile\systemDictionary.cpp, line 256]
Event: 41.588 Thread 0x000001df85bd0f80 Implicit null exception at 0x000001df30cb2f8f to 0x000001df30cb3850

VM Operations (20 events):
Event: 38.008 Executing VM operation: ICBufferFull
Event: 38.008 Executing VM operation: ICBufferFull done
Event: 38.372 Executing VM operation: HandshakeAllThreads
Event: 38.373 Executing VM operation: HandshakeAllThreads done
Event: 38.624 Executing VM operation: HandshakeAllThreads
Event: 38.624 Executing VM operation: HandshakeAllThreads done
Event: 38.954 Executing VM operation: G1CollectForAllocation
Event: 39.009 Executing VM operation: G1CollectForAllocation done
Event: 39.039 Executing VM operation: G1CollectForAllocation
Event: 39.140 Executing VM operation: G1CollectForAllocation done
Event: 40.144 Executing VM operation: Cleanup
Event: 40.144 Executing VM operation: Cleanup done
Event: 40.980 Executing VM operation: ICBufferFull
Event: 40.980 Executing VM operation: ICBufferFull done
Event: 41.423 Executing VM operation: ICBufferFull
Event: 41.423 Executing VM operation: ICBufferFull done
Event: 41.900 Executing VM operation: ICBufferFull
Event: 41.901 Executing VM operation: ICBufferFull done
Event: 42.050 Executing VM operation: HandshakeAllThreads
Event: 42.050 Executing VM operation: HandshakeAllThreads done

Events (20 events):
Event: 37.042 loading class java/util/TreeMap$TreeMapSpliterator done
Event: 37.042 loading class java/util/TreeMap$EntrySpliterator done
Event: 37.149 loading class java/util/Spliterators$IntArraySpliterator
Event: 37.150 loading class java/util/Spliterators$IntArraySpliterator done
Event: 37.176 loading class java/text/CharacterIterator
Event: 37.177 loading class java/text/CharacterIterator done
Event: 37.280 loading class java/time/format/DateTimeFormatterBuilder$WeekBasedFieldPrinterParser
Event: 37.280 loading class java/time/format/DateTimeFormatterBuilder$WeekBasedFieldPrinterParser done
Event: 37.306 loading class com/sun/jmx/mbeanserver/StandardMBeanSupport
Event: 37.307 loading class com/sun/jmx/mbeanserver/StandardMBeanSupport done
Event: 37.307 loading class com/sun/jmx/mbeanserver/StandardMBeanIntrospector
Event: 37.308 loading class com/sun/jmx/mbeanserver/StandardMBeanIntrospector done
Event: 37.388 Thread 0x000001df867788d0 Thread added: 0x000001df867788d0
Event: 38.364 loading class java/beans/IntrospectionException
Event: 38.364 loading class java/beans/IntrospectionException done
Event: 38.389 Thread 0x000001df3e61d690 flushing nmethod 0x000001df29721010
Event: 41.327 loading class java/nio/channels/Channels$1
Event: 41.328 loading class java/nio/channels/Channels$1 done
Event: 41.802 loading class java/util/zip/ZipOutputStream
Event: 41.804 loading class java/util/zip/ZipOutputStream done


Dynamic libraries:
0x00007ff6cc710000 - 0x00007ff6cc720000 	C:\Program Files\Java\jdk-17\bin\java.exe
0x00007ffe6f290000 - 0x00007ffe6f488000 	C:\WINDOWS\SYSTEM32\ntdll.dll
0x00007ffe6eb30000 - 0x00007ffe6ebf1000 	C:\WINDOWS\System32\KERNEL32.DLL
0x00007ffe6cbd0000 - 0x00007ffe6cec6000 	C:\WINDOWS\System32\KERNELBASE.dll
0x00007ffe6c970000 - 0x00007ffe6ca70000 	C:\WINDOWS\System32\ucrtbase.dll
0x00007ffe660e0000 - 0x00007ffe660fb000 	C:\Program Files\Java\jdk-17\bin\VCRUNTIME140.dll
0x00007ffe675d0000 - 0x00007ffe675e9000 	C:\Program Files\Java\jdk-17\bin\jli.dll
0x00007ffe6e700000 - 0x00007ffe6e7b0000 	C:\WINDOWS\System32\ADVAPI32.dll
0x00007ffe6e590000 - 0x00007ffe6e62e000 	C:\WINDOWS\System32\msvcrt.dll
0x00007ffe6e130000 - 0x00007ffe6e1d0000 	C:\WINDOWS\System32\sechost.dll
0x00007ffe6e8e0000 - 0x00007ffe6ea03000 	C:\WINDOWS\System32\RPCRT4.dll
0x00007ffe6cf80000 - 0x00007ffe6cfa7000 	C:\WINDOWS\System32\bcrypt.dll
0x00007ffe6ed40000 - 0x00007ffe6eedf000 	C:\WINDOWS\System32\USER32.dll
0x00007ffe5b7b0000 - 0x00007ffe5ba4a000 	C:\WINDOWS\WinSxS\amd64_microsoft.windows.common-controls_6595b64144ccf1df_6.0.19041.4355_none_60b8b9eb71f62e16\COMCTL32.dll
0x00007ffe6c940000 - 0x00007ffe6c962000 	C:\WINDOWS\System32\win32u.dll
0x00007ffe6e7c0000 - 0x00007ffe6e7eb000 	C:\WINDOWS\System32\GDI32.dll
0x00007ffe6d000000 - 0x00007ffe6d117000 	C:\WINDOWS\System32\gdi32full.dll
0x00007ffe6d1b0000 - 0x00007ffe6d24d000 	C:\WINDOWS\System32\msvcp_win.dll
0x00007ffe64450000 - 0x00007ffe6445a000 	C:\WINDOWS\SYSTEM32\VERSION.dll
0x00007ffe6ec60000 - 0x00007ffe6ec8f000 	C:\WINDOWS\System32\IMM32.DLL
0x00007ffe67590000 - 0x00007ffe6759c000 	C:\Program Files\Java\jdk-17\bin\vcruntime140_1.dll
0x00007ffe5ad30000 - 0x00007ffe5adbe000 	C:\Program Files\Java\jdk-17\bin\msvcp140.dll
0x00007ffe2f2e0000 - 0x00007ffe2fec0000 	C:\Program Files\Java\jdk-17\bin\server\jvm.dll
0x00007ffe6e8d0000 - 0x00007ffe6e8d8000 	C:\WINDOWS\System32\PSAPI.DLL
0x00007ffe5fbb0000 - 0x00007ffe5fbd7000 	C:\WINDOWS\SYSTEM32\WINMM.dll
0x00007ffe6b030000 - 0x00007ffe6b039000 	C:\WINDOWS\SYSTEM32\WSOCK32.dll
0x00007ffe6eac0000 - 0x00007ffe6eb2b000 	C:\WINDOWS\System32\WS2_32.dll
0x00007ffe6b1a0000 - 0x00007ffe6b1b2000 	C:\WINDOWS\SYSTEM32\kernel.appcore.dll
0x00007ffe66240000 - 0x00007ffe6624a000 	C:\Program Files\Java\jdk-17\bin\jimage.dll
0x00007ffe6a670000 - 0x00007ffe6a854000 	C:\WINDOWS\SYSTEM32\DBGHELP.DLL
0x00007ffe64520000 - 0x00007ffe64554000 	C:\WINDOWS\SYSTEM32\dbgcore.DLL
0x00007ffe6d120000 - 0x00007ffe6d1a2000 	C:\WINDOWS\System32\bcryptPrimitives.dll
0x00007ffe65d20000 - 0x00007ffe65d45000 	C:\Program Files\Java\jdk-17\bin\java.dll
0x00007ffe5a750000 - 0x00007ffe5a827000 	C:\Program Files\Java\jdk-17\bin\jsvml.dll
0x00007ffe6d2e0000 - 0x00007ffe6da4c000 	C:\WINDOWS\System32\SHELL32.dll
0x00007ffe6a860000 - 0x00007ffe6affe000 	C:\WINDOWS\SYSTEM32\windows.storage.dll
0x00007ffe6e1d0000 - 0x00007ffe6e523000 	C:\WINDOWS\System32\combase.dll
0x00007ffe6c360000 - 0x00007ffe6c38e000 	C:\WINDOWS\SYSTEM32\Wldp.dll
0x00007ffe6e630000 - 0x00007ffe6e6fd000 	C:\WINDOWS\System32\OLEAUT32.dll
0x00007ffe6ec90000 - 0x00007ffe6ed3d000 	C:\WINDOWS\System32\SHCORE.dll
0x00007ffe6dec0000 - 0x00007ffe6df15000 	C:\WINDOWS\System32\shlwapi.dll
0x00007ffe6c870000 - 0x00007ffe6c894000 	C:\WINDOWS\SYSTEM32\profapi.dll
0x00007ffe65820000 - 0x00007ffe65839000 	C:\Program Files\Java\jdk-17\bin\net.dll
0x00007ffe635b0000 - 0x00007ffe636ba000 	C:\WINDOWS\SYSTEM32\WINHTTP.dll
0x00007ffe6c0c0000 - 0x00007ffe6c12a000 	C:\WINDOWS\system32\mswsock.dll
0x00007ffe638e0000 - 0x00007ffe638f6000 	C:\Program Files\Java\jdk-17\bin\nio.dll
0x00007ffe65890000 - 0x00007ffe658a8000 	C:\Program Files\Java\jdk-17\bin\zip.dll
0x00007ffe65ae0000 - 0x00007ffe65af0000 	C:\Program Files\Java\jdk-17\bin\verify.dll
0x00007ffe5d960000 - 0x00007ffe5d987000 	C:\Users\Violin\.gradle\native\68d5fa5c4cc2d200863cafc0d521ce42e7d3e7ee720ec0a83991735586a16f82\windows-amd64\native-platform.dll
0x00007ffe3df30000 - 0x00007ffe3e074000 	C:\Users\Violin\.gradle\native\e376f236ea51e6404a007f0833ffe2c6e607c4080706a723a18a27aeea778392\windows-amd64\native-platform-file-events.dll
0x00007ffe656d0000 - 0x00007ffe656da000 	C:\Program Files\Java\jdk-17\bin\management.dll
0x00007ffe65590000 - 0x00007ffe6559b000 	C:\Program Files\Java\jdk-17\bin\management_ext.dll
0x00007ffe6c2c0000 - 0x00007ffe6c2d8000 	C:\WINDOWS\SYSTEM32\CRYPTSP.dll
0x00007ffe6b970000 - 0x00007ffe6b9a4000 	C:\WINDOWS\system32\rsaenh.dll
0x00007ffe6c7e0000 - 0x00007ffe6c80e000 	C:\WINDOWS\SYSTEM32\USERENV.dll
0x00007ffe6c2b0000 - 0x00007ffe6c2bc000 	C:\WINDOWS\SYSTEM32\CRYPTBASE.dll
0x00007ffe6bd50000 - 0x00007ffe6bd8b000 	C:\WINDOWS\SYSTEM32\IPHLPAPI.DLL
0x00007ffe6f240000 - 0x00007ffe6f248000 	C:\WINDOWS\System32\NSI.dll
0x00007ffe63e20000 - 0x00007ffe63e37000 	C:\WINDOWS\SYSTEM32\dhcpcsvc6.DLL
0x00007ffe64820000 - 0x00007ffe6483d000 	C:\WINDOWS\SYSTEM32\dhcpcsvc.DLL
0x00007ffe6bd90000 - 0x00007ffe6be5a000 	C:\WINDOWS\SYSTEM32\DNSAPI.dll
0x00007ffe64f00000 - 0x00007ffe64f0e000 	C:\Program Files\Java\jdk-17\bin\sunmscapi.dll
0x00007ffe6ca70000 - 0x00007ffe6cbce000 	C:\WINDOWS\System32\CRYPT32.dll
0x00007ffe6c3d0000 - 0x00007ffe6c3f9000 	C:\WINDOWS\SYSTEM32\ncrypt.dll
0x00007ffe6c390000 - 0x00007ffe6c3cb000 	C:\WINDOWS\SYSTEM32\NTASN1.dll
0x00007ffe663b0000 - 0x00007ffe663b7000 	C:\WINDOWS\system32\wshunix.dll
0x00007ffe61fe0000 - 0x00007ffe61fea000 	C:\Windows\System32\rasadhlp.dll
0x00007ffe62070000 - 0x00007ffe620f0000 	C:\WINDOWS\System32\fwpuclnt.dll

dbghelp: loaded successfully - version: 4.0.5 - missing functions: none
symbol engine: initialized successfully - sym options: 0x614 - pdb path: .;C:\Program Files\Java\jdk-17\bin;C:\WINDOWS\SYSTEM32;C:\WINDOWS\WinSxS\amd64_microsoft.windows.common-controls_6595b64144ccf1df_6.0.19041.4355_none_60b8b9eb71f62e16;C:\Program Files\Java\jdk-17\bin\server;C:\Users\Violin\.gradle\native\68d5fa5c4cc2d200863cafc0d521ce42e7d3e7ee720ec0a83991735586a16f82\windows-amd64;C:\Users\Violin\.gradle\native\e376f236ea51e6404a007f0833ffe2c6e607c4080706a723a18a27aeea778392\windows-amd64

VM Arguments:
jvm_args: --add-opens=java.base/java.util=ALL-UNNAMED --add-opens=java.base/java.lang=ALL-UNNAMED --add-opens=java.base/java.lang.invoke=ALL-UNNAMED --add-opens=java.prefs/java.util.prefs=ALL-UNNAMED --add-opens=java.base/java.nio.charset=ALL-UNNAMED --add-opens=java.base/java.net=ALL-UNNAMED --add-opens=java.base/java.util.concurrent.atomic=ALL-UNNAMED -Xmx1536m -Dfile.encoding=x-windows-949 -Duser.country=KR -Duser.language=ko -Duser.variant 
java_command: org.gradle.launcher.daemon.bootstrap.GradleDaemon 8.0
java_class_path (initial): C:\Users\Violin\.gradle\wrapper\dists\gradle-8.0-bin\ca5e32bp14vu59qr306oxotwh\gradle-8.0\lib\gradle-launcher-8.0.jar
Launcher Type: SUN_STANDARD

[Global flags]
     intx CICompilerCount                          = 3                                         {product} {ergonomic}
     uint ConcGCThreads                            = 1                                         {product} {ergonomic}
     uint G1ConcRefinementThreads                  = 4                                         {product} {ergonomic}
   size_t G1HeapRegionSize                         = 1048576                                   {product} {ergonomic}
    uintx GCDrainStackTargetSize                   = 64                                        {product} {ergonomic}
   size_t InitialHeapSize                          = 67108864                                  {product} {ergonomic}
   size_t MarkStackSize                            = 4194304                                   {product} {ergonomic}
   size_t MaxHeapSize                              = 1610612736                                {product} {command line}
   size_t MaxNewSize                               = 965738496                                 {product} {ergonomic}
   size_t MinHeapDeltaBytes                        = 1048576                                   {product} {ergonomic}
   size_t MinHeapSize                              = 8388608                                   {product} {ergonomic}
    uintx NonNMethodCodeHeapSize                   = 5832780                                {pd product} {ergonomic}
    uintx NonProfiledCodeHeapSize                  = 122912730                              {pd product} {ergonomic}
    uintx ProfiledCodeHeapSize                     = 122912730                              {pd product} {ergonomic}
    uintx ReservedCodeCacheSize                    = 251658240                              {pd product} {ergonomic}
     bool SegmentedCodeCache                       = true                                      {product} {ergonomic}
   size_t SoftMaxHeapSize                          = 1610612736                             {manageable} {ergonomic}
     bool UseCompressedClassPointers               = true                           {product lp64_product} {ergonomic}
     bool UseCompressedOops                        = true                           {product lp64_product} {ergonomic}
     bool UseG1GC                                  = true                                      {product} {ergonomic}
     bool UseLargePagesIndividualAllocation        = false                                  {pd product} {ergonomic}

Logging:
Log output configuration:
 #0: stdout all=warning uptime,level,tags
 #1: stderr all=off uptime,level,tags

Environment Variables:
PATH=C:\Program Files\Common Files\Oracle\Java\javapath;C:\Program Files (x86)\Intel\iCLS Client\;C:\Program Files\Intel\iCLS Client\;C:\WINDOWS\system32;C:\WINDOWS;C:\WINDOWS\System32\Wbem;C:\WINDOWS\System32\WindowsPowerShell\v1.0\;C:\Program Files\Intel\WiFi\bin\;C:\Program Files\Common Files\Intel\WirelessCommon\;C:\Program Files (x86)\Intel\Intel(R) Management Engine Components\DAL;C:\Program Files\Intel\Intel(R) Management Engine Components\DAL;C:\Program Files (x86)\Intel\Intel(R) Management Engine Components\IPT;C:\Program Files\Intel\Intel(R) Management Engine Components\IPT;C:\WINDOWS\System32\OpenSSH\;C:\Program Files\Git\cmd;C:\Gradle\gradle-8.7\bin;C:\Program Files\dotnet\;C:\Users\Violin\SDKs\platform-tools-latest-windows\platform-tools;C:\Users\Violin\AppData\Local\Microsoft\WindowsApps;C:\Users\Violin\AppData\Local\GitHubDesktop\bin;C:\Users\Violin\SDKs\platform-tools-latest-windows\platform-tools;;C:\Program Files (x86)\ESTsoft\ALSee\x64
USERNAME=Violin
OS=Windows_NT
PROCESSOR_IDENTIFIER=Intel64 Family 6 Model 78 Stepping 3, GenuineIntel



---------------  S Y S T E M  ---------------

OS:
 Windows 10 , 64 bit Build 19041 (10.0.19041.4597)
OS uptime: 38 days 13:00 hours

CPU: total 4 (initial active 4) (2 cores per cpu, 2 threads per core) family 6 model 78 stepping 3 microcode 0xcc, cx8, cmov, fxsr, ht, mmx, 3dnowpref, sse, sse2, sse3, ssse3, sse4.1, sse4.2, popcnt, lzcnt, tsc, tscinvbit, avx, avx2, aes, erms, clmul, bmi1, bmi2, adx, fma, vzeroupper, clflush, clflushopt

Memory: 4k page, system-wide physical 4010M (166M free)
TotalPageFile size 16298M (AvailPageFile size 5M)
current process WorkingSet (physical memory assigned to process): 292M, peak: 292M
current process commit charge ("private bytes"): 448M, peak: 449M

vm_info: Java HotSpot(TM) 64-Bit Server VM (17.0.11+7-LTS-207) for windows-amd64 JRE (17.0.11+7-LTS-207), built on Mar 11 2024 19:01:50 by "mach5one" with MS VC++ 17.6 (VS2022)

END.
