#
# There is insufficient memory for the Java Runtime Environment to continue.
# Native memory allocation (malloc) failed to allocate 764032 bytes for Chunk::new
# Possible reasons:
#   The system is out of physical RAM or swap space
#   The process is running with CompressedOops enabled, and the Java Heap may be blocking the growth of the native heap
# Possible solutions:
#   Reduce memory load on the system
#   Increase physical memory or swap space
#   Check if swap backing store is full
#   Decrease Java heap size (-Xmx/-Xms)
#   Decrease number of Java threads
#   Decrease Java thread stack sizes (-Xss)
#   Set larger code cache with -XX:ReservedCodeCacheSize=
#   JVM is running with Unscaled Compressed Oops mode in which the Java heap is
#     placed in the first 4GB address space. The Java Heap base address is the
#     maximum limit for the native heap growth. Please use -XX:HeapBaseMinAddress
#     to set the Java Heap base and to place the Java Heap above 4GB virtual address.
# This output file may be truncated or incomplete.
#
#  Out of Memory Error (arena.cpp:189), pid=44944, tid=31880
#
# JRE version: Java(TM) SE Runtime Environment (17.0.11+7) (build 17.0.11+7-LTS-207)
# Java VM: Java HotSpot(TM) 64-Bit Server VM (17.0.11+7-LTS-207, mixed mode, sharing, tiered, compressed oops, compressed class ptrs, g1 gc, windows-amd64)
# No core dump will be written. Minidumps are not enabled by default on client versions of Windows
#

---------------  S U M M A R Y ------------

Command Line: -Xmx64m -Xms64m -javaagent:C:\Gradle\gradle-8.7/lib/agents/gradle-instrumentation-agent-8.7.jar -Dorg.gradle.appname=gradle org.gradle.launcher.GradleMain build

Host: Intel(R) Core(TM) i5-6200U CPU @ 2.30GHz, 4 cores, 3G,  Windows 10 , 64 bit Build 19041 (10.0.19041.3636)
Time: Fri Aug  2 04:13:28 2024  Windows 10 , 64 bit Build 19041 (10.0.19041.3636) elapsed time: 241.197490 seconds (0d 0h 4m 1s)

---------------  T H R E A D  ---------------

Current thread (0x0000018a98d586f0):  JavaThread "C2 CompilerThread0" daemon [_thread_in_native, id=31880, stack(0x0000001c9d100000,0x0000001c9d200000)]


Current CompileTask:
C2: 241197 1830       4       org.fusesource.jansi.Ansi::flushAttributes (94 bytes)

Stack: [0x0000001c9d100000,0x0000001c9d200000]
Native frames: (J=compiled Java code, j=interpreted, Vv=VM code, C=native code)
V  [jvm.dll+0x679cca]
V  [jvm.dll+0x7da13d]
V  [jvm.dll+0x7dba83]
V  [jvm.dll+0x7dc0f3]
V  [jvm.dll+0x2449af]
V  [jvm.dll+0xab83b]
V  [jvm.dll+0xabe1c]
V  [jvm.dll+0x3615ae]
V  [jvm.dll+0x32bd61]
V  [jvm.dll+0x32b1fa]
V  [jvm.dll+0x2161df]
V  [jvm.dll+0x21560f]
V  [jvm.dll+0x1a2040]
V  [jvm.dll+0x225a2b]
V  [jvm.dll+0x223bcb]
V  [jvm.dll+0x7903ec]
V  [jvm.dll+0x78a85a]
V  [jvm.dll+0x678bb5]
C  [ucrtbase.dll+0x21bb2]
C  [KERNEL32.DLL+0x17344]
C  [ntdll.dll+0x4cc91]


---------------  P R O C E S S  ---------------

Threads class SMR info:
_java_thread_list=0x0000018adefc9eb0, length=15, elements={
0x0000018affdb4bb0, 0x0000018affe86360, 0x0000018affe870f0, 0x0000018a98d54070,
0x0000018a98d56950, 0x0000018a98d57220, 0x0000018a98d57af0, 0x0000018a98d586f0,
0x0000018a98d5b0c0, 0x0000018a98d5e180, 0x0000018a98e54ba0, 0x0000018ade0c1f40,
0x0000018adee18440, 0x0000018adefdc430, 0x0000018adf01e420
}

Java Threads: ( => current thread )
  0x0000018affdb4bb0 JavaThread "main" [_thread_in_native, id=40760, stack(0x0000001c9c400000,0x0000001c9c500000)]
  0x0000018affe86360 JavaThread "Reference Handler" daemon [_thread_blocked, id=39280, stack(0x0000001c9cb00000,0x0000001c9cc00000)]
  0x0000018affe870f0 JavaThread "Finalizer" daemon [_thread_blocked, id=36680, stack(0x0000001c9cc00000,0x0000001c9cd00000)]
  0x0000018a98d54070 JavaThread "Signal Dispatcher" daemon [_thread_blocked, id=23260, stack(0x0000001c9cd00000,0x0000001c9ce00000)]
  0x0000018a98d56950 JavaThread "Attach Listener" daemon [_thread_blocked, id=2600, stack(0x0000001c9ce00000,0x0000001c9cf00000)]
  0x0000018a98d57220 JavaThread "Service Thread" daemon [_thread_blocked, id=25496, stack(0x0000001c9cf00000,0x0000001c9d000000)]
  0x0000018a98d57af0 JavaThread "Monitor Deflation Thread" daemon [_thread_blocked, id=40052, stack(0x0000001c9d000000,0x0000001c9d100000)]
=>0x0000018a98d586f0 JavaThread "C2 CompilerThread0" daemon [_thread_in_native, id=31880, stack(0x0000001c9d100000,0x0000001c9d200000)]
  0x0000018a98d5b0c0 JavaThread "C1 CompilerThread0" daemon [_thread_blocked, id=43176, stack(0x0000001c9d200000,0x0000001c9d300000)]
  0x0000018a98d5e180 JavaThread "Sweeper thread" daemon [_thread_blocked, id=25896, stack(0x0000001c9d300000,0x0000001c9d400000)]
  0x0000018a98e54ba0 JavaThread "Common-Cleaner" daemon [_thread_blocked, id=40100, stack(0x0000001c9d400000,0x0000001c9d500000)]
  0x0000018ade0c1f40 JavaThread "Notification Thread" daemon [_thread_blocked, id=41600, stack(0x0000001c9d500000,0x0000001c9d600000)]
  0x0000018adee18440 JavaThread "pool-1-thread-1" [_thread_blocked, id=44192, stack(0x0000001c9da00000,0x0000001c9db00000)]
  0x0000018adefdc430 JavaThread "DisconnectableInputStream source reader" daemon [_thread_in_native, id=36624, stack(0x0000001c9dc00000,0x0000001c9dd00000)]
  0x0000018adf01e420 JavaThread "Forward input" [_thread_blocked, id=41868, stack(0x0000001c9dd00000,0x0000001c9de00000)]

Other Threads:
  0x0000018affe7e7d0 VMThread "VM Thread" [stack: 0x0000001c9ca00000,0x0000001c9cb00000] [id=18140]
  0x0000018ade0c2420 WatcherThread [stack: 0x0000001c9d600000,0x0000001c9d700000] [id=29944]
  0x0000018affdd4770 GCTaskThread "GC Thread#0" [stack: 0x0000001c9c500000,0x0000001c9c600000] [id=42516]
  0x0000018ade380570 GCTaskThread "GC Thread#1" [stack: 0x0000001c9d700000,0x0000001c9d800000] [id=43288]
  0x0000018ade38c490 GCTaskThread "GC Thread#2" [stack: 0x0000001c9d800000,0x0000001c9d900000] [id=45064]
  0x0000018ade4cdf90 GCTaskThread "GC Thread#3" [stack: 0x0000001c9d900000,0x0000001c9da00000] [id=35212]
  0x0000018affdd6de0 ConcurrentGCThread "G1 Main Marker" [stack: 0x0000001c9c600000,0x0000001c9c700000] [id=32840]
  0x0000018affdd7700 ConcurrentGCThread "G1 Conc#0" [stack: 0x0000001c9c700000,0x0000001c9c800000] [id=11712]
  0x0000018affe25520 ConcurrentGCThread "G1 Refine#0" [stack: 0x0000001c9c800000,0x0000001c9c900000] [id=40932]
  0x0000018affe25e60 ConcurrentGCThread "G1 Service" [stack: 0x0000001c9c900000,0x0000001c9ca00000] [id=43944]

Threads with active compile tasks:
C2 CompilerThread0   241306 1830       4       org.fusesource.jansi.Ansi::flushAttributes (94 bytes)

VM state: not at safepoint (normal execution)

VM Mutex/Monitor currently owned by a thread: None

Heap address: 0x00000000fc000000, size: 64 MB, Compressed Oops mode: 32-bit

CDS archive(s) mapped at: [0x0000018a99000000-0x0000018a99bd0000-0x0000018a99bd0000), size 12386304, SharedBaseAddress: 0x0000018a99000000, ArchiveRelocationMode: 1.
Compressed class space mapped at: 0x0000018a9a000000-0x0000018ada000000, reserved size: 1073741824
Narrow klass base: 0x0000018a99000000, Narrow klass shift: 0, Narrow klass range: 0x100000000

GC Precious Log:
 CPUs: 4 total, 4 available
 Memory: 4010M
 Large Page Support: Disabled
 NUMA Support: Disabled
 Compressed Oops: Enabled (32-bit)
 Heap Region Size: 1M
 Heap Min Capacity: 64M
 Heap Initial Capacity: 64M
 Heap Max Capacity: 64M
 Pre-touch: Disabled
 Parallel Workers: 4
 Concurrent Workers: 1
 Concurrent Refinement Workers: 4
 Periodic GC: Disabled

Heap:
 garbage-first heap   total 65536K, used 27508K [0x00000000fc000000, 0x0000000100000000)
  region size 1024K, 19 young (19456K), 2 survivors (2048K)
 Metaspace       used 9500K, committed 9728K, reserved 1114112K
  class space    used 1243K, committed 1344K, reserved 1048576K

Heap Regions: E=young(eden), S=young(survivor), O=old, HS=humongous(starts), HC=humongous(continues), CS=collection set, F=free, OA=open archive, CA=closed archive, TAMS=top-at-mark-start (previous, next)
|   0|0x00000000fc000000, 0x00000000fc100000, 0x00000000fc100000|100%| O|  |TAMS 0x00000000fc000000, 0x00000000fc000000| Untracked 
|   1|0x00000000fc100000, 0x00000000fc200000, 0x00000000fc200000|100%| O|  |TAMS 0x00000000fc100000, 0x00000000fc100000| Untracked 
|   2|0x00000000fc200000, 0x00000000fc300000, 0x00000000fc300000|100%|HS|  |TAMS 0x00000000fc200000, 0x00000000fc200000| Complete 
|   3|0x00000000fc300000, 0x00000000fc400000, 0x00000000fc400000|100%|HC|  |TAMS 0x00000000fc300000, 0x00000000fc300000| Complete 
|   4|0x00000000fc400000, 0x00000000fc500000, 0x00000000fc500000|100%|HC|  |TAMS 0x00000000fc400000, 0x00000000fc400000| Complete 
|   5|0x00000000fc500000, 0x00000000fc600000, 0x00000000fc600000|100%|HC|  |TAMS 0x00000000fc500000, 0x00000000fc500000| Complete 
|   6|0x00000000fc600000, 0x00000000fc700000, 0x00000000fc700000|100%| O|  |TAMS 0x00000000fc600000, 0x00000000fc600000| Untracked 
|   7|0x00000000fc700000, 0x00000000fc800000, 0x00000000fc800000|100%| O|  |TAMS 0x00000000fc700000, 0x00000000fc700000| Untracked 
|   8|0x00000000fc800000, 0x00000000fc8dd200, 0x00000000fc900000| 86%| O|  |TAMS 0x00000000fc800000, 0x00000000fc800000| Untracked 
|   9|0x00000000fc900000, 0x00000000fc900000, 0x00000000fca00000|  0%| F|  |TAMS 0x00000000fc900000, 0x00000000fc900000| Untracked 
|  10|0x00000000fca00000, 0x00000000fca00000, 0x00000000fcb00000|  0%| F|  |TAMS 0x00000000fca00000, 0x00000000fca00000| Untracked 
|  11|0x00000000fcb00000, 0x00000000fcb00000, 0x00000000fcc00000|  0%| F|  |TAMS 0x00000000fcb00000, 0x00000000fcb00000| Untracked 
|  12|0x00000000fcc00000, 0x00000000fcc00000, 0x00000000fcd00000|  0%| F|  |TAMS 0x00000000fcc00000, 0x00000000fcc00000| Untracked 
|  13|0x00000000fcd00000, 0x00000000fcd00000, 0x00000000fce00000|  0%| F|  |TAMS 0x00000000fcd00000, 0x00000000fcd00000| Untracked 
|  14|0x00000000fce00000, 0x00000000fce00000, 0x00000000fcf00000|  0%| F|  |TAMS 0x00000000fce00000, 0x00000000fce00000| Untracked 
|  15|0x00000000fcf00000, 0x00000000fcf00000, 0x00000000fd000000|  0%| F|  |TAMS 0x00000000fcf00000, 0x00000000fcf00000| Untracked 
|  16|0x00000000fd000000, 0x00000000fd000000, 0x00000000fd100000|  0%| F|  |TAMS 0x00000000fd000000, 0x00000000fd000000| Untracked 
|  17|0x00000000fd100000, 0x00000000fd100000, 0x00000000fd200000|  0%| F|  |TAMS 0x00000000fd100000, 0x00000000fd100000| Untracked 
|  18|0x00000000fd200000, 0x00000000fd200000, 0x00000000fd300000|  0%| F|  |TAMS 0x00000000fd200000, 0x00000000fd200000| Untracked 
|  19|0x00000000fd300000, 0x00000000fd300000, 0x00000000fd400000|  0%| F|  |TAMS 0x00000000fd300000, 0x00000000fd300000| Untracked 
|  20|0x00000000fd400000, 0x00000000fd400000, 0x00000000fd500000|  0%| F|  |TAMS 0x00000000fd400000, 0x00000000fd400000| Untracked 
|  21|0x00000000fd500000, 0x00000000fd500000, 0x00000000fd600000|  0%| F|  |TAMS 0x00000000fd500000, 0x00000000fd500000| Untracked 
|  22|0x00000000fd600000, 0x00000000fd600000, 0x00000000fd700000|  0%| F|  |TAMS 0x00000000fd600000, 0x00000000fd600000| Untracked 
|  23|0x00000000fd700000, 0x00000000fd700000, 0x00000000fd800000|  0%| F|  |TAMS 0x00000000fd700000, 0x00000000fd700000| Untracked 
|  24|0x00000000fd800000, 0x00000000fd800000, 0x00000000fd900000|  0%| F|  |TAMS 0x00000000fd800000, 0x00000000fd800000| Untracked 
|  25|0x00000000fd900000, 0x00000000fd900000, 0x00000000fda00000|  0%| F|  |TAMS 0x00000000fd900000, 0x00000000fd900000| Untracked 
|  26|0x00000000fda00000, 0x00000000fda00000, 0x00000000fdb00000|  0%| F|  |TAMS 0x00000000fda00000, 0x00000000fda00000| Untracked 
|  27|0x00000000fdb00000, 0x00000000fdb00000, 0x00000000fdc00000|  0%| F|  |TAMS 0x00000000fdb00000, 0x00000000fdb00000| Untracked 
|  28|0x00000000fdc00000, 0x00000000fdc00000, 0x00000000fdd00000|  0%| F|  |TAMS 0x00000000fdc00000, 0x00000000fdc00000| Untracked 
|  29|0x00000000fdd00000, 0x00000000fdd00000, 0x00000000fde00000|  0%| F|  |TAMS 0x00000000fdd00000, 0x00000000fdd00000| Untracked 
|  30|0x00000000fde00000, 0x00000000fde00000, 0x00000000fdf00000|  0%| F|  |TAMS 0x00000000fde00000, 0x00000000fde00000| Untracked 
|  31|0x00000000fdf00000, 0x00000000fdf00000, 0x00000000fe000000|  0%| F|  |TAMS 0x00000000fdf00000, 0x00000000fdf00000| Untracked 
|  32|0x00000000fe000000, 0x00000000fe000000, 0x00000000fe100000|  0%| F|  |TAMS 0x00000000fe000000, 0x00000000fe000000| Untracked 
|  33|0x00000000fe100000, 0x00000000fe100000, 0x00000000fe200000|  0%| F|  |TAMS 0x00000000fe100000, 0x00000000fe100000| Untracked 
|  34|0x00000000fe200000, 0x00000000fe200000, 0x00000000fe300000|  0%| F|  |TAMS 0x00000000fe200000, 0x00000000fe200000| Untracked 
|  35|0x00000000fe300000, 0x00000000fe300000, 0x00000000fe400000|  0%| F|  |TAMS 0x00000000fe300000, 0x00000000fe300000| Untracked 
|  36|0x00000000fe400000, 0x00000000fe400000, 0x00000000fe500000|  0%| F|  |TAMS 0x00000000fe400000, 0x00000000fe400000| Untracked 
|  37|0x00000000fe500000, 0x00000000fe500000, 0x00000000fe600000|  0%| F|  |TAMS 0x00000000fe500000, 0x00000000fe500000| Untracked 
|  38|0x00000000fe600000, 0x00000000fe600000, 0x00000000fe700000|  0%| F|  |TAMS 0x00000000fe600000, 0x00000000fe600000| Untracked 
|  39|0x00000000fe700000, 0x00000000fe700000, 0x00000000fe800000|  0%| F|  |TAMS 0x00000000fe700000, 0x00000000fe700000| Untracked 
|  40|0x00000000fe800000, 0x00000000fe800000, 0x00000000fe900000|  0%| F|  |TAMS 0x00000000fe800000, 0x00000000fe800000| Untracked 
|  41|0x00000000fe900000, 0x00000000fe900000, 0x00000000fea00000|  0%| F|  |TAMS 0x00000000fe900000, 0x00000000fe900000| Untracked 
|  42|0x00000000fea00000, 0x00000000fea00000, 0x00000000feb00000|  0%| F|  |TAMS 0x00000000fea00000, 0x00000000fea00000| Untracked 
|  43|0x00000000feb00000, 0x00000000feb00000, 0x00000000fec00000|  0%| F|  |TAMS 0x00000000feb00000, 0x00000000feb00000| Untracked 
|  44|0x00000000fec00000, 0x00000000fec00000, 0x00000000fed00000|  0%| F|  |TAMS 0x00000000fec00000, 0x00000000fec00000| Untracked 
|  45|0x00000000fed00000, 0x00000000fed84510, 0x00000000fee00000| 51%| E|  |TAMS 0x00000000fed00000, 0x00000000fed00000| Complete 
|  46|0x00000000fee00000, 0x00000000fef00000, 0x00000000fef00000|100%| S|CS|TAMS 0x00000000fee00000, 0x00000000fee00000| Complete 
|  47|0x00000000fef00000, 0x00000000ff000000, 0x00000000ff000000|100%| S|CS|TAMS 0x00000000fef00000, 0x00000000fef00000| Complete 
|  48|0x00000000ff000000, 0x00000000ff100000, 0x00000000ff100000|100%| E|CS|TAMS 0x00000000ff000000, 0x00000000ff000000| Complete 
|  49|0x00000000ff100000, 0x00000000ff200000, 0x00000000ff200000|100%| E|CS|TAMS 0x00000000ff100000, 0x00000000ff100000| Complete 
|  50|0x00000000ff200000, 0x00000000ff300000, 0x00000000ff300000|100%| E|CS|TAMS 0x00000000ff200000, 0x00000000ff200000| Complete 
|  51|0x00000000ff300000, 0x00000000ff400000, 0x00000000ff400000|100%| E|CS|TAMS 0x00000000ff300000, 0x00000000ff300000| Complete 
|  52|0x00000000ff400000, 0x00000000ff500000, 0x00000000ff500000|100%| E|CS|TAMS 0x00000000ff400000, 0x00000000ff400000| Complete 
|  53|0x00000000ff500000, 0x00000000ff600000, 0x00000000ff600000|100%| E|CS|TAMS 0x00000000ff500000, 0x00000000ff500000| Complete 
|  54|0x00000000ff600000, 0x00000000ff700000, 0x00000000ff700000|100%| E|CS|TAMS 0x00000000ff600000, 0x00000000ff600000| Complete 
|  55|0x00000000ff700000, 0x00000000ff800000, 0x00000000ff800000|100%| E|CS|TAMS 0x00000000ff700000, 0x00000000ff700000| Complete 
|  56|0x00000000ff800000, 0x00000000ff900000, 0x00000000ff900000|100%| E|CS|TAMS 0x00000000ff800000, 0x00000000ff800000| Complete 
|  57|0x00000000ff900000, 0x00000000ffa00000, 0x00000000ffa00000|100%| E|CS|TAMS 0x00000000ff900000, 0x00000000ff900000| Complete 
|  58|0x00000000ffa00000, 0x00000000ffb00000, 0x00000000ffb00000|100%| E|CS|TAMS 0x00000000ffa00000, 0x00000000ffa00000| Complete 
|  59|0x00000000ffb00000, 0x00000000ffc00000, 0x00000000ffc00000|100%| E|CS|TAMS 0x00000000ffb00000, 0x00000000ffb00000| Complete 
|  60|0x00000000ffc00000, 0x00000000ffd00000, 0x00000000ffd00000|100%| E|CS|TAMS 0x00000000ffc00000, 0x00000000ffc00000| Complete 
|  61|0x00000000ffd00000, 0x00000000ffe00000, 0x00000000ffe00000|100%| E|CS|TAMS 0x00000000ffd00000, 0x00000000ffd00000| Complete 
|  62|0x00000000ffe00000, 0x00000000fff00000, 0x00000000fff00000|100%| E|CS|TAMS 0x00000000ffe00000, 0x00000000ffe00000| Complete 
|  63|0x00000000fff00000, 0x0000000100000000, 0x0000000100000000|100%| E|CS|TAMS 0x00000000fff00000, 0x00000000fff00000| Complete 

Card table byte_map: [0x0000018afdd80000,0x0000018afdda0000] _byte_map_base: 0x0000018afd5a0000

Marking Bits (Prev, Next): (CMBitMap*) 0x0000018affdd5cb0, (CMBitMap*) 0x0000018affdd5cf0
 Prev Bits: [0x0000018affbb0000, 0x0000018affcb0000)
 Next Bits: [0x0000018affe90000, 0x0000018afff90000)

Polling page: 0x0000018afdd30000

Metaspace:

Usage:
  Non-class:      8.06 MB used.
      Class:      1.21 MB used.
       Both:      9.28 MB used.

Virtual space:
  Non-class space:       64.00 MB reserved,       8.19 MB ( 13%) committed,  1 nodes.
      Class space:        1.00 GB reserved,       1.31 MB ( <1%) committed,  1 nodes.
             Both:        1.06 GB reserved,       9.50 MB ( <1%) committed. 

Chunk freelists:
   Non-Class:  7.64 MB
       Class:  14.61 MB
        Both:  22.25 MB

MaxMetaspaceSize: unlimited
CompressedClassSpaceSize: 1.00 GB
Initial GC threshold: 21.00 MB
Current GC threshold: 21.00 MB
CDS: on
MetaspaceReclaimPolicy: balanced
 - commit_granule_bytes: 65536.
 - commit_granule_words: 8192.
 - virtual_space_node_default_size: 8388608.
 - enlarge_chunks_in_place: 1.
 - new_chunks_are_fully_committed: 0.
 - uncommit_free_chunks: 1.
 - use_allocation_guard: 0.
 - handle_deallocations: 1.


Internal statistics:

num_allocs_failed_limit: 0.
num_arena_births: 80.
num_arena_deaths: 0.
num_vsnodes_births: 2.
num_vsnodes_deaths: 0.
num_space_committed: 152.
num_space_uncommitted: 0.
num_chunks_returned_to_freelist: 0.
num_chunks_taken_from_freelist: 334.
num_chunk_merges: 0.
num_chunk_splits: 235.
num_chunks_enlarged: 188.
num_inconsistent_stats: 0.

CodeHeap 'non-profiled nmethods': size=120000Kb used=734Kb max_used=734Kb free=119265Kb
 bounds [0x0000018a8f2c0000, 0x0000018a8f530000, 0x0000018a967f0000]
CodeHeap 'profiled nmethods': size=120000Kb used=3404Kb max_used=3404Kb free=116595Kb
 bounds [0x0000018a877f0000, 0x0000018a87b50000, 0x0000018a8ed20000]
CodeHeap 'non-nmethods': size=5760Kb used=1175Kb max_used=1203Kb free=4584Kb
 bounds [0x0000018a8ed20000, 0x0000018a8ef90000, 0x0000018a8f2c0000]
 total_blobs=2301 nmethods=1826 adapters=388
 compilation: enabled
              stopped_count=0, restarted_count=0
 full_count=0

Compilation events (20 events):
Event: 206.901 Thread 0x0000018a98d586f0 nmethod 1820 0x0000018a8f376d10 code [0x0000018a8f376e80, 0x0000018a8f376f18]
Event: 209.822 Thread 0x0000018a98d5b0c0 1821       3       java.util.ArrayList::rangeCheckForAdd (26 bytes)
Event: 209.825 Thread 0x0000018a98d5b0c0 nmethod 1821 0x0000018a87b3f410 code [0x0000018a87b3f640, 0x0000018a87b3fce8]
Event: 210.998 Thread 0x0000018a98d586f0 1822       4       java.util.concurrent.locks.ReentrantLock$NonfairSync::initialTryLock (58 bytes)
Event: 211.005 Thread 0x0000018a98d586f0 nmethod 1822 0x0000018a8f377010 code [0x0000018a8f377180, 0x0000018a8f377318]
Event: 218.301 Thread 0x0000018a98d5b0c0 1823       3       org.gradle.internal.logging.console.DefaultColorMap$CompositeColor::on (40 bytes)
Event: 218.309 Thread 0x0000018a98d5b0c0 nmethod 1823 0x0000018a87b3ff90 code [0x0000018a87b40180, 0x0000018a87b40778]
Event: 218.309 Thread 0x0000018a98d5b0c0 1825       3       org.gradle.internal.logging.console.DefaultColorMap$CompositeColor::off (43 bytes)
Event: 218.310 Thread 0x0000018a98d5b0c0 nmethod 1825 0x0000018a87b40910 code [0x0000018a87b40b00, 0x0000018a87b41128]
Event: 218.310 Thread 0x0000018a98d5b0c0 1824       3       org.gradle.internal.logging.console.DefaultColorMap$ForegroundColor::on (10 bytes)
Event: 218.320 Thread 0x0000018a98d5b0c0 nmethod 1824 0x0000018a87b41310 code [0x0000018a87b41500, 0x0000018a87b41b58]
Event: 218.394 Thread 0x0000018a98d5b0c0 1826       3       java.util.ArrayList::equalsArrayList (108 bytes)
Event: 218.396 Thread 0x0000018a98d5b0c0 nmethod 1826 0x0000018a87b41e10 code [0x0000018a87b42020, 0x0000018a87b42788]
Event: 218.396 Thread 0x0000018a98d5b0c0 1827       1       org.fusesource.jansi.Ansi$Erase::value (5 bytes)
Event: 218.396 Thread 0x0000018a98d5b0c0 nmethod 1827 0x0000018a8f377390 code [0x0000018a8f377520, 0x0000018a8f3775f8]
Event: 223.890 Thread 0x0000018a98d5b0c0 1828       3       com.google.common.collect.Lists::newArrayList (28 bytes)
Event: 223.895 Thread 0x0000018a98d5b0c0 nmethod 1828 0x0000018a87b42a90 code [0x0000018a87b42c80, 0x0000018a87b43198]
Event: 233.997 Thread 0x0000018a98d586f0 1829       4       java.util.ArrayDeque$DeqIterator::hasNext (13 bytes)
Event: 233.998 Thread 0x0000018a98d586f0 nmethod 1829 0x0000018a8f377690 code [0x0000018a8f377800, 0x0000018a8f377898]
Event: 241.102 Thread 0x0000018a98d586f0 1830       4       org.fusesource.jansi.Ansi::flushAttributes (94 bytes)

GC Heap History (4 events):
Event: 1.352 GC heap before
{Heap before GC invocations=0 (full 0):
 garbage-first heap   total 65536K, used 12288K [0x00000000fc000000, 0x0000000100000000)
  region size 1024K, 13 young (13312K), 0 survivors (0K)
 Metaspace       used 1306K, committed 1472K, reserved 1114112K
  class space    used 113K, committed 192K, reserved 1048576K
}
Event: 1.361 GC heap after
{Heap after GC invocations=1 (full 0):
 garbage-first heap   total 65536K, used 3897K [0x00000000fc000000, 0x0000000100000000)
  region size 1024K, 2 young (2048K), 2 survivors (2048K)
 Metaspace       used 1306K, committed 1472K, reserved 1114112K
  class space    used 113K, committed 192K, reserved 1048576K
}
Event: 2.298 GC heap before
{Heap before GC invocations=1 (full 0):
 garbage-first heap   total 65536K, used 21305K [0x00000000fc000000, 0x0000000100000000)
  region size 1024K, 16 young (16384K), 2 survivors (2048K)
 Metaspace       used 4848K, committed 5056K, reserved 1114112K
  class space    used 656K, committed 768K, reserved 1048576K
}
Event: 2.304 GC heap after
{Heap after GC invocations=2 (full 0):
 garbage-first heap   total 65536K, used 11124K [0x00000000fc000000, 0x0000000100000000)
  region size 1024K, 2 young (2048K), 2 survivors (2048K)
 Metaspace       used 4848K, committed 5056K, reserved 1114112K
  class space    used 656K, committed 768K, reserved 1048576K
}

Deoptimization events (20 events):
Event: 2.863 Thread 0x0000018affdb4bb0 DEOPT PACKING pc=0x0000018a8f339ea0 sp=0x0000001c9c4fa180
Event: 2.863 Thread 0x0000018affdb4bb0 DEOPT UNPACKING pc=0x0000018a8ed723a3 sp=0x0000001c9c4fa120 mode 2
Event: 3.273 Thread 0x0000018affdb4bb0 Uncommon trap: trap_request=0xffffff45 fr.pc=0x0000018a8f30bda4 relative=0x0000000000000664
Event: 3.273 Thread 0x0000018affdb4bb0 Uncommon trap: reason=unstable_if action=reinterpret pc=0x0000018a8f30bda4 method=java.lang.AbstractStringBuilder.append(Ljava/lang/String;)Ljava/lang/AbstractStringBuilder; @ 1 c2
Event: 3.273 Thread 0x0000018affdb4bb0 DEOPT PACKING pc=0x0000018a8f30bda4 sp=0x0000001c9c4fd4a0
Event: 3.273 Thread 0x0000018affdb4bb0 DEOPT UNPACKING pc=0x0000018a8ed723a3 sp=0x0000001c9c4fd420 mode 2
Event: 3.274 Thread 0x0000018affdb4bb0 Uncommon trap: trap_request=0xffffff45 fr.pc=0x0000018a8f30ca24 relative=0x0000000000000664
Event: 3.274 Thread 0x0000018affdb4bb0 Uncommon trap: reason=unstable_if action=reinterpret pc=0x0000018a8f30ca24 method=java.lang.AbstractStringBuilder.append(Ljava/lang/String;)Ljava/lang/AbstractStringBuilder; @ 1 c2
Event: 3.274 Thread 0x0000018affdb4bb0 DEOPT PACKING pc=0x0000018a8f30ca24 sp=0x0000001c9c4fd440
Event: 3.274 Thread 0x0000018affdb4bb0 DEOPT UNPACKING pc=0x0000018a8ed723a3 sp=0x0000001c9c4fd428 mode 2
Event: 3.447 Thread 0x0000018affdb4bb0 Uncommon trap: trap_request=0xffffff45 fr.pc=0x0000018a8f2ced84 relative=0x0000000000000084
Event: 3.447 Thread 0x0000018affdb4bb0 Uncommon trap: reason=unstable_if action=reinterpret pc=0x0000018a8f2ced84 method=java.lang.String.charAt(I)C @ 4 c2
Event: 3.447 Thread 0x0000018affdb4bb0 DEOPT PACKING pc=0x0000018a8f2ced84 sp=0x0000001c9c4fd520
Event: 3.447 Thread 0x0000018affdb4bb0 DEOPT UNPACKING pc=0x0000018a8ed723a3 sp=0x0000001c9c4fd4c0 mode 2
Event: 77.274 Thread 0x0000018affdb4bb0 Uncommon trap: trap_request=0xffffff45 fr.pc=0x0000018a8f360be4 relative=0x00000000000001c4
Event: 77.274 Thread 0x0000018affdb4bb0 Uncommon trap: reason=unstable_if action=reinterpret pc=0x0000018a8f360be4 method=com.esotericsoftware.kryo.io.Input.require(I)I @ 65 c2
Event: 77.275 Thread 0x0000018affdb4bb0 DEOPT PACKING pc=0x0000018a8f360be4 sp=0x0000001c9c4fd180
Event: 77.277 Thread 0x0000018affdb4bb0 DEOPT UNPACKING pc=0x0000018a8ed723a3 sp=0x0000001c9c4fd130 mode 2
Event: 133.977 Thread 0x0000018affdb4bb0 DEOPT PACKING pc=0x0000018a87aa28cd sp=0x0000001c9c4fd160
Event: 133.977 Thread 0x0000018affdb4bb0 DEOPT UNPACKING pc=0x0000018a8ed72b43 sp=0x0000001c9c4fc5f8 mode 0

Classes unloaded (0 events):
No events

Classes redefined (0 events):
No events

Internal exceptions (20 events):
Event: 0.418 Thread 0x0000018affdb4bb0 Exception <a 'java/lang/NoSuchMethodError'{0x00000000ffd79258}: 'int java.lang.invoke.DirectMethodHandle$Holder.invokeStaticInit(java.lang.Object, java.lang.Object)'> (0x00000000ffd79258) 
thrown [s\open\src\hotspot\share\interpreter\linkResolver.cpp, line 759]
Event: 1.820 Thread 0x0000018affdb4bb0 Exception <a 'java/lang/NoSuchMethodError'{0x00000000ff9f6118}: 'void java.lang.invoke.DirectMethodHandle$Holder.invokeStatic(java.lang.Object, java.lang.Object)'> (0x00000000ff9f6118) 
thrown [s\open\src\hotspot\share\interpreter\linkResolver.cpp, line 759]
Event: 1.879 Thread 0x0000018affdb4bb0 Exception <a 'java/lang/NoClassDefFoundError'{0x00000000ff8779d8}: org/slf4j/impl/StaticMarkerBinder> (0x00000000ff8779d8) 
thrown [s\open\src\hotspot\share\classfile\systemDictionary.cpp, line 245]
Event: 1.915 Thread 0x0000018affdb4bb0 Exception <a 'java/lang/NoSuchMethodError'{0x00000000ff71a6f8}: 'java.lang.Object java.lang.invoke.DirectMethodHandle$Holder.invokeVirtual(java.lang.Object, java.lang.Object, java.lang.Object, java.lang.Object, java.lang.Object, java.lang.Object, java.lang.Object)'> (0x00000000ff71a6f8) 
thrown [s\open\src\hotspot\share\interpreter\linkResolver.cpp, line 759]
Event: 1.921 Thread 0x0000018affdb4bb0 Exception <a 'java/lang/NoSuchMethodError'{0x00000000ff72add0}: 'java.lang.Object java.lang.invoke.Invokers$Holder.invoker(java.lang.Object, java.lang.Object, java.lang.Object)'> (0x00000000ff72add0) 
thrown [s\open\src\hotspot\share\interpreter\linkResolver.cpp, line 759]
Event: 1.923 Thread 0x0000018affdb4bb0 Exception <a 'java/lang/NoSuchMethodError'{0x00000000ff733ee8}: 'java.lang.Object java.lang.invoke.DirectMethodHandle$Holder.invokeStatic(java.lang.Object, java.lang.Object, int)'> (0x00000000ff733ee8) 
thrown [s\open\src\hotspot\share\interpreter\linkResolver.cpp, line 759]
Event: 1.927 Thread 0x0000018affdb4bb0 Exception <a 'java/lang/NoSuchMethodError'{0x00000000ff73fbd8}: 'void java.lang.invoke.DelegatingMethodHandle$Holder.delegate(java.lang.Object, java.lang.Object, int, java.lang.Object)'> (0x00000000ff73fbd8) 
thrown [s\open\src\hotspot\share\interpreter\linkResolver.cpp, line 759]
Event: 1.930 Thread 0x0000018affdb4bb0 Exception <a 'java/lang/NoSuchMethodError'{0x00000000ff743d18}: 'int java.lang.invoke.DirectMethodHandle$Holder.invokeSpecial(java.lang.Object, java.lang.Object, java.lang.Object)'> (0x00000000ff743d18) 
thrown [s\open\src\hotspot\share\interpreter\linkResolver.cpp, line 759]
Event: 1.942 Thread 0x0000018affdb4bb0 Exception <a 'java/lang/NoSuchMethodError'{0x00000000ff7570a0}: 'java.lang.Object java.lang.invoke.Invokers$Holder.invokeExact_MT(java.lang.Object, java.lang.Object, java.lang.Object, java.lang.Object)'> (0x00000000ff7570a0) 
thrown [s\open\src\hotspot\share\interpreter\linkResolver.cpp, line 759]
Event: 2.368 Thread 0x0000018affdb4bb0 Exception <a 'java/lang/NoSuchMethodError'{0x00000000fffe81e8}: 'void java.lang.invoke.DirectMethodHandle$Holder.invokeSpecial(java.lang.Object, java.lang.Object, java.lang.Object)'> (0x00000000fffe81e8) 
thrown [s\open\src\hotspot\share\interpreter\linkResolver.cpp, line 759]
Event: 2.404 Thread 0x0000018affdb4bb0 Implicit null exception at 0x0000018a8f2f748f to 0x0000018a8f2f7a10
Event: 2.481 Thread 0x0000018affdb4bb0 Exception <a 'java/lang/NoSuchMethodError'{0x00000000ffd35898}: 'java.lang.Object java.lang.invoke.DirectMethodHandle$Holder.invokeStaticInit(java.lang.Object)'> (0x00000000ffd35898) 
thrown [s\open\src\hotspot\share\interpreter\linkResolver.cpp, line 759]
Event: 2.696 Thread 0x0000018affdb4bb0 Exception <a 'java/lang/NoSuchMethodError'{0x00000000ffde5d98}: 'int java.lang.invoke.DirectMethodHandle$Holder.invokeVirtual(java.lang.Object, java.lang.Object, java.lang.Object)'> (0x00000000ffde5d98) 
thrown [s\open\src\hotspot\share\interpreter\linkResolver.cpp, line 759]
Event: 2.709 Thread 0x0000018affdb4bb0 Exception <a 'java/lang/NoSuchMethodError'{0x00000000ffc26df0}: 'java.lang.Object java.lang.invoke.DirectMethodHandle$Holder.invokeVirtual(java.lang.Object, java.lang.Object, java.lang.Object)'> (0x00000000ffc26df0) 
thrown [s\open\src\hotspot\share\interpreter\linkResolver.cpp, line 759]
Event: 2.713 Thread 0x0000018affdb4bb0 Implicit null exception at 0x0000018a8f33130f to 0x0000018a8f3318a4
Event: 2.845 Thread 0x0000018affdb4bb0 Exception <a 'java/lang/NoSuchMethodError'{0x00000000ff99e820}: 'java.lang.Object java.lang.invoke.DirectMethodHandle$Holder.invokeStaticInit(java.lang.Object, int, int, int, int)'> (0x00000000ff99e820) 
thrown [s\open\src\hotspot\share\interpreter\linkResolver.cpp, line 759]
Event: 2.954 Thread 0x0000018affdb4bb0 Exception <a 'java/lang/NoSuchMethodError'{0x00000000ff9dfe90}: 'java.lang.Object java.lang.invoke.DirectMethodHandle$Holder.invokeStaticInit(java.lang.Object, java.lang.Object, int, int, int, int)'> (0x00000000ff9dfe90) 
thrown [s\open\src\hotspot\share\interpreter\linkResolver.cpp, line 759]
Event: 3.241 Thread 0x0000018affdb4bb0 Exception <a 'java/lang/NoSuchMethodError'{0x00000000ff80cdf0}: 'void java.lang.invoke.DirectMethodHandle$Holder.invokeStatic(java.lang.Object, java.lang.Object, java.lang.Object)'> (0x00000000ff80cdf0) 
thrown [s\open\src\hotspot\share\interpreter\linkResolver.cpp, line 759]
Event: 3.273 Thread 0x0000018affdb4bb0 Implicit null exception at 0x0000018a8f30b772 to 0x0000018a8f30bd8c
Event: 3.274 Thread 0x0000018affdb4bb0 Implicit null exception at 0x0000018a8f30c3f2 to 0x0000018a8f30ca0c

VM Operations (20 events):
Event: 176.822 Executing VM operation: Cleanup
Event: 176.822 Executing VM operation: Cleanup done
Event: 178.828 Executing VM operation: Cleanup
Event: 178.828 Executing VM operation: Cleanup done
Event: 179.842 Executing VM operation: Cleanup
Event: 179.842 Executing VM operation: Cleanup done
Event: 180.628 Executing VM operation: HandshakeAllThreads
Event: 180.628 Executing VM operation: HandshakeAllThreads done
Event: 203.761 Executing VM operation: Cleanup
Event: 203.761 Executing VM operation: Cleanup done
Event: 205.770 Executing VM operation: Cleanup
Event: 205.770 Executing VM operation: Cleanup done
Event: 211.796 Executing VM operation: Cleanup
Event: 211.797 Executing VM operation: Cleanup done
Event: 218.845 Executing VM operation: Cleanup
Event: 218.845 Executing VM operation: Cleanup done
Event: 234.978 Executing VM operation: Cleanup
Event: 234.978 Executing VM operation: Cleanup done
Event: 240.832 Executing VM operation: HandshakeAllThreads
Event: 240.888 Executing VM operation: HandshakeAllThreads done

Events (20 events):
Event: 27.753 loading class jdk/internal/logger/LoggerFinderLoader
Event: 27.755 loading class jdk/internal/logger/LoggerFinderLoader done
Event: 27.764 loading class jdk/internal/logger/LoggerFinderLoader$TemporaryLoggerFinder
Event: 27.764 loading class jdk/internal/logger/LoggerFinderLoader$TemporaryLoggerFinder done
Event: 27.767 loading class sun/util/logging/internal/LoggingProviderImpl$JULWrapper
Event: 27.768 loading class sun/util/logging/PlatformLogger$ConfigurableBridge$LoggerConfiguration
Event: 27.769 loading class sun/util/logging/PlatformLogger$ConfigurableBridge$LoggerConfiguration done
Event: 27.769 loading class sun/util/logging/internal/LoggingProviderImpl$JULWrapper done
Event: 27.769 loading class java/io/ObjectInputFilter
Event: 27.770 loading class java/io/ObjectInputFilter done
Event: 27.771 loading class java/io/ObjectInputFilter$Config$BuiltinFilterFactory
Event: 27.773 loading class java/io/ObjectInputFilter$Config$BuiltinFilterFactory done
Event: 27.773 loading class jdk/internal/access/JavaObjectInputFilterAccess
Event: 27.773 loading class jdk/internal/access/JavaObjectInputFilterAccess done
Event: 27.774 loading class java/lang/System$Logger$Level
Event: 27.774 loading class java/lang/System$Logger$Level done
Event: 27.775 loading class java/io/Bits
Event: 27.776 loading class java/io/Bits done
Event: 29.685 loading class jdk/internal/misc/ScopedMemoryAccess$Scope
Event: 29.686 loading class jdk/internal/misc/ScopedMemoryAccess$Scope done


Dynamic libraries:
0x00007ff7b6110000 - 0x00007ff7b6120000 	C:\Program Files\Java\jdk-17\bin\java.exe
0x00007ff96c9d0000 - 0x00007ff96cbc8000 	C:\WINDOWS\SYSTEM32\ntdll.dll
0x00007ff96c870000 - 0x00007ff96c92d000 	C:\WINDOWS\System32\KERNEL32.DLL
0x00007ff96a1f0000 - 0x00007ff96a4e6000 	C:\WINDOWS\System32\KERNELBASE.dll
0x00007ff96a0c0000 - 0x00007ff96a1c0000 	C:\WINDOWS\System32\ucrtbase.dll
0x00007ff960940000 - 0x00007ff96095b000 	C:\Program Files\Java\jdk-17\bin\VCRUNTIME140.dll
0x00007ff963160000 - 0x00007ff963179000 	C:\Program Files\Java\jdk-17\bin\jli.dll
0x00007ff96aa10000 - 0x00007ff96aac0000 	C:\WINDOWS\System32\ADVAPI32.dll
0x00007ff96b910000 - 0x00007ff96b9ae000 	C:\WINDOWS\System32\msvcrt.dll
0x00007ff96b7b0000 - 0x00007ff96b850000 	C:\WINDOWS\System32\sechost.dll
0x00007ff96b310000 - 0x00007ff96b433000 	C:\WINDOWS\System32\RPCRT4.dll
0x00007ff96a1c0000 - 0x00007ff96a1e7000 	C:\WINDOWS\System32\bcrypt.dll
0x00007ff953f00000 - 0x00007ff95419a000 	C:\WINDOWS\WinSxS\amd64_microsoft.windows.common-controls_6595b64144ccf1df_6.0.19041.4355_none_60b8b9eb71f62e16\COMCTL32.dll
0x00007ff96b850000 - 0x00007ff96b87b000 	C:\WINDOWS\System32\GDI32.dll
0x00007ff96a090000 - 0x00007ff96a0b2000 	C:\WINDOWS\System32\win32u.dll
0x00007ff96a740000 - 0x00007ff96a857000 	C:\WINDOWS\System32\gdi32full.dll
0x00007ff96a540000 - 0x00007ff96a5dd000 	C:\WINDOWS\System32\msvcp_win.dll
0x00007ff96b5a0000 - 0x00007ff96b73f000 	C:\WINDOWS\System32\USER32.dll
0x00007ff961130000 - 0x00007ff96113a000 	C:\WINDOWS\SYSTEM32\VERSION.dll
0x00007ff96b570000 - 0x00007ff96b59f000 	C:\WINDOWS\System32\IMM32.DLL
0x00007ff9627f0000 - 0x00007ff9627fc000 	C:\Program Files\Java\jdk-17\bin\vcruntime140_1.dll
0x00007ff9532b0000 - 0x00007ff95333e000 	C:\Program Files\Java\jdk-17\bin\msvcp140.dll
0x00007ff913330000 - 0x00007ff913f10000 	C:\Program Files\Java\jdk-17\bin\server\jvm.dll
0x00007ff96aac0000 - 0x00007ff96aac8000 	C:\WINDOWS\System32\PSAPI.DLL
0x00007ff967fd0000 - 0x00007ff967fd9000 	C:\WINDOWS\SYSTEM32\WSOCK32.dll
0x00007ff956920000 - 0x00007ff956947000 	C:\WINDOWS\SYSTEM32\WINMM.dll
0x00007ff96b740000 - 0x00007ff96b7ab000 	C:\WINDOWS\System32\WS2_32.dll
0x00007ff9688a0000 - 0x00007ff9688b2000 	C:\WINDOWS\SYSTEM32\kernel.appcore.dll
0x00007ff960c30000 - 0x00007ff960c3a000 	C:\Program Files\Java\jdk-17\bin\jimage.dll
0x00007ff967c70000 - 0x00007ff967e54000 	C:\WINDOWS\SYSTEM32\DBGHELP.DLL
0x00007ff961c70000 - 0x00007ff961ca4000 	C:\WINDOWS\SYSTEM32\dbgcore.DLL
0x00007ff96a980000 - 0x00007ff96aa02000 	C:\WINDOWS\System32\bcryptPrimitives.dll
0x00007ff9604d0000 - 0x00007ff9604de000 	C:\Program Files\Java\jdk-17\bin\instrument.dll
0x00007ff95a900000 - 0x00007ff95a925000 	C:\Program Files\Java\jdk-17\bin\java.dll
0x00007ff94e170000 - 0x00007ff94e247000 	C:\Program Files\Java\jdk-17\bin\jsvml.dll
0x00007ff96aaf0000 - 0x00007ff96b25c000 	C:\WINDOWS\System32\SHELL32.dll
0x00007ff9680f0000 - 0x00007ff96888d000 	C:\WINDOWS\SYSTEM32\windows.storage.dll
0x00007ff96c310000 - 0x00007ff96c663000 	C:\WINDOWS\System32\combase.dll
0x00007ff969ab0000 - 0x00007ff969ade000 	C:\WINDOWS\SYSTEM32\Wldp.dll
0x00007ff96b9c0000 - 0x00007ff96ba8d000 	C:\WINDOWS\System32\OLEAUT32.dll
0x00007ff96baf0000 - 0x00007ff96bb9d000 	C:\WINDOWS\System32\SHCORE.dll
0x00007ff96bc20000 - 0x00007ff96bc75000 	C:\WINDOWS\System32\shlwapi.dll
0x00007ff969fc0000 - 0x00007ff969fe4000 	C:\WINDOWS\SYSTEM32\profapi.dll
0x00007ff95a8a0000 - 0x00007ff95a8b8000 	C:\Program Files\Java\jdk-17\bin\zip.dll
0x00007ff95a800000 - 0x00007ff95a819000 	C:\Program Files\Java\jdk-17\bin\net.dll
0x00007ff960600000 - 0x00007ff96070a000 	C:\WINDOWS\SYSTEM32\WINHTTP.dll
0x00007ff969810000 - 0x00007ff96987a000 	C:\WINDOWS\system32\mswsock.dll
0x00007ff95a7a0000 - 0x00007ff95a7b6000 	C:\Program Files\Java\jdk-17\bin\nio.dll
0x00007ff960a10000 - 0x00007ff960a20000 	C:\Program Files\Java\jdk-17\bin\verify.dll
0x00007ff93ba70000 - 0x00007ff93ba97000 	C:\Users\Violin\.gradle\native\c067742578af261105cb4f569cf0c3c89f3d7b1fecec35dd04571415982c5e48\windows-amd64\native-platform.dll
0x00007ff9599e0000 - 0x00007ff9599ea000 	C:\Users\Violin\.gradle\native\jansi\1.18\windows64\jansi.dll
0x00007ff95a890000 - 0x00007ff95a89a000 	C:\Program Files\Java\jdk-17\bin\management.dll
0x00007ff95a7f0000 - 0x00007ff95a7fb000 	C:\Program Files\Java\jdk-17\bin\management_ext.dll
0x00007ff969a10000 - 0x00007ff969a28000 	C:\WINDOWS\SYSTEM32\CRYPTSP.dll
0x00007ff9690c0000 - 0x00007ff9690f4000 	C:\WINDOWS\system32\rsaenh.dll
0x00007ff969f70000 - 0x00007ff969f9e000 	C:\WINDOWS\SYSTEM32\USERENV.dll
0x00007ff969a00000 - 0x00007ff969a0c000 	C:\WINDOWS\SYSTEM32\CRYPTBASE.dll
0x00007ff9694a0000 - 0x00007ff9694db000 	C:\WINDOWS\SYSTEM32\IPHLPAPI.DLL
0x00007ff96c2a0000 - 0x00007ff96c2a8000 	C:\WINDOWS\System32\NSI.dll
0x00007ff961110000 - 0x00007ff961127000 	C:\WINDOWS\SYSTEM32\dhcpcsvc6.DLL
0x00007ff961a70000 - 0x00007ff961a8d000 	C:\WINDOWS\SYSTEM32\dhcpcsvc.DLL
0x00007ff9694f0000 - 0x00007ff9695ba000 	C:\WINDOWS\SYSTEM32\DNSAPI.dll
0x00007ff95a730000 - 0x00007ff95a73e000 	C:\Program Files\Java\jdk-17\bin\sunmscapi.dll
0x00007ff96a5e0000 - 0x00007ff96a73e000 	C:\WINDOWS\System32\CRYPT32.dll
0x00007ff969b20000 - 0x00007ff969b49000 	C:\WINDOWS\SYSTEM32\ncrypt.dll
0x00007ff969ae0000 - 0x00007ff969b1b000 	C:\WINDOWS\SYSTEM32\NTASN1.dll
0x00007ff964540000 - 0x00007ff964547000 	C:\WINDOWS\system32\wshunix.dll

dbghelp: loaded successfully - version: 4.0.5 - missing functions: none
symbol engine: initialized successfully - sym options: 0x614 - pdb path: .;C:\Program Files\Java\jdk-17\bin;C:\WINDOWS\SYSTEM32;C:\WINDOWS\WinSxS\amd64_microsoft.windows.common-controls_6595b64144ccf1df_6.0.19041.4355_none_60b8b9eb71f62e16;C:\Program Files\Java\jdk-17\bin\server;C:\Users\Violin\.gradle\native\c067742578af261105cb4f569cf0c3c89f3d7b1fecec35dd04571415982c5e48\windows-amd64;C:\Users\Violin\.gradle\native\jansi\1.18\windows64

VM Arguments:
jvm_args: -Xmx64m -Xms64m -javaagent:C:\Gradle\gradle-8.7/lib/agents/gradle-instrumentation-agent-8.7.jar -Dorg.gradle.appname=gradle 
java_command: org.gradle.launcher.GradleMain build
java_class_path (initial): C:\Gradle\gradle-8.7\lib\gradle-launcher-8.7.jar
Launcher Type: SUN_STANDARD

[Global flags]
     intx CICompilerCount                          = 3                                         {product} {ergonomic}
     uint ConcGCThreads                            = 1                                         {product} {ergonomic}
     uint G1ConcRefinementThreads                  = 4                                         {product} {ergonomic}
   size_t G1HeapRegionSize                         = 1048576                                   {product} {ergonomic}
    uintx GCDrainStackTargetSize                   = 64                                        {product} {ergonomic}
   size_t InitialHeapSize                          = 67108864                                  {product} {command line}
   size_t MarkStackSize                            = 4194304                                   {product} {ergonomic}
   size_t MaxHeapSize                              = 67108864                                  {product} {command line}
   size_t MaxNewSize                               = 39845888                                  {product} {ergonomic}
   size_t MinHeapDeltaBytes                        = 1048576                                   {product} {ergonomic}
   size_t MinHeapSize                              = 67108864                                  {product} {command line}
    uintx NonNMethodCodeHeapSize                   = 5832780                                {pd product} {ergonomic}
    uintx NonProfiledCodeHeapSize                  = 122912730                              {pd product} {ergonomic}
    uintx ProfiledCodeHeapSize                     = 122912730                              {pd product} {ergonomic}
    uintx ReservedCodeCacheSize                    = 251658240                              {pd product} {ergonomic}
     bool SegmentedCodeCache                       = true                                      {product} {ergonomic}
   size_t SoftMaxHeapSize                          = 67108864                               {manageable} {ergonomic}
     bool UseCompressedClassPointers               = true                           {product lp64_product} {ergonomic}
     bool UseCompressedOops                        = true                           {product lp64_product} {ergonomic}
     bool UseG1GC                                  = true                                      {product} {ergonomic}
     bool UseLargePagesIndividualAllocation        = false                                  {pd product} {ergonomic}

Logging:
Log output configuration:
 #0: stdout all=warning uptime,level,tags
 #1: stderr all=off uptime,level,tags

Environment Variables:
CLASSPATH=C:\Gradle\gradle-8.7\lib\gradle-launcher-8.7.jar
PATH=C:\Program Files\Common Files\Oracle\Java\javapath;C:\Program Files (x86)\Intel\iCLS Client\;C:\Program Files\Intel\iCLS Client\;C:\WINDOWS\system32;C:\WINDOWS;C:\WINDOWS\System32\Wbem;C:\WINDOWS\System32\WindowsPowerShell\v1.0\;C:\Program Files\Intel\WiFi\bin\;C:\Program Files\Common Files\Intel\WirelessCommon\;C:\Program Files (x86)\Intel\Intel(R) Management Engine Components\DAL;C:\Program Files\Intel\Intel(R) Management Engine Components\DAL;C:\Program Files (x86)\Intel\Intel(R) Management Engine Components\IPT;C:\Program Files\Intel\Intel(R) Management Engine Components\IPT;C:\WINDOWS\System32\OpenSSH\;C:\Program Files\Git\cmd;C:\Gradle\gradle-8.7\bin;C:\Program Files\dotnet\;C:\Users\Violin\SDKs\platform-tools-latest-windows\platform-tools;C:\Users\Violin\AppData\Local\Microsoft\WindowsApps;C:\Users\Violin\AppData\Local\GitHubDesktop\bin;C:\Users\Violin\SDKs\platform-tools-latest-windows\platform-tools;
USERNAME=Violin
OS=Windows_NT
PROCESSOR_IDENTIFIER=Intel64 Family 6 Model 78 Stepping 3, GenuineIntel



---------------  S Y S T E M  ---------------

OS:
 Windows 10 , 64 bit Build 19041 (10.0.19041.3636)
OS uptime: 43 days 0:08 hours

CPU: total 4 (initial active 4) (2 cores per cpu, 2 threads per core) family 6 model 78 stepping 3 microcode 0xcc, cx8, cmov, fxsr, ht, mmx, 3dnowpref, sse, sse2, sse3, ssse3, sse4.1, sse4.2, popcnt, lzcnt, tsc, tscinvbit, avx, avx2, aes, erms, clmul, bmi1, bmi2, adx, fma, vzeroupper, clflush, clflushopt

Memory: 4k page, system-wide physical 4010M (453M free)
TotalPageFile size 16298M (AvailPageFile size 458M)
current process WorkingSet (physical memory assigned to process): 19M, peak: 90M
current process commit charge ("private bytes"): 159M, peak: 161M

vm_info: Java HotSpot(TM) 64-Bit Server VM (17.0.11+7-LTS-207) for windows-amd64 JRE (17.0.11+7-LTS-207), built on Mar 11 2024 19:01:50 by "mach5one" with MS VC++ 17.6 (VS2022)

END.
