#
# There is insufficient memory for the Java Runtime Environment to continue.
# Native memory allocation (mmap) failed to map 339738624 bytes for G1 virtual space
# Possible reasons:
#   The system is out of physical RAM or swap space
#   The process is running with CompressedOops enabled, and the Java Heap may be blocking the growth of the native heap
# Possible solutions:
#   Reduce memory load on the system
#   Increase physical memory or swap space
#   Check if swap backing store is full
#   Decrease Java heap size (-Xmx/-Xms)
#   Decrease number of Java threads
#   Decrease Java thread stack sizes (-Xss)
#   Set larger code cache with -XX:ReservedCodeCacheSize=
#   JVM is running with Unscaled Compressed Oops mode in which the Java heap is
#     placed in the first 4GB address space. The Java Heap base address is the
#     maximum limit for the native heap growth. Please use -XX:HeapBaseMinAddress
#     to set the Java Heap base and to place the Java Heap above 4GB virtual address.
# This output file may be truncated or incomplete.
#
#  Out of Memory Error (os_windows.cpp:3548), pid=29540, tid=35004
#
# JRE version: Java(TM) SE Runtime Environment (17.0.11+7) (build 17.0.11+7-LTS-207)
# Java VM: Java HotSpot(TM) 64-Bit Server VM (17.0.11+7-LTS-207, mixed mode, sharing, tiered, compressed oops, compressed class ptrs, g1 gc, windows-amd64)
# No core dump will be written. Minidumps are not enabled by default on client versions of Windows
#

---------------  S U M M A R Y ------------

Command Line: --add-opens=java.base/java.util=ALL-UNNAMED --add-opens=java.base/java.lang=ALL-UNNAMED --add-opens=java.base/java.lang.invoke=ALL-UNNAMED --add-opens=java.prefs/java.util.prefs=ALL-UNNAMED --add-opens=java.base/java.nio.charset=ALL-UNNAMED --add-opens=java.base/java.net=ALL-UNNAMED --add-opens=java.base/java.util.concurrent.atomic=ALL-UNNAMED -Xmx1536m -Dfile.encoding=UTF-8 -Duser.country=KR -Duser.language=ko -Duser.variant -javaagent:C:\Users\Violin\.gradle\wrapper\dists\gradle-8.7-bin\bhs2wmbdwecv87pi65oeuq5iu\gradle-8.7\lib\agents\gradle-instrumentation-agent-8.7.jar org.gradle.launcher.daemon.bootstrap.GradleDaemon 8.7

Host: Intel(R) Core(TM) i5-6200U CPU @ 2.30GHz, 4 cores, 3G,  Windows 10 , 64 bit Build 19041 (10.0.19041.3636)
Time: Thu Jul 25 05:16:17 2024  Windows 10 , 64 bit Build 19041 (10.0.19041.3636) elapsed time: 70.363397 seconds (0d 0h 1m 10s)

---------------  T H R E A D  ---------------

Current thread (0x000001fcb99a2a40):  VMThread "VM Thread" [stack: 0x0000008173000000,0x0000008173100000] [id=35004]

Stack: [0x0000008173000000,0x0000008173100000]
Native frames: (J=compiled Java code, j=interpreted, Vv=VM code, C=native code)
V  [jvm.dll+0x679cca]
V  [jvm.dll+0x7da13d]
V  [jvm.dll+0x7dba83]
V  [jvm.dll+0x7dc0f3]
V  [jvm.dll+0x2449af]
V  [jvm.dll+0x676ce9]
V  [jvm.dll+0x66b852]
V  [jvm.dll+0x3018d6]
V  [jvm.dll+0x308e76]
V  [jvm.dll+0x3596ee]
V  [jvm.dll+0x35991f]
V  [jvm.dll+0x2d89a8]
V  [jvm.dll+0x2d6ddd]
V  [jvm.dll+0x2d642c]
V  [jvm.dll+0x319f8b]
V  [jvm.dll+0x7e09eb]
V  [jvm.dll+0x7e1724]
V  [jvm.dll+0x7e1c3d]
V  [jvm.dll+0x7e2014]
V  [jvm.dll+0x7e20e0]
V  [jvm.dll+0x78a85a]
V  [jvm.dll+0x678bb5]
C  [ucrtbase.dll+0x21bb2]
C  [KERNEL32.DLL+0x17344]
C  [ntdll.dll+0x4cc91]

VM_Operation (0x0000008176af8800): G1CollectForAllocation, mode: safepoint, requested by thread 0x000001fd20a0a320


---------------  P R O C E S S  ---------------

Threads class SMR info:
_java_thread_list=0x000001fd220e2da0, length=96, elements={
0x000001fcb98d7400, 0x000001fcb99ab010, 0x000001fcb99ac340, 0x000001fcd5f067d0,
0x000001fcd5f080b0, 0x000001fcd5f09120, 0x000001fcd5f0d690, 0x000001fcd5f10a40,
0x000001fcd5f11ba0, 0x000001fcd5f226c0, 0x000001fcb9997740, 0x000001fd1b1f5f70,
0x000001fd1c57f9c0, 0x000001fd1bbf22d0, 0x000001fd1bbe2aa0, 0x000001fd1baf9ca0,
0x000001fd1c80a510, 0x000001fd1bd4ff90, 0x000001fd1bd50ec0, 0x000001fd1bd518e0,
0x000001fd1bd504a0, 0x000001fd1bd513d0, 0x000001fd1bd52300, 0x000001fd1bd52810,
0x000001fd1bd4f060, 0x000001fd1bd4f570, 0x000001fd1bd4fa80, 0x000001fd1bd509b0,
0x000001fd1e028a20, 0x000001fd1e0270d0, 0x000001fd1e023e30, 0x000001fd1e02a370,
0x000001fd1e024340, 0x000001fd1e028000, 0x000001fd1e026bc0, 0x000001fd1e029950,
0x000001fd1e0275e0, 0x000001fd1e023920, 0x000001fd1e028510, 0x000001fd1e025270,
0x000001fd1e02a880, 0x000001fd1e024850, 0x000001fd1e025780, 0x000001fd1e028f30,
0x000001fd1e029440, 0x000001fd1e02ad90, 0x000001fd1e025c90, 0x000001fd20a0a830,
0x000001fd20a05c40, 0x000001fd20a07080, 0x000001fd20a0a320, 0x000001fd20a0ad40,
0x000001fd20a06b70, 0x000001fd20a07590, 0x000001fd20a07aa0, 0x000001fd20a038d0,
0x000001fd20a09e10, 0x000001fd20a03de0, 0x000001fd20a09900, 0x000001fd20a0b250,
0x000001fd20a089d0, 0x000001fd20a07fb0, 0x000001fd20a084c0, 0x000001fd20a06150,
0x000001fd1df2b520, 0x000001fd1df2ce70, 0x000001fd1df2f1e0, 0x000001fd1df2ba30,
0x000001fd1df2e2b0, 0x000001fd1df2a5f0, 0x000001fd1df29bd0, 0x000001fd1df2ab00,
0x000001fd1df2f6f0, 0x000001fd1df2bf40, 0x000001fd1df28280, 0x000001fd1df2c450,
0x000001fd1df2d380, 0x000001fd1df28790, 0x000001fd1df2c960, 0x000001fd1df28ca0,
0x000001fd1df2d890, 0x000001fd1df2dda0, 0x000001fd1df291b0, 0x000001fd1df2e7c0,
0x000001fd1df296c0, 0x000001fd1b3e6af0, 0x000001fd1b3e8440, 0x000001fd1b3e5bc0,
0x000001fd1b3e7000, 0x000001fd1b3e3850, 0x000001fd1b3e2e30, 0x000001fd1b3e7510,
0x000001fd1b3e3340, 0x000001fd1b3e2920, 0x000001fd1b3e3d60, 0x000001fd1b3e4270
}

Java Threads: ( => current thread )
  0x000001fcb98d7400 JavaThread "main" [_thread_blocked, id=35196, stack(0x0000008172a00000,0x0000008172b00000)]
  0x000001fcb99ab010 JavaThread "Reference Handler" daemon [_thread_blocked, id=39384, stack(0x0000008173100000,0x0000008173200000)]
  0x000001fcb99ac340 JavaThread "Finalizer" daemon [_thread_blocked, id=39824, stack(0x0000008173200000,0x0000008173300000)]
  0x000001fcd5f067d0 JavaThread "Signal Dispatcher" daemon [_thread_blocked, id=30140, stack(0x0000008173300000,0x0000008173400000)]
  0x000001fcd5f080b0 JavaThread "Attach Listener" daemon [_thread_blocked, id=36844, stack(0x0000008173400000,0x0000008173500000)]
  0x000001fcd5f09120 JavaThread "Service Thread" daemon [_thread_blocked, id=36372, stack(0x0000008173500000,0x0000008173600000)]
  0x000001fcd5f0d690 JavaThread "Monitor Deflation Thread" daemon [_thread_blocked, id=37204, stack(0x0000008173600000,0x0000008173700000)]
  0x000001fcd5f10a40 JavaThread "C2 CompilerThread0" daemon [_thread_blocked, id=24740, stack(0x0000008173700000,0x0000008173800000)]
  0x000001fcd5f11ba0 JavaThread "C1 CompilerThread0" daemon [_thread_blocked, id=30936, stack(0x0000008173800000,0x0000008173900000)]
  0x000001fcd5f226c0 JavaThread "Sweeper thread" daemon [_thread_blocked, id=24160, stack(0x0000008173900000,0x0000008173a00000)]
  0x000001fcb9997740 JavaThread "Common-Cleaner" daemon [_thread_blocked, id=37564, stack(0x0000008173a00000,0x0000008173b00000)]
  0x000001fd1b1f5f70 JavaThread "Notification Thread" daemon [_thread_blocked, id=28092, stack(0x0000008173b00000,0x0000008173c00000)]
  0x000001fd1c57f9c0 JavaThread "Daemon health stats" [_thread_blocked, id=8408, stack(0x0000008174000000,0x0000008174100000)]
  0x000001fd1bbf22d0 JavaThread "Incoming local TCP Connector on port 57977" [_thread_in_native, id=34772, stack(0x0000008174100000,0x0000008174200000)]
  0x000001fd1bbe2aa0 JavaThread "Daemon periodic checks" [_thread_blocked, id=2092, stack(0x0000008174200000,0x0000008174300000)]
  0x000001fd1baf9ca0 JavaThread "Daemon" [_thread_blocked, id=33628, stack(0x0000008174300000,0x0000008174400000)]
  0x000001fd1c80a510 JavaThread "Handler for socket connection from /127.0.0.1:57977 to /127.0.0.1:57978" [_thread_in_native, id=37960, stack(0x0000008174400000,0x0000008174500000)]
  0x000001fd1bd4ff90 JavaThread "Cancel handler" [_thread_blocked, id=22848, stack(0x0000008174500000,0x0000008174600000)]
  0x000001fd1bd50ec0 JavaThread "Daemon worker" [_thread_blocked, id=34608, stack(0x0000008174600000,0x0000008174700000)]
  0x000001fd1bd518e0 JavaThread "Asynchronous log dispatcher for DefaultDaemonConnection: socket connection from /127.0.0.1:57977 to /127.0.0.1:57978" [_thread_blocked, id=36660, stack(0x0000008174700000,0x0000008174800000)]
  0x000001fd1bd504a0 JavaThread "Stdin handler" [_thread_blocked, id=31296, stack(0x0000008174800000,0x0000008174900000)]
  0x000001fd1bd513d0 JavaThread "Daemon client event forwarder" [_thread_blocked, id=33780, stack(0x0000008174900000,0x0000008174a00000)]
  0x000001fd1bd52300 JavaThread "Cache worker for journal cache (C:\Users\Violin\.gradle\caches\journal-1)" [_thread_blocked, id=39640, stack(0x0000008174a00000,0x0000008174b00000)]
  0x000001fd1bd52810 JavaThread "File lock request listener" [_thread_in_native, id=34216, stack(0x0000008174b00000,0x0000008174c00000)]
  0x000001fd1bd4f060 JavaThread "Cache worker for file hash cache (C:\Users\Violin\.gradle\caches\8.7\fileHashes)" [_thread_blocked, id=6808, stack(0x0000008174c00000,0x0000008174d00000)]
  0x000001fd1bd4f570 JavaThread "Cache worker for file hash cache (C:\Users\Violin\AndroidStudioProjects\Simple Bank Manager\.gradle\8.7\fileHashes)" [_thread_blocked, id=35284, stack(0x0000008174d00000,0x0000008174e00000)]
  0x000001fd1bd4fa80 JavaThread "File watcher server" daemon [_thread_blocked, id=29816, stack(0x0000008174e00000,0x0000008174f00000)]
  0x000001fd1bd509b0 JavaThread "File watcher consumer" daemon [_thread_blocked, id=37736, stack(0x0000008174f00000,0x0000008175000000)]
  0x000001fd1e028a20 JavaThread "Cache worker for checksums cache (C:\Users\Violin\AndroidStudioProjects\Simple Bank Manager\.gradle\8.7\checksums)" [_thread_blocked, id=39288, stack(0x0000008175000000,0x0000008175100000)]
  0x000001fd1e0270d0 JavaThread "Cache worker for cache directory md-supplier (C:\Users\Violin\.gradle\caches\8.7\md-supplier)" [_thread_blocked, id=36588, stack(0x0000008175100000,0x0000008175200000)]
  0x000001fd1e023e30 JavaThread "Cache worker for cache directory md-rule (C:\Users\Violin\.gradle\caches\8.7\md-rule)" [_thread_blocked, id=23236, stack(0x0000008175200000,0x0000008175300000)]
  0x000001fd1e02a370 JavaThread "Cache worker for file content cache (C:\Users\Violin\.gradle\caches\8.7\fileContent)" [_thread_blocked, id=36792, stack(0x0000008175300000,0x0000008175400000)]
  0x000001fd1e024340 JavaThread "jar transforms" [_thread_blocked, id=30332, stack(0x0000008175400000,0x0000008175500000)]
  0x000001fd1e028000 JavaThread "Unconstrained build operations" [_thread_blocked, id=16884, stack(0x0000008175600000,0x0000008175700000)]
  0x000001fd1e026bc0 JavaThread "Unconstrained build operations Thread 2" [_thread_blocked, id=36012, stack(0x0000008175700000,0x0000008175800000)]
  0x000001fd1e029950 JavaThread "jar transforms Thread 2" [_thread_blocked, id=35200, stack(0x0000008175800000,0x0000008175900000)]
  0x000001fd1e0275e0 JavaThread "Cache worker for Build Output Cleanup Cache (C:\Users\Violin\AndroidStudioProjects\Simple Bank Manager\.gradle\buildOutputCleanup)" [_thread_blocked, id=23576, stack(0x0000008175900000,0x0000008175a00000)]
  0x000001fd1e023920 JavaThread "jar transforms Thread 3" [_thread_blocked, id=36484, stack(0x0000008175a00000,0x0000008175b00000)]
  0x000001fd1e028510 JavaThread "Unconstrained build operations Thread 3" [_thread_blocked, id=33176, stack(0x0000008175b00000,0x0000008175c00000)]
  0x000001fd1e025270 JavaThread "Unconstrained build operations Thread 4" [_thread_blocked, id=39512, stack(0x0000008175c00000,0x0000008175d00000)]
  0x000001fd1e02a880 JavaThread "Unconstrained build operations Thread 5" [_thread_blocked, id=36560, stack(0x0000008175d00000,0x0000008175e00000)]
  0x000001fd1e024850 JavaThread "Unconstrained build operations Thread 6" [_thread_blocked, id=38612, stack(0x0000008175e00000,0x0000008175f00000)]
  0x000001fd1e025780 JavaThread "Unconstrained build operations Thread 7" [_thread_blocked, id=38052, stack(0x0000008175f00000,0x0000008176000000)]
  0x000001fd1e028f30 JavaThread "Unconstrained build operations Thread 8" [_thread_blocked, id=34628, stack(0x0000008176000000,0x0000008176100000)]
  0x000001fd1e029440 JavaThread "jar transforms Thread 4" [_thread_blocked, id=17396, stack(0x0000008176100000,0x0000008176200000)]
  0x000001fd1e02ad90 JavaThread "Memory manager" [_thread_blocked, id=39320, stack(0x0000008176200000,0x0000008176300000)]
  0x000001fd1e025c90 JavaThread "build event listener" [_thread_blocked, id=29532, stack(0x0000008176400000,0x0000008176500000)]
  0x000001fd20a0a830 JavaThread "included builds" [_thread_blocked, id=36092, stack(0x0000008176700000,0x0000008176800000)]
  0x000001fd20a05c40 JavaThread "Execution worker" [_thread_blocked, id=36020, stack(0x0000008176800000,0x0000008176900000)]
  0x000001fd20a07080 JavaThread "Execution worker Thread 2" [_thread_blocked, id=16380, stack(0x0000008176900000,0x0000008176a00000)]
  0x000001fd20a0a320 JavaThread "Execution worker Thread 3" [_thread_blocked, id=2640, stack(0x0000008176a00000,0x0000008176b00000)]
  0x000001fd20a0ad40 JavaThread "Cache worker for execution history cache (C:\Users\Violin\AndroidStudioProjects\Simple Bank Manager\.gradle\8.7\executionHistory)" [_thread_blocked, id=27512, stack(0x0000008176b00000,0x0000008176c00000)]
  0x000001fd20a06b70 JavaThread "Unconstrained build operations Thread 9" [_thread_blocked, id=34796, stack(0x0000008176c00000,0x0000008176d00000)]
  0x000001fd20a07590 JavaThread "Unconstrained build operations Thread 10" [_thread_blocked, id=33380, stack(0x0000008176d00000,0x0000008176e00000)]
  0x000001fd20a07aa0 JavaThread "Unconstrained build operations Thread 11" [_thread_blocked, id=11276, stack(0x0000008176e00000,0x0000008176f00000)]
  0x000001fd20a038d0 JavaThread "Unconstrained build operations Thread 12" [_thread_blocked, id=32436, stack(0x0000008176f00000,0x0000008177000000)]
  0x000001fd20a09e10 JavaThread "Unconstrained build operations Thread 13" [_thread_blocked, id=39632, stack(0x0000008177000000,0x0000008177100000)]
  0x000001fd20a03de0 JavaThread "Unconstrained build operations Thread 14" [_thread_blocked, id=31328, stack(0x0000008177200000,0x0000008177300000)]
  0x000001fd20a09900 JavaThread "Unconstrained build operations Thread 15" [_thread_blocked, id=36516, stack(0x0000008177300000,0x0000008177400000)]
  0x000001fd20a0b250 JavaThread "Unconstrained build operations Thread 16" [_thread_blocked, id=39708, stack(0x0000008177400000,0x0000008177500000)]
  0x000001fd20a089d0 JavaThread "WorkerExecutor Queue Thread 2" [_thread_blocked, id=35472, stack(0x0000008176300000,0x0000008176400000)]
  0x000001fd20a07fb0 JavaThread "WorkerExecutor Queue Thread 3" [_thread_blocked, id=9900, stack(0x0000008177500000,0x0000008177600000)]
  0x000001fd20a084c0 JavaThread "WorkerExecutor Queue Thread 4" [_thread_blocked, id=37540, stack(0x0000008177600000,0x0000008177700000)]
  0x000001fd20a06150 JavaThread "Java2D Disposer" daemon [_thread_blocked, id=36952, stack(0x0000008177700000,0x0000008177800000)]
  0x000001fd1df2b520 JavaThread "Unconstrained build operations Thread 17" [_thread_blocked, id=33604, stack(0x0000008177900000,0x0000008177a00000)]
  0x000001fd1df2ce70 JavaThread "Unconstrained build operations Thread 18" [_thread_blocked, id=37976, stack(0x0000008177a00000,0x0000008177b00000)]
  0x000001fd1df2f1e0 JavaThread "Unconstrained build operations Thread 19" [_thread_blocked, id=21136, stack(0x0000008177b00000,0x0000008177c00000)]
  0x000001fd1df2ba30 JavaThread "Unconstrained build operations Thread 20" [_thread_blocked, id=31668, stack(0x0000008177c00000,0x0000008177d00000)]
  0x000001fd1df2e2b0 JavaThread "Unconstrained build operations Thread 21" [_thread_blocked, id=37024, stack(0x0000008177d00000,0x0000008177e00000)]
  0x000001fd1df2a5f0 JavaThread "Unconstrained build operations Thread 22" [_thread_blocked, id=36620, stack(0x0000008177e00000,0x0000008177f00000)]
  0x000001fd1df29bd0 JavaThread "Unconstrained build operations Thread 23" [_thread_blocked, id=30280, stack(0x0000008177f00000,0x0000008178000000)]
  0x000001fd1df2ab00 JavaThread "Unconstrained build operations Thread 24" [_thread_blocked, id=35548, stack(0x0000008178000000,0x0000008178100000)]
  0x000001fd1df2f6f0 JavaThread "Unconstrained build operations Thread 25" [_thread_blocked, id=35276, stack(0x0000008178100000,0x0000008178200000)]
  0x000001fd1df2bf40 JavaThread "Unconstrained build operations Thread 26" [_thread_blocked, id=37144, stack(0x0000008172700000,0x0000008172800000)]
  0x000001fd1df28280 JavaThread "Unconstrained build operations Thread 27" [_thread_blocked, id=19268, stack(0x0000008172800000,0x0000008172900000)]
  0x000001fd1df2c450 JavaThread "Unconstrained build operations Thread 28" [_thread_blocked, id=34684, stack(0x0000008172900000,0x0000008172a00000)]
  0x000001fd1df2d380 JavaThread "Unconstrained build operations Thread 29" [_thread_blocked, id=31044, stack(0x0000008178200000,0x0000008178300000)]
  0x000001fd1df28790 JavaThread "Unconstrained build operations Thread 30" [_thread_blocked, id=29740, stack(0x0000008178300000,0x0000008178400000)]
  0x000001fd1df2c960 JavaThread "Unconstrained build operations Thread 31" [_thread_blocked, id=10228, stack(0x0000008178400000,0x0000008178500000)]
  0x000001fd1df28ca0 JavaThread "Unconstrained build operations Thread 32" [_thread_blocked, id=17760, stack(0x0000008178500000,0x0000008178600000)]
  0x000001fd1df2d890 JavaThread "Unconstrained build operations Thread 33" [_thread_blocked, id=37208, stack(0x0000008178600000,0x0000008178700000)]
  0x000001fd1df2dda0 JavaThread "Unconstrained build operations Thread 34" [_thread_blocked, id=38688, stack(0x0000008178700000,0x0000008178800000)]
  0x000001fd1df291b0 JavaThread "Unconstrained build operations Thread 35" [_thread_blocked, id=38432, stack(0x0000008178800000,0x0000008178900000)]
  0x000001fd1df2e7c0 JavaThread "Unconstrained build operations Thread 36" [_thread_blocked, id=19580, stack(0x0000008178900000,0x0000008178a00000)]
  0x000001fd1df296c0 JavaThread "Unconstrained build operations Thread 37" [_thread_blocked, id=38848, stack(0x0000008178a00000,0x0000008178b00000)]
  0x000001fd1b3e6af0 JavaThread "Unconstrained build operations Thread 38" [_thread_blocked, id=33504, stack(0x0000008178b00000,0x0000008178c00000)]
  0x000001fd1b3e8440 JavaThread "Unconstrained build operations Thread 39" [_thread_blocked, id=36100, stack(0x0000008178c00000,0x0000008178d00000)]
  0x000001fd1b3e5bc0 JavaThread "Unconstrained build operations Thread 40" [_thread_blocked, id=39168, stack(0x0000008178d00000,0x0000008178e00000)]
  0x000001fd1b3e7000 JavaThread "WorkerExecutor Queue Thread 5" [_thread_blocked, id=33508, stack(0x0000008178e00000,0x0000008178f00000)]
  0x000001fd1b3e3850 JavaThread "pool-3-thread-1" [_thread_blocked, id=19592, stack(0x0000008177100000,0x0000008177200000)]
  0x000001fd1b3e2e30 JavaThread "ForkJoinPool-1-worker-1" daemon [_thread_blocked, id=36116, stack(0x0000008179000000,0x0000008179100000)]
  0x000001fd1b3e7510 JavaThread "ForkJoinPool-1-worker-2" daemon [_thread_blocked, id=28224, stack(0x0000008179100000,0x0000008179200000)]
  0x000001fd1b3e3340 JavaThread "ForkJoinPool-1-worker-3" daemon [_thread_blocked, id=39832, stack(0x0000008179200000,0x0000008179300000)]
  0x000001fd1b3e2920 JavaThread "ForkJoinPool-1-worker-4" daemon [_thread_blocked, id=36816, stack(0x0000008179300000,0x0000008179400000)]
  0x000001fd1b3e3d60 JavaThread "stderr" [_thread_in_native, id=25180, stack(0x0000008179400000,0x0000008179500000)]
  0x000001fd1b3e4270 JavaThread "stdout" [_thread_in_native, id=22348, stack(0x0000008179500000,0x0000008179600000)]

Other Threads:
=>0x000001fcb99a2a40 VMThread "VM Thread" [stack: 0x0000008173000000,0x0000008173100000] [id=35004]
  0x000001fd1b198570 WatcherThread [stack: 0x0000008173c00000,0x0000008173d00000] [id=29944]
  0x000001fcb99210b0 GCTaskThread "GC Thread#0" [stack: 0x0000008172b00000,0x0000008172c00000] [id=26060]
  0x000001fd1b365720 GCTaskThread "GC Thread#1" [stack: 0x0000008173d00000,0x0000008173e00000] [id=14888]
  0x000001fd1b362c60 GCTaskThread "GC Thread#2" [stack: 0x0000008173e00000,0x0000008173f00000] [id=34612]
  0x000001fd1b29eb70 GCTaskThread "GC Thread#3" [stack: 0x0000008173f00000,0x0000008174000000] [id=15428]
  0x000001fcb992ef20 ConcurrentGCThread "G1 Main Marker" [stack: 0x0000008172c00000,0x0000008172d00000] [id=7088]
  0x000001fcb9930ff0 ConcurrentGCThread "G1 Conc#0" [stack: 0x0000008172d00000,0x0000008172e00000] [id=39076]
  0x000001fcb9982450 ConcurrentGCThread "G1 Refine#0" [stack: 0x0000008172e00000,0x0000008172f00000] [id=38904]
  0x000001fd1f2d3c30 ConcurrentGCThread "G1 Refine#1" [stack: 0x0000008177800000,0x0000008177900000] [id=32200]
  0x000001fd1f2d4210 ConcurrentGCThread "G1 Refine#2" [stack: 0x0000008178f00000,0x0000008179000000] [id=38048]
  0x000001fcb9982c90 ConcurrentGCThread "G1 Service" [stack: 0x0000008172f00000,0x0000008173000000] [id=2740]

Threads with active compile tasks:
C2 CompilerThread0    70508 17852 %     4       com.android.tools.r8.dex.i::a @ 315 (1041 bytes)

VM state: at safepoint (normal execution)

VM Mutex/Monitor currently owned by a thread:  ([mutex/lock_event])
[0x000001fcb98d2860] Threads_lock - owner thread: 0x000001fcb99a2a40
[0x000001fcb98d2230] Heap_lock - owner thread: 0x000001fd20a0a320

Heap address: 0x00000000a0000000, size: 1536 MB, Compressed Oops mode: 32-bit

CDS archive(s) mapped at: [0x000001fcd6000000-0x000001fcd6bd0000-0x000001fcd6bd0000), size 12386304, SharedBaseAddress: 0x000001fcd6000000, ArchiveRelocationMode: 1.
Compressed class space mapped at: 0x000001fcd7000000-0x000001fd17000000, reserved size: 1073741824
Narrow klass base: 0x000001fcd6000000, Narrow klass shift: 0, Narrow klass range: 0x100000000

GC Precious Log:
 CPUs: 4 total, 4 available
 Memory: 4010M
 Large Page Support: Disabled
 NUMA Support: Disabled
 Compressed Oops: Enabled (32-bit)
 Heap Region Size: 1M
 Heap Min Capacity: 8M
 Heap Initial Capacity: 64M
 Heap Max Capacity: 1536M
 Pre-touch: Disabled
 Parallel Workers: 4
 Concurrent Workers: 1
 Concurrent Refinement Workers: 4
 Periodic GC: Disabled

Heap:
 garbage-first heap   total 312320K, used 232448K [0x00000000a0000000, 0x0000000100000000)
  region size 1024K, 5 young (5120K), 5 survivors (5120K)
 Metaspace       used 115587K, committed 116416K, reserved 1179648K
  class space    used 15427K, committed 15872K, reserved 1048576K

Heap Regions: E=young(eden), S=young(survivor), O=old, HS=humongous(starts), HC=humongous(continues), CS=collection set, F=free, OA=open archive, CA=closed archive, TAMS=top-at-mark-start (previous, next)
|   0|0x00000000a0000000, 0x00000000a0100000, 0x00000000a0100000|100%| O|  |TAMS 0x00000000a0100000, 0x00000000a0000000| Untracked 
|   1|0x00000000a0100000, 0x00000000a0200000, 0x00000000a0200000|100%|HS|  |TAMS 0x00000000a0200000, 0x00000000a0100000| Complete 
|   2|0x00000000a0200000, 0x00000000a0300000, 0x00000000a0300000|100%|HC|  |TAMS 0x00000000a0300000, 0x00000000a0200000| Complete 
|   3|0x00000000a0300000, 0x00000000a0400000, 0x00000000a0400000|100%|HC|  |TAMS 0x00000000a0400000, 0x00000000a0300000| Complete 
|   4|0x00000000a0400000, 0x00000000a0500000, 0x00000000a0500000|100%|HC|  |TAMS 0x00000000a0500000, 0x00000000a0400000| Complete 
|   5|0x00000000a0500000, 0x00000000a0600000, 0x00000000a0600000|100%| O|  |TAMS 0x00000000a0600000, 0x00000000a0500000| Untracked 
|   6|0x00000000a0600000, 0x00000000a0700000, 0x00000000a0700000|100%| O|  |TAMS 0x00000000a0700000, 0x00000000a0600000| Untracked 
|   7|0x00000000a0700000, 0x00000000a0800000, 0x00000000a0800000|100%| O|  |TAMS 0x00000000a0800000, 0x00000000a0700000| Untracked 
|   8|0x00000000a0800000, 0x00000000a0900000, 0x00000000a0900000|100%| O|  |TAMS 0x00000000a0900000, 0x00000000a0800000| Untracked 
|   9|0x00000000a0900000, 0x00000000a0a00000, 0x00000000a0a00000|100%| O|  |TAMS 0x00000000a0a00000, 0x00000000a0900000| Untracked 
|  10|0x00000000a0a00000, 0x00000000a0b00000, 0x00000000a0b00000|100%| O|  |TAMS 0x00000000a0b00000, 0x00000000a0a00000| Untracked 
|  11|0x00000000a0b00000, 0x00000000a0c00000, 0x00000000a0c00000|100%| O|  |TAMS 0x00000000a0c00000, 0x00000000a0b00000| Untracked 
|  12|0x00000000a0c00000, 0x00000000a0d00000, 0x00000000a0d00000|100%| O|  |TAMS 0x00000000a0d00000, 0x00000000a0c00000| Untracked 
|  13|0x00000000a0d00000, 0x00000000a0e00000, 0x00000000a0e00000|100%| O|  |TAMS 0x00000000a0e00000, 0x00000000a0d00000| Untracked 
|  14|0x00000000a0e00000, 0x00000000a0f00000, 0x00000000a0f00000|100%| O|  |TAMS 0x00000000a0f00000, 0x00000000a0e00000| Untracked 
|  15|0x00000000a0f00000, 0x00000000a1000000, 0x00000000a1000000|100%| O|  |TAMS 0x00000000a1000000, 0x00000000a0f00000| Untracked 
|  16|0x00000000a1000000, 0x00000000a1100000, 0x00000000a1100000|100%| O|  |TAMS 0x00000000a1100000, 0x00000000a1000000| Untracked 
|  17|0x00000000a1100000, 0x00000000a1200000, 0x00000000a1200000|100%| O|  |TAMS 0x00000000a1200000, 0x00000000a1100000| Untracked 
|  18|0x00000000a1200000, 0x00000000a1300000, 0x00000000a1300000|100%| O|  |TAMS 0x00000000a1300000, 0x00000000a1200000| Untracked 
|  19|0x00000000a1300000, 0x00000000a1400000, 0x00000000a1400000|100%| O|  |TAMS 0x00000000a1400000, 0x00000000a1300000| Untracked 
|  20|0x00000000a1400000, 0x00000000a1500000, 0x00000000a1500000|100%| O|  |TAMS 0x00000000a1500000, 0x00000000a1400000| Untracked 
|  21|0x00000000a1500000, 0x00000000a1600000, 0x00000000a1600000|100%| O|  |TAMS 0x00000000a1600000, 0x00000000a1500000| Untracked 
|  22|0x00000000a1600000, 0x00000000a1700000, 0x00000000a1700000|100%| O|  |TAMS 0x00000000a1700000, 0x00000000a1600000| Untracked 
|  23|0x00000000a1700000, 0x00000000a1800000, 0x00000000a1800000|100%| O|  |TAMS 0x00000000a1800000, 0x00000000a1700000| Untracked 
|  24|0x00000000a1800000, 0x00000000a1900000, 0x00000000a1900000|100%| O|  |TAMS 0x00000000a1900000, 0x00000000a1800000| Untracked 
|  25|0x00000000a1900000, 0x00000000a1a00000, 0x00000000a1a00000|100%| O|  |TAMS 0x00000000a1a00000, 0x00000000a1900000| Untracked 
|  26|0x00000000a1a00000, 0x00000000a1b00000, 0x00000000a1b00000|100%| O|  |TAMS 0x00000000a1b00000, 0x00000000a1a00000| Untracked 
|  27|0x00000000a1b00000, 0x00000000a1c00000, 0x00000000a1c00000|100%| O|  |TAMS 0x00000000a1c00000, 0x00000000a1b00000| Untracked 
|  28|0x00000000a1c00000, 0x00000000a1d00000, 0x00000000a1d00000|100%| O|  |TAMS 0x00000000a1d00000, 0x00000000a1c00000| Untracked 
|  29|0x00000000a1d00000, 0x00000000a1e00000, 0x00000000a1e00000|100%| O|  |TAMS 0x00000000a1e00000, 0x00000000a1d00000| Untracked 
|  30|0x00000000a1e00000, 0x00000000a1f00000, 0x00000000a1f00000|100%| O|  |TAMS 0x00000000a1f00000, 0x00000000a1e00000| Untracked 
|  31|0x00000000a1f00000, 0x00000000a2000000, 0x00000000a2000000|100%| O|  |TAMS 0x00000000a2000000, 0x00000000a1f00000| Untracked 
|  32|0x00000000a2000000, 0x00000000a2100000, 0x00000000a2100000|100%| O|  |TAMS 0x00000000a2100000, 0x00000000a2000000| Untracked 
|  33|0x00000000a2100000, 0x00000000a2200000, 0x00000000a2200000|100%| O|  |TAMS 0x00000000a2200000, 0x00000000a2100000| Untracked 
|  34|0x00000000a2200000, 0x00000000a2300000, 0x00000000a2300000|100%| O|  |TAMS 0x00000000a2300000, 0x00000000a2200000| Untracked 
|  35|0x00000000a2300000, 0x00000000a2400000, 0x00000000a2400000|100%| O|  |TAMS 0x00000000a2400000, 0x00000000a2300000| Untracked 
|  36|0x00000000a2400000, 0x00000000a2500000, 0x00000000a2500000|100%| O|  |TAMS 0x00000000a2500000, 0x00000000a2400000| Untracked 
|  37|0x00000000a2500000, 0x00000000a2600000, 0x00000000a2600000|100%| O|  |TAMS 0x00000000a2600000, 0x00000000a2500000| Untracked 
|  38|0x00000000a2600000, 0x00000000a2700000, 0x00000000a2700000|100%| O|  |TAMS 0x00000000a2700000, 0x00000000a2600000| Untracked 
|  39|0x00000000a2700000, 0x00000000a2800000, 0x00000000a2800000|100%| O|  |TAMS 0x00000000a2800000, 0x00000000a2700000| Untracked 
|  40|0x00000000a2800000, 0x00000000a2900000, 0x00000000a2900000|100%| O|  |TAMS 0x00000000a2900000, 0x00000000a2800000| Untracked 
|  41|0x00000000a2900000, 0x00000000a2a00000, 0x00000000a2a00000|100%| O|  |TAMS 0x00000000a2a00000, 0x00000000a2900000| Untracked 
|  42|0x00000000a2a00000, 0x00000000a2b00000, 0x00000000a2b00000|100%| O|  |TAMS 0x00000000a2b00000, 0x00000000a2a00000| Untracked 
|  43|0x00000000a2b00000, 0x00000000a2c00000, 0x00000000a2c00000|100%| O|  |TAMS 0x00000000a2c00000, 0x00000000a2b00000| Untracked 
|  44|0x00000000a2c00000, 0x00000000a2d00000, 0x00000000a2d00000|100%| O|  |TAMS 0x00000000a2d00000, 0x00000000a2c00000| Untracked 
|  45|0x00000000a2d00000, 0x00000000a2e00000, 0x00000000a2e00000|100%| O|  |TAMS 0x00000000a2e00000, 0x00000000a2d00000| Untracked 
|  46|0x00000000a2e00000, 0x00000000a2f00000, 0x00000000a2f00000|100%| O|  |TAMS 0x00000000a2f00000, 0x00000000a2e00000| Untracked 
|  47|0x00000000a2f00000, 0x00000000a3000000, 0x00000000a3000000|100%| O|  |TAMS 0x00000000a3000000, 0x00000000a2f00000| Untracked 
|  48|0x00000000a3000000, 0x00000000a3100000, 0x00000000a3100000|100%| O|  |TAMS 0x00000000a3100000, 0x00000000a3000000| Untracked 
|  49|0x00000000a3100000, 0x00000000a3200000, 0x00000000a3200000|100%|HS|  |TAMS 0x00000000a3200000, 0x00000000a3100000| Complete 
|  50|0x00000000a3200000, 0x00000000a3300000, 0x00000000a3300000|100%|HS|  |TAMS 0x00000000a3300000, 0x00000000a3200000| Complete 
|  51|0x00000000a3300000, 0x00000000a3400000, 0x00000000a3400000|100%|HS|  |TAMS 0x00000000a3400000, 0x00000000a3300000| Complete 
|  52|0x00000000a3400000, 0x00000000a3500000, 0x00000000a3500000|100%|HS|  |TAMS 0x00000000a3500000, 0x00000000a3400000| Complete 
|  53|0x00000000a3500000, 0x00000000a3600000, 0x00000000a3600000|100%|HC|  |TAMS 0x00000000a3600000, 0x00000000a3500000| Complete 
|  54|0x00000000a3600000, 0x00000000a3700000, 0x00000000a3700000|100%|HC|  |TAMS 0x00000000a3700000, 0x00000000a3600000| Complete 
|  55|0x00000000a3700000, 0x00000000a3800000, 0x00000000a3800000|100%|HS|  |TAMS 0x00000000a3800000, 0x00000000a3700000| Complete 
|  56|0x00000000a3800000, 0x00000000a3900000, 0x00000000a3900000|100%| O|  |TAMS 0x00000000a3900000, 0x00000000a3800000| Untracked 
|  57|0x00000000a3900000, 0x00000000a3a00000, 0x00000000a3a00000|100%| O|  |TAMS 0x00000000a3a00000, 0x00000000a3900000| Untracked 
|  58|0x00000000a3a00000, 0x00000000a3b00000, 0x00000000a3b00000|100%| O|  |TAMS 0x00000000a3b00000, 0x00000000a3a00000| Untracked 
|  59|0x00000000a3b00000, 0x00000000a3c00000, 0x00000000a3c00000|100%| O|  |TAMS 0x00000000a3c00000, 0x00000000a3b00000| Untracked 
|  60|0x00000000a3c00000, 0x00000000a3d00000, 0x00000000a3d00000|100%|HS|  |TAMS 0x00000000a3d00000, 0x00000000a3c00000| Complete 
|  61|0x00000000a3d00000, 0x00000000a3e00000, 0x00000000a3e00000|100%| O|  |TAMS 0x00000000a3e00000, 0x00000000a3d00000| Untracked 
|  62|0x00000000a3e00000, 0x00000000a3f00000, 0x00000000a3f00000|100%| O|  |TAMS 0x00000000a3f00000, 0x00000000a3e00000| Untracked 
|  63|0x00000000a3f00000, 0x00000000a4000000, 0x00000000a4000000|100%| O|  |TAMS 0x00000000a4000000, 0x00000000a3f00000| Untracked 
|  64|0x00000000a4000000, 0x00000000a4100000, 0x00000000a4100000|100%| O|  |TAMS 0x00000000a4100000, 0x00000000a4000000| Untracked 
|  65|0x00000000a4100000, 0x00000000a4200000, 0x00000000a4200000|100%|HS|  |TAMS 0x00000000a4200000, 0x00000000a4100000| Complete 
|  66|0x00000000a4200000, 0x00000000a4300000, 0x00000000a4300000|100%| O|  |TAMS 0x00000000a4300000, 0x00000000a4200000| Untracked 
|  67|0x00000000a4300000, 0x00000000a4400000, 0x00000000a4400000|100%| O|  |TAMS 0x00000000a4400000, 0x00000000a4300000| Untracked 
|  68|0x00000000a4400000, 0x00000000a4500000, 0x00000000a4500000|100%| O|  |TAMS 0x00000000a4500000, 0x00000000a4400000| Untracked 
|  69|0x00000000a4500000, 0x00000000a4600000, 0x00000000a4600000|100%| O|  |TAMS 0x00000000a4600000, 0x00000000a4500000| Untracked 
|  70|0x00000000a4600000, 0x00000000a4700000, 0x00000000a4700000|100%| O|  |TAMS 0x00000000a4700000, 0x00000000a4600000| Untracked 
|  71|0x00000000a4700000, 0x00000000a4800000, 0x00000000a4800000|100%|HS|  |TAMS 0x00000000a4800000, 0x00000000a4700000| Complete 
|  72|0x00000000a4800000, 0x00000000a4900000, 0x00000000a4900000|100%|HS|  |TAMS 0x00000000a4900000, 0x00000000a4800000| Complete 
|  73|0x00000000a4900000, 0x00000000a4a00000, 0x00000000a4a00000|100%|HC|  |TAMS 0x00000000a4a00000, 0x00000000a4900000| Complete 
|  74|0x00000000a4a00000, 0x00000000a4b00000, 0x00000000a4b00000|100%|HC|  |TAMS 0x00000000a4b00000, 0x00000000a4a00000| Complete 
|  75|0x00000000a4b00000, 0x00000000a4c00000, 0x00000000a4c00000|100%| O|  |TAMS 0x00000000a4c00000, 0x00000000a4b00000| Untracked 
|  76|0x00000000a4c00000, 0x00000000a4d00000, 0x00000000a4d00000|100%| O|  |TAMS 0x00000000a4d00000, 0x00000000a4c00000| Untracked 
|  77|0x00000000a4d00000, 0x00000000a4e00000, 0x00000000a4e00000|100%| O|  |TAMS 0x00000000a4e00000, 0x00000000a4d00000| Untracked 
|  78|0x00000000a4e00000, 0x00000000a4f00000, 0x00000000a4f00000|100%| O|  |TAMS 0x00000000a4f00000, 0x00000000a4e00000| Untracked 
|  79|0x00000000a4f00000, 0x00000000a5000000, 0x00000000a5000000|100%| O|  |TAMS 0x00000000a5000000, 0x00000000a4f00000| Untracked 
|  80|0x00000000a5000000, 0x00000000a5100000, 0x00000000a5100000|100%| O|  |TAMS 0x00000000a5100000, 0x00000000a5000000| Untracked 
|  81|0x00000000a5100000, 0x00000000a5200000, 0x00000000a5200000|100%| O|  |TAMS 0x00000000a5200000, 0x00000000a5100000| Untracked 
|  82|0x00000000a5200000, 0x00000000a5300000, 0x00000000a5300000|100%| O|  |TAMS 0x00000000a5300000, 0x00000000a5200000| Untracked 
|  83|0x00000000a5300000, 0x00000000a5400000, 0x00000000a5400000|100%| O|  |TAMS 0x00000000a5300000, 0x00000000a5300000| Untracked 
|  84|0x00000000a5400000, 0x00000000a5500000, 0x00000000a5500000|100%| O|  |TAMS 0x00000000a5400000, 0x00000000a5400000| Untracked 
|  85|0x00000000a5500000, 0x00000000a5600000, 0x00000000a5600000|100%| O|  |TAMS 0x00000000a5600000, 0x00000000a5500000| Untracked 
|  86|0x00000000a5600000, 0x00000000a5700000, 0x00000000a5700000|100%| O|  |TAMS 0x00000000a5700000, 0x00000000a5600000| Untracked 
|  87|0x00000000a5700000, 0x00000000a5800000, 0x00000000a5800000|100%| O|  |TAMS 0x00000000a5800000, 0x00000000a5700000| Untracked 
|  88|0x00000000a5800000, 0x00000000a5900000, 0x00000000a5900000|100%| O|  |TAMS 0x00000000a5900000, 0x00000000a5800000| Untracked 
|  89|0x00000000a5900000, 0x00000000a5a00000, 0x00000000a5a00000|100%| O|  |TAMS 0x00000000a5a00000, 0x00000000a5900000| Untracked 
|  90|0x00000000a5a00000, 0x00000000a5b00000, 0x00000000a5b00000|100%| O|  |TAMS 0x00000000a5b00000, 0x00000000a5a00000| Untracked 
|  91|0x00000000a5b00000, 0x00000000a5c00000, 0x00000000a5c00000|100%| O|  |TAMS 0x00000000a5c00000, 0x00000000a5b00000| Untracked 
|  92|0x00000000a5c00000, 0x00000000a5d00000, 0x00000000a5d00000|100%| O|  |TAMS 0x00000000a5d00000, 0x00000000a5c00000| Untracked 
|  93|0x00000000a5d00000, 0x00000000a5e00000, 0x00000000a5e00000|100%| O|  |TAMS 0x00000000a5e00000, 0x00000000a5d00000| Untracked 
|  94|0x00000000a5e00000, 0x00000000a5f00000, 0x00000000a5f00000|100%| O|  |TAMS 0x00000000a5f00000, 0x00000000a5e00000| Untracked 
|  95|0x00000000a5f00000, 0x00000000a6000000, 0x00000000a6000000|100%| O|  |TAMS 0x00000000a6000000, 0x00000000a5f00000| Untracked 
|  96|0x00000000a6000000, 0x00000000a6100000, 0x00000000a6100000|100%| O|  |TAMS 0x00000000a6100000, 0x00000000a6000000| Untracked 
|  97|0x00000000a6100000, 0x00000000a6200000, 0x00000000a6200000|100%| O|  |TAMS 0x00000000a6200000, 0x00000000a6100000| Untracked 
|  98|0x00000000a6200000, 0x00000000a6300000, 0x00000000a6300000|100%| O|  |TAMS 0x00000000a6300000, 0x00000000a6200000| Untracked 
|  99|0x00000000a6300000, 0x00000000a6400000, 0x00000000a6400000|100%| O|  |TAMS 0x00000000a6400000, 0x00000000a6300000| Untracked 
| 100|0x00000000a6400000, 0x00000000a6500000, 0x00000000a6500000|100%| O|  |TAMS 0x00000000a6400000, 0x00000000a6400000| Untracked 
| 101|0x00000000a6500000, 0x00000000a6600000, 0x00000000a6600000|100%| O|  |TAMS 0x00000000a6500000, 0x00000000a6500000| Untracked 
| 102|0x00000000a6600000, 0x00000000a6700000, 0x00000000a6700000|100%| O|  |TAMS 0x00000000a6600000, 0x00000000a6600000| Untracked 
| 103|0x00000000a6700000, 0x00000000a6800000, 0x00000000a6800000|100%| O|  |TAMS 0x00000000a6800000, 0x00000000a6700000| Untracked 
| 104|0x00000000a6800000, 0x00000000a6900000, 0x00000000a6900000|100%| O|  |TAMS 0x00000000a6900000, 0x00000000a6800000| Untracked 
| 105|0x00000000a6900000, 0x00000000a6a00000, 0x00000000a6a00000|100%| O|  |TAMS 0x00000000a6900000, 0x00000000a6900000| Untracked 
| 106|0x00000000a6a00000, 0x00000000a6b00000, 0x00000000a6b00000|100%| O|  |TAMS 0x00000000a6a00000, 0x00000000a6a00000| Untracked 
| 107|0x00000000a6b00000, 0x00000000a6c00000, 0x00000000a6c00000|100%| O|  |TAMS 0x00000000a6c00000, 0x00000000a6b00000| Untracked 
| 108|0x00000000a6c00000, 0x00000000a6d00000, 0x00000000a6d00000|100%| O|  |TAMS 0x00000000a6c00000, 0x00000000a6c00000| Untracked 
| 109|0x00000000a6d00000, 0x00000000a6e00000, 0x00000000a6e00000|100%| O|  |TAMS 0x00000000a6d00000, 0x00000000a6d00000| Untracked 
| 110|0x00000000a6e00000, 0x00000000a6f00000, 0x00000000a6f00000|100%| O|  |TAMS 0x00000000a6e00000, 0x00000000a6e00000| Untracked 
| 111|0x00000000a6f00000, 0x00000000a7000000, 0x00000000a7000000|100%|HS|  |TAMS 0x00000000a7000000, 0x00000000a6f00000| Complete 
| 112|0x00000000a7000000, 0x00000000a7100000, 0x00000000a7100000|100%| O|  |TAMS 0x00000000a7000000, 0x00000000a7000000| Untracked 
| 113|0x00000000a7100000, 0x00000000a7200000, 0x00000000a7200000|100%| O|  |TAMS 0x00000000a7100000, 0x00000000a7100000| Untracked 
| 114|0x00000000a7200000, 0x00000000a7300000, 0x00000000a7300000|100%|HS|  |TAMS 0x00000000a7300000, 0x00000000a7200000| Complete 
| 115|0x00000000a7300000, 0x00000000a7400000, 0x00000000a7400000|100%| O|  |TAMS 0x00000000a7300000, 0x00000000a7300000| Untracked 
| 116|0x00000000a7400000, 0x00000000a7500000, 0x00000000a7500000|100%| O|  |TAMS 0x00000000a7400000, 0x00000000a7400000| Untracked 
| 117|0x00000000a7500000, 0x00000000a7600000, 0x00000000a7600000|100%| O|  |TAMS 0x00000000a7500000, 0x00000000a7500000| Untracked 
| 118|0x00000000a7600000, 0x00000000a7700000, 0x00000000a7700000|100%| O|  |TAMS 0x00000000a7600000, 0x00000000a7600000| Untracked 
| 119|0x00000000a7700000, 0x00000000a7800000, 0x00000000a7800000|100%| O|  |TAMS 0x00000000a7800000, 0x00000000a7700000| Untracked 
| 120|0x00000000a7800000, 0x00000000a7900000, 0x00000000a7900000|100%| O|  |TAMS 0x00000000a7900000, 0x00000000a7800000| Untracked 
| 121|0x00000000a7900000, 0x00000000a7a00000, 0x00000000a7a00000|100%| O|  |TAMS 0x00000000a7a00000, 0x00000000a7900000| Untracked 
| 122|0x00000000a7a00000, 0x00000000a7b00000, 0x00000000a7b00000|100%|HS|  |TAMS 0x00000000a7b00000, 0x00000000a7a00000| Complete 
| 123|0x00000000a7b00000, 0x00000000a7c00000, 0x00000000a7c00000|100%|HC|  |TAMS 0x00000000a7c00000, 0x00000000a7b00000| Complete 
| 124|0x00000000a7c00000, 0x00000000a7d00000, 0x00000000a7d00000|100%| O|  |TAMS 0x00000000a7d00000, 0x00000000a7c00000| Untracked 
| 125|0x00000000a7d00000, 0x00000000a7e00000, 0x00000000a7e00000|100%|HS|  |TAMS 0x00000000a7e00000, 0x00000000a7d00000| Complete 
| 126|0x00000000a7e00000, 0x00000000a7f00000, 0x00000000a7f00000|100%|HC|  |TAMS 0x00000000a7f00000, 0x00000000a7e00000| Complete 
| 127|0x00000000a7f00000, 0x00000000a8000000, 0x00000000a8000000|100%| O|  |TAMS 0x00000000a7f00000, 0x00000000a7f00000| Untracked 
| 128|0x00000000a8000000, 0x00000000a8100000, 0x00000000a8100000|100%| O|  |TAMS 0x00000000a8100000, 0x00000000a8000000| Untracked 
| 129|0x00000000a8100000, 0x00000000a8200000, 0x00000000a8200000|100%| O|  |TAMS 0x00000000a8100000, 0x00000000a8100000| Untracked 
| 130|0x00000000a8200000, 0x00000000a8300000, 0x00000000a8300000|100%| O|  |TAMS 0x00000000a8200000, 0x00000000a8200000| Untracked 
| 131|0x00000000a8300000, 0x00000000a8400000, 0x00000000a8400000|100%| O|  |TAMS 0x00000000a8300000, 0x00000000a8300000| Untracked 
| 132|0x00000000a8400000, 0x00000000a8500000, 0x00000000a8500000|100%|HS|  |TAMS 0x00000000a8500000, 0x00000000a8400000| Complete 
| 133|0x00000000a8500000, 0x00000000a8600000, 0x00000000a8600000|100%| O|  |TAMS 0x00000000a8600000, 0x00000000a8500000| Untracked 
| 134|0x00000000a8600000, 0x00000000a8700000, 0x00000000a8700000|100%| O|  |TAMS 0x00000000a8600000, 0x00000000a8600000| Untracked 
| 135|0x00000000a8700000, 0x00000000a8800000, 0x00000000a8800000|100%|HS|  |TAMS 0x00000000a8800000, 0x00000000a8700000| Complete 
| 136|0x00000000a8800000, 0x00000000a8900000, 0x00000000a8900000|100%|HS|  |TAMS 0x00000000a8900000, 0x00000000a8800000| Complete 
| 137|0x00000000a8900000, 0x00000000a8a00000, 0x00000000a8a00000|100%|HS|  |TAMS 0x00000000a8a00000, 0x00000000a8900000| Complete 
| 138|0x00000000a8a00000, 0x00000000a8b00000, 0x00000000a8b00000|100%|HC|  |TAMS 0x00000000a8b00000, 0x00000000a8a00000| Complete 
| 139|0x00000000a8b00000, 0x00000000a8c00000, 0x00000000a8c00000|100%|HS|  |TAMS 0x00000000a8c00000, 0x00000000a8b00000| Complete 
| 140|0x00000000a8c00000, 0x00000000a8d00000, 0x00000000a8d00000|100%| O|  |TAMS 0x00000000a8d00000, 0x00000000a8c00000| Untracked 
| 141|0x00000000a8d00000, 0x00000000a8e00000, 0x00000000a8e00000|100%| O|  |TAMS 0x00000000a8e00000, 0x00000000a8d00000| Untracked 
| 142|0x00000000a8e00000, 0x00000000a8f00000, 0x00000000a8f00000|100%| O|  |TAMS 0x00000000a8f00000, 0x00000000a8e00000| Untracked 
| 143|0x00000000a8f00000, 0x00000000a9000000, 0x00000000a9000000|100%| O|  |TAMS 0x00000000a8f00000, 0x00000000a8f00000| Untracked 
| 144|0x00000000a9000000, 0x00000000a9100000, 0x00000000a9100000|100%|HS|  |TAMS 0x00000000a9100000, 0x00000000a9000000| Complete 
| 145|0x00000000a9100000, 0x00000000a9200000, 0x00000000a9200000|100%|HC|  |TAMS 0x00000000a9200000, 0x00000000a9100000| Complete 
| 146|0x00000000a9200000, 0x00000000a9300000, 0x00000000a9300000|100%|HC|  |TAMS 0x00000000a9300000, 0x00000000a9200000| Complete 
| 147|0x00000000a9300000, 0x00000000a9400000, 0x00000000a9400000|100%| O|  |TAMS 0x00000000a9400000, 0x00000000a9300000| Untracked 
| 148|0x00000000a9400000, 0x00000000a9500000, 0x00000000a9500000|100%| O|  |TAMS 0x00000000a9400000, 0x00000000a9400000| Untracked 
| 149|0x00000000a9500000, 0x00000000a9600000, 0x00000000a9600000|100%| O|  |TAMS 0x00000000a9500000, 0x00000000a9500000| Untracked 
| 150|0x00000000a9600000, 0x00000000a9700000, 0x00000000a9700000|100%| O|  |TAMS 0x00000000a9700000, 0x00000000a9600000| Untracked 
| 151|0x00000000a9700000, 0x00000000a9800000, 0x00000000a9800000|100%| O|  |TAMS 0x00000000a9700000, 0x00000000a9700000| Untracked 
| 152|0x00000000a9800000, 0x00000000a9900000, 0x00000000a9900000|100%| O|  |TAMS 0x00000000a9800000, 0x00000000a9800000| Untracked 
| 153|0x00000000a9900000, 0x00000000a9a00000, 0x00000000a9a00000|100%|HS|  |TAMS 0x00000000a9a00000, 0x00000000a9900000| Complete 
| 154|0x00000000a9a00000, 0x00000000a9b00000, 0x00000000a9b00000|100%|HC|  |TAMS 0x00000000a9b00000, 0x00000000a9a00000| Complete 
| 155|0x00000000a9b00000, 0x00000000a9c00000, 0x00000000a9c00000|100%| O|  |TAMS 0x00000000a9c00000, 0x00000000a9b00000| Untracked 
| 156|0x00000000a9c00000, 0x00000000a9d00000, 0x00000000a9d00000|100%| O|  |TAMS 0x00000000a9d00000, 0x00000000a9c00000| Untracked 
| 157|0x00000000a9d00000, 0x00000000a9e00000, 0x00000000a9e00000|100%| O|  |TAMS 0x00000000a9e00000, 0x00000000a9d00000| Untracked 
| 158|0x00000000a9e00000, 0x00000000a9f00000, 0x00000000a9f00000|100%| O|  |TAMS 0x00000000a9f00000, 0x00000000a9e00000| Untracked 
| 159|0x00000000a9f00000, 0x00000000aa000000, 0x00000000aa000000|100%| O|  |TAMS 0x00000000a9f00000, 0x00000000a9f00000| Untracked 
| 160|0x00000000aa000000, 0x00000000aa100000, 0x00000000aa100000|100%| O|  |TAMS 0x00000000aa000000, 0x00000000aa000000| Untracked 
| 161|0x00000000aa100000, 0x00000000aa200000, 0x00000000aa200000|100%| O|  |TAMS 0x00000000aa100000, 0x00000000aa100000| Untracked 
| 162|0x00000000aa200000, 0x00000000aa300000, 0x00000000aa300000|100%|HS|  |TAMS 0x00000000aa300000, 0x00000000aa200000| Complete 
| 163|0x00000000aa300000, 0x00000000aa400000, 0x00000000aa400000|100%|HC|  |TAMS 0x00000000aa400000, 0x00000000aa300000| Complete 
| 164|0x00000000aa400000, 0x00000000aa500000, 0x00000000aa500000|100%|HC|  |TAMS 0x00000000aa500000, 0x00000000aa400000| Complete 
| 165|0x00000000aa500000, 0x00000000aa600000, 0x00000000aa600000|100%| O|  |TAMS 0x00000000aa600000, 0x00000000aa500000| Untracked 
| 166|0x00000000aa600000, 0x00000000aa700000, 0x00000000aa700000|100%| O|  |TAMS 0x00000000aa700000, 0x00000000aa600000| Untracked 
| 167|0x00000000aa700000, 0x00000000aa800000, 0x00000000aa800000|100%| O|  |TAMS 0x00000000aa800000, 0x00000000aa700000| Untracked 
| 168|0x00000000aa800000, 0x00000000aa900000, 0x00000000aa900000|100%| O|  |TAMS 0x00000000aa900000, 0x00000000aa800000| Untracked 
| 169|0x00000000aa900000, 0x00000000aaa00000, 0x00000000aaa00000|100%| O|  |TAMS 0x00000000aaa00000, 0x00000000aa900000| Untracked 
| 170|0x00000000aaa00000, 0x00000000aab00000, 0x00000000aab00000|100%| O|  |TAMS 0x00000000aab00000, 0x00000000aaa00000| Untracked 
| 171|0x00000000aab00000, 0x00000000aac00000, 0x00000000aac00000|100%| O|  |TAMS 0x00000000aab6dc00, 0x00000000aab00000| Untracked 
| 172|0x00000000aac00000, 0x00000000aad00000, 0x00000000aad00000|100%| O|  |TAMS 0x00000000aac00000, 0x00000000aac00000| Untracked 
| 173|0x00000000aad00000, 0x00000000aae00000, 0x00000000aae00000|100%| O|  |TAMS 0x00000000aad00000, 0x00000000aad00000| Untracked 
| 174|0x00000000aae00000, 0x00000000aaf00000, 0x00000000aaf00000|100%| O|  |TAMS 0x00000000aae00000, 0x00000000aae00000| Untracked 
| 175|0x00000000aaf00000, 0x00000000ab000000, 0x00000000ab000000|100%| O|  |TAMS 0x00000000aaf00000, 0x00000000aaf00000| Untracked 
| 176|0x00000000ab000000, 0x00000000ab100000, 0x00000000ab100000|100%| O|  |TAMS 0x00000000ab000000, 0x00000000ab000000| Untracked 
| 177|0x00000000ab100000, 0x00000000ab200000, 0x00000000ab200000|100%| O|  |TAMS 0x00000000ab100000, 0x00000000ab100000| Untracked 
| 178|0x00000000ab200000, 0x00000000ab300000, 0x00000000ab300000|100%| O|  |TAMS 0x00000000ab200000, 0x00000000ab200000| Untracked 
| 179|0x00000000ab300000, 0x00000000ab400000, 0x00000000ab400000|100%| O|  |TAMS 0x00000000ab300000, 0x00000000ab300000| Untracked 
| 180|0x00000000ab400000, 0x00000000ab500000, 0x00000000ab500000|100%| O|  |TAMS 0x00000000ab400000, 0x00000000ab400000| Untracked 
| 181|0x00000000ab500000, 0x00000000ab600000, 0x00000000ab600000|100%| O|  |TAMS 0x00000000ab500000, 0x00000000ab500000| Untracked 
| 182|0x00000000ab600000, 0x00000000ab700000, 0x00000000ab700000|100%| O|  |TAMS 0x00000000ab600000, 0x00000000ab600000| Untracked 
| 183|0x00000000ab700000, 0x00000000ab800000, 0x00000000ab800000|100%| O|  |TAMS 0x00000000ab700000, 0x00000000ab700000| Untracked 
| 184|0x00000000ab800000, 0x00000000ab900000, 0x00000000ab900000|100%| O|  |TAMS 0x00000000ab800000, 0x00000000ab800000| Untracked 
| 185|0x00000000ab900000, 0x00000000aba00000, 0x00000000aba00000|100%| O|  |TAMS 0x00000000ab900000, 0x00000000ab900000| Untracked 
| 186|0x00000000aba00000, 0x00000000abb00000, 0x00000000abb00000|100%| O|  |TAMS 0x00000000aba00000, 0x00000000aba00000| Untracked 
| 187|0x00000000abb00000, 0x00000000abc00000, 0x00000000abc00000|100%| O|  |TAMS 0x00000000abb00000, 0x00000000abb00000| Untracked 
| 188|0x00000000abc00000, 0x00000000abd00000, 0x00000000abd00000|100%| O|  |TAMS 0x00000000abc00000, 0x00000000abc00000| Untracked 
| 189|0x00000000abd00000, 0x00000000abe00000, 0x00000000abe00000|100%| O|  |TAMS 0x00000000abd00000, 0x00000000abd00000| Untracked 
| 190|0x00000000abe00000, 0x00000000abf00000, 0x00000000abf00000|100%| O|  |TAMS 0x00000000abe00000, 0x00000000abe00000| Untracked 
| 191|0x00000000abf00000, 0x00000000ac000000, 0x00000000ac000000|100%| O|  |TAMS 0x00000000abf00000, 0x00000000abf00000| Untracked 
| 192|0x00000000ac000000, 0x00000000ac100000, 0x00000000ac100000|100%| O|  |TAMS 0x00000000ac000000, 0x00000000ac000000| Untracked 
| 193|0x00000000ac100000, 0x00000000ac200000, 0x00000000ac200000|100%| O|  |TAMS 0x00000000ac100000, 0x00000000ac100000| Untracked 
| 194|0x00000000ac200000, 0x00000000ac300000, 0x00000000ac300000|100%| O|  |TAMS 0x00000000ac200000, 0x00000000ac200000| Untracked 
| 195|0x00000000ac300000, 0x00000000ac400000, 0x00000000ac400000|100%| O|  |TAMS 0x00000000ac300000, 0x00000000ac300000| Untracked 
| 196|0x00000000ac400000, 0x00000000ac500000, 0x00000000ac500000|100%| O|  |TAMS 0x00000000ac400000, 0x00000000ac400000| Untracked 
| 197|0x00000000ac500000, 0x00000000ac600000, 0x00000000ac600000|100%| O|  |TAMS 0x00000000ac500000, 0x00000000ac500000| Untracked 
| 198|0x00000000ac600000, 0x00000000ac700000, 0x00000000ac700000|100%| O|  |TAMS 0x00000000ac600000, 0x00000000ac600000| Untracked 
| 199|0x00000000ac700000, 0x00000000ac800000, 0x00000000ac800000|100%| O|  |TAMS 0x00000000ac700000, 0x00000000ac700000| Untracked 
| 200|0x00000000ac800000, 0x00000000ac900000, 0x00000000ac900000|100%| O|  |TAMS 0x00000000ac800000, 0x00000000ac800000| Untracked 
| 201|0x00000000ac900000, 0x00000000aca00000, 0x00000000aca00000|100%| O|  |TAMS 0x00000000ac900000, 0x00000000ac900000| Untracked 
| 202|0x00000000aca00000, 0x00000000acb00000, 0x00000000acb00000|100%| O|  |TAMS 0x00000000aca00000, 0x00000000aca00000| Untracked 
| 203|0x00000000acb00000, 0x00000000acb00000, 0x00000000acc00000|  0%| F|  |TAMS 0x00000000acb00000, 0x00000000acb00000| Untracked 
| 204|0x00000000acc00000, 0x00000000acc00000, 0x00000000acd00000|  0%| F|  |TAMS 0x00000000acc00000, 0x00000000acc00000| Untracked 
| 205|0x00000000acd00000, 0x00000000ace00000, 0x00000000ace00000|100%|HS|  |TAMS 0x00000000acd00000, 0x00000000acd00000| Complete 
| 206|0x00000000ace00000, 0x00000000acf00000, 0x00000000acf00000|100%| O|  |TAMS 0x00000000ace00000, 0x00000000ace00000| Untracked 
| 207|0x00000000acf00000, 0x00000000ad000000, 0x00000000ad000000|100%| O|  |TAMS 0x00000000acf00000, 0x00000000acf00000| Untracked 
| 208|0x00000000ad000000, 0x00000000ad100000, 0x00000000ad100000|100%| O|  |TAMS 0x00000000ad000000, 0x00000000ad000000| Untracked 
| 209|0x00000000ad100000, 0x00000000ad200000, 0x00000000ad200000|100%| O|  |TAMS 0x00000000ad100000, 0x00000000ad100000| Untracked 
| 210|0x00000000ad200000, 0x00000000ad300000, 0x00000000ad300000|100%| O|  |TAMS 0x00000000ad200000, 0x00000000ad200000| Untracked 
| 211|0x00000000ad300000, 0x00000000ad400000, 0x00000000ad400000|100%| O|  |TAMS 0x00000000ad300000, 0x00000000ad300000| Untracked 
| 212|0x00000000ad400000, 0x00000000ad500000, 0x00000000ad500000|100%| O|  |TAMS 0x00000000ad400000, 0x00000000ad400000| Untracked 
| 213|0x00000000ad500000, 0x00000000ad600000, 0x00000000ad600000|100%| O|  |TAMS 0x00000000ad500000, 0x00000000ad500000| Untracked 
| 214|0x00000000ad600000, 0x00000000ad700000, 0x00000000ad700000|100%| O|  |TAMS 0x00000000ad600000, 0x00000000ad600000| Untracked 
| 215|0x00000000ad700000, 0x00000000ad800000, 0x00000000ad800000|100%| O|  |TAMS 0x00000000ad700000, 0x00000000ad700000| Untracked 
| 216|0x00000000ad800000, 0x00000000ad900000, 0x00000000ad900000|100%| O|  |TAMS 0x00000000ad800000, 0x00000000ad800000| Untracked 
| 217|0x00000000ad900000, 0x00000000ada00000, 0x00000000ada00000|100%| O|  |TAMS 0x00000000ad900000, 0x00000000ad900000| Untracked 
| 218|0x00000000ada00000, 0x00000000adb00000, 0x00000000adb00000|100%| O|  |TAMS 0x00000000ada00000, 0x00000000ada00000| Untracked 
| 219|0x00000000adb00000, 0x00000000adc00000, 0x00000000adc00000|100%| O|  |TAMS 0x00000000adb00000, 0x00000000adb00000| Untracked 
| 220|0x00000000adc00000, 0x00000000add00000, 0x00000000add00000|100%| O|  |TAMS 0x00000000adc00000, 0x00000000adc00000| Untracked 
| 221|0x00000000add00000, 0x00000000ade00000, 0x00000000ade00000|100%| O|  |TAMS 0x00000000add00000, 0x00000000add00000| Untracked 
| 222|0x00000000ade00000, 0x00000000adf00000, 0x00000000adf00000|100%| O|  |TAMS 0x00000000ade00000, 0x00000000ade00000| Untracked 
| 223|0x00000000adf00000, 0x00000000ae000000, 0x00000000ae000000|100%| O|  |TAMS 0x00000000adf00000, 0x00000000adf00000| Untracked 
| 224|0x00000000ae000000, 0x00000000ae000000, 0x00000000ae100000|  0%| F|  |TAMS 0x00000000ae000000, 0x00000000ae000000| Untracked 
| 225|0x00000000ae100000, 0x00000000ae100000, 0x00000000ae200000|  0%| F|  |TAMS 0x00000000ae100000, 0x00000000ae100000| Untracked 
| 226|0x00000000ae200000, 0x00000000ae200000, 0x00000000ae300000|  0%| F|  |TAMS 0x00000000ae200000, 0x00000000ae200000| Untracked 
| 227|0x00000000ae300000, 0x00000000ae300000, 0x00000000ae400000|  0%| F|  |TAMS 0x00000000ae300000, 0x00000000ae300000| Untracked 
| 228|0x00000000ae400000, 0x00000000ae400000, 0x00000000ae500000|  0%| F|  |TAMS 0x00000000ae400000, 0x00000000ae400000| Untracked 
| 229|0x00000000ae500000, 0x00000000ae500000, 0x00000000ae600000|  0%| F|  |TAMS 0x00000000ae500000, 0x00000000ae500000| Untracked 
| 230|0x00000000ae600000, 0x00000000ae600000, 0x00000000ae700000|  0%| F|  |TAMS 0x00000000ae600000, 0x00000000ae600000| Untracked 
| 231|0x00000000ae700000, 0x00000000ae700000, 0x00000000ae800000|  0%| F|  |TAMS 0x00000000ae700000, 0x00000000ae700000| Untracked 
| 232|0x00000000ae800000, 0x00000000ae800000, 0x00000000ae900000|  0%| F|  |TAMS 0x00000000ae800000, 0x00000000ae800000| Untracked 
| 233|0x00000000ae900000, 0x00000000ae900000, 0x00000000aea00000|  0%| F|  |TAMS 0x00000000ae900000, 0x00000000ae900000| Untracked 
| 234|0x00000000aea00000, 0x00000000aea00000, 0x00000000aeb00000|  0%| F|  |TAMS 0x00000000aea00000, 0x00000000aea00000| Untracked 
| 235|0x00000000aeb00000, 0x00000000aeb00000, 0x00000000aec00000|  0%| F|  |TAMS 0x00000000aeb00000, 0x00000000aeb00000| Untracked 
| 236|0x00000000aec00000, 0x00000000aec00000, 0x00000000aed00000|  0%| F|  |TAMS 0x00000000aec00000, 0x00000000aec00000| Untracked 
| 237|0x00000000aed00000, 0x00000000aed00000, 0x00000000aee00000|  0%| F|  |TAMS 0x00000000aed00000, 0x00000000aed00000| Untracked 
| 238|0x00000000aee00000, 0x00000000aee00000, 0x00000000aef00000|  0%| F|  |TAMS 0x00000000aee00000, 0x00000000aee00000| Untracked 
| 239|0x00000000aef00000, 0x00000000aef00000, 0x00000000af000000|  0%| F|  |TAMS 0x00000000aef00000, 0x00000000aef00000| Untracked 
| 240|0x00000000af000000, 0x00000000af000000, 0x00000000af100000|  0%| F|  |TAMS 0x00000000af000000, 0x00000000af000000| Untracked 
| 241|0x00000000af100000, 0x00000000af100000, 0x00000000af200000|  0%| F|  |TAMS 0x00000000af100000, 0x00000000af100000| Untracked 
| 242|0x00000000af200000, 0x00000000af200000, 0x00000000af300000|  0%| F|  |TAMS 0x00000000af200000, 0x00000000af200000| Untracked 
| 243|0x00000000af300000, 0x00000000af300000, 0x00000000af400000|  0%| F|  |TAMS 0x00000000af300000, 0x00000000af300000| Untracked 
| 244|0x00000000af400000, 0x00000000af400000, 0x00000000af500000|  0%| F|  |TAMS 0x00000000af400000, 0x00000000af400000| Untracked 
| 245|0x00000000af500000, 0x00000000af500000, 0x00000000af600000|  0%| F|  |TAMS 0x00000000af500000, 0x00000000af500000| Untracked 
| 246|0x00000000af600000, 0x00000000af600000, 0x00000000af700000|  0%| F|  |TAMS 0x00000000af600000, 0x00000000af600000| Untracked 
| 247|0x00000000af700000, 0x00000000af700000, 0x00000000af800000|  0%| F|  |TAMS 0x00000000af700000, 0x00000000af700000| Untracked 
| 248|0x00000000af800000, 0x00000000af800000, 0x00000000af900000|  0%| F|  |TAMS 0x00000000af800000, 0x00000000af800000| Untracked 
| 249|0x00000000af900000, 0x00000000af900000, 0x00000000afa00000|  0%| F|  |TAMS 0x00000000af900000, 0x00000000af900000| Untracked 
| 250|0x00000000afa00000, 0x00000000afa00000, 0x00000000afb00000|  0%| F|  |TAMS 0x00000000afa00000, 0x00000000afa00000| Untracked 
| 251|0x00000000afb00000, 0x00000000afb00000, 0x00000000afc00000|  0%| F|  |TAMS 0x00000000afb00000, 0x00000000afb00000| Untracked 
| 252|0x00000000afc00000, 0x00000000afc00000, 0x00000000afd00000|  0%| F|  |TAMS 0x00000000afc00000, 0x00000000afc00000| Untracked 
| 253|0x00000000afd00000, 0x00000000afd00000, 0x00000000afe00000|  0%| F|  |TAMS 0x00000000afd00000, 0x00000000afd00000| Untracked 
| 254|0x00000000afe00000, 0x00000000afe00000, 0x00000000aff00000|  0%| F|  |TAMS 0x00000000afe00000, 0x00000000afe00000| Untracked 
| 255|0x00000000aff00000, 0x00000000aff00000, 0x00000000b0000000|  0%| F|  |TAMS 0x00000000aff00000, 0x00000000aff00000| Untracked 
| 256|0x00000000b0000000, 0x00000000b0000000, 0x00000000b0100000|  0%| F|  |TAMS 0x00000000b0000000, 0x00000000b0000000| Untracked 
| 257|0x00000000b0100000, 0x00000000b0100000, 0x00000000b0200000|  0%| F|  |TAMS 0x00000000b0100000, 0x00000000b0100000| Untracked 
| 258|0x00000000b0200000, 0x00000000b0200000, 0x00000000b0300000|  0%| F|  |TAMS 0x00000000b0200000, 0x00000000b0200000| Untracked 
| 259|0x00000000b0300000, 0x00000000b0300000, 0x00000000b0400000|  0%| F|  |TAMS 0x00000000b0300000, 0x00000000b0300000| Untracked 
| 260|0x00000000b0400000, 0x00000000b0400000, 0x00000000b0500000|  0%| F|  |TAMS 0x00000000b0400000, 0x00000000b0400000| Untracked 
| 261|0x00000000b0500000, 0x00000000b0500000, 0x00000000b0600000|  0%| F|  |TAMS 0x00000000b0500000, 0x00000000b0500000| Untracked 
| 262|0x00000000b0600000, 0x00000000b0600000, 0x00000000b0700000|  0%| F|  |TAMS 0x00000000b0600000, 0x00000000b0600000| Untracked 
| 263|0x00000000b0700000, 0x00000000b0700000, 0x00000000b0800000|  0%| F|  |TAMS 0x00000000b0700000, 0x00000000b0700000| Untracked 
| 264|0x00000000b0800000, 0x00000000b0800000, 0x00000000b0900000|  0%| F|  |TAMS 0x00000000b0800000, 0x00000000b0800000| Untracked 
| 265|0x00000000b0900000, 0x00000000b0900000, 0x00000000b0a00000|  0%| F|  |TAMS 0x00000000b0900000, 0x00000000b0900000| Untracked 
| 266|0x00000000b0a00000, 0x00000000b0a00000, 0x00000000b0b00000|  0%| F|  |TAMS 0x00000000b0a00000, 0x00000000b0a00000| Untracked 
| 267|0x00000000b0b00000, 0x00000000b0b00000, 0x00000000b0c00000|  0%| F|  |TAMS 0x00000000b0b00000, 0x00000000b0b00000| Untracked 
| 268|0x00000000b0c00000, 0x00000000b0d00000, 0x00000000b0d00000|100%| S|CS|TAMS 0x00000000b0c00000, 0x00000000b0c00000| Complete 
| 269|0x00000000b0d00000, 0x00000000b0e00000, 0x00000000b0e00000|100%| S|CS|TAMS 0x00000000b0d00000, 0x00000000b0d00000| Complete 
| 270|0x00000000b0e00000, 0x00000000b0f00000, 0x00000000b0f00000|100%| S|CS|TAMS 0x00000000b0e00000, 0x00000000b0e00000| Complete 
| 271|0x00000000b0f00000, 0x00000000b1000000, 0x00000000b1000000|100%| S|CS|TAMS 0x00000000b0f00000, 0x00000000b0f00000| Complete 
| 272|0x00000000b1000000, 0x00000000b1100000, 0x00000000b1100000|100%| S|CS|TAMS 0x00000000b1000000, 0x00000000b1000000| Complete 
| 273|0x00000000b1100000, 0x00000000b1100000, 0x00000000b1200000|  0%| F|  |TAMS 0x00000000b1100000, 0x00000000b1100000| Untracked 
| 274|0x00000000b1200000, 0x00000000b1200000, 0x00000000b1300000|  0%| F|  |TAMS 0x00000000b1200000, 0x00000000b1200000| Untracked 
| 275|0x00000000b1300000, 0x00000000b1300000, 0x00000000b1400000|  0%| F|  |TAMS 0x00000000b1300000, 0x00000000b1300000| Untracked 
| 276|0x00000000b1400000, 0x00000000b1400000, 0x00000000b1500000|  0%| F|  |TAMS 0x00000000b1400000, 0x00000000b1400000| Untracked 
| 277|0x00000000b1500000, 0x00000000b1500000, 0x00000000b1600000|  0%| F|  |TAMS 0x00000000b1500000, 0x00000000b1500000| Untracked 
| 278|0x00000000b1600000, 0x00000000b1600000, 0x00000000b1700000|  0%| F|  |TAMS 0x00000000b1600000, 0x00000000b1600000| Untracked 
| 279|0x00000000b1700000, 0x00000000b1700000, 0x00000000b1800000|  0%| F|  |TAMS 0x00000000b1700000, 0x00000000b1700000| Untracked 
| 280|0x00000000b1800000, 0x00000000b1800000, 0x00000000b1900000|  0%| F|  |TAMS 0x00000000b1800000, 0x00000000b1800000| Untracked 
| 281|0x00000000b1900000, 0x00000000b1900000, 0x00000000b1a00000|  0%| F|  |TAMS 0x00000000b1900000, 0x00000000b1900000| Untracked 
| 282|0x00000000b1a00000, 0x00000000b1a00000, 0x00000000b1b00000|  0%| F|  |TAMS 0x00000000b1a00000, 0x00000000b1a00000| Untracked 
| 283|0x00000000b1b00000, 0x00000000b1b00000, 0x00000000b1c00000|  0%| F|  |TAMS 0x00000000b1b00000, 0x00000000b1b00000| Untracked 
| 284|0x00000000b1c00000, 0x00000000b1c00000, 0x00000000b1d00000|  0%| F|  |TAMS 0x00000000b1c00000, 0x00000000b1c00000| Untracked 
| 285|0x00000000b1d00000, 0x00000000b1d00000, 0x00000000b1e00000|  0%| F|  |TAMS 0x00000000b1d00000, 0x00000000b1d00000| Untracked 
| 286|0x00000000b1e00000, 0x00000000b1e00000, 0x00000000b1f00000|  0%| F|  |TAMS 0x00000000b1e00000, 0x00000000b1e00000| Untracked 
| 287|0x00000000b1f00000, 0x00000000b1f00000, 0x00000000b2000000|  0%| F|  |TAMS 0x00000000b1f00000, 0x00000000b1f00000| Untracked 
| 288|0x00000000b2000000, 0x00000000b2000000, 0x00000000b2100000|  0%| F|  |TAMS 0x00000000b2000000, 0x00000000b2000000| Untracked 
| 289|0x00000000b2100000, 0x00000000b2100000, 0x00000000b2200000|  0%| F|  |TAMS 0x00000000b2100000, 0x00000000b2100000| Untracked 
| 290|0x00000000b2200000, 0x00000000b2200000, 0x00000000b2300000|  0%| F|  |TAMS 0x00000000b2200000, 0x00000000b2200000| Untracked 
| 291|0x00000000b2300000, 0x00000000b2300000, 0x00000000b2400000|  0%| F|  |TAMS 0x00000000b2300000, 0x00000000b2300000| Untracked 
| 292|0x00000000b2400000, 0x00000000b2400000, 0x00000000b2500000|  0%| F|  |TAMS 0x00000000b2400000, 0x00000000b2400000| Untracked 
| 293|0x00000000b2500000, 0x00000000b2500000, 0x00000000b2600000|  0%| F|  |TAMS 0x00000000b2500000, 0x00000000b2500000| Untracked 
| 294|0x00000000b2600000, 0x00000000b2600000, 0x00000000b2700000|  0%| F|  |TAMS 0x00000000b2600000, 0x00000000b2600000| Untracked 
| 295|0x00000000b2700000, 0x00000000b2700000, 0x00000000b2800000|  0%| F|  |TAMS 0x00000000b2700000, 0x00000000b2700000| Untracked 
| 296|0x00000000b2800000, 0x00000000b2800000, 0x00000000b2900000|  0%| F|  |TAMS 0x00000000b2800000, 0x00000000b2800000| Untracked 
| 297|0x00000000b2900000, 0x00000000b2900000, 0x00000000b2a00000|  0%| F|  |TAMS 0x00000000b2900000, 0x00000000b2900000| Untracked 
| 298|0x00000000b2a00000, 0x00000000b2a00000, 0x00000000b2b00000|  0%| F|  |TAMS 0x00000000b2a00000, 0x00000000b2a00000| Untracked 
| 299|0x00000000b2b00000, 0x00000000b2b00000, 0x00000000b2c00000|  0%| F|  |TAMS 0x00000000b2b00000, 0x00000000b2b00000| Untracked 
| 300|0x00000000b2c00000, 0x00000000b2c00000, 0x00000000b2d00000|  0%| F|  |TAMS 0x00000000b2c00000, 0x00000000b2c00000| Untracked 
| 301|0x00000000b2d00000, 0x00000000b2d00000, 0x00000000b2e00000|  0%| F|  |TAMS 0x00000000b2d00000, 0x00000000b2d00000| Untracked 
| 302|0x00000000b2e00000, 0x00000000b2e00000, 0x00000000b2f00000|  0%| F|  |TAMS 0x00000000b2e00000, 0x00000000b2e00000| Untracked 
| 303|0x00000000b2f00000, 0x00000000b2f00000, 0x00000000b3000000|  0%| F|  |TAMS 0x00000000b2f00000, 0x00000000b2f00000| Untracked 
| 304|0x00000000b3000000, 0x00000000b3000000, 0x00000000b3100000|  0%| F|  |TAMS 0x00000000b3000000, 0x00000000b3000000| Untracked 

Card table byte_map: [0x000001fcd04a0000,0x000001fcd07a0000] _byte_map_base: 0x000001fccffa0000

Marking Bits (Prev, Next): (CMBitMap*) 0x000001fcb9922630, (CMBitMap*) 0x000001fcb99225f0
 Prev Bits: [0x000001fcd22a0000, 0x000001fcd3aa0000)
 Next Bits: [0x000001fcd0aa0000, 0x000001fcd22a0000)

Polling page: 0x000001fcb7720000

Metaspace:

Usage:
  Non-class:     97.81 MB used.
      Class:     15.07 MB used.
       Both:    112.88 MB used.

Virtual space:
  Non-class space:      128.00 MB reserved,      98.19 MB ( 77%) committed,  2 nodes.
      Class space:        1.00 GB reserved,      15.50 MB (  2%) committed,  1 nodes.
             Both:        1.12 GB reserved,     113.69 MB ( 10%) committed. 

Chunk freelists:
   Non-Class:  13.64 MB
       Class:  416.00 KB
        Both:  14.05 MB

MaxMetaspaceSize: unlimited
CompressedClassSpaceSize: 1.00 GB
Initial GC threshold: 21.00 MB
Current GC threshold: 186.25 MB
CDS: on
MetaspaceReclaimPolicy: balanced
 - commit_granule_bytes: 65536.
 - commit_granule_words: 8192.
 - virtual_space_node_default_size: 8388608.
 - enlarge_chunks_in_place: 1.
 - new_chunks_are_fully_committed: 0.
 - uncommit_free_chunks: 1.
 - use_allocation_guard: 0.
 - handle_deallocations: 1.


Internal statistics:

num_allocs_failed_limit: 18.
num_arena_births: 1136.
num_arena_deaths: 0.
num_vsnodes_births: 3.
num_vsnodes_deaths: 0.
num_space_committed: 1818.
num_space_uncommitted: 0.
num_chunks_returned_to_freelist: 18.
num_chunks_taken_from_freelist: 5673.
num_chunk_merges: 18.
num_chunk_splits: 3792.
num_chunks_enlarged: 2542.
num_inconsistent_stats: 0.

CodeHeap 'non-profiled nmethods': size=120000Kb used=7102Kb max_used=7506Kb free=112897Kb
 bounds [0x000001fcc8c70000, 0x000001fcc93d0000, 0x000001fcd01a0000]
CodeHeap 'profiled nmethods': size=120000Kb used=28286Kb max_used=28286Kb free=91713Kb
 bounds [0x000001fcc11a0000, 0x000001fcc2d50000, 0x000001fcc86d0000]
CodeHeap 'non-nmethods': size=5760Kb used=2564Kb max_used=2638Kb free=3195Kb
 bounds [0x000001fcc86d0000, 0x000001fcc8980000, 0x000001fcc8c70000]
 total_blobs=15565 nmethods=14436 adapters=1041
 compilation: enabled
              stopped_count=0, restarted_count=0
 full_count=0

Compilation events (20 events):
Event: 70.123 Thread 0x000001fcd5f11ba0 18069       2       com.android.tools.r8.internal.rP$$Lambda$1956/0x000001fcd7f8c000::<init> (10 bytes)
Event: 70.123 Thread 0x000001fcd5f11ba0 nmethod 18069 0x000001fcc2683990 code [0x000001fcc2683b20, 0x000001fcc2683c78]
Event: 70.123 Thread 0x000001fcd5f11ba0 18070       3       com.android.tools.r8.internal.rP$$Lambda$1956/0x000001fcd7f8c000::<init> (10 bytes)
Event: 70.123 Thread 0x000001fcd5f11ba0 nmethod 18070 0x000001fcc2d34510 code [0x000001fcc2d346a0, 0x000001fcc2d34858]
Event: 70.125 Thread 0x000001fcd5f11ba0 18071   !   3       java.util.concurrent.ConcurrentHashMap::merge (545 bytes)
Event: 70.129 Thread 0x000001fcd5f11ba0 nmethod 18071 0x000001fcc2d34910 code [0x000001fcc2d34cc0, 0x000001fcc2d36b48]
Event: 70.136 Thread 0x000001fcd5f11ba0 18072       2       org.apache.xerces.parsers.SecuritySupport::getFileExists (18 bytes)
Event: 70.137 Thread 0x000001fcd5f11ba0 nmethod 18072 0x000001fcc2d37990 code [0x000001fcc2d37b60, 0x000001fcc2d37e88]
Event: 70.137 Thread 0x000001fcd5f11ba0 18073       2       org.apache.xerces.parsers.SecuritySupport$7::<init> (10 bytes)
Event: 70.138 Thread 0x000001fcd5f11ba0 nmethod 18073 0x000001fcc2d38110 code [0x000001fcc2d382a0, 0x000001fcc2d383f8]
Event: 70.138 Thread 0x000001fcd5f11ba0 18074       2       org.apache.xerces.parsers.SecuritySupport$7::run (22 bytes)
Event: 70.138 Thread 0x000001fcd5f11ba0 nmethod 18074 0x000001fcc2d38490 code [0x000001fcc2d38640, 0x000001fcc2d38858]
Event: 70.139 Thread 0x000001fcd5f11ba0 18075   !   2       org.apache.xerces.parsers.ObjectFactory::createObject (598 bytes)
Event: 70.149 Thread 0x000001fcd5f11ba0 nmethod 18075 0x000001fcc2d38a10 code [0x000001fcc2d390e0, 0x000001fcc2d3c248]
Event: 70.200 Thread 0x000001fcd5f10a40 nmethod 18047 0x000001fcc8e6ff90 code [0x000001fcc8e70320, 0x000001fcc8e75488]
Event: 70.201 Thread 0x000001fcd5f10a40 18048       4       com.android.tools.r8.internal.rj::d (61 bytes)
Event: 70.212 Thread 0x000001fcd5f10a40 nmethod 18048 0x000001fcc9159190 code [0x000001fcc9159300, 0x000001fcc9159598]
Event: 70.213 Thread 0x000001fcd5f10a40 17852 %     4       com.android.tools.r8.dex.i::a @ 315 (1041 bytes)
Event: 70.219 Thread 0x000001fcd5f11ba0 18076       3       com.android.ide.common.resources.ValueResourceParser2::parseFile (208 bytes)
Event: 70.222 Thread 0x000001fcd5f11ba0 nmethod 18076 0x000001fcc2d3e690 code [0x000001fcc2d3e9c0, 0x000001fcc2d3fec8]

GC Heap History (20 events):
Event: 59.442 GC heap after
{Heap after GC invocations=48 (full 0):
 garbage-first heap   total 272384K, used 143291K [0x00000000a0000000, 0x0000000100000000)
  region size 1024K, 5 young (5120K), 5 survivors (5120K)
 Metaspace       used 102845K, committed 103552K, reserved 1179648K
  class space    used 13617K, committed 13952K, reserved 1048576K
}
Event: 62.398 GC heap before
{Heap before GC invocations=48 (full 0):
 garbage-first heap   total 272384K, used 218043K [0x00000000a0000000, 0x0000000100000000)
  region size 1024K, 79 young (80896K), 5 survivors (5120K)
 Metaspace       used 108233K, committed 108928K, reserved 1179648K
  class space    used 14303K, committed 14656K, reserved 1048576K
}
Event: 62.418 GC heap after
{Heap after GC invocations=49 (full 0):
 garbage-first heap   total 272384K, used 146425K [0x00000000a0000000, 0x0000000100000000)
  region size 1024K, 8 young (8192K), 8 survivors (8192K)
 Metaspace       used 108233K, committed 108928K, reserved 1179648K
  class space    used 14303K, committed 14656K, reserved 1048576K
}
Event: 64.372 GC heap before
{Heap before GC invocations=49 (full 0):
 garbage-first heap   total 272384K, used 220153K [0x00000000a0000000, 0x0000000100000000)
  region size 1024K, 81 young (82944K), 8 survivors (8192K)
 Metaspace       used 108692K, committed 109440K, reserved 1179648K
  class space    used 14354K, committed 14720K, reserved 1048576K
}
Event: 64.394 GC heap after
{Heap after GC invocations=50 (full 0):
 garbage-first heap   total 272384K, used 149103K [0x00000000a0000000, 0x0000000100000000)
  region size 1024K, 9 young (9216K), 9 survivors (9216K)
 Metaspace       used 108692K, committed 109440K, reserved 1179648K
  class space    used 14354K, committed 14720K, reserved 1048576K
}
Event: 64.673 GC heap before
{Heap before GC invocations=50 (full 0):
 garbage-first heap   total 272384K, used 172655K [0x00000000a0000000, 0x0000000100000000)
  region size 1024K, 24 young (24576K), 9 survivors (9216K)
 Metaspace       used 109011K, committed 109760K, reserved 1179648K
  class space    used 14399K, committed 14784K, reserved 1048576K
}
Event: 64.705 GC heap after
{Heap after GC invocations=51 (full 0):
 garbage-first heap   total 272384K, used 163369K [0x00000000a0000000, 0x0000000100000000)
  region size 1024K, 9 young (9216K), 9 survivors (9216K)
 Metaspace       used 109011K, committed 109760K, reserved 1179648K
  class space    used 14399K, committed 14784K, reserved 1048576K
}
Event: 66.087 GC heap before
{Heap before GC invocations=52 (full 0):
 garbage-first heap   total 273408K, used 222761K [0x00000000a0000000, 0x0000000100000000)
  region size 1024K, 66 young (67584K), 9 survivors (9216K)
 Metaspace       used 111800K, committed 112576K, reserved 1179648K
  class space    used 14800K, committed 15168K, reserved 1048576K
}
Event: 66.103 GC heap after
{Heap after GC invocations=53 (full 0):
 garbage-first heap   total 273408K, used 161083K [0x00000000a0000000, 0x0000000100000000)
  region size 1024K, 7 young (7168K), 7 survivors (7168K)
 Metaspace       used 111800K, committed 112576K, reserved 1179648K
  class space    used 14800K, committed 15168K, reserved 1048576K
}
Event: 66.130 GC heap before
{Heap before GC invocations=53 (full 0):
 garbage-first heap   total 273408K, used 179515K [0x00000000a0000000, 0x0000000100000000)
  region size 1024K, 14 young (14336K), 7 survivors (7168K)
 Metaspace       used 111806K, committed 112576K, reserved 1179648K
  class space    used 14801K, committed 15168K, reserved 1048576K
}
Event: 66.145 GC heap after
{Heap after GC invocations=54 (full 0):
 garbage-first heap   total 273408K, used 149943K [0x00000000a0000000, 0x0000000100000000)
  region size 1024K, 2 young (2048K), 2 survivors (2048K)
 Metaspace       used 111806K, committed 112576K, reserved 1179648K
  class space    used 14801K, committed 15168K, reserved 1048576K
}
Event: 67.246 GC heap before
{Heap before GC invocations=54 (full 0):
 garbage-first heap   total 273408K, used 221623K [0x00000000a0000000, 0x0000000100000000)
  region size 1024K, 71 young (72704K), 2 survivors (2048K)
 Metaspace       used 112686K, committed 113536K, reserved 1179648K
  class space    used 14896K, committed 15296K, reserved 1048576K
}
Event: 67.294 GC heap after
{Heap after GC invocations=55 (full 0):
 garbage-first heap   total 273408K, used 171805K [0x00000000a0000000, 0x0000000100000000)
  region size 1024K, 9 young (9216K), 9 survivors (9216K)
 Metaspace       used 112686K, committed 113536K, reserved 1179648K
  class space    used 14896K, committed 15296K, reserved 1048576K
}
Event: 68.965 GC heap before
{Heap before GC invocations=56 (full 0):
 garbage-first heap   total 312320K, used 214813K [0x00000000a0000000, 0x0000000100000000)
  region size 1024K, 52 young (53248K), 9 survivors (9216K)
 Metaspace       used 115081K, committed 115904K, reserved 1179648K
  class space    used 15369K, committed 15744K, reserved 1048576K
}
Event: 69.022 GC heap after
{Heap after GC invocations=57 (full 0):
 garbage-first heap   total 312320K, used 186368K [0x00000000a0000000, 0x0000000100000000)
  region size 1024K, 7 young (7168K), 7 survivors (7168K)
 Metaspace       used 115081K, committed 115904K, reserved 1179648K
  class space    used 15369K, committed 15744K, reserved 1048576K
}
Event: 69.106 GC heap before
{Heap before GC invocations=57 (full 0):
 garbage-first heap   total 312320K, used 193536K [0x00000000a0000000, 0x0000000100000000)
  region size 1024K, 15 young (15360K), 7 survivors (7168K)
 Metaspace       used 115089K, committed 115904K, reserved 1179648K
  class space    used 15369K, committed 15744K, reserved 1048576K
}
Event: 69.141 GC heap after
{Heap after GC invocations=58 (full 0):
 garbage-first heap   total 312320K, used 187904K [0x00000000a0000000, 0x0000000100000000)
  region size 1024K, 2 young (2048K), 2 survivors (2048K)
 Metaspace       used 115089K, committed 115904K, reserved 1179648K
  class space    used 15369K, committed 15744K, reserved 1048576K
}
Event: 69.753 GC heap before
{Heap before GC invocations=58 (full 0):
 garbage-first heap   total 312320K, used 243200K [0x00000000a0000000, 0x0000000100000000)
  region size 1024K, 57 young (58368K), 2 survivors (2048K)
 Metaspace       used 115207K, committed 115968K, reserved 1179648K
  class space    used 15381K, committed 15744K, reserved 1048576K
}
Event: 69.814 GC heap after
{Heap after GC invocations=59 (full 0):
 garbage-first heap   total 312320K, used 215552K [0x00000000a0000000, 0x0000000100000000)
  region size 1024K, 8 young (8192K), 8 survivors (8192K)
 Metaspace       used 115207K, committed 115968K, reserved 1179648K
  class space    used 15381K, committed 15744K, reserved 1048576K
}
Event: 70.270 GC heap before
{Heap before GC invocations=59 (full 0):
 garbage-first heap   total 312320K, used 250368K [0x00000000a0000000, 0x0000000100000000)
  region size 1024K, 40 young (40960K), 8 survivors (8192K)
 Metaspace       used 115587K, committed 116416K, reserved 1179648K
  class space    used 15427K, committed 15872K, reserved 1048576K
}

Deoptimization events (20 events):
Event: 69.369 Thread 0x000001fd20a0a320 Uncommon trap: trap_request=0xffffffde fr.pc=0x000001fcc903eedc relative=0x00000000000000bc
Event: 69.370 Thread 0x000001fd20a0a320 Uncommon trap: reason=class_check action=maybe_recompile pc=0x000001fcc903eedc method=java.lang.StringLatin1$CharsSpliterator.tryAdvance(Ljava/util/function/IntConsumer;)Z @ 51 c2
Event: 69.370 Thread 0x000001fd20a0a320 DEOPT PACKING pc=0x000001fcc903eedc sp=0x0000008176af99d0
Event: 69.370 Thread 0x000001fd20a0a320 DEOPT UNPACKING pc=0x000001fcc87223a3 sp=0x0000008176af9968 mode 2
Event: 69.590 Thread 0x000001fd1b3e2e30 Uncommon trap: trap_request=0xffffff45 fr.pc=0x000001fcc924fe50 relative=0x0000000000000050
Event: 69.590 Thread 0x000001fd1b3e2e30 Uncommon trap: reason=unstable_if action=reinterpret pc=0x000001fcc924fe50 method=java.lang.Float.isNaN(F)Z @ 3 c2
Event: 69.591 Thread 0x000001fd1b3e2e30 DEOPT PACKING pc=0x000001fcc924fe50 sp=0x00000081790fe6c0
Event: 69.591 Thread 0x000001fd1b3e2e30 DEOPT UNPACKING pc=0x000001fcc87223a3 sp=0x00000081790fe650 mode 2
Event: 69.677 Thread 0x000001fd1b3e2e30 Uncommon trap: trap_request=0xffffff45 fr.pc=0x000001fcc91645e4 relative=0x0000000000006ea4
Event: 69.677 Thread 0x000001fd1b3e2e30 Uncommon trap: reason=unstable_if action=reinterpret pc=0x000001fcc91645e4 method=com.android.tools.r8.dex.code.v1.a(Ljava/nio/ShortBuffer;IILcom/android/tools/r8/internal/OM;)[Lcom/android/tools/r8/dex/code/t1; @ 541 c2
Event: 69.677 Thread 0x000001fd1b3e2e30 DEOPT PACKING pc=0x000001fcc91645e4 sp=0x00000081790fe910
Event: 69.677 Thread 0x000001fd1b3e2e30 DEOPT UNPACKING pc=0x000001fcc87223a3 sp=0x00000081790fe8e8 mode 2
Event: 70.120 Thread 0x000001fd20a084c0 DEOPT PACKING pc=0x000001fcc29f4baa sp=0x00000081776fd280
Event: 70.120 Thread 0x000001fd20a084c0 DEOPT UNPACKING pc=0x000001fcc8722b43 sp=0x00000081776fc790 mode 0
Event: 70.122 Thread 0x000001fd20a084c0 DEOPT PACKING pc=0x000001fcc29f4baa sp=0x00000081776fd290
Event: 70.122 Thread 0x000001fd20a084c0 DEOPT UNPACKING pc=0x000001fcc8722b43 sp=0x00000081776fc7a0 mode 0
Event: 70.124 Thread 0x000001fd20a084c0 DEOPT PACKING pc=0x000001fcc29f4bcb sp=0x00000081776fd240
Event: 70.124 Thread 0x000001fd20a084c0 DEOPT UNPACKING pc=0x000001fcc8722b43 sp=0x00000081776fc750 mode 0
Event: 70.219 Thread 0x000001fd20a0a320 DEOPT PACKING pc=0x000001fcc142d93a sp=0x0000008176afa5b0
Event: 70.219 Thread 0x000001fd20a0a320 DEOPT UNPACKING pc=0x000001fcc8722b43 sp=0x0000008176af9ab8 mode 0

Classes unloaded (0 events):
No events

Classes redefined (0 events):
No events

Internal exceptions (20 events):
Event: 66.367 Thread 0x000001fd20a07080 Exception <a 'sun/nio/fs/WindowsException'{0x00000000afd00d98}> (0x00000000afd00d98) 
thrown [s\open\src\hotspot\share\prims\jni.cpp, line 516]
Event: 66.367 Thread 0x000001fd20a07080 Exception <a 'sun/nio/fs/WindowsException'{0x00000000afd01110}> (0x00000000afd01110) 
thrown [s\open\src\hotspot\share\prims\jni.cpp, line 516]
Event: 66.367 Thread 0x000001fd20a07080 Exception <a 'sun/nio/fs/WindowsException'{0x00000000afd01fd8}> (0x00000000afd01fd8) 
thrown [s\open\src\hotspot\share\prims\jni.cpp, line 516]
Event: 66.389 Thread 0x000001fd20a07080 Exception <a 'java/lang/NoSuchMethodError'{0x00000000afb0fa10}: static Lcom/android/builder/internal/aapt/AaptOptions;.<clinit>()V> (0x00000000afb0fa10) 
thrown [s\open\src\hotspot\share\prims\jni.cpp, line 1112]
Event: 66.397 Thread 0x000001fd20a07080 Exception <a 'java/lang/NoSuchMethodError'{0x00000000afbda298}: static Ljava/lang/Object;.<clinit>()V> (0x00000000afbda298) 
thrown [s\open\src\hotspot\share\prims\jni.cpp, line 1112]
Event: 66.400 Thread 0x000001fd20a07080 Exception <a 'java/lang/NoSuchMethodError'{0x00000000afbfc080}: static Lcom/android/build/api/variant/impl/VariantOutputImpl$SerializedForm;.<clinit>()V> (0x00000000afbfc080) 
thrown [s\open\src\hotspot\share\prims\jni.cpp, line 1112]
Event: 66.401 Thread 0x000001fd20a07080 Exception <a 'java/lang/NoSuchMethodError'{0x00000000afaaf468}: static Lcom/android/build/api/variant/impl/VariantOutputConfigurationImpl;.<clinit>()V> (0x00000000afaaf468) 
thrown [s\open\src\hotspot\share\prims\jni.cpp, line 1112]
Event: 66.410 Thread 0x000001fd20a0a320 Exception <a 'sun/nio/fs/WindowsException'{0x00000000b0123d90}> (0x00000000b0123d90) 
thrown [s\open\src\hotspot\share\prims\jni.cpp, line 516]
Event: 66.415 Thread 0x000001fd20a0a320 Exception <a 'sun/nio/fs/WindowsException'{0x00000000af950bf0}> (0x00000000af950bf0) 
thrown [s\open\src\hotspot\share\prims\jni.cpp, line 516]
Event: 66.416 Thread 0x000001fd20a0a320 Exception <a 'sun/nio/fs/WindowsException'{0x00000000af96cd18}> (0x00000000af96cd18) 
thrown [s\open\src\hotspot\share\prims\jni.cpp, line 516]
Event: 66.417 Thread 0x000001fd20a0a320 Exception <a 'sun/nio/fs/WindowsException'{0x00000000af96ec60}> (0x00000000af96ec60) 
thrown [s\open\src\hotspot\share\prims\jni.cpp, line 516]
Event: 66.418 Thread 0x000001fd20a0a320 Exception <a 'sun/nio/fs/WindowsException'{0x00000000af970f90}> (0x00000000af970f90) 
thrown [s\open\src\hotspot\share\prims\jni.cpp, line 516]
Event: 67.472 Thread 0x000001fd1b3e2920 Exception <a 'java/lang/IncompatibleClassChangeError'{0x00000000b05b2230}: Found class java.lang.Object, but interface was expected> (0x00000000b05b2230) 
thrown [s\open\src\hotspot\share\interpreter\linkResolver.cpp, line 826]
Event: 67.496 Thread 0x000001fd1b3e2920 Exception <a 'java/lang/IncompatibleClassChangeError'{0x00000000b04be248}: Found class java.lang.Object, but interface was expected> (0x00000000b04be248) 
thrown [s\open\src\hotspot\share\interpreter\linkResolver.cpp, line 826]
Event: 67.500 Thread 0x000001fd1b3e2920 Exception <a 'java/lang/IncompatibleClassChangeError'{0x00000000b04d5bc8}: Found class java.lang.Object, but interface was expected> (0x00000000b04d5bc8) 
thrown [s\open\src\hotspot\share\interpreter\linkResolver.cpp, line 826]
Event: 68.260 Thread 0x000001fd1b3e2e30 Exception <a 'java/lang/NoSuchMethodError'{0x00000000b2a40360}: 'long java.lang.invoke.DirectMethodHandle$Holder.invokeStatic(java.lang.Object, java.lang.Object, java.lang.Object)'> (0x00000000b2a40360) 
thrown [s\open\src\hotspot\share\interpreter\linkResolver.cpp, line 759]
Event: 69.328 Thread 0x000001fd20a089d0 Exception <a 'java/lang/NoSuchMethodError'{0x00000000b1e27b68}: 'void java.lang.invoke.DirectMethodHandle$Holder.invokeStatic(java.lang.Object, long)'> (0x00000000b1e27b68) 
thrown [s\open\src\hotspot\share\interpreter\linkResolver.cpp, line 759]
Event: 69.329 Thread 0x000001fd20a089d0 Exception <a 'java/lang/NoSuchMethodError'{0x00000000b1e2d420}: 'java.lang.Object java.lang.invoke.DirectMethodHandle$Holder.newInvokeSpecial(java.lang.Object, long)'> (0x00000000b1e2d420) 
thrown [s\open\src\hotspot\share\interpreter\linkResolver.cpp, line 759]
Event: 69.333 Thread 0x000001fd20a089d0 Exception <a 'java/lang/NoSuchMethodError'{0x00000000b1e36d00}: 'java.lang.Object java.lang.invoke.DirectMethodHandle$Holder.invokeStatic(java.lang.Object, java.lang.Object, long, java.lang.Object)'> (0x00000000b1e36d00) 
thrown [s\open\src\hotspot\share\interpreter\linkResolver.cpp, line 759]
Event: 69.364 Thread 0x000001fd20a089d0 Exception <a 'java/lang/NoSuchMethodError'{0x00000000b1ec5e80}: 'java.lang.Object java.lang.invoke.DirectMethodHandle$Holder.invokeStaticInit(java.lang.Object, java.lang.Object, long, java.lang.Object)'> (0x00000000b1ec5e80) 
thrown [s\open\src\hotspot\share\interpreter\linkResolver.cpp, line 759]

VM Operations (20 events):
Event: 67.004 Executing VM operation: ICBufferFull done
Event: 67.245 Executing VM operation: G1CollectForAllocation
Event: 67.294 Executing VM operation: G1CollectForAllocation done
Event: 67.737 Executing VM operation: G1Concurrent
Event: 67.753 Executing VM operation: G1Concurrent done
Event: 67.986 Executing VM operation: G1Concurrent
Event: 67.987 Executing VM operation: G1Concurrent done
Event: 68.353 Executing VM operation: HandshakeAllThreads
Event: 68.353 Executing VM operation: HandshakeAllThreads done
Event: 68.945 Executing VM operation: G1CollectForAllocation
Event: 69.029 Executing VM operation: G1CollectForAllocation done
Event: 69.093 Executing VM operation: G1CollectForAllocation
Event: 69.148 Executing VM operation: G1CollectForAllocation done
Event: 69.196 Executing VM operation: HandshakeAllThreads
Event: 69.236 Executing VM operation: HandshakeAllThreads done
Event: 69.373 Executing VM operation: HandshakeAllThreads
Event: 69.388 Executing VM operation: HandshakeAllThreads done
Event: 69.734 Executing VM operation: G1CollectForAllocation
Event: 69.825 Executing VM operation: G1CollectForAllocation done
Event: 70.270 Executing VM operation: G1CollectForAllocation

Events (20 events):
Event: 67.360 Thread 0x000001fd1b3e3340 Thread added: 0x000001fd1b3e3340
Event: 67.363 Thread 0x000001fd1b3e2920 Thread added: 0x000001fd1b3e2920
Event: 67.391 loading class java/lang/reflect/GenericSignatureFormatError
Event: 67.392 loading class java/lang/reflect/GenericSignatureFormatError done
Event: 68.210 loading class java/nio/ShortBuffer
Event: 68.214 loading class java/nio/ShortBuffer done
Event: 68.214 loading class java/nio/HeapShortBuffer
Event: 68.217 loading class java/nio/HeapShortBuffer done
Event: 69.330 loading class java/lang/ProcessHandleImpl
Event: 69.331 loading class java/lang/ProcessHandleImpl done
Event: 69.368 loading class java/lang/ProcessImpl$2
Event: 69.369 loading class java/lang/ProcessImpl$2 done
Event: 69.369 loading class java/lang/Process$PipeInputStream
Event: 69.370 loading class java/lang/Process$PipeInputStream done
Event: 69.389 loading class jdk/internal/event/ProcessStartEvent
Event: 69.428 loading class jdk/internal/event/ProcessStartEvent done
Event: 69.441 Thread 0x000001fd1b3e3d60 Thread added: 0x000001fd1b3e3d60
Event: 69.441 Thread 0x000001fd1b3e4270 Thread added: 0x000001fd1b3e4270
Event: 70.111 loading class java/util/concurrent/ConcurrentLinkedQueue$Itr
Event: 70.113 loading class java/util/concurrent/ConcurrentLinkedQueue$Itr done


Dynamic libraries:
0x00007ff761690000 - 0x00007ff7616a0000 	C:\Program Files\Java\jdk-17\bin\java.exe
0x00007ff96c9d0000 - 0x00007ff96cbc8000 	C:\WINDOWS\SYSTEM32\ntdll.dll
0x00007ff96c870000 - 0x00007ff96c92d000 	C:\WINDOWS\System32\KERNEL32.DLL
0x00007ff96a1f0000 - 0x00007ff96a4e6000 	C:\WINDOWS\System32\KERNELBASE.dll
0x00007ff96a0c0000 - 0x00007ff96a1c0000 	C:\WINDOWS\System32\ucrtbase.dll
0x00007ff95a7a0000 - 0x00007ff95a7b9000 	C:\Program Files\Java\jdk-17\bin\jli.dll
0x00007ff960290000 - 0x00007ff9602ab000 	C:\Program Files\Java\jdk-17\bin\VCRUNTIME140.dll
0x00007ff96aa10000 - 0x00007ff96aac0000 	C:\WINDOWS\System32\ADVAPI32.dll
0x00007ff96b910000 - 0x00007ff96b9ae000 	C:\WINDOWS\System32\msvcrt.dll
0x00007ff96b7b0000 - 0x00007ff96b850000 	C:\WINDOWS\System32\sechost.dll
0x00007ff96b310000 - 0x00007ff96b433000 	C:\WINDOWS\System32\RPCRT4.dll
0x00007ff96a1c0000 - 0x00007ff96a1e7000 	C:\WINDOWS\System32\bcrypt.dll
0x00007ff953f00000 - 0x00007ff95419a000 	C:\WINDOWS\WinSxS\amd64_microsoft.windows.common-controls_6595b64144ccf1df_6.0.19041.4355_none_60b8b9eb71f62e16\COMCTL32.dll
0x00007ff96b5a0000 - 0x00007ff96b73f000 	C:\WINDOWS\System32\USER32.dll
0x00007ff96b850000 - 0x00007ff96b87b000 	C:\WINDOWS\System32\GDI32.dll
0x00007ff96a090000 - 0x00007ff96a0b2000 	C:\WINDOWS\System32\win32u.dll
0x00007ff96a740000 - 0x00007ff96a857000 	C:\WINDOWS\System32\gdi32full.dll
0x00007ff96a540000 - 0x00007ff96a5dd000 	C:\WINDOWS\System32\msvcp_win.dll
0x00007ff961130000 - 0x00007ff96113a000 	C:\WINDOWS\SYSTEM32\VERSION.dll
0x00007ff96b570000 - 0x00007ff96b59f000 	C:\WINDOWS\System32\IMM32.DLL
0x00007ff960a70000 - 0x00007ff960a7c000 	C:\Program Files\Java\jdk-17\bin\vcruntime140_1.dll
0x00007ff942ee0000 - 0x00007ff942f6e000 	C:\Program Files\Java\jdk-17\bin\msvcp140.dll
0x00007ff915b90000 - 0x00007ff916770000 	C:\Program Files\Java\jdk-17\bin\server\jvm.dll
0x00007ff96aac0000 - 0x00007ff96aac8000 	C:\WINDOWS\System32\PSAPI.DLL
0x00007ff956920000 - 0x00007ff956947000 	C:\WINDOWS\SYSTEM32\WINMM.dll
0x00007ff967fd0000 - 0x00007ff967fd9000 	C:\WINDOWS\SYSTEM32\WSOCK32.dll
0x00007ff96b740000 - 0x00007ff96b7ab000 	C:\WINDOWS\System32\WS2_32.dll
0x00007ff9688a0000 - 0x00007ff9688b2000 	C:\WINDOWS\SYSTEM32\kernel.appcore.dll
0x00007ff960a10000 - 0x00007ff960a1a000 	C:\Program Files\Java\jdk-17\bin\jimage.dll
0x00007ff967c70000 - 0x00007ff967e54000 	C:\WINDOWS\SYSTEM32\DBGHELP.DLL
0x00007ff961c70000 - 0x00007ff961ca4000 	C:\WINDOWS\SYSTEM32\dbgcore.DLL
0x00007ff96a980000 - 0x00007ff96aa02000 	C:\WINDOWS\System32\bcryptPrimitives.dll
0x00007ff9604d0000 - 0x00007ff9604de000 	C:\Program Files\Java\jdk-17\bin\instrument.dll
0x00007ff952e50000 - 0x00007ff952e75000 	C:\Program Files\Java\jdk-17\bin\java.dll
0x00007ff934070000 - 0x00007ff934147000 	C:\Program Files\Java\jdk-17\bin\jsvml.dll
0x00007ff96aaf0000 - 0x00007ff96b25c000 	C:\WINDOWS\System32\SHELL32.dll
0x00007ff9680f0000 - 0x00007ff96888d000 	C:\WINDOWS\SYSTEM32\windows.storage.dll
0x00007ff96c310000 - 0x00007ff96c663000 	C:\WINDOWS\System32\combase.dll
0x00007ff969ab0000 - 0x00007ff969ade000 	C:\WINDOWS\SYSTEM32\Wldp.dll
0x00007ff96b9c0000 - 0x00007ff96ba8d000 	C:\WINDOWS\System32\OLEAUT32.dll
0x00007ff96baf0000 - 0x00007ff96bb9d000 	C:\WINDOWS\System32\SHCORE.dll
0x00007ff96bc20000 - 0x00007ff96bc75000 	C:\WINDOWS\System32\shlwapi.dll
0x00007ff969fc0000 - 0x00007ff969fe4000 	C:\WINDOWS\SYSTEM32\profapi.dll
0x00007ff955570000 - 0x00007ff955588000 	C:\Program Files\Java\jdk-17\bin\zip.dll
0x00007ff9554d0000 - 0x00007ff9554e9000 	C:\Program Files\Java\jdk-17\bin\net.dll
0x00007ff960600000 - 0x00007ff96070a000 	C:\WINDOWS\SYSTEM32\WINHTTP.dll
0x00007ff969810000 - 0x00007ff96987a000 	C:\WINDOWS\system32\mswsock.dll
0x00007ff9553e0000 - 0x00007ff9553f6000 	C:\Program Files\Java\jdk-17\bin\nio.dll
0x00007ff960280000 - 0x00007ff960290000 	C:\Program Files\Java\jdk-17\bin\verify.dll
0x00007ff93ba70000 - 0x00007ff93ba97000 	C:\Users\Violin\.gradle\native\c067742578af261105cb4f569cf0c3c89f3d7b1fecec35dd04571415982c5e48\windows-amd64\native-platform.dll
0x00007ff933f20000 - 0x00007ff934064000 	C:\Users\Violin\.gradle\native\38dada09dfb8b06ba9b0570ebf7e218e3eb74d4ef43ca46872605cf95ebc2f47\windows-amd64\native-platform-file-events.dll
0x00007ff95a730000 - 0x00007ff95a73a000 	C:\Program Files\Java\jdk-17\bin\management.dll
0x00007ff9599c0000 - 0x00007ff9599cb000 	C:\Program Files\Java\jdk-17\bin\management_ext.dll
0x00007ff969a10000 - 0x00007ff969a28000 	C:\WINDOWS\SYSTEM32\CRYPTSP.dll
0x00007ff9690c0000 - 0x00007ff9690f4000 	C:\WINDOWS\system32\rsaenh.dll
0x00007ff969f70000 - 0x00007ff969f9e000 	C:\WINDOWS\SYSTEM32\USERENV.dll
0x00007ff969a00000 - 0x00007ff969a0c000 	C:\WINDOWS\SYSTEM32\CRYPTBASE.dll
0x00007ff9694a0000 - 0x00007ff9694db000 	C:\WINDOWS\SYSTEM32\IPHLPAPI.DLL
0x00007ff96c2a0000 - 0x00007ff96c2a8000 	C:\WINDOWS\System32\NSI.dll
0x00007ff961110000 - 0x00007ff961127000 	C:\WINDOWS\SYSTEM32\dhcpcsvc6.DLL
0x00007ff961a70000 - 0x00007ff961a8d000 	C:\WINDOWS\SYSTEM32\dhcpcsvc.DLL
0x00007ff9694f0000 - 0x00007ff9695ba000 	C:\WINDOWS\SYSTEM32\DNSAPI.dll
0x00007ff959750000 - 0x00007ff95975e000 	C:\Program Files\Java\jdk-17\bin\sunmscapi.dll
0x00007ff96a5e0000 - 0x00007ff96a73e000 	C:\WINDOWS\System32\CRYPT32.dll
0x00007ff969b20000 - 0x00007ff969b49000 	C:\WINDOWS\SYSTEM32\ncrypt.dll
0x00007ff969ae0000 - 0x00007ff969b1b000 	C:\WINDOWS\SYSTEM32\NTASN1.dll
0x00007ff964540000 - 0x00007ff964547000 	C:\WINDOWS\system32\wshunix.dll
0x00007ff95a9b0000 - 0x00007ff95a9ba000 	C:\Windows\System32\rasadhlp.dll
0x00007ff95af20000 - 0x00007ff95afa0000 	C:\WINDOWS\System32\fwpuclnt.dll
0x00007ff9325b0000 - 0x00007ff932741000 	C:\Program Files\Java\jdk-17\bin\awt.dll
0x00007ff965290000 - 0x00007ff965320000 	C:\WINDOWS\SYSTEM32\apphelp.dll
0x00007ff967830000 - 0x00007ff96785f000 	C:\WINDOWS\system32\DWMAPI.DLL
0x00007ff966ea0000 - 0x00007ff966f3e000 	C:\WINDOWS\system32\uxtheme.dll

dbghelp: loaded successfully - version: 4.0.5 - missing functions: none
symbol engine: initialized successfully - sym options: 0x614 - pdb path: .;C:\Program Files\Java\jdk-17\bin;C:\WINDOWS\SYSTEM32;C:\WINDOWS\WinSxS\amd64_microsoft.windows.common-controls_6595b64144ccf1df_6.0.19041.4355_none_60b8b9eb71f62e16;C:\Program Files\Java\jdk-17\bin\server;C:\Users\Violin\.gradle\native\c067742578af261105cb4f569cf0c3c89f3d7b1fecec35dd04571415982c5e48\windows-amd64;C:\Users\Violin\.gradle\native\38dada09dfb8b06ba9b0570ebf7e218e3eb74d4ef43ca46872605cf95ebc2f47\windows-amd64

VM Arguments:
jvm_args: --add-opens=java.base/java.util=ALL-UNNAMED --add-opens=java.base/java.lang=ALL-UNNAMED --add-opens=java.base/java.lang.invoke=ALL-UNNAMED --add-opens=java.prefs/java.util.prefs=ALL-UNNAMED --add-opens=java.base/java.nio.charset=ALL-UNNAMED --add-opens=java.base/java.net=ALL-UNNAMED --add-opens=java.base/java.util.concurrent.atomic=ALL-UNNAMED -Xmx1536m -Dfile.encoding=UTF-8 -Duser.country=KR -Duser.language=ko -Duser.variant -javaagent:C:\Users\Violin\.gradle\wrapper\dists\gradle-8.7-bin\bhs2wmbdwecv87pi65oeuq5iu\gradle-8.7\lib\agents\gradle-instrumentation-agent-8.7.jar 
java_command: org.gradle.launcher.daemon.bootstrap.GradleDaemon 8.7
java_class_path (initial): C:\Users\Violin\.gradle\wrapper\dists\gradle-8.7-bin\bhs2wmbdwecv87pi65oeuq5iu\gradle-8.7\lib\gradle-launcher-8.7.jar
Launcher Type: SUN_STANDARD

[Global flags]
     intx CICompilerCount                          = 3                                         {product} {ergonomic}
     uint ConcGCThreads                            = 1                                         {product} {ergonomic}
     uint G1ConcRefinementThreads                  = 4                                         {product} {ergonomic}
   size_t G1HeapRegionSize                         = 1048576                                   {product} {ergonomic}
    uintx GCDrainStackTargetSize                   = 64                                        {product} {ergonomic}
   size_t InitialHeapSize                          = 67108864                                  {product} {ergonomic}
   size_t MarkStackSize                            = 4194304                                   {product} {ergonomic}
   size_t MaxHeapSize                              = 1610612736                                {product} {command line}
   size_t MaxNewSize                               = 965738496                                 {product} {ergonomic}
   size_t MinHeapDeltaBytes                        = 1048576                                   {product} {ergonomic}
   size_t MinHeapSize                              = 8388608                                   {product} {ergonomic}
    uintx NonNMethodCodeHeapSize                   = 5832780                                {pd product} {ergonomic}
    uintx NonProfiledCodeHeapSize                  = 122912730                              {pd product} {ergonomic}
    uintx ProfiledCodeHeapSize                     = 122912730                              {pd product} {ergonomic}
    uintx ReservedCodeCacheSize                    = 251658240                              {pd product} {ergonomic}
     bool SegmentedCodeCache                       = true                                      {product} {ergonomic}
   size_t SoftMaxHeapSize                          = 1610612736                             {manageable} {ergonomic}
     bool UseCompressedClassPointers               = true                           {product lp64_product} {ergonomic}
     bool UseCompressedOops                        = true                           {product lp64_product} {ergonomic}
     bool UseG1GC                                  = true                                      {product} {ergonomic}
     bool UseLargePagesIndividualAllocation        = false                                  {pd product} {ergonomic}

Logging:
Log output configuration:
 #0: stdout all=warning uptime,level,tags
 #1: stderr all=off uptime,level,tags

Environment Variables:
JAVA_HOME=C:/Program Files/Java/jdk-17
CLASSPATH=C:\Users\Violin\AndroidStudioProjects\Simple Bank Manager\\gradle\wrapper\gradle-wrapper.jar
PATH=C:\Program Files\Common Files\Oracle\Java\javapath;C:\Program Files (x86)\Intel\iCLS Client\;C:\Program Files\Intel\iCLS Client\;C:\WINDOWS\system32;C:\WINDOWS;C:\WINDOWS\System32\Wbem;C:\WINDOWS\System32\WindowsPowerShell\v1.0\;C:\Program Files\Intel\WiFi\bin\;C:\Program Files\Common Files\Intel\WirelessCommon\;C:\Program Files (x86)\Intel\Intel(R) Management Engine Components\DAL;C:\Program Files\Intel\Intel(R) Management Engine Components\DAL;C:\Program Files (x86)\Intel\Intel(R) Management Engine Components\IPT;C:\Program Files\Intel\Intel(R) Management Engine Components\IPT;C:\WINDOWS\System32\OpenSSH\;C:\Program Files\Git\cmd;C:\Gradle\gradle-8.7\bin;C:\Program Files\dotnet\;C:\Users\Violin\SDKs\platform-tools-latest-windows\platform-tools;C:\Users\Violin\AppData\Local\Microsoft\WindowsApps;C:\Users\Violin\AppData\Local\GitHubDesktop\bin;C:\Users\Violin\SDKs\platform-tools-latest-windows\platform-tools;
USERNAME=Violin
OS=Windows_NT
PROCESSOR_IDENTIFIER=Intel64 Family 6 Model 78 Stepping 3, GenuineIntel



---------------  S Y S T E M  ---------------

OS:
 Windows 10 , 64 bit Build 19041 (10.0.19041.3636)
OS uptime: 35 days 1:11 hours

CPU: total 4 (initial active 4) (2 cores per cpu, 2 threads per core) family 6 model 78 stepping 3 microcode 0xcc, cx8, cmov, fxsr, ht, mmx, 3dnowpref, sse, sse2, sse3, ssse3, sse4.1, sse4.2, popcnt, lzcnt, tsc, tscinvbit, avx, avx2, aes, erms, clmul, bmi1, bmi2, adx, fma, vzeroupper, clflush, clflushopt

Memory: 4k page, system-wide physical 4010M (246M free)
TotalPageFile size 16298M (AvailPageFile size 191M)
current process WorkingSet (physical memory assigned to process): 509M, peak: 516M
current process commit charge ("private bytes"): 641M, peak: 965M

vm_info: Java HotSpot(TM) 64-Bit Server VM (17.0.11+7-LTS-207) for windows-amd64 JRE (17.0.11+7-LTS-207), built on Mar 11 2024 19:01:50 by "mach5one" with MS VC++ 17.6 (VS2022)

END.
