#
# There is insufficient memory for the Java Runtime Environment to continue.
# Native memory allocation (mmap) failed to map 265289728 bytes for G1 virtual space
# Possible reasons:
#   The system is out of physical RAM or swap space
#   The process is running with CompressedOops enabled, and the Java Heap may be blocking the growth of the native heap
# Possible solutions:
#   Reduce memory load on the system
#   Increase physical memory or swap space
#   Check if swap backing store is full
#   Decrease Java heap size (-Xmx/-Xms)
#   Decrease number of Java threads
#   Decrease Java thread stack sizes (-Xss)
#   Set larger code cache with -XX:ReservedCodeCacheSize=
#   JVM is running with Unscaled Compressed Oops mode in which the Java heap is
#     placed in the first 4GB address space. The Java Heap base address is the
#     maximum limit for the native heap growth. Please use -XX:HeapBaseMinAddress
#     to set the Java Heap base and to place the Java Heap above 4GB virtual address.
# This output file may be truncated or incomplete.
#
#  Out of Memory Error (os_windows.cpp:3548), pid=27432, tid=26676
#
# JRE version: Java(TM) SE Runtime Environment (17.0.11+7) (build 17.0.11+7-LTS-207)
# Java VM: Java HotSpot(TM) 64-Bit Server VM (17.0.11+7-LTS-207, mixed mode, sharing, tiered, compressed oops, compressed class ptrs, g1 gc, windows-amd64)
# No core dump will be written. Minidumps are not enabled by default on client versions of Windows
#

---------------  S U M M A R Y ------------

Command Line: --add-opens=java.base/java.util=ALL-UNNAMED --add-opens=java.base/java.lang=ALL-UNNAMED --add-opens=java.base/java.lang.invoke=ALL-UNNAMED --add-opens=java.prefs/java.util.prefs=ALL-UNNAMED --add-opens=java.base/java.nio.charset=ALL-UNNAMED --add-opens=java.base/java.net=ALL-UNNAMED --add-opens=java.base/java.util.concurrent.atomic=ALL-UNNAMED -Xmx1536m -Dfile.encoding=UTF-8 -Duser.country=KR -Duser.language=ko -Duser.variant org.gradle.launcher.daemon.bootstrap.GradleDaemon 8.0

Host: Intel(R) Core(TM) i5-6200U CPU @ 2.30GHz, 4 cores, 3G,  Windows 10 , 64 bit Build 19041 (10.0.19041.4842)
Time: Sat Sep 28 02:28:48 2024  Windows 10 , 64 bit Build 19041 (10.0.19041.4842) elapsed time: 86.301618 seconds (0d 0h 1m 26s)

---------------  T H R E A D  ---------------

Current thread (0x000002eebdfe3d90):  VMThread "VM Thread" [stack: 0x000000f148500000,0x000000f148600000] [id=26676]

Stack: [0x000000f148500000,0x000000f148600000]
Native frames: (J=compiled Java code, j=interpreted, Vv=VM code, C=native code)
V  [jvm.dll+0x679cca]
V  [jvm.dll+0x7da13d]
V  [jvm.dll+0x7dba83]
V  [jvm.dll+0x7dc0f3]
V  [jvm.dll+0x2449af]
V  [jvm.dll+0x676ce9]
V  [jvm.dll+0x66b852]
V  [jvm.dll+0x3018d6]
V  [jvm.dll+0x308e76]
V  [jvm.dll+0x3596ee]
V  [jvm.dll+0x35991f]
V  [jvm.dll+0x2d89a8]
V  [jvm.dll+0x2d6ddd]
V  [jvm.dll+0x2d642c]
V  [jvm.dll+0x319f8b]
V  [jvm.dll+0x7e09eb]
V  [jvm.dll+0x7e1724]
V  [jvm.dll+0x7e1c3d]
V  [jvm.dll+0x7e2014]
V  [jvm.dll+0x7e20e0]
V  [jvm.dll+0x78a85a]
V  [jvm.dll+0x678bb5]
C  [ucrtbase.dll+0x21bb2]
C  [KERNEL32.DLL+0x17374]
C  [ntdll.dll+0x4cc91]

VM_Operation (0x000000f14c3fb400): G1CollectForAllocation, mode: safepoint, requested by thread 0x000002ef2456c820


---------------  P R O C E S S  ---------------

Threads class SMR info:
_java_thread_list=0x000002ef2764cda0, length=101, elements={
0x000002eebdeeb2c0, 0x000002eebdfea910, 0x000002eebdfeb6a0, 0x000002eedc466a30,
0x000002eedc468310, 0x000002eedc468be0, 0x000002eedc4694b0, 0x000002eedc46a0b0,
0x000002eedc46c9d0, 0x000002eedc4de550, 0x000002eedc63ed90, 0x000002eedc643aa0,
0x000002ef230ef690, 0x000002ef235368e0, 0x000002ef234d9ef0, 0x000002ef235a0020,
0x000002eedc868890, 0x000002eedc7269e0, 0x000002ef23491d10, 0x000002ef234912f0,
0x000002ef23491800, 0x000002ef2348feb0, 0x000002ef234903c0, 0x000002ef23492220,
0x000002ef234908d0, 0x000002ef23492730, 0x000002ef23492c40, 0x000002ef23490de0,
0x000002ef2348f490, 0x000002ef22053560, 0x000002ef22053f80, 0x000002ef22051700,
0x000002ef22056800, 0x000002ef22057730, 0x000002ef22057c40, 0x000002ef22051c10,
0x000002ef22057220, 0x000002ef22058150, 0x000002ef22054eb0, 0x000002ef22052b40,
0x000002ef220562f0, 0x000002ef22052120, 0x000002ef22058660, 0x000002ef22052630,
0x000002ef22053050, 0x000002ef22053a70, 0x000002ef220549a0, 0x000002ef22058b70,
0x000002ef22054490, 0x000002ef22055de0, 0x000002ef2456c310, 0x000002ef24573c90,
0x000002ef2456d240, 0x000002ef24571410, 0x000002ef24573270, 0x000002ef2456f5b0,
0x000002ef24573780, 0x000002ef24572d60, 0x000002ef2456c820, 0x000002ef245709f0,
0x000002ef24571920, 0x000002ef2456f0a0, 0x000002ef24570f00, 0x000002ef24571e30,
0x000002ef2456cd30, 0x000002ef2456d750, 0x000002ef24572340, 0x000002ef24572850,
0x000002ef2456dc60, 0x000002ef2456e170, 0x000002ef2456e680, 0x000002ef2456eb90,
0x000002ef2456fac0, 0x000002ef2456ffd0, 0x000002ef245704e0, 0x000002ef2289bec0,
0x000002ef2289e740, 0x000002ef2289c3d0, 0x000002ef228a0ab0, 0x000002ef2289cdf0,
0x000002ef2289a570, 0x000002ef2289b9b0, 0x000002ef2289aa80, 0x000002ef228a14d0,
0x000002ef2289f670, 0x000002ef2289fb80, 0x000002ef2649f4e0, 0x000002ef264a1850,
0x000002ef2649d170, 0x000002ef264a1340, 0x000002ef2649d680, 0x000002ef2649e0a0,
0x000002ef264a0920, 0x000002ef264a1d60, 0x000002ef2649ff00, 0x000002ef264a2270,
0x000002ef264a2780, 0x000002ef2649f9f0, 0x000002ef264a2c90, 0x000002ef2649c750,
0x000002ef2649eac0
}

Java Threads: ( => current thread )
  0x000002eebdeeb2c0 JavaThread "main" [_thread_blocked, id=21408, stack(0x000000f147f00000,0x000000f148000000)]
  0x000002eebdfea910 JavaThread "Reference Handler" daemon [_thread_blocked, id=24152, stack(0x000000f148600000,0x000000f148700000)]
  0x000002eebdfeb6a0 JavaThread "Finalizer" daemon [_thread_blocked, id=18176, stack(0x000000f148700000,0x000000f148800000)]
  0x000002eedc466a30 JavaThread "Signal Dispatcher" daemon [_thread_blocked, id=19716, stack(0x000000f148800000,0x000000f148900000)]
  0x000002eedc468310 JavaThread "Attach Listener" daemon [_thread_blocked, id=8060, stack(0x000000f148900000,0x000000f148a00000)]
  0x000002eedc468be0 JavaThread "Service Thread" daemon [_thread_blocked, id=22808, stack(0x000000f148a00000,0x000000f148b00000)]
  0x000002eedc4694b0 JavaThread "Monitor Deflation Thread" daemon [_thread_blocked, id=26772, stack(0x000000f148b00000,0x000000f148c00000)]
  0x000002eedc46a0b0 JavaThread "C2 CompilerThread0" daemon [_thread_blocked, id=26080, stack(0x000000f148c00000,0x000000f148d00000)]
  0x000002eedc46c9d0 JavaThread "C1 CompilerThread0" daemon [_thread_blocked, id=20240, stack(0x000000f148d00000,0x000000f148e00000)]
  0x000002eedc4de550 JavaThread "Sweeper thread" daemon [_thread_blocked, id=7008, stack(0x000000f148e00000,0x000000f148f00000)]
  0x000002eedc63ed90 JavaThread "Common-Cleaner" daemon [_thread_blocked, id=24868, stack(0x000000f148f00000,0x000000f149000000)]
  0x000002eedc643aa0 JavaThread "Notification Thread" daemon [_thread_blocked, id=17236, stack(0x000000f149000000,0x000000f149100000)]
  0x000002ef230ef690 JavaThread "Daemon health stats" [_thread_blocked, id=19596, stack(0x000000f149500000,0x000000f149600000)]
  0x000002ef235368e0 JavaThread "Incoming local TCP Connector on port 58590" [_thread_in_native, id=9232, stack(0x000000f149600000,0x000000f149700000)]
  0x000002ef234d9ef0 JavaThread "Daemon periodic checks" [_thread_blocked, id=1260, stack(0x000000f149700000,0x000000f149800000)]
  0x000002ef235a0020 JavaThread "Daemon" [_thread_blocked, id=26468, stack(0x000000f149800000,0x000000f149900000)]
  0x000002eedc868890 JavaThread "Handler for socket connection from /127.0.0.1:58590 to /127.0.0.1:58591" [_thread_in_native, id=196, stack(0x000000f149900000,0x000000f149a00000)]
  0x000002eedc7269e0 JavaThread "Cancel handler" [_thread_blocked, id=20144, stack(0x000000f149a00000,0x000000f149b00000)]
  0x000002ef23491d10 JavaThread "Daemon worker" [_thread_blocked, id=9028, stack(0x000000f149b00000,0x000000f149c00000)]
  0x000002ef234912f0 JavaThread "Asynchronous log dispatcher for DefaultDaemonConnection: socket connection from /127.0.0.1:58590 to /127.0.0.1:58591" [_thread_blocked, id=24468, stack(0x000000f149c00000,0x000000f149d00000)]
  0x000002ef23491800 JavaThread "Stdin handler" [_thread_blocked, id=22640, stack(0x000000f149d00000,0x000000f149e00000)]
  0x000002ef2348feb0 JavaThread "Daemon client event forwarder" [_thread_blocked, id=12748, stack(0x000000f149e00000,0x000000f149f00000)]
  0x000002ef234903c0 JavaThread "Cache worker for journal cache (C:\Users\Violin\.gradle\caches\journal-1)" [_thread_blocked, id=25848, stack(0x000000f149f00000,0x000000f14a000000)]
  0x000002ef23492220 JavaThread "File lock request listener" [_thread_in_native, id=24776, stack(0x000000f14a000000,0x000000f14a100000)]
  0x000002ef234908d0 JavaThread "Cache worker for file hash cache (C:\Users\Violin\.gradle\caches\8.0\fileHashes)" [_thread_blocked, id=8372, stack(0x000000f14a100000,0x000000f14a200000)]
  0x000002ef23492730 JavaThread "File watcher server" daemon [_thread_blocked, id=26564, stack(0x000000f14a200000,0x000000f14a300000)]
  0x000002ef23492c40 JavaThread "File watcher consumer" daemon [_thread_blocked, id=20824, stack(0x000000f14a300000,0x000000f14a400000)]
  0x000002ef23490de0 JavaThread "Cache worker for checksums cache (C:\Users\Violin\AndroidStudioProjects\Simple Bank Manager\.gradle\8.0\checksums)" [_thread_blocked, id=14244, stack(0x000000f14a400000,0x000000f14a500000)]
  0x000002ef2348f490 JavaThread "Cache worker for cache directory md-rule (C:\Users\Violin\.gradle\caches\8.0\md-rule)" [_thread_blocked, id=24012, stack(0x000000f14a500000,0x000000f14a600000)]
  0x000002ef22053560 JavaThread "Cache worker for file content cache (C:\Users\Violin\.gradle\caches\8.0\fileContent)" [_thread_blocked, id=18232, stack(0x000000f14a600000,0x000000f14a700000)]
  0x000002ef22053f80 JavaThread "Cache worker for file hash cache (C:\Users\Violin\AndroidStudioProjects\Simple Bank Manager\.gradle\8.0\fileHashes)" [_thread_blocked, id=14764, stack(0x000000f14a700000,0x000000f14a800000)]
  0x000002ef22051700 JavaThread "Cache worker for cache directory md-supplier (C:\Users\Violin\.gradle\caches\8.0\md-supplier)" [_thread_blocked, id=12104, stack(0x000000f14a800000,0x000000f14a900000)]
  0x000002ef22056800 JavaThread "Cache worker for execution history cache (C:\Users\Violin\.gradle\caches\8.0\executionHistory)" [_thread_blocked, id=13132, stack(0x000000f14a900000,0x000000f14aa00000)]
  0x000002ef22057730 JavaThread "jar transforms" [_thread_blocked, id=25264, stack(0x000000f14aa00000,0x000000f14ab00000)]
  0x000002ef22057c40 JavaThread "Unconstrained build operations" [_thread_blocked, id=27248, stack(0x000000f14ac00000,0x000000f14ad00000)]
  0x000002ef22051c10 JavaThread "jar transforms Thread 2" [_thread_blocked, id=27452, stack(0x000000f14ad00000,0x000000f14ae00000)]
  0x000002ef22057220 JavaThread "jar transforms Thread 3" [_thread_blocked, id=27296, stack(0x000000f14ae00000,0x000000f14af00000)]
  0x000002ef22058150 JavaThread "Cache worker for dependencies-accessors (C:\Users\Violin\AndroidStudioProjects\Simple Bank Manager\.gradle\8.0\dependencies-accessors)" [_thread_blocked, id=24160, stack(0x000000f147e00000,0x000000f147f00000)]
  0x000002ef22054eb0 JavaThread "jar transforms Thread 4" [_thread_blocked, id=9868, stack(0x000000f14af00000,0x000000f14b000000)]
  0x000002ef22052b40 JavaThread "Cache worker for Build Output Cleanup Cache (C:\Users\Violin\AndroidStudioProjects\Simple Bank Manager\.gradle\buildOutputCleanup)" [_thread_blocked, id=26360, stack(0x000000f14b000000,0x000000f14b100000)]
  0x000002ef220562f0 JavaThread "Unconstrained build operations Thread 2" [_thread_blocked, id=22852, stack(0x000000f14b100000,0x000000f14b200000)]
  0x000002ef22052120 JavaThread "Unconstrained build operations Thread 3" [_thread_blocked, id=15952, stack(0x000000f14b200000,0x000000f14b300000)]
  0x000002ef22058660 JavaThread "Unconstrained build operations Thread 4" [_thread_blocked, id=21888, stack(0x000000f14b300000,0x000000f14b400000)]
  0x000002ef22052630 JavaThread "Unconstrained build operations Thread 5" [_thread_blocked, id=23448, stack(0x000000f14b400000,0x000000f14b500000)]
  0x000002ef22053050 JavaThread "Unconstrained build operations Thread 6" [_thread_blocked, id=27396, stack(0x000000f14b500000,0x000000f14b600000)]
  0x000002ef22053a70 JavaThread "Unconstrained build operations Thread 7" [_thread_blocked, id=25708, stack(0x000000f14b600000,0x000000f14b700000)]
  0x000002ef220549a0 JavaThread "Unconstrained build operations Thread 8" [_thread_blocked, id=26808, stack(0x000000f14b700000,0x000000f14b800000)]
  0x000002ef22058b70 JavaThread "Unconstrained build operations Thread 9" [_thread_blocked, id=27368, stack(0x000000f14b800000,0x000000f14b900000)]
  0x000002ef22054490 JavaThread "Unconstrained build operations Thread 10" [_thread_blocked, id=19708, stack(0x000000f14b900000,0x000000f14ba00000)]
  0x000002ef22055de0 JavaThread "Unconstrained build operations Thread 11" [_thread_blocked, id=24256, stack(0x000000f14ba00000,0x000000f14bb00000)]
  0x000002ef2456c310 JavaThread "Unconstrained build operations Thread 12" [_thread_blocked, id=26968, stack(0x000000f14bb00000,0x000000f14bc00000)]
  0x000002ef24573c90 JavaThread "Unconstrained build operations Thread 13" [_thread_blocked, id=26760, stack(0x000000f14bc00000,0x000000f14bd00000)]
  0x000002ef2456d240 JavaThread "Unconstrained build operations Thread 14" [_thread_blocked, id=26820, stack(0x000000f14bd00000,0x000000f14be00000)]
  0x000002ef24571410 JavaThread "Unconstrained build operations Thread 15" [_thread_blocked, id=26816, stack(0x000000f14be00000,0x000000f14bf00000)]
  0x000002ef24573270 JavaThread "Unconstrained build operations Thread 16" [_thread_blocked, id=26840, stack(0x000000f14bf00000,0x000000f14c000000)]
  0x000002ef2456f5b0 JavaThread "Unconstrained build operations Thread 17" [_thread_blocked, id=26832, stack(0x000000f14c000000,0x000000f14c100000)]
  0x000002ef24573780 JavaThread "Unconstrained build operations Thread 18" [_thread_blocked, id=26804, stack(0x000000f14c100000,0x000000f14c200000)]
  0x000002ef24572d60 JavaThread "Unconstrained build operations Thread 19" [_thread_blocked, id=26756, stack(0x000000f14c200000,0x000000f14c300000)]
  0x000002ef2456c820 JavaThread "Unconstrained build operations Thread 20" [_thread_blocked, id=23708, stack(0x000000f14c300000,0x000000f14c400000)]
  0x000002ef245709f0 JavaThread "Unconstrained build operations Thread 21" [_thread_blocked, id=27604, stack(0x000000f14c400000,0x000000f14c500000)]
  0x000002ef24571920 JavaThread "Unconstrained build operations Thread 22" [_thread_blocked, id=21608, stack(0x000000f14c500000,0x000000f14c600000)]
  0x000002ef2456f0a0 JavaThread "Unconstrained build operations Thread 23" [_thread_blocked, id=14936, stack(0x000000f14c600000,0x000000f14c700000)]
  0x000002ef24570f00 JavaThread "Unconstrained build operations Thread 24" [_thread_blocked, id=26696, stack(0x000000f14c700000,0x000000f14c800000)]
  0x000002ef24571e30 JavaThread "Unconstrained build operations Thread 25" [_thread_blocked, id=10404, stack(0x000000f14c800000,0x000000f14c900000)]
  0x000002ef2456cd30 JavaThread "Unconstrained build operations Thread 26" [_thread_blocked, id=12076, stack(0x000000f14c900000,0x000000f14ca00000)]
  0x000002ef2456d750 JavaThread "Unconstrained build operations Thread 27" [_thread_blocked, id=27620, stack(0x000000f14ca00000,0x000000f14cb00000)]
  0x000002ef24572340 JavaThread "Unconstrained build operations Thread 28" [_thread_blocked, id=27624, stack(0x000000f14cb00000,0x000000f14cc00000)]
  0x000002ef24572850 JavaThread "Unconstrained build operations Thread 29" [_thread_blocked, id=26164, stack(0x000000f14cc00000,0x000000f14cd00000)]
  0x000002ef2456dc60 JavaThread "Unconstrained build operations Thread 30" [_thread_blocked, id=27468, stack(0x000000f14cd00000,0x000000f14ce00000)]
  0x000002ef2456e170 JavaThread "Unconstrained build operations Thread 31" [_thread_blocked, id=27472, stack(0x000000f14ce00000,0x000000f14cf00000)]
  0x000002ef2456e680 JavaThread "Unconstrained build operations Thread 32" [_thread_blocked, id=25712, stack(0x000000f14cf00000,0x000000f14d000000)]
  0x000002ef2456eb90 JavaThread "Unconstrained build operations Thread 33" [_thread_blocked, id=22392, stack(0x000000f14d000000,0x000000f14d100000)]
  0x000002ef2456fac0 JavaThread "Unconstrained build operations Thread 34" [_thread_blocked, id=26592, stack(0x000000f14d100000,0x000000f14d200000)]
  0x000002ef2456ffd0 JavaThread "Unconstrained build operations Thread 35" [_thread_blocked, id=24688, stack(0x000000f14d200000,0x000000f14d300000)]
  0x000002ef245704e0 JavaThread "Unconstrained build operations Thread 36" [_thread_blocked, id=20792, stack(0x000000f14d300000,0x000000f14d400000)]
  0x000002ef2289bec0 JavaThread "Unconstrained build operations Thread 37" [_thread_blocked, id=6516, stack(0x000000f14d400000,0x000000f14d500000)]
  0x000002ef2289e740 JavaThread "Unconstrained build operations Thread 38" [_thread_blocked, id=24528, stack(0x000000f14d500000,0x000000f14d600000)]
  0x000002ef2289c3d0 JavaThread "Unconstrained build operations Thread 39" [_thread_blocked, id=21288, stack(0x000000f14d600000,0x000000f14d700000)]
  0x000002ef228a0ab0 JavaThread "Unconstrained build operations Thread 40" [_thread_blocked, id=23724, stack(0x000000f14d700000,0x000000f14d800000)]
  0x000002ef2289cdf0 JavaThread "Memory manager" [_thread_blocked, id=13308, stack(0x000000f14da00000,0x000000f14db00000)]
  0x000002ef2289a570 JavaThread "build event listener" [_thread_blocked, id=26792, stack(0x000000f14db00000,0x000000f14dc00000)]
  0x000002ef2289b9b0 JavaThread "included builds" [_thread_blocked, id=20388, stack(0x000000f14dc00000,0x000000f14dd00000)]
  0x000002ef2289aa80 JavaThread "Execution worker" [_thread_blocked, id=26544, stack(0x000000f14dd00000,0x000000f14de00000)]
  0x000002ef228a14d0 JavaThread "Execution worker Thread 2" [_thread_blocked, id=21024, stack(0x000000f14de00000,0x000000f14df00000)]
  0x000002ef2289f670 JavaThread "Execution worker Thread 3" [_thread_blocked, id=21832, stack(0x000000f14df00000,0x000000f14e000000)]
  0x000002ef2289fb80 JavaThread "Cache worker for execution history cache (C:\Users\Violin\AndroidStudioProjects\Simple Bank Manager\.gradle\8.0\executionHistory)" [_thread_blocked, id=16716, stack(0x000000f14e000000,0x000000f14e100000)]
  0x000002ef2649f4e0 JavaThread "RMI Scheduler(0)" daemon [_thread_blocked, id=20988, stack(0x000000f147c00000,0x000000f147d00000)]
  0x000002ef264a1850 JavaThread "RMI GC Daemon" daemon [_thread_blocked, id=20476, stack(0x000000f14e100000,0x000000f14e200000)]
  0x000002ef2649d170 JavaThread "RMI TCP Accept-0" daemon [_thread_in_native, id=19268, stack(0x000000f14e200000,0x000000f14e300000)]
  0x000002ef264a1340 JavaThread "RMI Reaper" [_thread_blocked, id=16484, stack(0x000000f14e300000,0x000000f14e400000)]
  0x000002ef2649d680 JavaThread "RMI TCP Connection(1)-127.0.0.1" daemon [_thread_in_native, id=7244, stack(0x000000f14e400000,0x000000f14e500000)]
  0x000002ef2649e0a0 JavaThread "WorkerExecutor Queue" [_thread_blocked, id=17520, stack(0x000000f14e500000,0x000000f14e600000)]
  0x000002ef264a0920 JavaThread "WorkerExecutor Queue Thread 3" [_thread_blocked, id=27596, stack(0x000000f14e700000,0x000000f14e800000)]
  0x000002ef264a1d60 JavaThread "WorkerExecutor Queue Thread 4" [_thread_blocked, id=26692, stack(0x000000f14e800000,0x000000f14e900000)]
  0x000002ef2649ff00 JavaThread "WorkerExecutor Queue Thread 6" [_thread_blocked, id=22100, stack(0x000000f147d00000,0x000000f147e00000)]
  0x000002ef264a2270 JavaThread "ForkJoinPool-1-worker-1" daemon [_thread_blocked, id=1860, stack(0x000000f14e600000,0x000000f14e700000)]
  0x000002ef264a2780 JavaThread "ForkJoinPool-1-worker-2" daemon [_thread_blocked, id=6832, stack(0x000000f14e900000,0x000000f14ea00000)]
  0x000002ef2649f9f0 JavaThread "ForkJoinPool-1-worker-3" daemon [_thread_blocked, id=17720, stack(0x000000f14ea00000,0x000000f14eb00000)]
  0x000002ef264a2c90 JavaThread "ForkJoinPool-1-worker-4" daemon [_thread_blocked, id=21328, stack(0x000000f14eb00000,0x000000f14ec00000)]
  0x000002ef2649c750 JavaThread "pool-3-thread-1" [_thread_blocked, id=9752, stack(0x000000f14ec00000,0x000000f14ed00000)]
  0x000002ef2649eac0 JavaThread "WorkerExecutor Queue Thread 7" [_thread_blocked, id=26084, stack(0x000000f14ed00000,0x000000f14ee00000)]

Other Threads:
=>0x000002eebdfe3d90 VMThread "VM Thread" [stack: 0x000000f148500000,0x000000f148600000] [id=26676]
  0x000002eedc64dfb0 WatcherThread [stack: 0x000000f149100000,0x000000f149200000] [id=25148]
  0x000002eebdf61f90 GCTaskThread "GC Thread#0" [stack: 0x000000f148000000,0x000000f148100000] [id=22500]
  0x000002ef223e95a0 GCTaskThread "GC Thread#1" [stack: 0x000000f149200000,0x000000f149300000] [id=18664]
  0x000002ef223c0820 GCTaskThread "GC Thread#2" [stack: 0x000000f149300000,0x000000f149400000] [id=21868]
  0x000002ef2268f8c0 GCTaskThread "GC Thread#3" [stack: 0x000000f149400000,0x000000f149500000] [id=3284]
  0x000002eebdf70e10 ConcurrentGCThread "G1 Main Marker" [stack: 0x000000f148100000,0x000000f148200000] [id=27636]
  0x000002eebdf71730 ConcurrentGCThread "G1 Conc#0" [stack: 0x000000f148200000,0x000000f148300000] [id=24848]
  0x000002eebdfbe7e0 ConcurrentGCThread "G1 Refine#0" [stack: 0x000000f148300000,0x000000f148400000] [id=15072]
  0x000002eebdfbf120 ConcurrentGCThread "G1 Service" [stack: 0x000000f148400000,0x000000f148500000] [id=1980]

Threads with active compile tasks:
C2 CompilerThread0    86503 14810   !   4       java.lang.reflect.Executable::declaredAnnotations (85 bytes)

VM state: at safepoint (normal execution)

VM Mutex/Monitor currently owned by a thread:  ([mutex/lock_event])
[0x000002eebdf17470] Threads_lock - owner thread: 0x000002eebdfe3d90
[0x000002eebdf17a10] Heap_lock - owner thread: 0x000002ef2456c820

Heap address: 0x00000000a0000000, size: 1536 MB, Compressed Oops mode: 32-bit

CDS archive(s) mapped at: [0x000002eedd000000-0x000002eeddbd0000-0x000002eeddbd0000), size 12386304, SharedBaseAddress: 0x000002eedd000000, ArchiveRelocationMode: 1.
Compressed class space mapped at: 0x000002eede000000-0x000002ef1e000000, reserved size: 1073741824
Narrow klass base: 0x000002eedd000000, Narrow klass shift: 0, Narrow klass range: 0x100000000

GC Precious Log:
 CPUs: 4 total, 4 available
 Memory: 4010M
 Large Page Support: Disabled
 NUMA Support: Disabled
 Compressed Oops: Enabled (32-bit)
 Heap Region Size: 1M
 Heap Min Capacity: 8M
 Heap Initial Capacity: 64M
 Heap Max Capacity: 1536M
 Pre-touch: Disabled
 Parallel Workers: 4
 Concurrent Workers: 1
 Concurrent Refinement Workers: 4
 Periodic GC: Disabled

Heap:
 garbage-first heap   total 278528K, used 162485K [0x00000000a0000000, 0x0000000100000000)
  region size 1024K, 9 young (9216K), 9 survivors (9216K)
 Metaspace       used 108959K, committed 109824K, reserved 1179648K
  class space    used 14938K, committed 15360K, reserved 1048576K

Heap Regions: E=young(eden), S=young(survivor), O=old, HS=humongous(starts), HC=humongous(continues), CS=collection set, F=free, OA=open archive, CA=closed archive, TAMS=top-at-mark-start (previous, next)
|   0|0x00000000a0000000, 0x00000000a0100000, 0x00000000a0100000|100%| O|  |TAMS 0x00000000a0100000, 0x00000000a0000000| Untracked 
|   1|0x00000000a0100000, 0x00000000a0200000, 0x00000000a0200000|100%| O|  |TAMS 0x00000000a0200000, 0x00000000a0100000| Untracked 
|   2|0x00000000a0200000, 0x00000000a0300000, 0x00000000a0300000|100%|HS|  |TAMS 0x00000000a0300000, 0x00000000a0200000| Complete 
|   3|0x00000000a0300000, 0x00000000a0400000, 0x00000000a0400000|100%|HC|  |TAMS 0x00000000a0400000, 0x00000000a0300000| Complete 
|   4|0x00000000a0400000, 0x00000000a0500000, 0x00000000a0500000|100%|HC|  |TAMS 0x00000000a0500000, 0x00000000a0400000| Complete 
|   5|0x00000000a0500000, 0x00000000a0600000, 0x00000000a0600000|100%|HC|  |TAMS 0x00000000a0600000, 0x00000000a0500000| Complete 
|   6|0x00000000a0600000, 0x00000000a0700000, 0x00000000a0700000|100%| O|  |TAMS 0x00000000a0700000, 0x00000000a0600000| Untracked 
|   7|0x00000000a0700000, 0x00000000a0800000, 0x00000000a0800000|100%| O|  |TAMS 0x00000000a0800000, 0x00000000a0700000| Untracked 
|   8|0x00000000a0800000, 0x00000000a0900000, 0x00000000a0900000|100%| O|  |TAMS 0x00000000a0900000, 0x00000000a0800000| Untracked 
|   9|0x00000000a0900000, 0x00000000a0a00000, 0x00000000a0a00000|100%| O|  |TAMS 0x00000000a0a00000, 0x00000000a0900000| Untracked 
|  10|0x00000000a0a00000, 0x00000000a0b00000, 0x00000000a0b00000|100%| O|  |TAMS 0x00000000a0b00000, 0x00000000a0a00000| Untracked 
|  11|0x00000000a0b00000, 0x00000000a0c00000, 0x00000000a0c00000|100%| O|  |TAMS 0x00000000a0c00000, 0x00000000a0b00000| Untracked 
|  12|0x00000000a0c00000, 0x00000000a0d00000, 0x00000000a0d00000|100%| O|  |TAMS 0x00000000a0d00000, 0x00000000a0c00000| Untracked 
|  13|0x00000000a0d00000, 0x00000000a0e00000, 0x00000000a0e00000|100%| O|  |TAMS 0x00000000a0e00000, 0x00000000a0d00000| Untracked 
|  14|0x00000000a0e00000, 0x00000000a0f00000, 0x00000000a0f00000|100%| O|  |TAMS 0x00000000a0f00000, 0x00000000a0e00000| Untracked 
|  15|0x00000000a0f00000, 0x00000000a1000000, 0x00000000a1000000|100%| O|  |TAMS 0x00000000a1000000, 0x00000000a0f00000| Untracked 
|  16|0x00000000a1000000, 0x00000000a1100000, 0x00000000a1100000|100%| O|  |TAMS 0x00000000a1100000, 0x00000000a1000000| Untracked 
|  17|0x00000000a1100000, 0x00000000a1200000, 0x00000000a1200000|100%| O|  |TAMS 0x00000000a1200000, 0x00000000a1100000| Untracked 
|  18|0x00000000a1200000, 0x00000000a1300000, 0x00000000a1300000|100%| O|  |TAMS 0x00000000a1300000, 0x00000000a1200000| Untracked 
|  19|0x00000000a1300000, 0x00000000a1400000, 0x00000000a1400000|100%| O|  |TAMS 0x00000000a1400000, 0x00000000a1300000| Untracked 
|  20|0x00000000a1400000, 0x00000000a1500000, 0x00000000a1500000|100%| O|  |TAMS 0x00000000a1500000, 0x00000000a1400000| Untracked 
|  21|0x00000000a1500000, 0x00000000a1600000, 0x00000000a1600000|100%| O|  |TAMS 0x00000000a1600000, 0x00000000a1500000| Untracked 
|  22|0x00000000a1600000, 0x00000000a1700000, 0x00000000a1700000|100%| O|  |TAMS 0x00000000a1700000, 0x00000000a1600000| Untracked 
|  23|0x00000000a1700000, 0x00000000a1800000, 0x00000000a1800000|100%| O|  |TAMS 0x00000000a1800000, 0x00000000a1700000| Untracked 
|  24|0x00000000a1800000, 0x00000000a1900000, 0x00000000a1900000|100%| O|  |TAMS 0x00000000a1900000, 0x00000000a1800000| Untracked 
|  25|0x00000000a1900000, 0x00000000a1a00000, 0x00000000a1a00000|100%| O|  |TAMS 0x00000000a1a00000, 0x00000000a1900000| Untracked 
|  26|0x00000000a1a00000, 0x00000000a1b00000, 0x00000000a1b00000|100%| O|  |TAMS 0x00000000a1b00000, 0x00000000a1a00000| Untracked 
|  27|0x00000000a1b00000, 0x00000000a1c00000, 0x00000000a1c00000|100%| O|  |TAMS 0x00000000a1c00000, 0x00000000a1b00000| Untracked 
|  28|0x00000000a1c00000, 0x00000000a1d00000, 0x00000000a1d00000|100%| O|  |TAMS 0x00000000a1d00000, 0x00000000a1c00000| Untracked 
|  29|0x00000000a1d00000, 0x00000000a1e00000, 0x00000000a1e00000|100%| O|  |TAMS 0x00000000a1e00000, 0x00000000a1d00000| Untracked 
|  30|0x00000000a1e00000, 0x00000000a1f00000, 0x00000000a1f00000|100%| O|  |TAMS 0x00000000a1f00000, 0x00000000a1e00000| Untracked 
|  31|0x00000000a1f00000, 0x00000000a2000000, 0x00000000a2000000|100%|HS|  |TAMS 0x00000000a1f00000, 0x00000000a1f00000| Complete 
|  32|0x00000000a2000000, 0x00000000a2100000, 0x00000000a2100000|100%| O|  |TAMS 0x00000000a2100000, 0x00000000a2000000| Untracked 
|  33|0x00000000a2100000, 0x00000000a2200000, 0x00000000a2200000|100%| O|  |TAMS 0x00000000a2200000, 0x00000000a2100000| Untracked 
|  34|0x00000000a2200000, 0x00000000a2300000, 0x00000000a2300000|100%| O|  |TAMS 0x00000000a2300000, 0x00000000a2200000| Untracked 
|  35|0x00000000a2300000, 0x00000000a2400000, 0x00000000a2400000|100%| O|  |TAMS 0x00000000a2400000, 0x00000000a2300000| Untracked 
|  36|0x00000000a2400000, 0x00000000a2500000, 0x00000000a2500000|100%| O|  |TAMS 0x00000000a2500000, 0x00000000a2400000| Untracked 
|  37|0x00000000a2500000, 0x00000000a2600000, 0x00000000a2600000|100%| O|  |TAMS 0x00000000a2600000, 0x00000000a2500000| Untracked 
|  38|0x00000000a2600000, 0x00000000a2700000, 0x00000000a2700000|100%| O|  |TAMS 0x00000000a2700000, 0x00000000a2600000| Untracked 
|  39|0x00000000a2700000, 0x00000000a2800000, 0x00000000a2800000|100%| O|  |TAMS 0x00000000a2800000, 0x00000000a2700000| Untracked 
|  40|0x00000000a2800000, 0x00000000a2900000, 0x00000000a2900000|100%| O|  |TAMS 0x00000000a2900000, 0x00000000a2800000| Untracked 
|  41|0x00000000a2900000, 0x00000000a2a00000, 0x00000000a2a00000|100%| O|  |TAMS 0x00000000a2a00000, 0x00000000a2900000| Untracked 
|  42|0x00000000a2a00000, 0x00000000a2b00000, 0x00000000a2b00000|100%| O|  |TAMS 0x00000000a2b00000, 0x00000000a2a00000| Untracked 
|  43|0x00000000a2b00000, 0x00000000a2c00000, 0x00000000a2c00000|100%|HS|  |TAMS 0x00000000a2c00000, 0x00000000a2b00000| Complete 
|  44|0x00000000a2c00000, 0x00000000a2d00000, 0x00000000a2d00000|100%|HS|  |TAMS 0x00000000a2d00000, 0x00000000a2c00000| Complete 
|  45|0x00000000a2d00000, 0x00000000a2e00000, 0x00000000a2e00000|100%|HS|  |TAMS 0x00000000a2e00000, 0x00000000a2d00000| Complete 
|  46|0x00000000a2e00000, 0x00000000a2f00000, 0x00000000a2f00000|100%| O|  |TAMS 0x00000000a2e00000, 0x00000000a2e00000| Untracked 
|  47|0x00000000a2f00000, 0x00000000a3000000, 0x00000000a3000000|100%|HS|  |TAMS 0x00000000a3000000, 0x00000000a2f00000| Complete 
|  48|0x00000000a3000000, 0x00000000a3100000, 0x00000000a3100000|100%|HC|  |TAMS 0x00000000a3100000, 0x00000000a3000000| Complete 
|  49|0x00000000a3100000, 0x00000000a3200000, 0x00000000a3200000|100%|HC|  |TAMS 0x00000000a3200000, 0x00000000a3100000| Complete 
|  50|0x00000000a3200000, 0x00000000a3300000, 0x00000000a3300000|100%| O|  |TAMS 0x00000000a3300000, 0x00000000a3200000| Untracked 
|  51|0x00000000a3300000, 0x00000000a3400000, 0x00000000a3400000|100%| O|  |TAMS 0x00000000a3400000, 0x00000000a3300000| Untracked 
|  52|0x00000000a3400000, 0x00000000a3500000, 0x00000000a3500000|100%| O|  |TAMS 0x00000000a3500000, 0x00000000a3400000| Untracked 
|  53|0x00000000a3500000, 0x00000000a3600000, 0x00000000a3600000|100%| O|  |TAMS 0x00000000a3600000, 0x00000000a3500000| Untracked 
|  54|0x00000000a3600000, 0x00000000a3700000, 0x00000000a3700000|100%| O|  |TAMS 0x00000000a3700000, 0x00000000a3600000| Untracked 
|  55|0x00000000a3700000, 0x00000000a3800000, 0x00000000a3800000|100%| O|  |TAMS 0x00000000a3800000, 0x00000000a3700000| Untracked 
|  56|0x00000000a3800000, 0x00000000a3900000, 0x00000000a3900000|100%| O|  |TAMS 0x00000000a3900000, 0x00000000a3800000| Untracked 
|  57|0x00000000a3900000, 0x00000000a3a00000, 0x00000000a3a00000|100%| O|  |TAMS 0x00000000a3a00000, 0x00000000a3900000| Untracked 
|  58|0x00000000a3a00000, 0x00000000a3b00000, 0x00000000a3b00000|100%| O|  |TAMS 0x00000000a3b00000, 0x00000000a3a00000| Untracked 
|  59|0x00000000a3b00000, 0x00000000a3c00000, 0x00000000a3c00000|100%| O|  |TAMS 0x00000000a3c00000, 0x00000000a3b00000| Untracked 
|  60|0x00000000a3c00000, 0x00000000a3d00000, 0x00000000a3d00000|100%| O|  |TAMS 0x00000000a3d00000, 0x00000000a3c00000| Untracked 
|  61|0x00000000a3d00000, 0x00000000a3e00000, 0x00000000a3e00000|100%| O|  |TAMS 0x00000000a3e00000, 0x00000000a3d00000| Untracked 
|  62|0x00000000a3e00000, 0x00000000a3f00000, 0x00000000a3f00000|100%| O|  |TAMS 0x00000000a3f00000, 0x00000000a3e00000| Untracked 
|  63|0x00000000a3f00000, 0x00000000a4000000, 0x00000000a4000000|100%| O|  |TAMS 0x00000000a4000000, 0x00000000a3f00000| Untracked 
|  64|0x00000000a4000000, 0x00000000a4100000, 0x00000000a4100000|100%| O|  |TAMS 0x00000000a4100000, 0x00000000a4000000| Untracked 
|  65|0x00000000a4100000, 0x00000000a4200000, 0x00000000a4200000|100%| O|  |TAMS 0x00000000a4200000, 0x00000000a4100000| Untracked 
|  66|0x00000000a4200000, 0x00000000a4300000, 0x00000000a4300000|100%| O|  |TAMS 0x00000000a4300000, 0x00000000a4200000| Untracked 
|  67|0x00000000a4300000, 0x00000000a4400000, 0x00000000a4400000|100%| O|  |TAMS 0x00000000a4400000, 0x00000000a4300000| Untracked 
|  68|0x00000000a4400000, 0x00000000a4500000, 0x00000000a4500000|100%| O|  |TAMS 0x00000000a4500000, 0x00000000a4400000| Untracked 
|  69|0x00000000a4500000, 0x00000000a4600000, 0x00000000a4600000|100%| O|  |TAMS 0x00000000a4600000, 0x00000000a4500000| Untracked 
|  70|0x00000000a4600000, 0x00000000a4700000, 0x00000000a4700000|100%| O|  |TAMS 0x00000000a4700000, 0x00000000a4600000| Untracked 
|  71|0x00000000a4700000, 0x00000000a4800000, 0x00000000a4800000|100%| O|  |TAMS 0x00000000a4800000, 0x00000000a4700000| Untracked 
|  72|0x00000000a4800000, 0x00000000a4900000, 0x00000000a4900000|100%| O|  |TAMS 0x00000000a4900000, 0x00000000a4800000| Untracked 
|  73|0x00000000a4900000, 0x00000000a4a00000, 0x00000000a4a00000|100%| O|  |TAMS 0x00000000a4a00000, 0x00000000a4900000| Untracked 
|  74|0x00000000a4a00000, 0x00000000a4b00000, 0x00000000a4b00000|100%| O|  |TAMS 0x00000000a4b00000, 0x00000000a4a00000| Untracked 
|  75|0x00000000a4b00000, 0x00000000a4c00000, 0x00000000a4c00000|100%| O|  |TAMS 0x00000000a4c00000, 0x00000000a4b00000| Untracked 
|  76|0x00000000a4c00000, 0x00000000a4d00000, 0x00000000a4d00000|100%| O|  |TAMS 0x00000000a4c00000, 0x00000000a4c00000| Untracked 
|  77|0x00000000a4d00000, 0x00000000a4e00000, 0x00000000a4e00000|100%| O|  |TAMS 0x00000000a4e00000, 0x00000000a4d00000| Untracked 
|  78|0x00000000a4e00000, 0x00000000a4f00000, 0x00000000a4f00000|100%| O|  |TAMS 0x00000000a4f00000, 0x00000000a4e00000| Untracked 
|  79|0x00000000a4f00000, 0x00000000a5000000, 0x00000000a5000000|100%| O|  |TAMS 0x00000000a5000000, 0x00000000a4f00000| Untracked 
|  80|0x00000000a5000000, 0x00000000a5100000, 0x00000000a5100000|100%| O|  |TAMS 0x00000000a5100000, 0x00000000a5000000| Untracked 
|  81|0x00000000a5100000, 0x00000000a5200000, 0x00000000a5200000|100%| O|  |TAMS 0x00000000a5200000, 0x00000000a5100000| Untracked 
|  82|0x00000000a5200000, 0x00000000a5300000, 0x00000000a5300000|100%| O|  |TAMS 0x00000000a5300000, 0x00000000a5200000| Untracked 
|  83|0x00000000a5300000, 0x00000000a5400000, 0x00000000a5400000|100%| O|  |TAMS 0x00000000a5400000, 0x00000000a5300000| Untracked 
|  84|0x00000000a5400000, 0x00000000a5500000, 0x00000000a5500000|100%| O|  |TAMS 0x00000000a5500000, 0x00000000a5400000| Untracked 
|  85|0x00000000a5500000, 0x00000000a5600000, 0x00000000a5600000|100%| O|  |TAMS 0x00000000a5600000, 0x00000000a5500000| Untracked 
|  86|0x00000000a5600000, 0x00000000a5700000, 0x00000000a5700000|100%| O|  |TAMS 0x00000000a5700000, 0x00000000a5600000| Untracked 
|  87|0x00000000a5700000, 0x00000000a5800000, 0x00000000a5800000|100%| O|  |TAMS 0x00000000a5800000, 0x00000000a5700000| Untracked 
|  88|0x00000000a5800000, 0x00000000a5900000, 0x00000000a5900000|100%| O|  |TAMS 0x00000000a5900000, 0x00000000a5800000| Untracked 
|  89|0x00000000a5900000, 0x00000000a5a00000, 0x00000000a5a00000|100%| O|  |TAMS 0x00000000a5a00000, 0x00000000a5900000| Untracked 
|  90|0x00000000a5a00000, 0x00000000a5b00000, 0x00000000a5b00000|100%| O|  |TAMS 0x00000000a5b00000, 0x00000000a5a00000| Untracked 
|  91|0x00000000a5b00000, 0x00000000a5c00000, 0x00000000a5c00000|100%| O|  |TAMS 0x00000000a5c00000, 0x00000000a5b00000| Untracked 
|  92|0x00000000a5c00000, 0x00000000a5d00000, 0x00000000a5d00000|100%| O|  |TAMS 0x00000000a5d00000, 0x00000000a5c00000| Untracked 
|  93|0x00000000a5d00000, 0x00000000a5e00000, 0x00000000a5e00000|100%| O|  |TAMS 0x00000000a5e00000, 0x00000000a5d00000| Untracked 
|  94|0x00000000a5e00000, 0x00000000a5f00000, 0x00000000a5f00000|100%| O|  |TAMS 0x00000000a5f00000, 0x00000000a5e00000| Untracked 
|  95|0x00000000a5f00000, 0x00000000a6000000, 0x00000000a6000000|100%| O|  |TAMS 0x00000000a6000000, 0x00000000a5f00000| Untracked 
|  96|0x00000000a6000000, 0x00000000a6100000, 0x00000000a6100000|100%| O|  |TAMS 0x00000000a6100000, 0x00000000a6000000| Untracked 
|  97|0x00000000a6100000, 0x00000000a6200000, 0x00000000a6200000|100%| O|  |TAMS 0x00000000a6200000, 0x00000000a6100000| Untracked 
|  98|0x00000000a6200000, 0x00000000a6300000, 0x00000000a6300000|100%| O|  |TAMS 0x00000000a6200000, 0x00000000a6200000| Untracked 
|  99|0x00000000a6300000, 0x00000000a6400000, 0x00000000a6400000|100%| O|  |TAMS 0x00000000a6300000, 0x00000000a6300000| Untracked 
| 100|0x00000000a6400000, 0x00000000a6500000, 0x00000000a6500000|100%| O|  |TAMS 0x00000000a6500000, 0x00000000a6400000| Untracked 
| 101|0x00000000a6500000, 0x00000000a6600000, 0x00000000a6600000|100%| O|  |TAMS 0x00000000a6600000, 0x00000000a6500000| Untracked 
| 102|0x00000000a6600000, 0x00000000a6700000, 0x00000000a6700000|100%| O|  |TAMS 0x00000000a6700000, 0x00000000a6600000| Untracked 
| 103|0x00000000a6700000, 0x00000000a6800000, 0x00000000a6800000|100%| O|  |TAMS 0x00000000a6800000, 0x00000000a6700000| Untracked 
| 104|0x00000000a6800000, 0x00000000a6900000, 0x00000000a6900000|100%| O|  |TAMS 0x00000000a6900000, 0x00000000a6800000| Untracked 
| 105|0x00000000a6900000, 0x00000000a6a00000, 0x00000000a6a00000|100%| O|  |TAMS 0x00000000a6a00000, 0x00000000a6900000| Untracked 
| 106|0x00000000a6a00000, 0x00000000a6b00000, 0x00000000a6b00000|100%| O|  |TAMS 0x00000000a6b00000, 0x00000000a6a00000| Untracked 
| 107|0x00000000a6b00000, 0x00000000a6c00000, 0x00000000a6c00000|100%| O|  |TAMS 0x00000000a6c00000, 0x00000000a6b00000| Untracked 
| 108|0x00000000a6c00000, 0x00000000a6d00000, 0x00000000a6d00000|100%| O|  |TAMS 0x00000000a6c00000, 0x00000000a6c00000| Untracked 
| 109|0x00000000a6d00000, 0x00000000a6e00000, 0x00000000a6e00000|100%|HS|  |TAMS 0x00000000a6e00000, 0x00000000a6d00000| Complete 
| 110|0x00000000a6e00000, 0x00000000a6f00000, 0x00000000a6f00000|100%|HC|  |TAMS 0x00000000a6f00000, 0x00000000a6e00000| Complete 
| 111|0x00000000a6f00000, 0x00000000a7000000, 0x00000000a7000000|100%|HC|  |TAMS 0x00000000a7000000, 0x00000000a6f00000| Complete 
| 112|0x00000000a7000000, 0x00000000a7100000, 0x00000000a7100000|100%|HC|  |TAMS 0x00000000a7100000, 0x00000000a7000000| Complete 
| 113|0x00000000a7100000, 0x00000000a7200000, 0x00000000a7200000|100%|HC|  |TAMS 0x00000000a7200000, 0x00000000a7100000| Complete 
| 114|0x00000000a7200000, 0x00000000a7300000, 0x00000000a7300000|100%|HC|  |TAMS 0x00000000a7300000, 0x00000000a7200000| Complete 
| 115|0x00000000a7300000, 0x00000000a7400000, 0x00000000a7400000|100%|HC|  |TAMS 0x00000000a7400000, 0x00000000a7300000| Complete 
| 116|0x00000000a7400000, 0x00000000a7500000, 0x00000000a7500000|100%|HC|  |TAMS 0x00000000a7500000, 0x00000000a7400000| Complete 
| 117|0x00000000a7500000, 0x00000000a7600000, 0x00000000a7600000|100%|HC|  |TAMS 0x00000000a7600000, 0x00000000a7500000| Complete 
| 118|0x00000000a7600000, 0x00000000a7700000, 0x00000000a7700000|100%| O|  |TAMS 0x00000000a7600000, 0x00000000a7600000| Untracked 
| 119|0x00000000a7700000, 0x00000000a7800000, 0x00000000a7800000|100%| O|  |TAMS 0x00000000a7700000, 0x00000000a7700000| Untracked 
| 120|0x00000000a7800000, 0x00000000a7900000, 0x00000000a7900000|100%| O|  |TAMS 0x00000000a7800000, 0x00000000a7800000| Untracked 
| 121|0x00000000a7900000, 0x00000000a7a00000, 0x00000000a7a00000|100%| O|  |TAMS 0x00000000a7900000, 0x00000000a7900000| Untracked 
| 122|0x00000000a7a00000, 0x00000000a7b00000, 0x00000000a7b00000|100%| O|  |TAMS 0x00000000a7a00000, 0x00000000a7a00000| Untracked 
| 123|0x00000000a7b00000, 0x00000000a7c00000, 0x00000000a7c00000|100%| O|  |TAMS 0x00000000a7b00000, 0x00000000a7b00000| Untracked 
| 124|0x00000000a7c00000, 0x00000000a7d00000, 0x00000000a7d00000|100%| O|  |TAMS 0x00000000a7c00000, 0x00000000a7c00000| Untracked 
| 125|0x00000000a7d00000, 0x00000000a7e00000, 0x00000000a7e00000|100%| O|  |TAMS 0x00000000a7d00000, 0x00000000a7d00000| Untracked 
| 126|0x00000000a7e00000, 0x00000000a7f00000, 0x00000000a7f00000|100%| O|  |TAMS 0x00000000a7e00000, 0x00000000a7e00000| Untracked 
| 127|0x00000000a7f00000, 0x00000000a8000000, 0x00000000a8000000|100%| O|  |TAMS 0x00000000a7f00000, 0x00000000a7f00000| Untracked 
| 128|0x00000000a8000000, 0x00000000a8100000, 0x00000000a8100000|100%| O|  |TAMS 0x00000000a8000000, 0x00000000a8000000| Untracked 
| 129|0x00000000a8100000, 0x00000000a8200000, 0x00000000a8200000|100%| O|  |TAMS 0x00000000a8100000, 0x00000000a8100000| Untracked 
| 130|0x00000000a8200000, 0x00000000a8300000, 0x00000000a8300000|100%| O|  |TAMS 0x00000000a8200000, 0x00000000a8200000| Untracked 
| 131|0x00000000a8300000, 0x00000000a8400000, 0x00000000a8400000|100%| O|  |TAMS 0x00000000a8300000, 0x00000000a8300000| Untracked 
| 132|0x00000000a8400000, 0x00000000a84ad600, 0x00000000a8500000| 67%| O|  |TAMS 0x00000000a8400000, 0x00000000a8400000| Untracked 
| 133|0x00000000a8500000, 0x00000000a8500000, 0x00000000a8600000|  0%| F|  |TAMS 0x00000000a8500000, 0x00000000a8500000| Untracked 
| 134|0x00000000a8600000, 0x00000000a8600000, 0x00000000a8700000|  0%| F|  |TAMS 0x00000000a8600000, 0x00000000a8600000| Untracked 
| 135|0x00000000a8700000, 0x00000000a8700000, 0x00000000a8800000|  0%| F|  |TAMS 0x00000000a8700000, 0x00000000a8700000| Untracked 
| 136|0x00000000a8800000, 0x00000000a8800000, 0x00000000a8900000|  0%| F|  |TAMS 0x00000000a8800000, 0x00000000a8800000| Untracked 
| 137|0x00000000a8900000, 0x00000000a8900000, 0x00000000a8a00000|  0%| F|  |TAMS 0x00000000a8900000, 0x00000000a8900000| Untracked 
| 138|0x00000000a8a00000, 0x00000000a8b00000, 0x00000000a8b00000|100%|HS|  |TAMS 0x00000000a8a00000, 0x00000000a8a00000| Complete 
| 139|0x00000000a8b00000, 0x00000000a8c00000, 0x00000000a8c00000|100%|HC|  |TAMS 0x00000000a8b00000, 0x00000000a8b00000| Complete 
| 140|0x00000000a8c00000, 0x00000000a8d00000, 0x00000000a8d00000|100%|HC|  |TAMS 0x00000000a8c00000, 0x00000000a8c00000| Complete 
| 141|0x00000000a8d00000, 0x00000000a8e00000, 0x00000000a8e00000|100%|HC|  |TAMS 0x00000000a8d00000, 0x00000000a8d00000| Complete 
| 142|0x00000000a8e00000, 0x00000000a8f00000, 0x00000000a8f00000|100%|HC|  |TAMS 0x00000000a8e00000, 0x00000000a8e00000| Complete 
| 143|0x00000000a8f00000, 0x00000000a9000000, 0x00000000a9000000|100%|HC|  |TAMS 0x00000000a8f00000, 0x00000000a8f00000| Complete 
| 144|0x00000000a9000000, 0x00000000a9100000, 0x00000000a9100000|100%|HC|  |TAMS 0x00000000a9000000, 0x00000000a9000000| Complete 
| 145|0x00000000a9100000, 0x00000000a9200000, 0x00000000a9200000|100%|HC|  |TAMS 0x00000000a9100000, 0x00000000a9100000| Complete 
| 146|0x00000000a9200000, 0x00000000a9300000, 0x00000000a9300000|100%|HC|  |TAMS 0x00000000a9200000, 0x00000000a9200000| Complete 
| 147|0x00000000a9300000, 0x00000000a9400000, 0x00000000a9400000|100%|HS|  |TAMS 0x00000000a9300000, 0x00000000a9300000| Complete 
| 148|0x00000000a9400000, 0x00000000a9400000, 0x00000000a9500000|  0%| F|  |TAMS 0x00000000a9400000, 0x00000000a9400000| Untracked 
| 149|0x00000000a9500000, 0x00000000a9600000, 0x00000000a9600000|100%| O|  |TAMS 0x00000000a9500000, 0x00000000a9500000| Untracked 
| 150|0x00000000a9600000, 0x00000000a9700000, 0x00000000a9700000|100%| O|  |TAMS 0x00000000a9600000, 0x00000000a9600000| Untracked 
| 151|0x00000000a9700000, 0x00000000a9800000, 0x00000000a9800000|100%| O|  |TAMS 0x00000000a9700000, 0x00000000a9700000| Untracked 
| 152|0x00000000a9800000, 0x00000000a9900000, 0x00000000a9900000|100%| O|  |TAMS 0x00000000a9800000, 0x00000000a9800000| Untracked 
| 153|0x00000000a9900000, 0x00000000a9a00000, 0x00000000a9a00000|100%| O|  |TAMS 0x00000000a9900000, 0x00000000a9900000| Untracked 
| 154|0x00000000a9a00000, 0x00000000a9b00000, 0x00000000a9b00000|100%| O|  |TAMS 0x00000000a9a00000, 0x00000000a9a00000| Untracked 
| 155|0x00000000a9b00000, 0x00000000a9c00000, 0x00000000a9c00000|100%| O|  |TAMS 0x00000000a9b00000, 0x00000000a9b00000| Untracked 
| 156|0x00000000a9c00000, 0x00000000a9c00000, 0x00000000a9d00000|  0%| F|  |TAMS 0x00000000a9c00000, 0x00000000a9c00000| Untracked 
| 157|0x00000000a9d00000, 0x00000000a9d00000, 0x00000000a9e00000|  0%| F|  |TAMS 0x00000000a9d00000, 0x00000000a9d00000| Untracked 
| 158|0x00000000a9e00000, 0x00000000a9e00000, 0x00000000a9f00000|  0%| F|  |TAMS 0x00000000a9e00000, 0x00000000a9e00000| Untracked 
| 159|0x00000000a9f00000, 0x00000000a9f00000, 0x00000000aa000000|  0%| F|  |TAMS 0x00000000a9f00000, 0x00000000a9f00000| Untracked 
| 160|0x00000000aa000000, 0x00000000aa000000, 0x00000000aa100000|  0%| F|  |TAMS 0x00000000aa000000, 0x00000000aa000000| Untracked 
| 161|0x00000000aa100000, 0x00000000aa100000, 0x00000000aa200000|  0%| F|  |TAMS 0x00000000aa100000, 0x00000000aa100000| Untracked 
| 162|0x00000000aa200000, 0x00000000aa200000, 0x00000000aa300000|  0%| F|  |TAMS 0x00000000aa200000, 0x00000000aa200000| Untracked 
| 163|0x00000000aa300000, 0x00000000aa300000, 0x00000000aa400000|  0%| F|  |TAMS 0x00000000aa300000, 0x00000000aa300000| Untracked 
| 164|0x00000000aa400000, 0x00000000aa400000, 0x00000000aa500000|  0%| F|  |TAMS 0x00000000aa400000, 0x00000000aa400000| Untracked 
| 165|0x00000000aa500000, 0x00000000aa500000, 0x00000000aa600000|  0%| F|  |TAMS 0x00000000aa500000, 0x00000000aa500000| Untracked 
| 166|0x00000000aa600000, 0x00000000aa600000, 0x00000000aa700000|  0%| F|  |TAMS 0x00000000aa600000, 0x00000000aa600000| Untracked 
| 167|0x00000000aa700000, 0x00000000aa700000, 0x00000000aa800000|  0%| F|  |TAMS 0x00000000aa700000, 0x00000000aa700000| Untracked 
| 168|0x00000000aa800000, 0x00000000aa800000, 0x00000000aa900000|  0%| F|  |TAMS 0x00000000aa800000, 0x00000000aa800000| Untracked 
| 169|0x00000000aa900000, 0x00000000aa900000, 0x00000000aaa00000|  0%| F|  |TAMS 0x00000000aa900000, 0x00000000aa900000| Untracked 
| 170|0x00000000aaa00000, 0x00000000aaa00000, 0x00000000aab00000|  0%| F|  |TAMS 0x00000000aaa00000, 0x00000000aaa00000| Untracked 
| 171|0x00000000aab00000, 0x00000000aab00000, 0x00000000aac00000|  0%| F|  |TAMS 0x00000000aab00000, 0x00000000aab00000| Untracked 
| 172|0x00000000aac00000, 0x00000000aac00000, 0x00000000aad00000|  0%| F|  |TAMS 0x00000000aac00000, 0x00000000aac00000| Untracked 
| 173|0x00000000aad00000, 0x00000000aad00000, 0x00000000aae00000|  0%| F|  |TAMS 0x00000000aad00000, 0x00000000aad00000| Untracked 
| 174|0x00000000aae00000, 0x00000000aae00000, 0x00000000aaf00000|  0%| F|  |TAMS 0x00000000aae00000, 0x00000000aae00000| Untracked 
| 175|0x00000000aaf00000, 0x00000000aaf00000, 0x00000000ab000000|  0%| F|  |TAMS 0x00000000aaf00000, 0x00000000aaf00000| Untracked 
| 176|0x00000000ab000000, 0x00000000ab000000, 0x00000000ab100000|  0%| F|  |TAMS 0x00000000ab000000, 0x00000000ab000000| Untracked 
| 177|0x00000000ab100000, 0x00000000ab100000, 0x00000000ab200000|  0%| F|  |TAMS 0x00000000ab100000, 0x00000000ab100000| Untracked 
| 178|0x00000000ab200000, 0x00000000ab200000, 0x00000000ab300000|  0%| F|  |TAMS 0x00000000ab200000, 0x00000000ab200000| Untracked 
| 179|0x00000000ab300000, 0x00000000ab300000, 0x00000000ab400000|  0%| F|  |TAMS 0x00000000ab300000, 0x00000000ab300000| Untracked 
| 180|0x00000000ab400000, 0x00000000ab400000, 0x00000000ab500000|  0%| F|  |TAMS 0x00000000ab400000, 0x00000000ab400000| Untracked 
| 181|0x00000000ab500000, 0x00000000ab500000, 0x00000000ab600000|  0%| F|  |TAMS 0x00000000ab500000, 0x00000000ab500000| Untracked 
| 182|0x00000000ab600000, 0x00000000ab600000, 0x00000000ab700000|  0%| F|  |TAMS 0x00000000ab600000, 0x00000000ab600000| Untracked 
| 183|0x00000000ab700000, 0x00000000ab700000, 0x00000000ab800000|  0%| F|  |TAMS 0x00000000ab700000, 0x00000000ab700000| Untracked 
| 184|0x00000000ab800000, 0x00000000ab800000, 0x00000000ab900000|  0%| F|  |TAMS 0x00000000ab800000, 0x00000000ab800000| Untracked 
| 185|0x00000000ab900000, 0x00000000ab900000, 0x00000000aba00000|  0%| F|  |TAMS 0x00000000ab900000, 0x00000000ab900000| Untracked 
| 186|0x00000000aba00000, 0x00000000aba00000, 0x00000000abb00000|  0%| F|  |TAMS 0x00000000aba00000, 0x00000000aba00000| Untracked 
| 187|0x00000000abb00000, 0x00000000abb00000, 0x00000000abc00000|  0%| F|  |TAMS 0x00000000abb00000, 0x00000000abb00000| Untracked 
| 188|0x00000000abc00000, 0x00000000abc00000, 0x00000000abd00000|  0%| F|  |TAMS 0x00000000abc00000, 0x00000000abc00000| Untracked 
| 189|0x00000000abd00000, 0x00000000abd00000, 0x00000000abe00000|  0%| F|  |TAMS 0x00000000abd00000, 0x00000000abd00000| Untracked 
| 190|0x00000000abe00000, 0x00000000abe00000, 0x00000000abf00000|  0%| F|  |TAMS 0x00000000abe00000, 0x00000000abe00000| Untracked 
| 191|0x00000000abf00000, 0x00000000abf00000, 0x00000000ac000000|  0%| F|  |TAMS 0x00000000abf00000, 0x00000000abf00000| Untracked 
| 192|0x00000000ac000000, 0x00000000ac000000, 0x00000000ac100000|  0%| F|  |TAMS 0x00000000ac000000, 0x00000000ac000000| Untracked 
| 193|0x00000000ac100000, 0x00000000ac200000, 0x00000000ac200000|100%| S|CS|TAMS 0x00000000ac100000, 0x00000000ac100000| Complete 
| 194|0x00000000ac200000, 0x00000000ac300000, 0x00000000ac300000|100%| S|CS|TAMS 0x00000000ac200000, 0x00000000ac200000| Complete 
| 195|0x00000000ac300000, 0x00000000ac400000, 0x00000000ac400000|100%| S|CS|TAMS 0x00000000ac300000, 0x00000000ac300000| Complete 
| 196|0x00000000ac400000, 0x00000000ac500000, 0x00000000ac500000|100%| S|CS|TAMS 0x00000000ac400000, 0x00000000ac400000| Complete 
| 197|0x00000000ac500000, 0x00000000ac600000, 0x00000000ac600000|100%| S|CS|TAMS 0x00000000ac500000, 0x00000000ac500000| Complete 
| 198|0x00000000ac600000, 0x00000000ac700000, 0x00000000ac700000|100%| S|CS|TAMS 0x00000000ac600000, 0x00000000ac600000| Complete 
| 199|0x00000000ac700000, 0x00000000ac800000, 0x00000000ac800000|100%| S|CS|TAMS 0x00000000ac700000, 0x00000000ac700000| Complete 
| 200|0x00000000ac800000, 0x00000000ac900000, 0x00000000ac900000|100%| S|CS|TAMS 0x00000000ac800000, 0x00000000ac800000| Complete 
| 201|0x00000000ac900000, 0x00000000aca00000, 0x00000000aca00000|100%| S|CS|TAMS 0x00000000ac900000, 0x00000000ac900000| Complete 
| 202|0x00000000aca00000, 0x00000000aca00000, 0x00000000acb00000|  0%| F|  |TAMS 0x00000000aca00000, 0x00000000aca00000| Untracked 
| 203|0x00000000acb00000, 0x00000000acb00000, 0x00000000acc00000|  0%| F|  |TAMS 0x00000000acb00000, 0x00000000acb00000| Untracked 
| 204|0x00000000acc00000, 0x00000000acc00000, 0x00000000acd00000|  0%| F|  |TAMS 0x00000000acc00000, 0x00000000acc00000| Untracked 
| 205|0x00000000acd00000, 0x00000000acd00000, 0x00000000ace00000|  0%| F|  |TAMS 0x00000000acd00000, 0x00000000acd00000| Untracked 
| 206|0x00000000ace00000, 0x00000000ace00000, 0x00000000acf00000|  0%| F|  |TAMS 0x00000000ace00000, 0x00000000ace00000| Untracked 
| 207|0x00000000acf00000, 0x00000000acf00000, 0x00000000ad000000|  0%| F|  |TAMS 0x00000000acf00000, 0x00000000acf00000| Untracked 
| 208|0x00000000ad000000, 0x00000000ad000000, 0x00000000ad100000|  0%| F|  |TAMS 0x00000000ad000000, 0x00000000ad000000| Untracked 
| 209|0x00000000ad100000, 0x00000000ad100000, 0x00000000ad200000|  0%| F|  |TAMS 0x00000000ad100000, 0x00000000ad100000| Untracked 
| 210|0x00000000ad200000, 0x00000000ad200000, 0x00000000ad300000|  0%| F|  |TAMS 0x00000000ad200000, 0x00000000ad200000| Untracked 
| 211|0x00000000ad300000, 0x00000000ad300000, 0x00000000ad400000|  0%| F|  |TAMS 0x00000000ad300000, 0x00000000ad300000| Untracked 
| 212|0x00000000ad400000, 0x00000000ad400000, 0x00000000ad500000|  0%| F|  |TAMS 0x00000000ad400000, 0x00000000ad400000| Untracked 
| 213|0x00000000ad500000, 0x00000000ad500000, 0x00000000ad600000|  0%| F|  |TAMS 0x00000000ad500000, 0x00000000ad500000| Untracked 
| 214|0x00000000ad600000, 0x00000000ad600000, 0x00000000ad700000|  0%| F|  |TAMS 0x00000000ad600000, 0x00000000ad600000| Untracked 
| 215|0x00000000ad700000, 0x00000000ad700000, 0x00000000ad800000|  0%| F|  |TAMS 0x00000000ad700000, 0x00000000ad700000| Untracked 
| 216|0x00000000ad800000, 0x00000000ad800000, 0x00000000ad900000|  0%| F|  |TAMS 0x00000000ad800000, 0x00000000ad800000| Untracked 
| 217|0x00000000ad900000, 0x00000000ad900000, 0x00000000ada00000|  0%| F|  |TAMS 0x00000000ad900000, 0x00000000ad900000| Untracked 
| 218|0x00000000ada00000, 0x00000000ada00000, 0x00000000adb00000|  0%| F|  |TAMS 0x00000000ada00000, 0x00000000ada00000| Untracked 
| 219|0x00000000adb00000, 0x00000000adb00000, 0x00000000adc00000|  0%| F|  |TAMS 0x00000000adb00000, 0x00000000adb00000| Untracked 
| 220|0x00000000adc00000, 0x00000000adc00000, 0x00000000add00000|  0%| F|  |TAMS 0x00000000adc00000, 0x00000000adc00000| Untracked 
| 221|0x00000000add00000, 0x00000000add00000, 0x00000000ade00000|  0%| F|  |TAMS 0x00000000add00000, 0x00000000add00000| Untracked 
| 222|0x00000000ade00000, 0x00000000ade00000, 0x00000000adf00000|  0%| F|  |TAMS 0x00000000ade00000, 0x00000000ade00000| Untracked 
| 223|0x00000000adf00000, 0x00000000adf00000, 0x00000000ae000000|  0%| F|  |TAMS 0x00000000adf00000, 0x00000000adf00000| Untracked 
| 224|0x00000000ae000000, 0x00000000ae000000, 0x00000000ae100000|  0%| F|  |TAMS 0x00000000ae000000, 0x00000000ae000000| Untracked 
| 225|0x00000000ae100000, 0x00000000ae100000, 0x00000000ae200000|  0%| F|  |TAMS 0x00000000ae100000, 0x00000000ae100000| Untracked 
| 226|0x00000000ae200000, 0x00000000ae200000, 0x00000000ae300000|  0%| F|  |TAMS 0x00000000ae200000, 0x00000000ae200000| Untracked 
| 227|0x00000000ae300000, 0x00000000ae300000, 0x00000000ae400000|  0%| F|  |TAMS 0x00000000ae300000, 0x00000000ae300000| Untracked 
| 228|0x00000000ae400000, 0x00000000ae400000, 0x00000000ae500000|  0%| F|  |TAMS 0x00000000ae400000, 0x00000000ae400000| Untracked 
| 229|0x00000000ae500000, 0x00000000ae500000, 0x00000000ae600000|  0%| F|  |TAMS 0x00000000ae500000, 0x00000000ae500000| Untracked 
| 230|0x00000000ae600000, 0x00000000ae600000, 0x00000000ae700000|  0%| F|  |TAMS 0x00000000ae600000, 0x00000000ae600000| Untracked 
| 231|0x00000000ae700000, 0x00000000ae700000, 0x00000000ae800000|  0%| F|  |TAMS 0x00000000ae700000, 0x00000000ae700000| Untracked 
| 232|0x00000000ae800000, 0x00000000ae800000, 0x00000000ae900000|  0%| F|  |TAMS 0x00000000ae800000, 0x00000000ae800000| Untracked 
| 233|0x00000000ae900000, 0x00000000ae900000, 0x00000000aea00000|  0%| F|  |TAMS 0x00000000ae900000, 0x00000000ae900000| Untracked 
| 234|0x00000000aea00000, 0x00000000aea00000, 0x00000000aeb00000|  0%| F|  |TAMS 0x00000000aea00000, 0x00000000aea00000| Untracked 
| 235|0x00000000aeb00000, 0x00000000aeb00000, 0x00000000aec00000|  0%| F|  |TAMS 0x00000000aeb00000, 0x00000000aeb00000| Untracked 
| 236|0x00000000aec00000, 0x00000000aec00000, 0x00000000aed00000|  0%| F|  |TAMS 0x00000000aec00000, 0x00000000aec00000| Untracked 
| 237|0x00000000aed00000, 0x00000000aed00000, 0x00000000aee00000|  0%| F|  |TAMS 0x00000000aed00000, 0x00000000aed00000| Untracked 
| 238|0x00000000aee00000, 0x00000000aee00000, 0x00000000aef00000|  0%| F|  |TAMS 0x00000000aee00000, 0x00000000aee00000| Untracked 
| 239|0x00000000aef00000, 0x00000000aef00000, 0x00000000af000000|  0%| F|  |TAMS 0x00000000aef00000, 0x00000000aef00000| Untracked 
| 240|0x00000000af000000, 0x00000000af000000, 0x00000000af100000|  0%| F|  |TAMS 0x00000000af000000, 0x00000000af000000| Untracked 
| 241|0x00000000af100000, 0x00000000af100000, 0x00000000af200000|  0%| F|  |TAMS 0x00000000af100000, 0x00000000af100000| Untracked 
| 242|0x00000000af200000, 0x00000000af200000, 0x00000000af300000|  0%| F|  |TAMS 0x00000000af200000, 0x00000000af200000| Untracked 
| 243|0x00000000af300000, 0x00000000af300000, 0x00000000af400000|  0%| F|  |TAMS 0x00000000af300000, 0x00000000af300000| Untracked 
| 244|0x00000000af400000, 0x00000000af400000, 0x00000000af500000|  0%| F|  |TAMS 0x00000000af400000, 0x00000000af400000| Untracked 
| 245|0x00000000af500000, 0x00000000af500000, 0x00000000af600000|  0%| F|  |TAMS 0x00000000af500000, 0x00000000af500000| Untracked 
| 246|0x00000000af600000, 0x00000000af600000, 0x00000000af700000|  0%| F|  |TAMS 0x00000000af600000, 0x00000000af600000| Untracked 
| 247|0x00000000af700000, 0x00000000af700000, 0x00000000af800000|  0%| F|  |TAMS 0x00000000af700000, 0x00000000af700000| Untracked 
| 248|0x00000000af800000, 0x00000000af800000, 0x00000000af900000|  0%| F|  |TAMS 0x00000000af800000, 0x00000000af800000| Untracked 
| 249|0x00000000af900000, 0x00000000af900000, 0x00000000afa00000|  0%| F|  |TAMS 0x00000000af900000, 0x00000000af900000| Untracked 
| 250|0x00000000afa00000, 0x00000000afa00000, 0x00000000afb00000|  0%| F|  |TAMS 0x00000000afa00000, 0x00000000afa00000| Untracked 
| 251|0x00000000afb00000, 0x00000000afb00000, 0x00000000afc00000|  0%| F|  |TAMS 0x00000000afb00000, 0x00000000afb00000| Untracked 
| 252|0x00000000afc00000, 0x00000000afc00000, 0x00000000afd00000|  0%| F|  |TAMS 0x00000000afc00000, 0x00000000afc00000| Untracked 
| 253|0x00000000afd00000, 0x00000000afd00000, 0x00000000afe00000|  0%| F|  |TAMS 0x00000000afd00000, 0x00000000afd00000| Untracked 
| 254|0x00000000afe00000, 0x00000000afe00000, 0x00000000aff00000|  0%| F|  |TAMS 0x00000000afe00000, 0x00000000afe00000| Untracked 
| 255|0x00000000aff00000, 0x00000000aff00000, 0x00000000b0000000|  0%| F|  |TAMS 0x00000000aff00000, 0x00000000aff00000| Untracked 
| 256|0x00000000b0000000, 0x00000000b0000000, 0x00000000b0100000|  0%| F|  |TAMS 0x00000000b0000000, 0x00000000b0000000| Untracked 
| 257|0x00000000b0100000, 0x00000000b0100000, 0x00000000b0200000|  0%| F|  |TAMS 0x00000000b0100000, 0x00000000b0100000| Untracked 
| 258|0x00000000b0200000, 0x00000000b0200000, 0x00000000b0300000|  0%| F|  |TAMS 0x00000000b0200000, 0x00000000b0200000| Untracked 
| 259|0x00000000b0300000, 0x00000000b0300000, 0x00000000b0400000|  0%| F|  |TAMS 0x00000000b0300000, 0x00000000b0300000| Untracked 
| 260|0x00000000b0400000, 0x00000000b0400000, 0x00000000b0500000|  0%| F|  |TAMS 0x00000000b0400000, 0x00000000b0400000| Untracked 
| 261|0x00000000b0500000, 0x00000000b0500000, 0x00000000b0600000|  0%| F|  |TAMS 0x00000000b0500000, 0x00000000b0500000| Untracked 
| 262|0x00000000b0600000, 0x00000000b0600000, 0x00000000b0700000|  0%| F|  |TAMS 0x00000000b0600000, 0x00000000b0600000| Untracked 
| 263|0x00000000b0700000, 0x00000000b0700000, 0x00000000b0800000|  0%| F|  |TAMS 0x00000000b0700000, 0x00000000b0700000| Untracked 
| 264|0x00000000b0800000, 0x00000000b0800000, 0x00000000b0900000|  0%| F|  |TAMS 0x00000000b0800000, 0x00000000b0800000| Untracked 
| 265|0x00000000b0900000, 0x00000000b0900000, 0x00000000b0a00000|  0%| F|  |TAMS 0x00000000b0900000, 0x00000000b0900000| Untracked 
| 266|0x00000000b0a00000, 0x00000000b0a00000, 0x00000000b0b00000|  0%| F|  |TAMS 0x00000000b0a00000, 0x00000000b0a00000| Untracked 
| 267|0x00000000b0b00000, 0x00000000b0b00000, 0x00000000b0c00000|  0%| F|  |TAMS 0x00000000b0b00000, 0x00000000b0b00000| Untracked 
| 268|0x00000000b0c00000, 0x00000000b0c00000, 0x00000000b0d00000|  0%| F|  |TAMS 0x00000000b0c00000, 0x00000000b0c00000| Untracked 
| 269|0x00000000b0d00000, 0x00000000b0d00000, 0x00000000b0e00000|  0%| F|  |TAMS 0x00000000b0d00000, 0x00000000b0d00000| Untracked 
| 270|0x00000000b0e00000, 0x00000000b0e00000, 0x00000000b0f00000|  0%| F|  |TAMS 0x00000000b0e00000, 0x00000000b0e00000| Untracked 
| 271|0x00000000b0f00000, 0x00000000b0f00000, 0x00000000b1000000|  0%| F|  |TAMS 0x00000000b0f00000, 0x00000000b0f00000| Untracked 

Card table byte_map: [0x000002eed68c0000,0x000002eed6bc0000] _byte_map_base: 0x000002eed63c0000

Marking Bits (Prev, Next): (CMBitMap*) 0x000002eebdf64520, (CMBitMap*) 0x000002eebdf644e0
 Prev Bits: [0x000002eed86c0000, 0x000002eed9ec0000)
 Next Bits: [0x000002eed6ec0000, 0x000002eed86c0000)

Polling page: 0x000002eebdd60000

Metaspace:

Usage:
  Non-class:     91.82 MB used.
      Class:     14.59 MB used.
       Both:    106.41 MB used.

Virtual space:
  Non-class space:      128.00 MB reserved,      92.25 MB ( 72%) committed,  2 nodes.
      Class space:        1.00 GB reserved,      15.00 MB (  1%) committed,  1 nodes.
             Both:        1.12 GB reserved,     107.25 MB (  9%) committed. 

Chunk freelists:
   Non-Class:  3.42 MB
       Class:  878.00 KB
        Both:  4.28 MB

MaxMetaspaceSize: unlimited
CompressedClassSpaceSize: 1.00 GB
Initial GC threshold: 21.00 MB
Current GC threshold: 175.88 MB
CDS: on
MetaspaceReclaimPolicy: balanced
 - commit_granule_bytes: 65536.
 - commit_granule_words: 8192.
 - virtual_space_node_default_size: 8388608.
 - enlarge_chunks_in_place: 1.
 - new_chunks_are_fully_committed: 0.
 - uncommit_free_chunks: 1.
 - use_allocation_guard: 0.
 - handle_deallocations: 1.


Internal statistics:

num_allocs_failed_limit: 30.
num_arena_births: 1132.
num_arena_deaths: 12.
num_vsnodes_births: 3.
num_vsnodes_deaths: 0.
num_space_committed: 1716.
num_space_uncommitted: 0.
num_chunks_returned_to_freelist: 46.
num_chunks_taken_from_freelist: 5507.
num_chunk_merges: 31.
num_chunk_splits: 3678.
num_chunks_enlarged: 2465.
num_inconsistent_stats: 0.

CodeHeap 'non-profiled nmethods': size=120000Kb used=6085Kb max_used=6637Kb free=113914Kb
 bounds [0x000002eecea70000, 0x000002eecf0f0000, 0x000002eed5fa0000]
CodeHeap 'profiled nmethods': size=120000Kb used=26210Kb max_used=26210Kb free=93789Kb
 bounds [0x000002eec6fa0000, 0x000002eec8940000, 0x000002eece4d0000]
CodeHeap 'non-nmethods': size=5760Kb used=2491Kb max_used=2564Kb free=3268Kb
 bounds [0x000002eece4d0000, 0x000002eece780000, 0x000002eecea70000]
 total_blobs=14147 nmethods=13108 adapters=951
 compilation: enabled
              stopped_count=0, restarted_count=0
 full_count=0

Compilation events (20 events):
Event: 86.202 Thread 0x000002eedc46c9d0 15463   !   2       java.io.ObjectOutputStream::writeSerialData (223 bytes)
Event: 86.204 Thread 0x000002eedc46c9d0 nmethod 15463 0x000002eec8934c10 code [0x000002eec8934e40, 0x000002eec8935708]
Event: 86.204 Thread 0x000002eedc46c9d0 15464   !   2       java.io.ObjectOutputStream::writeObject (38 bytes)
Event: 86.204 Thread 0x000002eedc46c9d0 nmethod 15464 0x000002eec8935c10 code [0x000002eec8935dc0, 0x000002eec8935f98]
Event: 86.204 Thread 0x000002eedc46c9d0 15462       2       java.io.ObjectOutputStream$BlockDataOutputStream::writeBlockHeader (70 bytes)
Event: 86.205 Thread 0x000002eedc46c9d0 nmethod 15462 0x000002eec8936090 code [0x000002eec8936260, 0x000002eec89364c8]
Event: 86.205 Thread 0x000002eedc46c9d0 15465       2       org.gradle.api.internal.provider.AbstractMinimalProvider::getFactoryId (4 bytes)
Event: 86.205 Thread 0x000002eedc46c9d0 nmethod 15465 0x000002eec8936690 code [0x000002eec8936820, 0x000002eec8936938]
Event: 86.206 Thread 0x000002eedc46c9d0 15466       2       com.android.tools.r8.graph.q::i (14 bytes)
Event: 86.206 Thread 0x000002eedc46c9d0 nmethod 15466 0x000002eec8936a10 code [0x000002eec8936ba0, 0x000002eec8936cf8]
Event: 86.206 Thread 0x000002eedc46c9d0 15468       2       com.android.tools.r8.internal.R0::get (132 bytes)
Event: 86.207 Thread 0x000002eedc46c9d0 nmethod 15468 0x000002eec8936d90 code [0x000002eec8936fa0, 0x000002eec89373e8]
Event: 86.207 Thread 0x000002eedc46c9d0 15469       2       com.android.tools.r8.internal.gL::containsKey (80 bytes)
Event: 86.207 Thread 0x000002eedc46c9d0 nmethod 15469 0x000002eec8937710 code [0x000002eec8937900, 0x000002eec8937c88]
Event: 86.207 Thread 0x000002eedc46c9d0 15467       2       com.android.tools.r8.internal.y2::a (2 bytes)
Event: 86.207 Thread 0x000002eedc46c9d0 nmethod 15467 0x000002eec8937e10 code [0x000002eec8937fa0, 0x000002eec89380b8]
Event: 86.209 Thread 0x000002eedc46c9d0 15470       2       com.android.tools.r8.dex.code.E0::hashCode (21 bytes)
Event: 86.209 Thread 0x000002eedc46c9d0 nmethod 15470 0x000002eec8938190 code [0x000002eec8938320, 0x000002eec8938488]
Event: 86.210 Thread 0x000002eedc46c9d0 15471       2       com.android.tools.r8.dex.code.E0::<init> (20 bytes)
Event: 86.210 Thread 0x000002eedc46c9d0 nmethod 15471 0x000002eec8938510 code [0x000002eec89386c0, 0x000002eec89388a8]

GC Heap History (20 events):
Event: 58.523 GC heap after
{Heap after GC invocations=49 (full 0):
 garbage-first heap   total 176128K, used 94479K [0x00000000a0000000, 0x0000000100000000)
  region size 1024K, 7 young (7168K), 7 survivors (7168K)
 Metaspace       used 86714K, committed 87360K, reserved 1179648K
  class space    used 11873K, committed 12224K, reserved 1048576K
}
Event: 62.754 GC heap before
{Heap before GC invocations=50 (full 0):
 garbage-first heap   total 191488K, used 144655K [0x00000000a0000000, 0x0000000100000000)
  region size 1024K, 56 young (57344K), 7 survivors (7168K)
 Metaspace       used 92458K, committed 93248K, reserved 1179648K
  class space    used 12612K, committed 12992K, reserved 1048576K
}
Event: 62.785 GC heap after
{Heap after GC invocations=51 (full 0):
 garbage-first heap   total 191488K, used 99083K [0x00000000a0000000, 0x0000000100000000)
  region size 1024K, 7 young (7168K), 7 survivors (7168K)
 Metaspace       used 92458K, committed 93248K, reserved 1179648K
  class space    used 12612K, committed 12992K, reserved 1048576K
}
Event: 63.085 GC heap before
{Heap before GC invocations=51 (full 0):
 garbage-first heap   total 191488K, used 101131K [0x00000000a0000000, 0x0000000100000000)
  region size 1024K, 9 young (9216K), 7 survivors (7168K)
 Metaspace       used 92553K, committed 93376K, reserved 1179648K
  class space    used 12626K, committed 12992K, reserved 1048576K
}
Event: 63.120 GC heap after
{Heap after GC invocations=52 (full 0):
 garbage-first heap   total 191488K, used 98812K [0x00000000a0000000, 0x0000000100000000)
  region size 1024K, 1 young (1024K), 1 survivors (1024K)
 Metaspace       used 92553K, committed 93376K, reserved 1179648K
  class space    used 12626K, committed 12992K, reserved 1048576K
}
Event: 78.072 GC heap before
{Heap before GC invocations=52 (full 0):
 garbage-first heap   total 191488K, used 159228K [0x00000000a0000000, 0x0000000100000000)
  region size 1024K, 59 young (60416K), 1 survivors (1024K)
 Metaspace       used 93953K, committed 94720K, reserved 1179648K
  class space    used 12771K, committed 13120K, reserved 1048576K
}
Event: 78.099 GC heap after
{Heap after GC invocations=53 (full 0):
 garbage-first heap   total 191488K, used 105479K [0x00000000a0000000, 0x0000000100000000)
  region size 1024K, 6 young (6144K), 6 survivors (6144K)
 Metaspace       used 93953K, committed 94720K, reserved 1179648K
  class space    used 12771K, committed 13120K, reserved 1048576K
}
Event: 81.347 GC heap before
{Heap before GC invocations=54 (full 0):
 garbage-first heap   total 196608K, used 157703K [0x00000000a0000000, 0x0000000100000000)
  region size 1024K, 57 young (58368K), 6 survivors (6144K)
 Metaspace       used 104411K, committed 105216K, reserved 1179648K
  class space    used 14249K, committed 14656K, reserved 1048576K
}
Event: 81.372 GC heap after
{Heap after GC invocations=55 (full 0):
 garbage-first heap   total 196608K, used 109234K [0x00000000a0000000, 0x0000000100000000)
  region size 1024K, 4 young (4096K), 4 survivors (4096K)
 Metaspace       used 104411K, committed 105216K, reserved 1179648K
  class space    used 14249K, committed 14656K, reserved 1048576K
}
Event: 81.593 GC heap before
{Heap before GC invocations=55 (full 0):
 garbage-first heap   total 196608K, used 114354K [0x00000000a0000000, 0x0000000100000000)
  region size 1024K, 9 young (9216K), 4 survivors (4096K)
 Metaspace       used 105467K, committed 106240K, reserved 1179648K
  class space    used 14421K, committed 14784K, reserved 1048576K
}
Event: 81.617 GC heap after
{Heap after GC invocations=56 (full 0):
 garbage-first heap   total 196608K, used 109860K [0x00000000a0000000, 0x0000000100000000)
  region size 1024K, 1 young (1024K), 1 survivors (1024K)
 Metaspace       used 105467K, committed 106240K, reserved 1179648K
  class space    used 14421K, committed 14784K, reserved 1048576K
}
Event: 83.416 GC heap before
{Heap before GC invocations=56 (full 0):
 garbage-first heap   total 196608K, used 171300K [0x00000000a0000000, 0x0000000100000000)
  region size 1024K, 53 young (54272K), 1 survivors (1024K)
 Metaspace       used 106728K, committed 107584K, reserved 1179648K
  class space    used 14574K, committed 14976K, reserved 1048576K
}
Event: 83.426 GC heap after
{Heap after GC invocations=57 (full 0):
 garbage-first heap   total 196608K, used 120496K [0x00000000a0000000, 0x0000000100000000)
  region size 1024K, 5 young (5120K), 5 survivors (5120K)
 Metaspace       used 106728K, committed 107584K, reserved 1179648K
  class space    used 14574K, committed 14976K, reserved 1048576K
}
Event: 83.566 GC heap before
{Heap before GC invocations=57 (full 0):
 garbage-first heap   total 196608K, used 138928K [0x00000000a0000000, 0x0000000100000000)
  region size 1024K, 14 young (14336K), 5 survivors (5120K)
 Metaspace       used 107101K, committed 107968K, reserved 1179648K
  class space    used 14628K, committed 15040K, reserved 1048576K
}
Event: 83.575 GC heap after
{Heap after GC invocations=58 (full 0):
 garbage-first heap   total 196608K, used 133684K [0x00000000a0000000, 0x0000000100000000)
  region size 1024K, 2 young (2048K), 2 survivors (2048K)
 Metaspace       used 107101K, committed 107968K, reserved 1179648K
  class space    used 14628K, committed 15040K, reserved 1048576K
}
Event: 84.609 GC heap before
{Heap before GC invocations=59 (full 0):
 garbage-first heap   total 278528K, used 183860K [0x00000000a0000000, 0x0000000100000000)
  region size 1024K, 32 young (32768K), 2 survivors (2048K)
 Metaspace       used 107158K, committed 108032K, reserved 1179648K
  class space    used 14631K, committed 15040K, reserved 1048576K
}
Event: 84.639 GC heap after
{Heap after GC invocations=60 (full 0):
 garbage-first heap   total 278528K, used 142852K [0x00000000a0000000, 0x0000000100000000)
  region size 1024K, 4 young (4096K), 4 survivors (4096K)
 Metaspace       used 107158K, committed 108032K, reserved 1179648K
  class space    used 14631K, committed 15040K, reserved 1048576K
}
Event: 84.789 GC heap before
{Heap before GC invocations=60 (full 0):
 garbage-first heap   total 278528K, used 152068K [0x00000000a0000000, 0x0000000100000000)
  region size 1024K, 13 young (13312K), 4 survivors (4096K)
 Metaspace       used 107210K, committed 108032K, reserved 1179648K
  class space    used 14635K, committed 15040K, reserved 1048576K
}
Event: 84.825 GC heap after
{Heap after GC invocations=61 (full 0):
 garbage-first heap   total 278528K, used 143970K [0x00000000a0000000, 0x0000000100000000)
  region size 1024K, 2 young (2048K), 2 survivors (2048K)
 Metaspace       used 107210K, committed 108032K, reserved 1179648K
  class space    used 14635K, committed 15040K, reserved 1048576K
}
Event: 86.222 GC heap before
{Heap before GC invocations=61 (full 0):
 garbage-first heap   total 278528K, used 213602K [0x00000000a0000000, 0x0000000100000000)
  region size 1024K, 70 young (71680K), 2 survivors (2048K)
 Metaspace       used 108959K, committed 109824K, reserved 1179648K
  class space    used 14938K, committed 15360K, reserved 1048576K
}

Deoptimization events (20 events):
Event: 83.876 Thread 0x000002ef2289b9b0 DEOPT PACKING pc=0x000002eecee9b8e4 sp=0x000000f14dcfafb0
Event: 83.876 Thread 0x000002ef2289b9b0 DEOPT UNPACKING pc=0x000002eece5223a3 sp=0x000000f14dcfaf30 mode 2
Event: 84.669 Thread 0x000002ef264a1d60 DEOPT PACKING pc=0x000002eec763df20 sp=0x000000f14e8fd0d0
Event: 84.671 Thread 0x000002ef264a1d60 DEOPT UNPACKING pc=0x000002eece522b43 sp=0x000000f14e8fc5c8 mode 0
Event: 84.699 Thread 0x000002ef264a1d60 DEOPT PACKING pc=0x000002eec8240881 sp=0x000000f14e8fd030
Event: 84.699 Thread 0x000002ef264a1d60 DEOPT UNPACKING pc=0x000002eece522b43 sp=0x000000f14e8fc5b8 mode 0
Event: 85.214 Thread 0x000002ef264a1d60 DEOPT PACKING pc=0x000002eec8588f1e sp=0x000000f14e8fd1d0
Event: 85.218 Thread 0x000002ef264a1d60 DEOPT UNPACKING pc=0x000002eece522b43 sp=0x000000f14e8fc648 mode 0
Event: 85.219 Thread 0x000002ef264a1d60 DEOPT PACKING pc=0x000002eec8588f1e sp=0x000000f14e8fd1d0
Event: 85.219 Thread 0x000002ef264a1d60 DEOPT UNPACKING pc=0x000002eece522b43 sp=0x000000f14e8fc648 mode 0
Event: 85.775 Thread 0x000002ef2649e0a0 Uncommon trap: trap_request=0xffffff45 fr.pc=0x000002eecf05e684 relative=0x0000000000002ee4
Event: 85.775 Thread 0x000002ef2649e0a0 Uncommon trap: reason=unstable_if action=reinterpret pc=0x000002eecf05e684 method=sun.nio.cs.StreamDecoder.implRead([CII)I @ 87 c2
Event: 85.775 Thread 0x000002ef2649e0a0 DEOPT PACKING pc=0x000002eecf05e684 sp=0x000000f14e5fdbe0
Event: 85.776 Thread 0x000002ef2649e0a0 DEOPT UNPACKING pc=0x000002eece5223a3 sp=0x000000f14e5fd998 mode 2
Event: 85.914 Thread 0x000002ef2649f9f0 DEOPT PACKING pc=0x000002eec8849175 sp=0x000000f14eafe9f0
Event: 85.914 Thread 0x000002ef2649f9f0 DEOPT UNPACKING pc=0x000002eece522b43 sp=0x000000f14eafdfc0 mode 0
Event: 86.049 Thread 0x000002ef2649f9f0 DEOPT PACKING pc=0x000002eec88433cf sp=0x000000f14eafe460
Event: 86.049 Thread 0x000002ef2649f9f0 DEOPT UNPACKING pc=0x000002eece522b43 sp=0x000000f14eafd9a8 mode 0
Event: 86.064 Thread 0x000002ef2649f9f0 DEOPT PACKING pc=0x000002eec886e95e sp=0x000000f14eafe220
Event: 86.064 Thread 0x000002ef2649f9f0 DEOPT UNPACKING pc=0x000002eece522b43 sp=0x000000f14eafde40 mode 0

Classes unloaded (6 events):
Event: 59.585 Thread 0x000002eebdfe3d90 Unloading class 0x000002eedeb78800 'java/lang/invoke/LambdaForm$DMH+0x000002eedeb78800'
Event: 59.586 Thread 0x000002eebdfe3d90 Unloading class 0x000002eedeb78400 'java/lang/invoke/LambdaForm$DMH+0x000002eedeb78400'
Event: 83.891 Thread 0x000002eebdfe3d90 Unloading class 0x000002eeded15000 'jdk/internal/reflect/GeneratedSerializationConstructorAccessor77'
Event: 83.893 Thread 0x000002eebdfe3d90 Unloading class 0x000002eeded14c00 'jdk/internal/reflect/GeneratedSerializationConstructorAccessor76'
Event: 83.893 Thread 0x000002eebdfe3d90 Unloading class 0x000002eeded14400 'jdk/internal/reflect/GeneratedSerializationConstructorAccessor75'
Event: 83.893 Thread 0x000002eebdfe3d90 Unloading class 0x000002eeded14800 'jdk/internal/reflect/GeneratedSerializationConstructorAccessor74'

Classes redefined (0 events):
No events

Internal exceptions (20 events):
Event: 83.206 Thread 0x000002ef228a14d0 Exception <a 'sun/nio/fs/WindowsException'{0x00000000a8f6a138}> (0x00000000a8f6a138) 
thrown [s\open\src\hotspot\share\prims\jni.cpp, line 516]
Event: 83.415 Thread 0x000002ef264a1d60 Exception <a 'sun/nio/fs/WindowsException'{0x00000000a8bf3068}> (0x00000000a8bf3068) 
thrown [s\open\src\hotspot\share\prims\jni.cpp, line 516]
Event: 84.492 Thread 0x000002ef228a14d0 Exception <a 'sun/nio/fs/WindowsException'{0x00000000b06c74a0}> (0x00000000b06c74a0) 
thrown [s\open\src\hotspot\share\prims\jni.cpp, line 516]
Event: 84.495 Thread 0x000002ef228a14d0 Exception <a 'sun/nio/fs/WindowsException'{0x00000000b06cb088}> (0x00000000b06cb088) 
thrown [s\open\src\hotspot\share\prims\jni.cpp, line 516]
Event: 84.595 Thread 0x000002ef228a14d0 Exception <a 'sun/nio/fs/WindowsException'{0x00000000b00f2330}> (0x00000000b00f2330) 
thrown [s\open\src\hotspot\share\prims\jni.cpp, line 516]
Event: 84.595 Thread 0x000002ef228a14d0 Exception <a 'sun/nio/fs/WindowsException'{0x00000000b00f3230}> (0x00000000b00f3230) 
thrown [s\open\src\hotspot\share\prims\jni.cpp, line 516]
Event: 84.596 Thread 0x000002ef228a14d0 Exception <a 'sun/nio/fs/WindowsException'{0x00000000b00f3658}> (0x00000000b00f3658) 
thrown [s\open\src\hotspot\share\prims\jni.cpp, line 516]
Event: 84.596 Thread 0x000002ef228a14d0 Exception <a 'sun/nio/fs/WindowsException'{0x00000000b00f4550}> (0x00000000b00f4550) 
thrown [s\open\src\hotspot\share\prims\jni.cpp, line 516]
Event: 84.597 Thread 0x000002ef228a14d0 Exception <a 'sun/nio/fs/WindowsException'{0x00000000b00f48a8}> (0x00000000b00f48a8) 
thrown [s\open\src\hotspot\share\prims\jni.cpp, line 516]
Event: 84.597 Thread 0x000002ef228a14d0 Exception <a 'sun/nio/fs/WindowsException'{0x00000000b00f5770}> (0x00000000b00f5770) 
thrown [s\open\src\hotspot\share\prims\jni.cpp, line 516]
Event: 84.899 Thread 0x000002ef228a14d0 Exception <a 'java/lang/NoSuchMethodError'{0x00000000b0f0fd58}: static Lcom/android/builder/internal/aapt/AaptOptions;.<clinit>()V> (0x00000000b0f0fd58) 
thrown [s\open\src\hotspot\share\prims\jni.cpp, line 1112]
Event: 84.928 Thread 0x000002ef228a14d0 Exception <a 'java/lang/NoSuchMethodError'{0x00000000b032b5c8}: static [Ljava/lang/Object;.<clinit>()V> (0x00000000b032b5c8) 
thrown [s\open\src\hotspot\share\prims\jni.cpp, line 1112]
Event: 84.930 Thread 0x000002ef228a14d0 Exception <a 'java/lang/NoSuchMethodError'{0x00000000b033c680}: static Ljava/lang/Object;.<clinit>()V> (0x00000000b033c680) 
thrown [s\open\src\hotspot\share\prims\jni.cpp, line 1112]
Event: 84.933 Thread 0x000002ef228a14d0 Exception <a 'java/lang/NoSuchMethodError'{0x00000000b035c0e0}: static Lcom/android/build/api/variant/impl/VariantOutputImpl$SerializedForm;.<clinit>()V> (0x00000000b035c0e0) 
thrown [s\open\src\hotspot\share\prims\jni.cpp, line 1112]
Event: 84.935 Thread 0x000002ef228a14d0 Exception <a 'java/lang/NoSuchMethodError'{0x00000000b03ee9a0}: static Lcom/android/build/api/variant/impl/VariantOutputConfigurationImpl;.<clinit>()V> (0x00000000b03ee9a0) 
thrown [s\open\src\hotspot\share\prims\jni.cpp, line 1112]
Event: 84.965 Thread 0x000002ef2289f670 Exception <a 'sun/nio/fs/WindowsException'{0x00000000b02418d8}> (0x00000000b02418d8) 
thrown [s\open\src\hotspot\share\prims\jni.cpp, line 516]
Event: 84.972 Thread 0x000002ef2289f670 Exception <a 'sun/nio/fs/WindowsException'{0x00000000b00aeb58}> (0x00000000b00aeb58) 
thrown [s\open\src\hotspot\share\prims\jni.cpp, line 516]
Event: 84.976 Thread 0x000002ef2289f670 Exception <a 'sun/nio/fs/WindowsException'{0x00000000b00b8d28}> (0x00000000b00b8d28) 
thrown [s\open\src\hotspot\share\prims\jni.cpp, line 516]
Event: 84.979 Thread 0x000002ef2289b9b0 Exception <a 'sun/nio/fs/WindowsException'{0x00000000b018b038}> (0x00000000b018b038) 
thrown [s\open\src\hotspot\share\prims\jni.cpp, line 516]
Event: 85.427 Thread 0x000002ef2649f9f0 Exception <a 'java/lang/NoSuchMethodError'{0x00000000ae5ec178}: 'long java.lang.invoke.DirectMethodHandle$Holder.invokeStatic(java.lang.Object, java.lang.Object, java.lang.Object)'> (0x00000000ae5ec178) 
thrown [s\open\src\hotspot\share\interpreter\linkResolver.cpp, line 759]

VM Operations (20 events):
Event: 82.497 Executing VM operation: HandshakeAllThreads done
Event: 82.540 Executing VM operation: ICBufferFull
Event: 82.540 Executing VM operation: ICBufferFull done
Event: 83.416 Executing VM operation: G1CollectForAllocation
Event: 83.427 Executing VM operation: G1CollectForAllocation done
Event: 83.500 Executing VM operation: HandshakeAllThreads
Event: 83.500 Executing VM operation: HandshakeAllThreads done
Event: 83.565 Executing VM operation: G1TryInitiateConcMark
Event: 83.577 Executing VM operation: G1TryInitiateConcMark done
Event: 83.890 Executing VM operation: G1Concurrent
Event: 84.107 Executing VM operation: G1Concurrent done
Event: 84.268 Executing VM operation: G1Concurrent
Event: 84.288 Executing VM operation: G1Concurrent done
Event: 84.602 Executing VM operation: G1CollectForAllocation
Event: 84.640 Executing VM operation: G1CollectForAllocation done
Event: 84.786 Executing VM operation: G1CollectForAllocation
Event: 84.827 Executing VM operation: G1CollectForAllocation done
Event: 86.114 Executing VM operation: ICBufferFull
Event: 86.116 Executing VM operation: ICBufferFull done
Event: 86.211 Executing VM operation: G1CollectForAllocation

Events (20 events):
Event: 83.504 loading class java/nio/BufferUnderflowException done
Event: 85.196 Thread 0x000002ef2649e5b0 Thread exited: 0x000002ef2649e5b0
Event: 85.271 loading class java/util/concurrent/ForkJoinTask$AdaptedRunnableAction
Event: 85.272 loading class java/util/concurrent/ForkJoinTask$AdaptedRunnableAction done
Event: 85.276 loading class java/util/concurrent/ForkJoinPool$DefaultForkJoinWorkerThreadFactory$1
Event: 85.277 loading class java/util/concurrent/ForkJoinPool$DefaultForkJoinWorkerThreadFactory$1 done
Event: 85.278 Thread 0x000002ef264a2270 Thread added: 0x000002ef264a2270
Event: 85.316 Thread 0x000002ef264a2780 Thread added: 0x000002ef264a2780
Event: 85.351 Thread 0x000002ef2649f9f0 Thread added: 0x000002ef2649f9f0
Event: 85.425 Thread 0x000002ef264a2c90 Thread added: 0x000002ef264a2c90
Event: 85.623 loading class java/nio/HeapShortBuffer
Event: 85.699 loading class java/nio/HeapShortBuffer done
Event: 85.936 loading class java/util/concurrent/Executors$DelegatedScheduledExecutorService
Event: 85.939 loading class java/util/concurrent/Executors$DelegatedExecutorService
Event: 85.940 loading class java/util/concurrent/Executors$DelegatedExecutorService done
Event: 85.940 loading class java/util/concurrent/Executors$DelegatedScheduledExecutorService done
Event: 85.962 Thread 0x000002ef2649c750 Thread added: 0x000002ef2649c750
Event: 85.970 loading class java/lang/ProcessImpl
Event: 85.971 loading class java/lang/ProcessImpl done
Event: 86.207 Thread 0x000002ef2649eac0 Thread added: 0x000002ef2649eac0


Dynamic libraries:
0x00007ff712380000 - 0x00007ff712390000 	C:\Program Files\Java\jdk-17\bin\java.exe
0x00007ffa8f690000 - 0x00007ffa8f888000 	C:\WINDOWS\SYSTEM32\ntdll.dll
0x00007ffa8d8b0000 - 0x00007ffa8d971000 	C:\WINDOWS\System32\KERNEL32.DLL
0x00007ffa8d360000 - 0x00007ffa8d65d000 	C:\WINDOWS\System32\KERNELBASE.dll
0x00007ffa8d1b0000 - 0x00007ffa8d2b0000 	C:\WINDOWS\System32\ucrtbase.dll
0x00007ffa83d70000 - 0x00007ffa83d8b000 	C:\Program Files\Java\jdk-17\bin\VCRUNTIME140.dll
0x00007ffa83d20000 - 0x00007ffa83d39000 	C:\Program Files\Java\jdk-17\bin\jli.dll
0x00007ffa8ef70000 - 0x00007ffa8f020000 	C:\WINDOWS\System32\ADVAPI32.dll
0x00007ffa8f550000 - 0x00007ffa8f5ee000 	C:\WINDOWS\System32\msvcrt.dll
0x00007ffa8e3c0000 - 0x00007ffa8e460000 	C:\WINDOWS\System32\sechost.dll
0x00007ffa8f420000 - 0x00007ffa8f543000 	C:\WINDOWS\System32\RPCRT4.dll
0x00007ffa8d690000 - 0x00007ffa8d6b7000 	C:\WINDOWS\System32\bcrypt.dll
0x00007ffa8e220000 - 0x00007ffa8e3bd000 	C:\WINDOWS\System32\USER32.dll
0x00007ffa8d660000 - 0x00007ffa8d682000 	C:\WINDOWS\System32\win32u.dll
0x00007ffa7c1a0000 - 0x00007ffa7c43a000 	C:\WINDOWS\WinSxS\amd64_microsoft.windows.common-controls_6595b64144ccf1df_6.0.19041.4355_none_60b8b9eb71f62e16\COMCTL32.dll
0x00007ffa8f380000 - 0x00007ffa8f3ab000 	C:\WINDOWS\System32\GDI32.dll
0x00007ffa8d090000 - 0x00007ffa8d1a7000 	C:\WINDOWS\System32\gdi32full.dll
0x00007ffa8cfa0000 - 0x00007ffa8d03d000 	C:\WINDOWS\System32\msvcp_win.dll
0x00007ffa83f00000 - 0x00007ffa83f0a000 	C:\WINDOWS\SYSTEM32\VERSION.dll
0x00007ffa8d980000 - 0x00007ffa8d9af000 	C:\WINDOWS\System32\IMM32.DLL
0x00007ffa83bf0000 - 0x00007ffa83bfc000 	C:\Program Files\Java\jdk-17\bin\vcruntime140_1.dll
0x00007ffa6ac60000 - 0x00007ffa6acee000 	C:\Program Files\Java\jdk-17\bin\msvcp140.dll
0x00007ffa3b500000 - 0x00007ffa3c0e0000 	C:\Program Files\Java\jdk-17\bin\server\jvm.dll
0x00007ffa8e6c0000 - 0x00007ffa8e6c8000 	C:\WINDOWS\System32\PSAPI.DLL
0x00007ffa8b440000 - 0x00007ffa8b449000 	C:\WINDOWS\SYSTEM32\WSOCK32.dll
0x00007ffa7ff90000 - 0x00007ffa7ffb7000 	C:\WINDOWS\SYSTEM32\WINMM.dll
0x00007ffa8f3b0000 - 0x00007ffa8f41b000 	C:\WINDOWS\System32\WS2_32.dll
0x00007ffa8b5b0000 - 0x00007ffa8b5c2000 	C:\WINDOWS\SYSTEM32\kernel.appcore.dll
0x00007ffa83bb0000 - 0x00007ffa83bba000 	C:\Program Files\Java\jdk-17\bin\jimage.dll
0x00007ffa8aa70000 - 0x00007ffa8ac54000 	C:\WINDOWS\SYSTEM32\DBGHELP.DLL
0x00007ffa84990000 - 0x00007ffa849c4000 	C:\WINDOWS\SYSTEM32\dbgcore.DLL
0x00007ffa8cd40000 - 0x00007ffa8cdc2000 	C:\WINDOWS\System32\bcryptPrimitives.dll
0x00007ffa81a20000 - 0x00007ffa81a45000 	C:\Program Files\Java\jdk-17\bin\java.dll
0x00007ffa5aaf0000 - 0x00007ffa5abc7000 	C:\Program Files\Java\jdk-17\bin\jsvml.dll
0x00007ffa8dab0000 - 0x00007ffa8e21f000 	C:\WINDOWS\System32\SHELL32.dll
0x00007ffa8ac60000 - 0x00007ffa8b403000 	C:\WINDOWS\SYSTEM32\windows.storage.dll
0x00007ffa8f020000 - 0x00007ffa8f373000 	C:\WINDOWS\System32\combase.dll
0x00007ffa8c770000 - 0x00007ffa8c79e000 	C:\WINDOWS\SYSTEM32\Wldp.dll
0x00007ffa8eea0000 - 0x00007ffa8ef6d000 	C:\WINDOWS\System32\OLEAUT32.dll
0x00007ffa8d7a0000 - 0x00007ffa8d84d000 	C:\WINDOWS\System32\SHCORE.dll
0x00007ffa8da50000 - 0x00007ffa8daa5000 	C:\WINDOWS\System32\shlwapi.dll
0x00007ffa8cc70000 - 0x00007ffa8cc94000 	C:\WINDOWS\SYSTEM32\profapi.dll
0x00007ffa83920000 - 0x00007ffa83939000 	C:\Program Files\Java\jdk-17\bin\net.dll
0x00007ffa83df0000 - 0x00007ffa83efd000 	C:\WINDOWS\SYSTEM32\WINHTTP.dll
0x00007ffa8c4d0000 - 0x00007ffa8c53a000 	C:\WINDOWS\system32\mswsock.dll
0x00007ffa82e70000 - 0x00007ffa82e86000 	C:\Program Files\Java\jdk-17\bin\nio.dll
0x00007ffa83b60000 - 0x00007ffa83b78000 	C:\Program Files\Java\jdk-17\bin\zip.dll
0x00007ffa83970000 - 0x00007ffa83980000 	C:\Program Files\Java\jdk-17\bin\verify.dll
0x00007ffa76d60000 - 0x00007ffa76d87000 	C:\Users\Violin\.gradle\native\68d5fa5c4cc2d200863cafc0d521ce42e7d3e7ee720ec0a83991735586a16f82\windows-amd64\native-platform.dll
0x00007ffa40b10000 - 0x00007ffa40c54000 	C:\Users\Violin\.gradle\native\e376f236ea51e6404a007f0833ffe2c6e607c4080706a723a18a27aeea778392\windows-amd64\native-platform-file-events.dll
0x00007ffa819e0000 - 0x00007ffa819ea000 	C:\Program Files\Java\jdk-17\bin\management.dll
0x00007ffa819b0000 - 0x00007ffa819bb000 	C:\Program Files\Java\jdk-17\bin\management_ext.dll
0x00007ffa8c6c0000 - 0x00007ffa8c6d8000 	C:\WINDOWS\SYSTEM32\CRYPTSP.dll
0x00007ffa8bd80000 - 0x00007ffa8bdb4000 	C:\WINDOWS\system32\rsaenh.dll
0x00007ffa8cbf0000 - 0x00007ffa8cc1e000 	C:\WINDOWS\SYSTEM32\USERENV.dll
0x00007ffa8c6e0000 - 0x00007ffa8c6ec000 	C:\WINDOWS\SYSTEM32\CRYPTBASE.dll
0x00007ffa8c160000 - 0x00007ffa8c19b000 	C:\WINDOWS\SYSTEM32\IPHLPAPI.DLL
0x00007ffa8ed60000 - 0x00007ffa8ed68000 	C:\WINDOWS\System32\NSI.dll
0x00007ffa84b50000 - 0x00007ffa84b67000 	C:\WINDOWS\SYSTEM32\dhcpcsvc6.DLL
0x00007ffa84bc0000 - 0x00007ffa84bdd000 	C:\WINDOWS\SYSTEM32\dhcpcsvc.DLL
0x00007ffa8c1a0000 - 0x00007ffa8c26a000 	C:\WINDOWS\SYSTEM32\DNSAPI.dll
0x00007ffa81870000 - 0x00007ffa8187e000 	C:\Program Files\Java\jdk-17\bin\sunmscapi.dll
0x00007ffa8cdd0000 - 0x00007ffa8cf2c000 	C:\WINDOWS\System32\CRYPT32.dll
0x00007ffa8c7e0000 - 0x00007ffa8c809000 	C:\WINDOWS\SYSTEM32\ncrypt.dll
0x00007ffa8c7a0000 - 0x00007ffa8c7db000 	C:\WINDOWS\SYSTEM32\NTASN1.dll
0x00007ffa86c90000 - 0x00007ffa86c97000 	C:\WINDOWS\system32\wshunix.dll
0x00007ffa82630000 - 0x00007ffa8263a000 	C:\Windows\System32\rasadhlp.dll
0x00007ffa826d0000 - 0x00007ffa82750000 	C:\WINDOWS\System32\fwpuclnt.dll
0x00007ffa81860000 - 0x00007ffa81867000 	C:\Program Files\Java\jdk-17\bin\rmi.dll
0x00007ffa869b0000 - 0x00007ffa869c7000 	C:\WINDOWS\system32\napinsp.dll
0x00007ffa86990000 - 0x00007ffa869ab000 	C:\WINDOWS\system32\pnrpnsp.dll
0x00007ffa88df0000 - 0x00007ffa88e05000 	C:\WINDOWS\system32\wshbth.dll
0x00007ffa86710000 - 0x00007ffa8672d000 	C:\WINDOWS\system32\NLAapi.dll
0x00007ffa866f0000 - 0x00007ffa86702000 	C:\WINDOWS\System32\winrnr.dll

dbghelp: loaded successfully - version: 4.0.5 - missing functions: none
symbol engine: initialized successfully - sym options: 0x614 - pdb path: .;C:\Program Files\Java\jdk-17\bin;C:\WINDOWS\SYSTEM32;C:\WINDOWS\WinSxS\amd64_microsoft.windows.common-controls_6595b64144ccf1df_6.0.19041.4355_none_60b8b9eb71f62e16;C:\Program Files\Java\jdk-17\bin\server;C:\Users\Violin\.gradle\native\68d5fa5c4cc2d200863cafc0d521ce42e7d3e7ee720ec0a83991735586a16f82\windows-amd64;C:\Users\Violin\.gradle\native\e376f236ea51e6404a007f0833ffe2c6e607c4080706a723a18a27aeea778392\windows-amd64

VM Arguments:
jvm_args: --add-opens=java.base/java.util=ALL-UNNAMED --add-opens=java.base/java.lang=ALL-UNNAMED --add-opens=java.base/java.lang.invoke=ALL-UNNAMED --add-opens=java.prefs/java.util.prefs=ALL-UNNAMED --add-opens=java.base/java.nio.charset=ALL-UNNAMED --add-opens=java.base/java.net=ALL-UNNAMED --add-opens=java.base/java.util.concurrent.atomic=ALL-UNNAMED -Xmx1536m -Dfile.encoding=UTF-8 -Duser.country=KR -Duser.language=ko -Duser.variant 
java_command: org.gradle.launcher.daemon.bootstrap.GradleDaemon 8.0
java_class_path (initial): C:\Users\Violin\.gradle\wrapper\dists\gradle-8.0-bin\ca5e32bp14vu59qr306oxotwh\gradle-8.0\lib\gradle-launcher-8.0.jar
Launcher Type: SUN_STANDARD

[Global flags]
     intx CICompilerCount                          = 3                                         {product} {ergonomic}
     uint ConcGCThreads                            = 1                                         {product} {ergonomic}
     uint G1ConcRefinementThreads                  = 4                                         {product} {ergonomic}
   size_t G1HeapRegionSize                         = 1048576                                   {product} {ergonomic}
    uintx GCDrainStackTargetSize                   = 64                                        {product} {ergonomic}
   size_t InitialHeapSize                          = 67108864                                  {product} {ergonomic}
   size_t MarkStackSize                            = 4194304                                   {product} {ergonomic}
   size_t MaxHeapSize                              = 1610612736                                {product} {command line}
   size_t MaxNewSize                               = 965738496                                 {product} {ergonomic}
   size_t MinHeapDeltaBytes                        = 1048576                                   {product} {ergonomic}
   size_t MinHeapSize                              = 8388608                                   {product} {ergonomic}
    uintx NonNMethodCodeHeapSize                   = 5832780                                {pd product} {ergonomic}
    uintx NonProfiledCodeHeapSize                  = 122912730                              {pd product} {ergonomic}
    uintx ProfiledCodeHeapSize                     = 122912730                              {pd product} {ergonomic}
    uintx ReservedCodeCacheSize                    = 251658240                              {pd product} {ergonomic}
     bool SegmentedCodeCache                       = true                                      {product} {ergonomic}
   size_t SoftMaxHeapSize                          = 1610612736                             {manageable} {ergonomic}
     bool UseCompressedClassPointers               = true                           {product lp64_product} {ergonomic}
     bool UseCompressedOops                        = true                           {product lp64_product} {ergonomic}
     bool UseG1GC                                  = true                                      {product} {ergonomic}
     bool UseLargePagesIndividualAllocation        = false                                  {pd product} {ergonomic}

Logging:
Log output configuration:
 #0: stdout all=warning uptime,level,tags
 #1: stderr all=off uptime,level,tags

Environment Variables:
JAVA_HOME=C:/Program Files/Java/jdk-17
CLASSPATH=C:\Users\Violin\AndroidStudioProjects\Simple Bank Manager\\gradle\wrapper\gradle-wrapper.jar
PATH=C:\Program Files\Common Files\Oracle\Java\javapath;C:\Program Files (x86)\Intel\iCLS Client\;C:\Program Files\Intel\iCLS Client\;C:\WINDOWS\system32;C:\WINDOWS;C:\WINDOWS\System32\Wbem;C:\WINDOWS\System32\WindowsPowerShell\v1.0\;C:\Program Files\Intel\WiFi\bin\;C:\Program Files\Common Files\Intel\WirelessCommon\;C:\Program Files (x86)\Intel\Intel(R) Management Engine Components\DAL;C:\Program Files\Intel\Intel(R) Management Engine Components\DAL;C:\Program Files (x86)\Intel\Intel(R) Management Engine Components\IPT;C:\Program Files\Intel\Intel(R) Management Engine Components\IPT;C:\WINDOWS\System32\OpenSSH\;C:\Program Files\Git\cmd;C:\Gradle\gradle-8.7\bin;C:\Program Files\dotnet\;C:\Users\Violin\SDKs\platform-tools-latest-windows\platform-tools;C:\Users\Violin\AppData\Local\Microsoft\WindowsApps;C:\Users\Violin\AppData\Local\GitHubDesktop\bin;C:\Users\Violin\SDKs\platform-tools-latest-windows\platform-tools;;C:\Program Files (x86)\ESTsoft\ALSee\x64
USERNAME=Violin
OS=Windows_NT
PROCESSOR_IDENTIFIER=Intel64 Family 6 Model 78 Stepping 3, GenuineIntel



---------------  S Y S T E M  ---------------

OS:
 Windows 10 , 64 bit Build 19041 (10.0.19041.4842)
OS uptime: 11 days 10:31 hours

CPU: total 4 (initial active 4) (2 cores per cpu, 2 threads per core) family 6 model 78 stepping 3 microcode 0xcc, cx8, cmov, fxsr, ht, mmx, 3dnowpref, sse, sse2, sse3, ssse3, sse4.1, sse4.2, popcnt, lzcnt, tsc, tscinvbit, avx, avx2, aes, erms, clmul, bmi1, bmi2, adx, fma, vzeroupper, clflush, clflushopt

Memory: 4k page, system-wide physical 4010M (44M free)
TotalPageFile size 16298M (AvailPageFile size 29M)
current process WorkingSet (physical memory assigned to process): 472M, peak: 476M
current process commit charge ("private bytes"): 601M, peak: 854M

vm_info: Java HotSpot(TM) 64-Bit Server VM (17.0.11+7-LTS-207) for windows-amd64 JRE (17.0.11+7-LTS-207), built on Mar 11 2024 19:01:50 by "mach5one" with MS VC++ 17.6 (VS2022)

END.
