#
# There is insufficient memory for the Java Runtime Environment to continue.
# Native memory allocation (malloc) failed to allocate 1404976 bytes for Chunk::new
# Possible reasons:
#   The system is out of physical RAM or swap space
#   The process is running with CompressedOops enabled, and the Java Heap may be blocking the growth of the native heap
# Possible solutions:
#   Reduce memory load on the system
#   Increase physical memory or swap space
#   Check if swap backing store is full
#   Decrease Java heap size (-Xmx/-Xms)
#   Decrease number of Java threads
#   Decrease Java thread stack sizes (-Xss)
#   Set larger code cache with -XX:ReservedCodeCacheSize=
#   JVM is running with Unscaled Compressed Oops mode in which the Java heap is
#     placed in the first 4GB address space. The Java Heap base address is the
#     maximum limit for the native heap growth. Please use -XX:HeapBaseMinAddress
#     to set the Java Heap base and to place the Java Heap above 4GB virtual address.
# This output file may be truncated or incomplete.
#
#  Out of Memory Error (arena.cpp:189), pid=19716, tid=18416
#
# JRE version: Java(TM) SE Runtime Environment (17.0.11+7) (build 17.0.11+7-LTS-207)
# Java VM: Java HotSpot(TM) 64-Bit Server VM (17.0.11+7-LTS-207, mixed mode, sharing, tiered, compressed oops, compressed class ptrs, g1 gc, windows-amd64)
# No core dump will be written. Minidumps are not enabled by default on client versions of Windows
#

---------------  S U M M A R Y ------------

Command Line: --add-opens=java.base/java.util=ALL-UNNAMED --add-opens=java.base/java.lang=ALL-UNNAMED --add-opens=java.base/java.lang.invoke=ALL-UNNAMED --add-opens=java.prefs/java.util.prefs=ALL-UNNAMED --add-opens=java.base/java.nio.charset=ALL-UNNAMED --add-opens=java.base/java.net=ALL-UNNAMED --add-opens=java.base/java.util.concurrent.atomic=ALL-UNNAMED -Xmx1536m -Dfile.encoding=UTF-8 -Duser.country=KR -Duser.language=ko -Duser.variant org.gradle.launcher.daemon.bootstrap.GradleDaemon 8.0

Host: Intel(R) Core(TM) i5-6200U CPU @ 2.30GHz, 4 cores, 3G,  Windows 10 , 64 bit Build 19041 (10.0.19041.4842)
Time: Sat Sep 28 01:03:15 2024  Windows 10 , 64 bit Build 19041 (10.0.19041.4842) elapsed time: 66.801013 seconds (0d 0h 1m 6s)

---------------  T H R E A D  ---------------

Current thread (0x000002607995fef0):  JavaThread "C2 CompilerThread0" daemon [_thread_in_native, id=18416, stack(0x000000dd5ce00000,0x000000dd5cf00000)]


Current CompileTask:
C2:  66801 13556   !   4       java.io.ObjectOutputStream::writeObject0 (620 bytes)

Stack: [0x000000dd5ce00000,0x000000dd5cf00000]
Native frames: (J=compiled Java code, j=interpreted, Vv=VM code, C=native code)
V  [jvm.dll+0x679cca]
V  [jvm.dll+0x7da13d]
V  [jvm.dll+0x7dba83]
V  [jvm.dll+0x7dc0f3]
V  [jvm.dll+0x2449af]
V  [jvm.dll+0xab83b]
V  [jvm.dll+0xabe1c]
V  [jvm.dll+0x36155f]
V  [jvm.dll+0x1b9dda]
V  [jvm.dll+0x216337]
V  [jvm.dll+0x21560f]
V  [jvm.dll+0x1a2040]
V  [jvm.dll+0x225a2b]
V  [jvm.dll+0x223bcb]
V  [jvm.dll+0x7903ec]
V  [jvm.dll+0x78a85a]
V  [jvm.dll+0x678bb5]
C  [ucrtbase.dll+0x21bb2]
C  [KERNEL32.DLL+0x17374]
C  [ntdll.dll+0x4cc91]


---------------  P R O C E S S  ---------------

Threads class SMR info:
_java_thread_list=0x0000026051c1af30, length=91, elements={
0x000002606c32a760, 0x000002606c3f9110, 0x000002606c3fa640, 0x0000026079953ac0,
0x00000260799574b0, 0x0000026079958520, 0x000002607995ca90, 0x000002607995fef0,
0x0000026079961860, 0x0000026079964920, 0x0000026079b231a0, 0x0000026079b2b6b0,
0x0000026050000ad0, 0x000002607f0b9380, 0x000002607e8e8b80, 0x0000026079e83210,
0x0000026079bcd260, 0x000002607e0ad660, 0x000002607f2913e0, 0x000002607f28fa90,
0x000002607f2909c0, 0x000002607f28f580, 0x000002607f28ffa0, 0x000002607f2904b0,
0x000002607f292820, 0x000002607f2918f0, 0x000002607f291e00, 0x000002607f292310,
0x000002607f28f070, 0x0000026079c30eb0, 0x0000026079c35590, 0x0000026079c33730,
0x0000026079c35080, 0x0000026079c30490, 0x0000026079c34150, 0x0000026079c322f0,
0x0000026079c35aa0, 0x0000026079c32d10, 0x0000026079c31de0, 0x0000026079c35fb0,
0x0000026079c2ff80, 0x0000026079c33220, 0x0000026079c2eb40, 0x0000026079c32800,
0x0000026079c34660, 0x0000026079c33c40, 0x0000026079c364c0, 0x0000026079c34b70,
0x0000026079c2f050, 0x0000026079c2f560, 0x0000026079c2fa70, 0x00000260500d2ad0,
0x00000260500cd9d0, 0x00000260500cc590, 0x00000260500cd4c0, 0x00000260500d20b0,
0x00000260500ce900, 0x00000260500d2fe0, 0x00000260500d1690, 0x00000260500cee10,
0x00000260500d0c70, 0x00000260500d25c0, 0x00000260500ccfb0, 0x00000260500d34f0,
0x00000260500cf320, 0x00000260500cf830, 0x00000260500cdee0, 0x00000260500ce3f0,
0x00000260500cc080, 0x00000260500d1180, 0x00000260500ccaa0, 0x00000260500cfd40,
0x00000260500d0250, 0x00000260500d1ba0, 0x00000260500d0760, 0x00000260500d3a00,
0x0000026050d7aff0, 0x0000026050d78770, 0x0000026050d78260, 0x0000026050d7c430,
0x0000026050d79bb0, 0x0000026050d796a0, 0x0000026050d7d360, 0x0000026050d7bf20,
0x0000026050d7b500, 0x0000026050d7ba10, 0x0000026050d7c940, 0x0000026050d7ce50,
0x0000026050d7a5d0, 0x0000026050d77840, 0x0000026050d76910
}

Java Threads: ( => current thread )
  0x000002606c32a760 JavaThread "main" [_thread_blocked, id=22544, stack(0x000000dd5c100000,0x000000dd5c200000)]
  0x000002606c3f9110 JavaThread "Reference Handler" daemon [_thread_blocked, id=24728, stack(0x000000dd5c800000,0x000000dd5c900000)]
  0x000002606c3fa640 JavaThread "Finalizer" daemon [_thread_blocked, id=21144, stack(0x000000dd5c900000,0x000000dd5ca00000)]
  0x0000026079953ac0 JavaThread "Signal Dispatcher" daemon [_thread_blocked, id=20668, stack(0x000000dd5ca00000,0x000000dd5cb00000)]
  0x00000260799574b0 JavaThread "Attach Listener" daemon [_thread_blocked, id=12508, stack(0x000000dd5cb00000,0x000000dd5cc00000)]
  0x0000026079958520 JavaThread "Service Thread" daemon [_thread_blocked, id=23652, stack(0x000000dd5cc00000,0x000000dd5cd00000)]
  0x000002607995ca90 JavaThread "Monitor Deflation Thread" daemon [_thread_blocked, id=26016, stack(0x000000dd5cd00000,0x000000dd5ce00000)]
=>0x000002607995fef0 JavaThread "C2 CompilerThread0" daemon [_thread_in_native, id=18416, stack(0x000000dd5ce00000,0x000000dd5cf00000)]
  0x0000026079961860 JavaThread "C1 CompilerThread0" daemon [_thread_blocked, id=1768, stack(0x000000dd5cf00000,0x000000dd5d000000)]
  0x0000026079964920 JavaThread "Sweeper thread" daemon [_thread_blocked, id=13820, stack(0x000000dd5d000000,0x000000dd5d100000)]
  0x0000026079b231a0 JavaThread "Common-Cleaner" daemon [_thread_blocked, id=18912, stack(0x000000dd5d100000,0x000000dd5d200000)]
  0x0000026079b2b6b0 JavaThread "Notification Thread" daemon [_thread_blocked, id=26480, stack(0x000000dd5d200000,0x000000dd5d300000)]
  0x0000026050000ad0 JavaThread "Daemon health stats" [_thread_blocked, id=13132, stack(0x000000dd5d700000,0x000000dd5d800000)]
  0x000002607f0b9380 JavaThread "Incoming local TCP Connector on port 58300" [_thread_in_native, id=21784, stack(0x000000dd5d800000,0x000000dd5d900000)]
  0x000002607e8e8b80 JavaThread "Daemon periodic checks" [_thread_blocked, id=17284, stack(0x000000dd5d900000,0x000000dd5da00000)]
  0x0000026079e83210 JavaThread "Daemon" [_thread_blocked, id=5624, stack(0x000000dd5da00000,0x000000dd5db00000)]
  0x0000026079bcd260 JavaThread "Handler for socket connection from /127.0.0.1:58300 to /127.0.0.1:58301" [_thread_in_native, id=26188, stack(0x000000dd5db00000,0x000000dd5dc00000)]
  0x000002607e0ad660 JavaThread "Cancel handler" [_thread_blocked, id=22052, stack(0x000000dd5dc00000,0x000000dd5dd00000)]
  0x000002607f2913e0 JavaThread "Daemon worker" [_thread_blocked, id=17772, stack(0x000000dd5dd00000,0x000000dd5de00000)]
  0x000002607f28fa90 JavaThread "Asynchronous log dispatcher for DefaultDaemonConnection: socket connection from /127.0.0.1:58300 to /127.0.0.1:58301" [_thread_blocked, id=12104, stack(0x000000dd5de00000,0x000000dd5df00000)]
  0x000002607f2909c0 JavaThread "Stdin handler" [_thread_blocked, id=19136, stack(0x000000dd5df00000,0x000000dd5e000000)]
  0x000002607f28f580 JavaThread "Daemon client event forwarder" [_thread_blocked, id=26512, stack(0x000000dd5e000000,0x000000dd5e100000)]
  0x000002607f28ffa0 JavaThread "Cache worker for journal cache (C:\Users\Violin\.gradle\caches\journal-1)" [_thread_blocked, id=16720, stack(0x000000dd5e100000,0x000000dd5e200000)]
  0x000002607f2904b0 JavaThread "File lock request listener" [_thread_in_native, id=9388, stack(0x000000dd5e200000,0x000000dd5e300000)]
  0x000002607f292820 JavaThread "Cache worker for file hash cache (C:\Users\Violin\.gradle\caches\8.0\fileHashes)" [_thread_blocked, id=21632, stack(0x000000dd5e300000,0x000000dd5e400000)]
  0x000002607f2918f0 JavaThread "File watcher server" daemon [_thread_in_native, id=13136, stack(0x000000dd5e400000,0x000000dd5e500000)]
  0x000002607f291e00 JavaThread "File watcher consumer" daemon [_thread_blocked, id=13512, stack(0x000000dd5e500000,0x000000dd5e600000)]
  0x000002607f292310 JavaThread "Cache worker for checksums cache (C:\Users\Violin\AndroidStudioProjects\Simple Bank Manager\.gradle\8.0\checksums)" [_thread_blocked, id=1860, stack(0x000000dd5e600000,0x000000dd5e700000)]
  0x000002607f28f070 JavaThread "Cache worker for cache directory md-rule (C:\Users\Violin\.gradle\caches\8.0\md-rule)" [_thread_blocked, id=7872, stack(0x000000dd5e700000,0x000000dd5e800000)]
  0x0000026079c30eb0 JavaThread "Cache worker for file content cache (C:\Users\Violin\.gradle\caches\8.0\fileContent)" [_thread_blocked, id=19176, stack(0x000000dd5e800000,0x000000dd5e900000)]
  0x0000026079c35590 JavaThread "Cache worker for file hash cache (C:\Users\Violin\AndroidStudioProjects\Simple Bank Manager\.gradle\8.0\fileHashes)" [_thread_blocked, id=22500, stack(0x000000dd5e900000,0x000000dd5ea00000)]
  0x0000026079c33730 JavaThread "Cache worker for cache directory md-supplier (C:\Users\Violin\.gradle\caches\8.0\md-supplier)" [_thread_blocked, id=18352, stack(0x000000dd5ea00000,0x000000dd5eb00000)]
  0x0000026079c35080 JavaThread "Cache worker for execution history cache (C:\Users\Violin\.gradle\caches\8.0\executionHistory)" [_thread_blocked, id=25248, stack(0x000000dd5eb00000,0x000000dd5ec00000)]
  0x0000026079c30490 JavaThread "jar transforms" [_thread_blocked, id=22488, stack(0x000000dd5ec00000,0x000000dd5ed00000)]
  0x0000026079c34150 JavaThread "Unconstrained build operations" [_thread_blocked, id=17552, stack(0x000000dd5ee00000,0x000000dd5ef00000)]
  0x0000026079c322f0 JavaThread "jar transforms Thread 2" [_thread_blocked, id=25028, stack(0x000000dd5ef00000,0x000000dd5f000000)]
  0x0000026079c35aa0 JavaThread "jar transforms Thread 3" [_thread_blocked, id=3032, stack(0x000000dd5f000000,0x000000dd5f100000)]
  0x0000026079c32d10 JavaThread "Cache worker for dependencies-accessors (C:\Users\Violin\AndroidStudioProjects\Simple Bank Manager\.gradle\8.0\dependencies-accessors)" [_thread_blocked, id=26108, stack(0x000000dd5f100000,0x000000dd5f200000)]
  0x0000026079c31de0 JavaThread "jar transforms Thread 4" [_thread_blocked, id=22596, stack(0x000000dd5f200000,0x000000dd5f300000)]
  0x0000026079c35fb0 JavaThread "Cache worker for Build Output Cleanup Cache (C:\Users\Violin\AndroidStudioProjects\Simple Bank Manager\.gradle\buildOutputCleanup)" [_thread_blocked, id=26556, stack(0x000000dd5f300000,0x000000dd5f400000)]
  0x0000026079c2ff80 JavaThread "Unconstrained build operations Thread 2" [_thread_blocked, id=17932, stack(0x000000dd5f400000,0x000000dd5f500000)]
  0x0000026079c33220 JavaThread "Unconstrained build operations Thread 3" [_thread_blocked, id=24832, stack(0x000000dd5f500000,0x000000dd5f600000)]
  0x0000026079c2eb40 JavaThread "Unconstrained build operations Thread 4" [_thread_blocked, id=24276, stack(0x000000dd5f600000,0x000000dd5f700000)]
  0x0000026079c32800 JavaThread "Unconstrained build operations Thread 5" [_thread_blocked, id=2552, stack(0x000000dd5f700000,0x000000dd5f800000)]
  0x0000026079c34660 JavaThread "Unconstrained build operations Thread 6" [_thread_blocked, id=26048, stack(0x000000dd5f800000,0x000000dd5f900000)]
  0x0000026079c33c40 JavaThread "Unconstrained build operations Thread 7" [_thread_blocked, id=23936, stack(0x000000dd5f900000,0x000000dd5fa00000)]
  0x0000026079c364c0 JavaThread "Unconstrained build operations Thread 8" [_thread_blocked, id=23816, stack(0x000000dd5fa00000,0x000000dd5fb00000)]
  0x0000026079c34b70 JavaThread "Unconstrained build operations Thread 9" [_thread_blocked, id=9068, stack(0x000000dd5fb00000,0x000000dd5fc00000)]
  0x0000026079c2f050 JavaThread "Unconstrained build operations Thread 10" [_thread_blocked, id=2064, stack(0x000000dd5fc00000,0x000000dd5fd00000)]
  0x0000026079c2f560 JavaThread "Unconstrained build operations Thread 11" [_thread_blocked, id=7704, stack(0x000000dd5fd00000,0x000000dd5fe00000)]
  0x0000026079c2fa70 JavaThread "Unconstrained build operations Thread 12" [_thread_blocked, id=22792, stack(0x000000dd5fe00000,0x000000dd5ff00000)]
  0x00000260500d2ad0 JavaThread "Unconstrained build operations Thread 13" [_thread_blocked, id=19388, stack(0x000000dd5ff00000,0x000000dd60000000)]
  0x00000260500cd9d0 JavaThread "Unconstrained build operations Thread 14" [_thread_blocked, id=23220, stack(0x000000dd60000000,0x000000dd60100000)]
  0x00000260500cc590 JavaThread "Unconstrained build operations Thread 15" [_thread_blocked, id=21420, stack(0x000000dd60100000,0x000000dd60200000)]
  0x00000260500cd4c0 JavaThread "Unconstrained build operations Thread 16" [_thread_blocked, id=19684, stack(0x000000dd60200000,0x000000dd60300000)]
  0x00000260500d20b0 JavaThread "Unconstrained build operations Thread 17" [_thread_blocked, id=11156, stack(0x000000dd60300000,0x000000dd60400000)]
  0x00000260500ce900 JavaThread "Unconstrained build operations Thread 18" [_thread_blocked, id=7280, stack(0x000000dd60400000,0x000000dd60500000)]
  0x00000260500d2fe0 JavaThread "Unconstrained build operations Thread 19" [_thread_blocked, id=23380, stack(0x000000dd60500000,0x000000dd60600000)]
  0x00000260500d1690 JavaThread "Unconstrained build operations Thread 20" [_thread_blocked, id=24100, stack(0x000000dd60600000,0x000000dd60700000)]
  0x00000260500cee10 JavaThread "Unconstrained build operations Thread 21" [_thread_blocked, id=26172, stack(0x000000dd60700000,0x000000dd60800000)]
  0x00000260500d0c70 JavaThread "Unconstrained build operations Thread 22" [_thread_blocked, id=25932, stack(0x000000dd60800000,0x000000dd60900000)]
  0x00000260500d25c0 JavaThread "Unconstrained build operations Thread 23" [_thread_blocked, id=22040, stack(0x000000dd60900000,0x000000dd60a00000)]
  0x00000260500ccfb0 JavaThread "Unconstrained build operations Thread 24" [_thread_blocked, id=21160, stack(0x000000dd60a00000,0x000000dd60b00000)]
  0x00000260500d34f0 JavaThread "Unconstrained build operations Thread 25" [_thread_blocked, id=20116, stack(0x000000dd60b00000,0x000000dd60c00000)]
  0x00000260500cf320 JavaThread "Unconstrained build operations Thread 26" [_thread_blocked, id=26360, stack(0x000000dd60c00000,0x000000dd60d00000)]
  0x00000260500cf830 JavaThread "Unconstrained build operations Thread 27" [_thread_blocked, id=22024, stack(0x000000dd60d00000,0x000000dd60e00000)]
  0x00000260500cdee0 JavaThread "Unconstrained build operations Thread 28" [_thread_blocked, id=14936, stack(0x000000dd60e00000,0x000000dd60f00000)]
  0x00000260500ce3f0 JavaThread "Unconstrained build operations Thread 29" [_thread_blocked, id=17476, stack(0x000000dd60f00000,0x000000dd61000000)]
  0x00000260500cc080 JavaThread "Unconstrained build operations Thread 30" [_thread_blocked, id=17064, stack(0x000000dd61000000,0x000000dd61100000)]
  0x00000260500d1180 JavaThread "Unconstrained build operations Thread 31" [_thread_blocked, id=26348, stack(0x000000dd61100000,0x000000dd61200000)]
  0x00000260500ccaa0 JavaThread "Unconstrained build operations Thread 32" [_thread_blocked, id=25832, stack(0x000000dd61200000,0x000000dd61300000)]
  0x00000260500cfd40 JavaThread "Unconstrained build operations Thread 33" [_thread_blocked, id=26460, stack(0x000000dd61300000,0x000000dd61400000)]
  0x00000260500d0250 JavaThread "Unconstrained build operations Thread 34" [_thread_blocked, id=17976, stack(0x000000dd61400000,0x000000dd61500000)]
  0x00000260500d1ba0 JavaThread "Unconstrained build operations Thread 35" [_thread_blocked, id=6800, stack(0x000000dd61500000,0x000000dd61600000)]
  0x00000260500d0760 JavaThread "Unconstrained build operations Thread 36" [_thread_blocked, id=24012, stack(0x000000dd61600000,0x000000dd61700000)]
  0x00000260500d3a00 JavaThread "Unconstrained build operations Thread 37" [_thread_blocked, id=25520, stack(0x000000dd61700000,0x000000dd61800000)]
  0x0000026050d7aff0 JavaThread "Unconstrained build operations Thread 38" [_thread_blocked, id=21196, stack(0x000000dd61800000,0x000000dd61900000)]
  0x0000026050d78770 JavaThread "Unconstrained build operations Thread 39" [_thread_blocked, id=26412, stack(0x000000dd61900000,0x000000dd61a00000)]
  0x0000026050d78260 JavaThread "Unconstrained build operations Thread 40" [_thread_blocked, id=12216, stack(0x000000dd61a00000,0x000000dd61b00000)]
  0x0000026050d7c430 JavaThread "Memory manager" [_thread_blocked, id=816, stack(0x000000dd61b00000,0x000000dd61c00000)]
  0x0000026050d79bb0 JavaThread "build event listener" [_thread_blocked, id=13212, stack(0x000000dd61e00000,0x000000dd61f00000)]
  0x0000026050d796a0 JavaThread "included builds" [_thread_blocked, id=25084, stack(0x000000dd61f00000,0x000000dd62000000)]
  0x0000026050d7d360 JavaThread "Execution worker" [_thread_blocked, id=26440, stack(0x000000dd62000000,0x000000dd62100000)]
  0x0000026050d7bf20 JavaThread "Execution worker Thread 2" [_thread_blocked, id=4960, stack(0x000000dd62100000,0x000000dd62200000)]
  0x0000026050d7b500 JavaThread "Execution worker Thread 3" [_thread_blocked, id=10064, stack(0x000000dd62200000,0x000000dd62300000)]
  0x0000026050d7ba10 JavaThread "Cache worker for execution history cache (C:\Users\Violin\AndroidStudioProjects\Simple Bank Manager\.gradle\8.0\executionHistory)" [_thread_blocked, id=9840, stack(0x000000dd62300000,0x000000dd62400000)]
  0x0000026050d7c940 JavaThread "WorkerExecutor Queue" [_thread_in_native, id=7796, stack(0x000000dd62400000,0x000000dd62500000)]
  0x0000026050d7ce50 JavaThread "WorkerExecutor Queue Thread 2" [_thread_in_Java, id=14812, stack(0x000000dd62500000,0x000000dd62600000)]
  0x0000026050d7a5d0 JavaThread "WorkerExecutor Queue Thread 3" [_thread_in_native, id=15836, stack(0x000000dd62600000,0x000000dd62700000)]
  0x0000026050d77840 JavaThread "WorkerExecutor Queue Thread 4" [_thread_in_Java, id=25660, stack(0x000000dd62700000,0x000000dd62800000)]
  0x0000026050d76910 JavaThread "Java2D Disposer" daemon [_thread_blocked, id=26136, stack(0x000000dd62800000,0x000000dd62900000)]

Other Threads:
  0x000002606c3f0580 VMThread "VM Thread" [stack: 0x000000dd5c700000,0x000000dd5c800000] [id=25848]
  0x0000026079b33bb0 WatcherThread [stack: 0x000000dd5d300000,0x000000dd5d400000] [id=20640]
  0x000002606c372800 GCTaskThread "GC Thread#0" [stack: 0x000000dd5c200000,0x000000dd5c300000] [id=16328]
  0x000002607e421a60 GCTaskThread "GC Thread#1" [stack: 0x000000dd5d400000,0x000000dd5d500000] [id=26312]
  0x000002607e236100 GCTaskThread "GC Thread#2" [stack: 0x000000dd5d500000,0x000000dd5d600000] [id=25352]
  0x000002607ea531d0 GCTaskThread "GC Thread#3" [stack: 0x000000dd5d600000,0x000000dd5d700000] [id=14132]
  0x000002606c381680 ConcurrentGCThread "G1 Main Marker" [stack: 0x000000dd5c300000,0x000000dd5c400000] [id=6700]
  0x000002606c381fa0 ConcurrentGCThread "G1 Conc#0" [stack: 0x000000dd5c400000,0x000000dd5c500000] [id=24600]
  0x000002606c3ce050 ConcurrentGCThread "G1 Refine#0" [stack: 0x000000dd5c500000,0x000000dd5c600000] [id=23328]
  0x000002605205fa00 ConcurrentGCThread "G1 Refine#1" [stack: 0x000000dd5be00000,0x000000dd5bf00000] [id=14076]
  0x000002606c3ce990 ConcurrentGCThread "G1 Service" [stack: 0x000000dd5c600000,0x000000dd5c700000] [id=24004]

Threads with active compile tasks:
C2 CompilerThread0    66937 13556   !   4       java.io.ObjectOutputStream::writeObject0 (620 bytes)

VM state: not at safepoint (normal execution)

VM Mutex/Monitor currently owned by a thread: None

Heap address: 0x00000000a0000000, size: 1536 MB, Compressed Oops mode: 32-bit

CDS archive(s) mapped at: [0x000002600f000000-0x000002600fbd0000-0x000002600fbd0000), size 12386304, SharedBaseAddress: 0x000002600f000000, ArchiveRelocationMode: 1.
Compressed class space mapped at: 0x0000026010000000-0x0000026050000000, reserved size: 1073741824
Narrow klass base: 0x000002600f000000, Narrow klass shift: 0, Narrow klass range: 0x100000000

GC Precious Log:
 CPUs: 4 total, 4 available
 Memory: 4010M
 Large Page Support: Disabled
 NUMA Support: Disabled
 Compressed Oops: Enabled (32-bit)
 Heap Region Size: 1M
 Heap Min Capacity: 8M
 Heap Initial Capacity: 64M
 Heap Max Capacity: 1536M
 Pre-touch: Disabled
 Parallel Workers: 4
 Concurrent Workers: 1
 Concurrent Refinement Workers: 4
 Periodic GC: Disabled

Heap:
 garbage-first heap   total 208896K, used 135609K [0x00000000a0000000, 0x0000000100000000)
  region size 1024K, 16 young (16384K), 6 survivors (6144K)
 Metaspace       used 96796K, committed 97536K, reserved 1179648K
  class space    used 12816K, committed 13184K, reserved 1048576K

Heap Regions: E=young(eden), S=young(survivor), O=old, HS=humongous(starts), HC=humongous(continues), CS=collection set, F=free, OA=open archive, CA=closed archive, TAMS=top-at-mark-start (previous, next)
|   0|0x00000000a0000000, 0x00000000a0100000, 0x00000000a0100000|100%| O|  |TAMS 0x00000000a0100000, 0x00000000a0100000| Untracked 
|   1|0x00000000a0100000, 0x00000000a0200000, 0x00000000a0200000|100%| O|  |TAMS 0x00000000a0200000, 0x00000000a0200000| Untracked 
|   2|0x00000000a0200000, 0x00000000a0300000, 0x00000000a0300000|100%|HS|  |TAMS 0x00000000a0300000, 0x00000000a0300000| Complete 
|   3|0x00000000a0300000, 0x00000000a0400000, 0x00000000a0400000|100%|HC|  |TAMS 0x00000000a0400000, 0x00000000a0400000| Complete 
|   4|0x00000000a0400000, 0x00000000a0500000, 0x00000000a0500000|100%|HC|  |TAMS 0x00000000a0500000, 0x00000000a0500000| Complete 
|   5|0x00000000a0500000, 0x00000000a0600000, 0x00000000a0600000|100%|HC|  |TAMS 0x00000000a0600000, 0x00000000a0600000| Complete 
|   6|0x00000000a0600000, 0x00000000a0700000, 0x00000000a0700000|100%| O|  |TAMS 0x00000000a0700000, 0x00000000a0700000| Untracked 
|   7|0x00000000a0700000, 0x00000000a0800000, 0x00000000a0800000|100%| O|  |TAMS 0x00000000a0800000, 0x00000000a0800000| Untracked 
|   8|0x00000000a0800000, 0x00000000a0900000, 0x00000000a0900000|100%| O|  |TAMS 0x00000000a0900000, 0x00000000a0900000| Untracked 
|   9|0x00000000a0900000, 0x00000000a0a00000, 0x00000000a0a00000|100%| O|  |TAMS 0x00000000a0a00000, 0x00000000a0a00000| Untracked 
|  10|0x00000000a0a00000, 0x00000000a0b00000, 0x00000000a0b00000|100%| O|  |TAMS 0x00000000a0b00000, 0x00000000a0b00000| Untracked 
|  11|0x00000000a0b00000, 0x00000000a0c00000, 0x00000000a0c00000|100%| O|  |TAMS 0x00000000a0c00000, 0x00000000a0c00000| Untracked 
|  12|0x00000000a0c00000, 0x00000000a0d00000, 0x00000000a0d00000|100%| O|  |TAMS 0x00000000a0d00000, 0x00000000a0d00000| Untracked 
|  13|0x00000000a0d00000, 0x00000000a0e00000, 0x00000000a0e00000|100%| O|  |TAMS 0x00000000a0e00000, 0x00000000a0e00000| Untracked 
|  14|0x00000000a0e00000, 0x00000000a0f00000, 0x00000000a0f00000|100%| O|  |TAMS 0x00000000a0f00000, 0x00000000a0f00000| Untracked 
|  15|0x00000000a0f00000, 0x00000000a1000000, 0x00000000a1000000|100%| O|  |TAMS 0x00000000a1000000, 0x00000000a1000000| Untracked 
|  16|0x00000000a1000000, 0x00000000a1100000, 0x00000000a1100000|100%| O|  |TAMS 0x00000000a1100000, 0x00000000a1100000| Untracked 
|  17|0x00000000a1100000, 0x00000000a1200000, 0x00000000a1200000|100%| O|  |TAMS 0x00000000a1200000, 0x00000000a1200000| Untracked 
|  18|0x00000000a1200000, 0x00000000a1300000, 0x00000000a1300000|100%| O|  |TAMS 0x00000000a1300000, 0x00000000a1300000| Untracked 
|  19|0x00000000a1300000, 0x00000000a1400000, 0x00000000a1400000|100%| O|  |TAMS 0x00000000a1400000, 0x00000000a1400000| Untracked 
|  20|0x00000000a1400000, 0x00000000a1500000, 0x00000000a1500000|100%| O|  |TAMS 0x00000000a1500000, 0x00000000a1500000| Untracked 
|  21|0x00000000a1500000, 0x00000000a1600000, 0x00000000a1600000|100%| O|  |TAMS 0x00000000a1600000, 0x00000000a1600000| Untracked 
|  22|0x00000000a1600000, 0x00000000a1700000, 0x00000000a1700000|100%| O|  |TAMS 0x00000000a1700000, 0x00000000a1700000| Untracked 
|  23|0x00000000a1700000, 0x00000000a1800000, 0x00000000a1800000|100%| O|  |TAMS 0x00000000a1800000, 0x00000000a1800000| Untracked 
|  24|0x00000000a1800000, 0x00000000a1900000, 0x00000000a1900000|100%| O|  |TAMS 0x00000000a1900000, 0x00000000a1900000| Untracked 
|  25|0x00000000a1900000, 0x00000000a1a00000, 0x00000000a1a00000|100%| O|  |TAMS 0x00000000a1a00000, 0x00000000a1a00000| Untracked 
|  26|0x00000000a1a00000, 0x00000000a1b00000, 0x00000000a1b00000|100%| O|  |TAMS 0x00000000a1b00000, 0x00000000a1b00000| Untracked 
|  27|0x00000000a1b00000, 0x00000000a1c00000, 0x00000000a1c00000|100%| O|  |TAMS 0x00000000a1c00000, 0x00000000a1c00000| Untracked 
|  28|0x00000000a1c00000, 0x00000000a1d00000, 0x00000000a1d00000|100%| O|  |TAMS 0x00000000a1d00000, 0x00000000a1d00000| Untracked 
|  29|0x00000000a1d00000, 0x00000000a1e00000, 0x00000000a1e00000|100%| O|  |TAMS 0x00000000a1e00000, 0x00000000a1e00000| Untracked 
|  30|0x00000000a1e00000, 0x00000000a1f00000, 0x00000000a1f00000|100%| O|  |TAMS 0x00000000a1f00000, 0x00000000a1f00000| Untracked 
|  31|0x00000000a1f00000, 0x00000000a2000000, 0x00000000a2000000|100%| O|  |TAMS 0x00000000a2000000, 0x00000000a2000000| Untracked 
|  32|0x00000000a2000000, 0x00000000a2100000, 0x00000000a2100000|100%| O|  |TAMS 0x00000000a2100000, 0x00000000a2100000| Untracked 
|  33|0x00000000a2100000, 0x00000000a2200000, 0x00000000a2200000|100%| O|  |TAMS 0x00000000a2200000, 0x00000000a2200000| Untracked 
|  34|0x00000000a2200000, 0x00000000a2300000, 0x00000000a2300000|100%| O|  |TAMS 0x00000000a2300000, 0x00000000a2300000| Untracked 
|  35|0x00000000a2300000, 0x00000000a2400000, 0x00000000a2400000|100%| O|  |TAMS 0x00000000a2400000, 0x00000000a2400000| Untracked 
|  36|0x00000000a2400000, 0x00000000a2500000, 0x00000000a2500000|100%|HS|  |TAMS 0x00000000a2500000, 0x00000000a2500000| Complete 
|  37|0x00000000a2500000, 0x00000000a2600000, 0x00000000a2600000|100%| O|  |TAMS 0x00000000a2600000, 0x00000000a2600000| Untracked 
|  38|0x00000000a2600000, 0x00000000a2700000, 0x00000000a2700000|100%| O|  |TAMS 0x00000000a2700000, 0x00000000a2700000| Untracked 
|  39|0x00000000a2700000, 0x00000000a2800000, 0x00000000a2800000|100%| O|  |TAMS 0x00000000a2800000, 0x00000000a2800000| Untracked 
|  40|0x00000000a2800000, 0x00000000a2900000, 0x00000000a2900000|100%| O|  |TAMS 0x00000000a2900000, 0x00000000a2900000| Untracked 
|  41|0x00000000a2900000, 0x00000000a2a00000, 0x00000000a2a00000|100%| O|  |TAMS 0x00000000a2a00000, 0x00000000a2a00000| Untracked 
|  42|0x00000000a2a00000, 0x00000000a2b00000, 0x00000000a2b00000|100%| O|  |TAMS 0x00000000a2b00000, 0x00000000a2b00000| Untracked 
|  43|0x00000000a2b00000, 0x00000000a2c00000, 0x00000000a2c00000|100%|HS|  |TAMS 0x00000000a2c00000, 0x00000000a2c00000| Complete 
|  44|0x00000000a2c00000, 0x00000000a2d00000, 0x00000000a2d00000|100%|HS|  |TAMS 0x00000000a2d00000, 0x00000000a2d00000| Complete 
|  45|0x00000000a2d00000, 0x00000000a2e00000, 0x00000000a2e00000|100%|HS|  |TAMS 0x00000000a2e00000, 0x00000000a2e00000| Complete 
|  46|0x00000000a2e00000, 0x00000000a2f00000, 0x00000000a2f00000|100%|HC|  |TAMS 0x00000000a2f00000, 0x00000000a2f00000| Complete 
|  47|0x00000000a2f00000, 0x00000000a3000000, 0x00000000a3000000|100%|HC|  |TAMS 0x00000000a3000000, 0x00000000a3000000| Complete 
|  48|0x00000000a3000000, 0x00000000a3100000, 0x00000000a3100000|100%| O|  |TAMS 0x00000000a3100000, 0x00000000a3100000| Untracked 
|  49|0x00000000a3100000, 0x00000000a3200000, 0x00000000a3200000|100%| O|  |TAMS 0x00000000a3200000, 0x00000000a3200000| Untracked 
|  50|0x00000000a3200000, 0x00000000a3300000, 0x00000000a3300000|100%| O|  |TAMS 0x00000000a3300000, 0x00000000a3300000| Untracked 
|  51|0x00000000a3300000, 0x00000000a3400000, 0x00000000a3400000|100%| O|  |TAMS 0x00000000a3400000, 0x00000000a3400000| Untracked 
|  52|0x00000000a3400000, 0x00000000a3500000, 0x00000000a3500000|100%| O|  |TAMS 0x00000000a3500000, 0x00000000a3500000| Untracked 
|  53|0x00000000a3500000, 0x00000000a3600000, 0x00000000a3600000|100%| O|  |TAMS 0x00000000a3600000, 0x00000000a3600000| Untracked 
|  54|0x00000000a3600000, 0x00000000a3700000, 0x00000000a3700000|100%| O|  |TAMS 0x00000000a3700000, 0x00000000a3700000| Untracked 
|  55|0x00000000a3700000, 0x00000000a3800000, 0x00000000a3800000|100%| O|  |TAMS 0x00000000a3800000, 0x00000000a3800000| Untracked 
|  56|0x00000000a3800000, 0x00000000a3900000, 0x00000000a3900000|100%| O|  |TAMS 0x00000000a3900000, 0x00000000a3900000| Untracked 
|  57|0x00000000a3900000, 0x00000000a3a00000, 0x00000000a3a00000|100%| O|  |TAMS 0x00000000a3a00000, 0x00000000a3a00000| Untracked 
|  58|0x00000000a3a00000, 0x00000000a3b00000, 0x00000000a3b00000|100%| O|  |TAMS 0x00000000a3b00000, 0x00000000a3b00000| Untracked 
|  59|0x00000000a3b00000, 0x00000000a3c00000, 0x00000000a3c00000|100%| O|  |TAMS 0x00000000a3c00000, 0x00000000a3c00000| Untracked 
|  60|0x00000000a3c00000, 0x00000000a3d00000, 0x00000000a3d00000|100%| O|  |TAMS 0x00000000a3d00000, 0x00000000a3d00000| Untracked 
|  61|0x00000000a3d00000, 0x00000000a3e00000, 0x00000000a3e00000|100%| O|  |TAMS 0x00000000a3e00000, 0x00000000a3e00000| Untracked 
|  62|0x00000000a3e00000, 0x00000000a3f00000, 0x00000000a3f00000|100%| O|  |TAMS 0x00000000a3f00000, 0x00000000a3f00000| Untracked 
|  63|0x00000000a3f00000, 0x00000000a4000000, 0x00000000a4000000|100%| O|  |TAMS 0x00000000a4000000, 0x00000000a4000000| Untracked 
|  64|0x00000000a4000000, 0x00000000a4100000, 0x00000000a4100000|100%| O|  |TAMS 0x00000000a4100000, 0x00000000a4100000| Untracked 
|  65|0x00000000a4100000, 0x00000000a4200000, 0x00000000a4200000|100%| O|  |TAMS 0x00000000a4200000, 0x00000000a4200000| Untracked 
|  66|0x00000000a4200000, 0x00000000a4300000, 0x00000000a4300000|100%| O|  |TAMS 0x00000000a4300000, 0x00000000a4300000| Untracked 
|  67|0x00000000a4300000, 0x00000000a4400000, 0x00000000a4400000|100%| O|  |TAMS 0x00000000a4400000, 0x00000000a4400000| Untracked 
|  68|0x00000000a4400000, 0x00000000a4500000, 0x00000000a4500000|100%| O|  |TAMS 0x00000000a4500000, 0x00000000a4500000| Untracked 
|  69|0x00000000a4500000, 0x00000000a4600000, 0x00000000a4600000|100%| O|  |TAMS 0x00000000a4600000, 0x00000000a4600000| Untracked 
|  70|0x00000000a4600000, 0x00000000a4700000, 0x00000000a4700000|100%| O|  |TAMS 0x00000000a4700000, 0x00000000a4700000| Untracked 
|  71|0x00000000a4700000, 0x00000000a4800000, 0x00000000a4800000|100%| O|  |TAMS 0x00000000a4800000, 0x00000000a4800000| Untracked 
|  72|0x00000000a4800000, 0x00000000a4900000, 0x00000000a4900000|100%| O|  |TAMS 0x00000000a4900000, 0x00000000a4900000| Untracked 
|  73|0x00000000a4900000, 0x00000000a4a00000, 0x00000000a4a00000|100%| O|  |TAMS 0x00000000a4a00000, 0x00000000a4a00000| Untracked 
|  74|0x00000000a4a00000, 0x00000000a4b00000, 0x00000000a4b00000|100%| O|  |TAMS 0x00000000a4b00000, 0x00000000a4b00000| Untracked 
|  75|0x00000000a4b00000, 0x00000000a4c00000, 0x00000000a4c00000|100%| O|  |TAMS 0x00000000a4c00000, 0x00000000a4c00000| Untracked 
|  76|0x00000000a4c00000, 0x00000000a4d00000, 0x00000000a4d00000|100%| O|  |TAMS 0x00000000a4d00000, 0x00000000a4d00000| Untracked 
|  77|0x00000000a4d00000, 0x00000000a4e00000, 0x00000000a4e00000|100%| O|  |TAMS 0x00000000a4e00000, 0x00000000a4e00000| Untracked 
|  78|0x00000000a4e00000, 0x00000000a4f00000, 0x00000000a4f00000|100%| O|  |TAMS 0x00000000a4f00000, 0x00000000a4f00000| Untracked 
|  79|0x00000000a4f00000, 0x00000000a5000000, 0x00000000a5000000|100%| O|  |TAMS 0x00000000a5000000, 0x00000000a5000000| Untracked 
|  80|0x00000000a5000000, 0x00000000a5100000, 0x00000000a5100000|100%| O|  |TAMS 0x00000000a5100000, 0x00000000a5100000| Untracked 
|  81|0x00000000a5100000, 0x00000000a5200000, 0x00000000a5200000|100%| O|  |TAMS 0x00000000a5100000, 0x00000000a5100000| Untracked 
|  82|0x00000000a5200000, 0x00000000a5300000, 0x00000000a5300000|100%|HS|  |TAMS 0x00000000a5200000, 0x00000000a5300000| Complete 
|  83|0x00000000a5300000, 0x00000000a5400000, 0x00000000a5400000|100%| O|  |TAMS 0x00000000a5300000, 0x00000000a5400000| Untracked 
|  84|0x00000000a5400000, 0x00000000a5500000, 0x00000000a5500000|100%|HS|  |TAMS 0x00000000a5500000, 0x00000000a5500000| Complete 
|  85|0x00000000a5500000, 0x00000000a556e400, 0x00000000a5600000| 43%| O|  |TAMS 0x00000000a5500000, 0x00000000a5500000| Untracked 
|  86|0x00000000a5600000, 0x00000000a5700000, 0x00000000a5700000|100%| O|  |TAMS 0x00000000a5600000, 0x00000000a5700000| Untracked 
|  87|0x00000000a5700000, 0x00000000a5800000, 0x00000000a5800000|100%| O|  |TAMS 0x00000000a5700000, 0x00000000a5800000| Untracked 
|  88|0x00000000a5800000, 0x00000000a5900000, 0x00000000a5900000|100%| O|  |TAMS 0x00000000a5800000, 0x00000000a5900000| Untracked 
|  89|0x00000000a5900000, 0x00000000a5a00000, 0x00000000a5a00000|100%| O|  |TAMS 0x00000000a5900000, 0x00000000a5a00000| Untracked 
|  90|0x00000000a5a00000, 0x00000000a5b00000, 0x00000000a5b00000|100%| O|  |TAMS 0x00000000a5a00000, 0x00000000a5b00000| Untracked 
|  91|0x00000000a5b00000, 0x00000000a5c00000, 0x00000000a5c00000|100%| O|  |TAMS 0x00000000a5b00000, 0x00000000a5c00000| Untracked 
|  92|0x00000000a5c00000, 0x00000000a5d00000, 0x00000000a5d00000|100%| O|  |TAMS 0x00000000a5c00000, 0x00000000a5d00000| Untracked 
|  93|0x00000000a5d00000, 0x00000000a5e00000, 0x00000000a5e00000|100%| O|  |TAMS 0x00000000a5d00000, 0x00000000a5e00000| Untracked 
|  94|0x00000000a5e00000, 0x00000000a5f00000, 0x00000000a5f00000|100%| O|  |TAMS 0x00000000a5e00000, 0x00000000a5f00000| Untracked 
|  95|0x00000000a5f00000, 0x00000000a6000000, 0x00000000a6000000|100%| O|  |TAMS 0x00000000a5f00000, 0x00000000a6000000| Untracked 
|  96|0x00000000a6000000, 0x00000000a6100000, 0x00000000a6100000|100%| O|  |TAMS 0x00000000a6000000, 0x00000000a6100000| Untracked 
|  97|0x00000000a6100000, 0x00000000a6200000, 0x00000000a6200000|100%| O|  |TAMS 0x00000000a6100000, 0x00000000a6200000| Untracked 
|  98|0x00000000a6200000, 0x00000000a6300000, 0x00000000a6300000|100%| O|  |TAMS 0x00000000a6200000, 0x00000000a6300000| Untracked 
|  99|0x00000000a6300000, 0x00000000a6300000, 0x00000000a6400000|  0%| F|  |TAMS 0x00000000a6300000, 0x00000000a6300000| Untracked 
| 100|0x00000000a6400000, 0x00000000a6400000, 0x00000000a6500000|  0%| F|  |TAMS 0x00000000a6400000, 0x00000000a6400000| Untracked 
| 101|0x00000000a6500000, 0x00000000a6500000, 0x00000000a6600000|  0%| F|  |TAMS 0x00000000a6500000, 0x00000000a6500000| Untracked 
| 102|0x00000000a6600000, 0x00000000a6600000, 0x00000000a6700000|  0%| F|  |TAMS 0x00000000a6600000, 0x00000000a6600000| Untracked 
| 103|0x00000000a6700000, 0x00000000a6800000, 0x00000000a6800000|100%| O|  |TAMS 0x00000000a6700000, 0x00000000a6800000| Untracked 
| 104|0x00000000a6800000, 0x00000000a6900000, 0x00000000a6900000|100%| O|  |TAMS 0x00000000a6800000, 0x00000000a6900000| Untracked 
| 105|0x00000000a6900000, 0x00000000a6a00000, 0x00000000a6a00000|100%| O|  |TAMS 0x00000000a6900000, 0x00000000a6a00000| Untracked 
| 106|0x00000000a6a00000, 0x00000000a6b00000, 0x00000000a6b00000|100%| O|  |TAMS 0x00000000a6a00000, 0x00000000a6b00000| Untracked 
| 107|0x00000000a6b00000, 0x00000000a6c00000, 0x00000000a6c00000|100%| O|  |TAMS 0x00000000a6b00000, 0x00000000a6c00000| Untracked 
| 108|0x00000000a6c00000, 0x00000000a6d00000, 0x00000000a6d00000|100%| O|  |TAMS 0x00000000a6c00000, 0x00000000a6d00000| Untracked 
| 109|0x00000000a6d00000, 0x00000000a6e00000, 0x00000000a6e00000|100%| O|  |TAMS 0x00000000a6d00000, 0x00000000a6e00000| Untracked 
| 110|0x00000000a6e00000, 0x00000000a6f00000, 0x00000000a6f00000|100%| O|  |TAMS 0x00000000a6e00000, 0x00000000a6f00000| Untracked 
| 111|0x00000000a6f00000, 0x00000000a7000000, 0x00000000a7000000|100%| O|  |TAMS 0x00000000a6f00000, 0x00000000a7000000| Untracked 
| 112|0x00000000a7000000, 0x00000000a7100000, 0x00000000a7100000|100%| O|  |TAMS 0x00000000a7000000, 0x00000000a7100000| Untracked 
| 113|0x00000000a7100000, 0x00000000a7200000, 0x00000000a7200000|100%| O|  |TAMS 0x00000000a7100000, 0x00000000a7200000| Untracked 
| 114|0x00000000a7200000, 0x00000000a7200000, 0x00000000a7300000|  0%| F|  |TAMS 0x00000000a7200000, 0x00000000a7200000| Untracked 
| 115|0x00000000a7300000, 0x00000000a7300000, 0x00000000a7400000|  0%| F|  |TAMS 0x00000000a7300000, 0x00000000a7300000| Untracked 
| 116|0x00000000a7400000, 0x00000000a7400000, 0x00000000a7500000|  0%| F|  |TAMS 0x00000000a7400000, 0x00000000a7400000| Untracked 
| 117|0x00000000a7500000, 0x00000000a7500000, 0x00000000a7600000|  0%| F|  |TAMS 0x00000000a7500000, 0x00000000a7500000| Untracked 
| 118|0x00000000a7600000, 0x00000000a7600000, 0x00000000a7700000|  0%| F|  |TAMS 0x00000000a7600000, 0x00000000a7600000| Untracked 
| 119|0x00000000a7700000, 0x00000000a7700000, 0x00000000a7800000|  0%| F|  |TAMS 0x00000000a7700000, 0x00000000a7700000| Untracked 
| 120|0x00000000a7800000, 0x00000000a7800000, 0x00000000a7900000|  0%| F|  |TAMS 0x00000000a7800000, 0x00000000a7800000| Untracked 
| 121|0x00000000a7900000, 0x00000000a7900000, 0x00000000a7a00000|  0%| F|  |TAMS 0x00000000a7900000, 0x00000000a7900000| Untracked 
| 122|0x00000000a7a00000, 0x00000000a7a00000, 0x00000000a7b00000|  0%| F|  |TAMS 0x00000000a7a00000, 0x00000000a7a00000| Untracked 
| 123|0x00000000a7b00000, 0x00000000a7b00000, 0x00000000a7c00000|  0%| F|  |TAMS 0x00000000a7b00000, 0x00000000a7b00000| Untracked 
| 124|0x00000000a7c00000, 0x00000000a7d00000, 0x00000000a7d00000|100%| O|  |TAMS 0x00000000a7c00000, 0x00000000a7d00000| Untracked 
| 125|0x00000000a7d00000, 0x00000000a7e00000, 0x00000000a7e00000|100%| O|  |TAMS 0x00000000a7d00000, 0x00000000a7e00000| Untracked 
| 126|0x00000000a7e00000, 0x00000000a7f00000, 0x00000000a7f00000|100%| O|  |TAMS 0x00000000a7e00000, 0x00000000a7f00000| Untracked 
| 127|0x00000000a7f00000, 0x00000000a8000000, 0x00000000a8000000|100%| O|  |TAMS 0x00000000a7f00000, 0x00000000a8000000| Untracked 
| 128|0x00000000a8000000, 0x00000000a8100000, 0x00000000a8100000|100%| O|  |TAMS 0x00000000a8000000, 0x00000000a8100000| Untracked 
| 129|0x00000000a8100000, 0x00000000a8200000, 0x00000000a8200000|100%| O|  |TAMS 0x00000000a8100000, 0x00000000a8200000| Untracked 
| 130|0x00000000a8200000, 0x00000000a8300000, 0x00000000a8300000|100%| O|  |TAMS 0x00000000a8200000, 0x00000000a8300000| Untracked 
| 131|0x00000000a8300000, 0x00000000a8400000, 0x00000000a8400000|100%| O|  |TAMS 0x00000000a8300000, 0x00000000a8400000| Untracked 
| 132|0x00000000a8400000, 0x00000000a8400000, 0x00000000a8500000|  0%| F|  |TAMS 0x00000000a8400000, 0x00000000a8400000| Untracked 
| 133|0x00000000a8500000, 0x00000000a8500000, 0x00000000a8600000|  0%| F|  |TAMS 0x00000000a8500000, 0x00000000a8500000| Untracked 
| 134|0x00000000a8600000, 0x00000000a8600000, 0x00000000a8700000|  0%| F|  |TAMS 0x00000000a8600000, 0x00000000a8600000| Untracked 
| 135|0x00000000a8700000, 0x00000000a8700000, 0x00000000a8800000|  0%| F|  |TAMS 0x00000000a8700000, 0x00000000a8700000| Untracked 
| 136|0x00000000a8800000, 0x00000000a8800000, 0x00000000a8900000|  0%| F|  |TAMS 0x00000000a8800000, 0x00000000a8800000| Untracked 
| 137|0x00000000a8900000, 0x00000000a8900000, 0x00000000a8a00000|  0%| F|  |TAMS 0x00000000a8900000, 0x00000000a8900000| Untracked 
| 138|0x00000000a8a00000, 0x00000000a8a00000, 0x00000000a8b00000|  0%| F|  |TAMS 0x00000000a8a00000, 0x00000000a8a00000| Untracked 
| 139|0x00000000a8b00000, 0x00000000a8b00000, 0x00000000a8c00000|  0%| F|  |TAMS 0x00000000a8b00000, 0x00000000a8b00000| Untracked 
| 140|0x00000000a8c00000, 0x00000000a8c00000, 0x00000000a8d00000|  0%| F|  |TAMS 0x00000000a8c00000, 0x00000000a8c00000| Untracked 
| 141|0x00000000a8d00000, 0x00000000a8d00000, 0x00000000a8e00000|  0%| F|  |TAMS 0x00000000a8d00000, 0x00000000a8d00000| Untracked 
| 142|0x00000000a8e00000, 0x00000000a8e00000, 0x00000000a8f00000|  0%| F|  |TAMS 0x00000000a8e00000, 0x00000000a8e00000| Untracked 
| 143|0x00000000a8f00000, 0x00000000a8f00000, 0x00000000a9000000|  0%| F|  |TAMS 0x00000000a8f00000, 0x00000000a8f00000| Untracked 
| 144|0x00000000a9000000, 0x00000000a9000000, 0x00000000a9100000|  0%| F|  |TAMS 0x00000000a9000000, 0x00000000a9000000| Untracked 
| 145|0x00000000a9100000, 0x00000000a9100000, 0x00000000a9200000|  0%| F|  |TAMS 0x00000000a9100000, 0x00000000a9100000| Untracked 
| 146|0x00000000a9200000, 0x00000000a9200000, 0x00000000a9300000|  0%| F|  |TAMS 0x00000000a9200000, 0x00000000a9200000| Untracked 
| 147|0x00000000a9300000, 0x00000000a9300000, 0x00000000a9400000|  0%| F|  |TAMS 0x00000000a9300000, 0x00000000a9300000| Untracked 
| 148|0x00000000a9400000, 0x00000000a9400000, 0x00000000a9500000|  0%| F|  |TAMS 0x00000000a9400000, 0x00000000a9400000| Untracked 
| 149|0x00000000a9500000, 0x00000000a9500000, 0x00000000a9600000|  0%| F|  |TAMS 0x00000000a9500000, 0x00000000a9500000| Untracked 
| 150|0x00000000a9600000, 0x00000000a9600000, 0x00000000a9700000|  0%| F|  |TAMS 0x00000000a9600000, 0x00000000a9600000| Untracked 
| 151|0x00000000a9700000, 0x00000000a9700000, 0x00000000a9800000|  0%| F|  |TAMS 0x00000000a9700000, 0x00000000a9700000| Untracked 
| 152|0x00000000a9800000, 0x00000000a9800000, 0x00000000a9900000|  0%| F|  |TAMS 0x00000000a9800000, 0x00000000a9800000| Untracked 
| 153|0x00000000a9900000, 0x00000000a9a00000, 0x00000000a9a00000|100%| S|CS|TAMS 0x00000000a9900000, 0x00000000a9900000| Complete 
| 154|0x00000000a9a00000, 0x00000000a9b00000, 0x00000000a9b00000|100%| S|CS|TAMS 0x00000000a9a00000, 0x00000000a9a00000| Complete 
| 155|0x00000000a9b00000, 0x00000000a9c00000, 0x00000000a9c00000|100%| S|CS|TAMS 0x00000000a9b00000, 0x00000000a9b00000| Complete 
| 156|0x00000000a9c00000, 0x00000000a9d00000, 0x00000000a9d00000|100%| S|CS|TAMS 0x00000000a9c00000, 0x00000000a9c00000| Complete 
| 157|0x00000000a9d00000, 0x00000000a9e00000, 0x00000000a9e00000|100%| S|CS|TAMS 0x00000000a9d00000, 0x00000000a9d00000| Complete 
| 158|0x00000000a9e00000, 0x00000000a9f00000, 0x00000000a9f00000|100%| S|CS|TAMS 0x00000000a9e00000, 0x00000000a9e00000| Complete 
| 159|0x00000000a9f00000, 0x00000000a9f00000, 0x00000000aa000000|  0%| F|  |TAMS 0x00000000a9f00000, 0x00000000a9f00000| Untracked 
| 160|0x00000000aa000000, 0x00000000aa000000, 0x00000000aa100000|  0%| F|  |TAMS 0x00000000aa000000, 0x00000000aa000000| Untracked 
| 161|0x00000000aa100000, 0x00000000aa100000, 0x00000000aa200000|  0%| F|  |TAMS 0x00000000aa100000, 0x00000000aa100000| Untracked 
| 162|0x00000000aa200000, 0x00000000aa200000, 0x00000000aa300000|  0%| F|  |TAMS 0x00000000aa200000, 0x00000000aa200000| Untracked 
| 163|0x00000000aa300000, 0x00000000aa300000, 0x00000000aa400000|  0%| F|  |TAMS 0x00000000aa300000, 0x00000000aa300000| Untracked 
| 164|0x00000000aa400000, 0x00000000aa400000, 0x00000000aa500000|  0%| F|  |TAMS 0x00000000aa400000, 0x00000000aa400000| Untracked 
| 165|0x00000000aa500000, 0x00000000aa500000, 0x00000000aa600000|  0%| F|  |TAMS 0x00000000aa500000, 0x00000000aa500000| Untracked 
| 166|0x00000000aa600000, 0x00000000aa600000, 0x00000000aa700000|  0%| F|  |TAMS 0x00000000aa600000, 0x00000000aa600000| Untracked 
| 167|0x00000000aa700000, 0x00000000aa700000, 0x00000000aa800000|  0%| F|  |TAMS 0x00000000aa700000, 0x00000000aa700000| Untracked 
| 168|0x00000000aa800000, 0x00000000aa800000, 0x00000000aa900000|  0%| F|  |TAMS 0x00000000aa800000, 0x00000000aa800000| Untracked 
| 169|0x00000000aa900000, 0x00000000aa900000, 0x00000000aaa00000|  0%| F|  |TAMS 0x00000000aa900000, 0x00000000aa900000| Untracked 
| 170|0x00000000aaa00000, 0x00000000aaa00000, 0x00000000aab00000|  0%| F|  |TAMS 0x00000000aaa00000, 0x00000000aaa00000| Untracked 
| 171|0x00000000aab00000, 0x00000000aab00000, 0x00000000aac00000|  0%| F|  |TAMS 0x00000000aab00000, 0x00000000aab00000| Untracked 
| 172|0x00000000aac00000, 0x00000000aac00000, 0x00000000aad00000|  0%| F|  |TAMS 0x00000000aac00000, 0x00000000aac00000| Untracked 
| 173|0x00000000aad00000, 0x00000000aad00000, 0x00000000aae00000|  0%| F|  |TAMS 0x00000000aad00000, 0x00000000aad00000| Untracked 
| 174|0x00000000aae00000, 0x00000000aae00000, 0x00000000aaf00000|  0%| F|  |TAMS 0x00000000aae00000, 0x00000000aae00000| Untracked 
| 175|0x00000000aaf00000, 0x00000000aaf00000, 0x00000000ab000000|  0%| F|  |TAMS 0x00000000aaf00000, 0x00000000aaf00000| Untracked 
| 176|0x00000000ab000000, 0x00000000ab000000, 0x00000000ab100000|  0%| F|  |TAMS 0x00000000ab000000, 0x00000000ab000000| Untracked 
| 177|0x00000000ab100000, 0x00000000ab100000, 0x00000000ab200000|  0%| F|  |TAMS 0x00000000ab100000, 0x00000000ab100000| Untracked 
| 178|0x00000000ab200000, 0x00000000ab200000, 0x00000000ab300000|  0%| F|  |TAMS 0x00000000ab200000, 0x00000000ab200000| Untracked 
| 179|0x00000000ab300000, 0x00000000ab300000, 0x00000000ab400000|  0%| F|  |TAMS 0x00000000ab300000, 0x00000000ab300000| Untracked 
| 180|0x00000000ab400000, 0x00000000ab400000, 0x00000000ab500000|  0%| F|  |TAMS 0x00000000ab400000, 0x00000000ab400000| Untracked 
| 181|0x00000000ab500000, 0x00000000ab500000, 0x00000000ab600000|  0%| F|  |TAMS 0x00000000ab500000, 0x00000000ab500000| Untracked 
| 182|0x00000000ab600000, 0x00000000ab600000, 0x00000000ab700000|  0%| F|  |TAMS 0x00000000ab600000, 0x00000000ab600000| Untracked 
| 183|0x00000000ab700000, 0x00000000ab700000, 0x00000000ab800000|  0%| F|  |TAMS 0x00000000ab700000, 0x00000000ab700000| Untracked 
| 184|0x00000000ab800000, 0x00000000ab800000, 0x00000000ab900000|  0%| F|  |TAMS 0x00000000ab800000, 0x00000000ab800000| Untracked 
| 185|0x00000000ab900000, 0x00000000ab900000, 0x00000000aba00000|  0%| F|  |TAMS 0x00000000ab900000, 0x00000000ab900000| Untracked 
| 186|0x00000000aba00000, 0x00000000aba00000, 0x00000000abb00000|  0%| F|  |TAMS 0x00000000aba00000, 0x00000000aba00000| Untracked 
| 187|0x00000000abb00000, 0x00000000abb00000, 0x00000000abc00000|  0%| F|  |TAMS 0x00000000abb00000, 0x00000000abb00000| Untracked 
| 188|0x00000000abc00000, 0x00000000abc00000, 0x00000000abd00000|  0%| F|  |TAMS 0x00000000abc00000, 0x00000000abc00000| Untracked 
| 189|0x00000000abd00000, 0x00000000abd00000, 0x00000000abe00000|  0%| F|  |TAMS 0x00000000abd00000, 0x00000000abd00000| Untracked 
| 190|0x00000000abe00000, 0x00000000abe00000, 0x00000000abf00000|  0%| F|  |TAMS 0x00000000abe00000, 0x00000000abe00000| Untracked 
| 191|0x00000000abf00000, 0x00000000abf00000, 0x00000000ac000000|  0%| F|  |TAMS 0x00000000abf00000, 0x00000000abf00000| Untracked 
| 192|0x00000000ac000000, 0x00000000ac000000, 0x00000000ac100000|  0%| F|  |TAMS 0x00000000ac000000, 0x00000000ac000000| Untracked 
| 193|0x00000000ac100000, 0x00000000ac100000, 0x00000000ac200000|  0%| F|  |TAMS 0x00000000ac100000, 0x00000000ac100000| Untracked 
| 194|0x00000000ac200000, 0x00000000ac2fbb18, 0x00000000ac300000| 98%| E|  |TAMS 0x00000000ac200000, 0x00000000ac200000| Complete 
| 195|0x00000000ac300000, 0x00000000ac400000, 0x00000000ac400000|100%| E|CS|TAMS 0x00000000ac300000, 0x00000000ac300000| Complete 
| 196|0x00000000ac400000, 0x00000000ac500000, 0x00000000ac500000|100%| E|CS|TAMS 0x00000000ac400000, 0x00000000ac400000| Complete 
| 197|0x00000000ac500000, 0x00000000ac600000, 0x00000000ac600000|100%| E|CS|TAMS 0x00000000ac500000, 0x00000000ac500000| Complete 
| 198|0x00000000ac600000, 0x00000000ac700000, 0x00000000ac700000|100%| E|CS|TAMS 0x00000000ac600000, 0x00000000ac600000| Complete 
| 199|0x00000000ac700000, 0x00000000ac800000, 0x00000000ac800000|100%| E|CS|TAMS 0x00000000ac700000, 0x00000000ac700000| Complete 
| 200|0x00000000ac800000, 0x00000000ac900000, 0x00000000ac900000|100%| E|CS|TAMS 0x00000000ac800000, 0x00000000ac800000| Complete 
| 201|0x00000000ac900000, 0x00000000aca00000, 0x00000000aca00000|100%| E|CS|TAMS 0x00000000ac900000, 0x00000000ac900000| Complete 
| 202|0x00000000aca00000, 0x00000000acb00000, 0x00000000acb00000|100%| E|CS|TAMS 0x00000000aca00000, 0x00000000aca00000| Complete 
| 203|0x00000000acb00000, 0x00000000acc00000, 0x00000000acc00000|100%| E|CS|TAMS 0x00000000acb00000, 0x00000000acb00000| Complete 

Card table byte_map: [0x0000026073ef0000,0x00000260741f0000] _byte_map_base: 0x00000260739f0000

Marking Bits (Prev, Next): (CMBitMap*) 0x000002606c374d90, (CMBitMap*) 0x000002606c374d50
 Prev Bits: [0x0000026075cf0000, 0x00000260774f0000)
 Next Bits: [0x00000260744f0000, 0x0000026075cf0000)

Polling page: 0x000002606a340000

Metaspace:

Usage:
  Non-class:     82.07 MB used.
      Class:     12.52 MB used.
       Both:     94.59 MB used.

Virtual space:
  Non-class space:      128.00 MB reserved,      82.44 MB ( 64%) committed,  2 nodes.
      Class space:        1.00 GB reserved,      12.88 MB (  1%) committed,  1 nodes.
             Both:        1.12 GB reserved,      95.31 MB (  8%) committed. 

Chunk freelists:
   Non-Class:  13.19 MB
       Class:  3.11 MB
        Both:  16.30 MB

MaxMetaspaceSize: unlimited
CompressedClassSpaceSize: 1.00 GB
Initial GC threshold: 21.00 MB
Current GC threshold: 149.62 MB
CDS: on
MetaspaceReclaimPolicy: balanced
 - commit_granule_bytes: 65536.
 - commit_granule_words: 8192.
 - virtual_space_node_default_size: 8388608.
 - enlarge_chunks_in_place: 1.
 - new_chunks_are_fully_committed: 0.
 - uncommit_free_chunks: 1.
 - use_allocation_guard: 0.
 - handle_deallocations: 1.


Internal statistics:

num_allocs_failed_limit: 24.
num_arena_births: 936.
num_arena_deaths: 6.
num_vsnodes_births: 3.
num_vsnodes_deaths: 0.
num_space_committed: 1524.
num_space_uncommitted: 0.
num_chunks_returned_to_freelist: 30.
num_chunks_taken_from_freelist: 4592.
num_chunk_merges: 10.
num_chunk_splits: 3054.
num_chunks_enlarged: 2065.
num_inconsistent_stats: 0.

CodeHeap 'non-profiled nmethods': size=120000Kb used=5824Kb max_used=5824Kb free=114175Kb
 bounds [0x0000026007ad0000, 0x0000026008090000, 0x000002600f000000]
CodeHeap 'profiled nmethods': size=120000Kb used=24179Kb max_used=24179Kb free=95820Kb
 bounds [0x0000026000000000, 0x00000260017a0000, 0x0000026007530000]
CodeHeap 'non-nmethods': size=5760Kb used=2523Kb max_used=2590Kb free=3236Kb
 bounds [0x0000026007530000, 0x00000260077c0000, 0x0000026007ad0000]
 total_blobs=13523 nmethods=12438 adapters=995
 compilation: enabled
              stopped_count=0, restarted_count=0
 full_count=0

Compilation events (20 events):
Event: 66.767 Thread 0x0000026079961860 nmethod 14247 0x000002600176de10 code [0x000002600176e040, 0x000002600176e948]
Event: 66.767 Thread 0x0000026079961860 14248       3       com.google.protobuf.CodedOutputStream::computeMessageSize (10 bytes)
Event: 66.768 Thread 0x0000026079961860 nmethod 14248 0x000002600176ec10 code [0x000002600176ede0, 0x000002600176f188]
Event: 66.768 Thread 0x0000026079961860 14249       2       com.google.protobuf.CodedOutputStream::computeUInt32Size (10 bytes)
Event: 66.768 Thread 0x0000026079961860 nmethod 14249 0x000002600176f310 code [0x000002600176f4c0, 0x000002600176f5f8]
Event: 66.768 Thread 0x0000026079961860 14250       2       com.google.protobuf.CodedOutputStream$OutputStreamEncoder::write (157 bytes)
Event: 66.769 Thread 0x0000026079961860 nmethod 14250 0x000002600176f710 code [0x000002600176f900, 0x000002600176fd88]
Event: 66.769 Thread 0x0000026079961860 14251       2       com.android.aapt.Resources$Entry::getSerializedSize (185 bytes)
Event: 66.772 Thread 0x0000026079961860 nmethod 14251 0x000002600176ff10 code [0x0000026001770260, 0x0000026001770ee8]
Event: 66.772 Thread 0x0000026079961860 14260       3       com.google.protobuf.CodedOutputStream$OutputStreamEncoder::writeMessage (12 bytes)
Event: 66.773 Thread 0x0000026079961860 nmethod 14260 0x0000026001771690 code [0x00000260017718c0, 0x00000260017721d8]
Event: 66.773 Thread 0x0000026079961860 14257       3       com.google.protobuf.UnknownFieldSet::writeTo (67 bytes)
Event: 66.774 Thread 0x0000026079961860 nmethod 14257 0x0000026001772590 code [0x00000260017727c0, 0x00000260017730a8]
Event: 66.774 Thread 0x0000026079961860 14252       2       com.android.aapt.Resources$Visibility::getSerializedSize (112 bytes)
Event: 66.776 Thread 0x0000026079961860 nmethod 14252 0x0000026001773310 code [0x0000026001773580, 0x0000026001773dc8]
Event: 66.776 Thread 0x0000026079961860 14253       2       com.android.aapt.Resources$SourcePosition::getSerializedSize (67 bytes)
Event: 66.776 Thread 0x0000026079961860 nmethod 14253 0x0000026001774310 code [0x00000260017744e0, 0x0000026001774748]
Event: 66.777 Thread 0x0000026079961860 14254       2       com.android.aapt.ConfigurationOuterClass$Configuration::getSerializedSize (591 bytes)
Event: 66.783 Thread 0x0000026079961860 nmethod 14254 0x0000026001774910 code [0x0000026001774e00, 0x0000026001776668]
Event: 66.783 Thread 0x0000026079961860 14255       2       com.android.aapt.Resources$Value::getSerializedSize (132 bytes)

GC Heap History (20 events):
Event: 33.858 GC heap before
{Heap before GC invocations=30 (full 0):
 garbage-first heap   total 104448K, used 62558K [0x00000000a0000000, 0x0000000100000000)
  region size 1024K, 5 young (5120K), 1 survivors (1024K)
 Metaspace       used 55038K, committed 55552K, reserved 1114112K
  class space    used 7325K, committed 7552K, reserved 1048576K
}
Event: 33.880 GC heap after
{Heap after GC invocations=31 (full 0):
 garbage-first heap   total 208896K, used 58215K [0x00000000a0000000, 0x0000000100000000)
  region size 1024K, 1 young (1024K), 1 survivors (1024K)
 Metaspace       used 55038K, committed 55552K, reserved 1114112K
  class space    used 7325K, committed 7552K, reserved 1048576K
}
Event: 37.544 GC heap before
{Heap before GC invocations=31 (full 0):
 garbage-first heap   total 208896K, used 142183K [0x00000000a0000000, 0x0000000100000000)
  region size 1024K, 77 young (78848K), 1 survivors (1024K)
 Metaspace       used 61911K, committed 62464K, reserved 1114112K
  class space    used 8239K, committed 8512K, reserved 1048576K
}
Event: 37.582 GC heap after
{Heap after GC invocations=32 (full 0):
 garbage-first heap   total 208896K, used 64435K [0x00000000a0000000, 0x0000000100000000)
  region size 1024K, 7 young (7168K), 7 survivors (7168K)
 Metaspace       used 61911K, committed 62464K, reserved 1114112K
  class space    used 8239K, committed 8512K, reserved 1048576K
}
Event: 41.000 GC heap before
{Heap before GC invocations=32 (full 0):
 garbage-first heap   total 208896K, used 152499K [0x00000000a0000000, 0x0000000100000000)
  region size 1024K, 93 young (95232K), 7 survivors (7168K)
 Metaspace       used 68627K, committed 69248K, reserved 1114112K
  class space    used 9249K, committed 9536K, reserved 1048576K
}
Event: 41.057 GC heap after
{Heap after GC invocations=33 (full 0):
 garbage-first heap   total 208896K, used 70038K [0x00000000a0000000, 0x0000000100000000)
  region size 1024K, 6 young (6144K), 6 survivors (6144K)
 Metaspace       used 68627K, committed 69248K, reserved 1114112K
  class space    used 9249K, committed 9536K, reserved 1048576K
}
Event: 45.125 GC heap before
{Heap before GC invocations=33 (full 0):
 garbage-first heap   total 208896K, used 159126K [0x00000000a0000000, 0x0000000100000000)
  region size 1024K, 93 young (95232K), 6 survivors (6144K)
 Metaspace       used 77201K, committed 77824K, reserved 1179648K
  class space    used 10567K, committed 10816K, reserved 1048576K
}
Event: 45.153 GC heap after
{Heap after GC invocations=34 (full 0):
 garbage-first heap   total 208896K, used 76189K [0x00000000a0000000, 0x0000000100000000)
  region size 1024K, 12 young (12288K), 12 survivors (12288K)
 Metaspace       used 77201K, committed 77824K, reserved 1179648K
  class space    used 10567K, committed 10816K, reserved 1048576K
}
Event: 48.356 GC heap before
{Heap before GC invocations=34 (full 0):
 garbage-first heap   total 208896K, used 161181K [0x00000000a0000000, 0x0000000100000000)
  region size 1024K, 96 young (98304K), 12 survivors (12288K)
 Metaspace       used 83078K, committed 83712K, reserved 1179648K
  class space    used 11448K, committed 11776K, reserved 1048576K
}
Event: 48.456 GC heap after
{Heap after GC invocations=35 (full 0):
 garbage-first heap   total 208896K, used 84291K [0x00000000a0000000, 0x0000000100000000)
  region size 1024K, 9 young (9216K), 9 survivors (9216K)
 Metaspace       used 83078K, committed 83712K, reserved 1179648K
  class space    used 11448K, committed 11776K, reserved 1048576K
}
Event: 55.684 GC heap before
{Heap before GC invocations=35 (full 0):
 garbage-first heap   total 208896K, used 163139K [0x00000000a0000000, 0x0000000100000000)
  region size 1024K, 87 young (89088K), 9 survivors (9216K)
 Metaspace       used 87124K, committed 87808K, reserved 1179648K
  class space    used 11855K, committed 12160K, reserved 1048576K
}
Event: 55.787 GC heap after
{Heap after GC invocations=36 (full 0):
 garbage-first heap   total 208896K, used 91550K [0x00000000a0000000, 0x0000000100000000)
  region size 1024K, 8 young (8192K), 8 survivors (8192K)
 Metaspace       used 87124K, committed 87808K, reserved 1179648K
  class space    used 11855K, committed 12160K, reserved 1048576K
}
Event: 59.350 GC heap before
{Heap before GC invocations=36 (full 0):
 garbage-first heap   total 208896K, used 147870K [0x00000000a0000000, 0x0000000100000000)
  region size 1024K, 61 young (62464K), 8 survivors (8192K)
 Metaspace       used 89284K, committed 89920K, reserved 1179648K
  class space    used 12039K, committed 12352K, reserved 1048576K
}
Event: 59.417 GC heap after
{Heap after GC invocations=37 (full 0):
 garbage-first heap   total 208896K, used 109333K [0x00000000a0000000, 0x0000000100000000)
  region size 1024K, 10 young (10240K), 10 survivors (10240K)
 Metaspace       used 89284K, committed 89920K, reserved 1179648K
  class space    used 12039K, committed 12352K, reserved 1048576K
}
Event: 65.192 GC heap before
{Heap before GC invocations=38 (full 0):
 garbage-first heap   total 208896K, used 165653K [0x00000000a0000000, 0x0000000100000000)
  region size 1024K, 60 young (61440K), 10 survivors (10240K)
 Metaspace       used 93424K, committed 94144K, reserved 1179648K
  class space    used 12529K, committed 12864K, reserved 1048576K
}
Event: 65.272 GC heap after
{Heap after GC invocations=39 (full 0):
 garbage-first heap   total 208896K, used 121856K [0x00000000a0000000, 0x0000000100000000)
  region size 1024K, 8 young (8192K), 8 survivors (8192K)
 Metaspace       used 93424K, committed 94144K, reserved 1179648K
  class space    used 12529K, committed 12864K, reserved 1048576K
}
Event: 65.518 GC heap before
{Heap before GC invocations=39 (full 0):
 garbage-first heap   total 208896K, used 136192K [0x00000000a0000000, 0x0000000100000000)
  region size 1024K, 10 young (10240K), 8 survivors (8192K)
 Metaspace       used 93614K, committed 94336K, reserved 1179648K
  class space    used 12542K, committed 12928K, reserved 1048576K
}
Event: 65.553 GC heap after
{Heap after GC invocations=40 (full 0):
 garbage-first heap   total 208896K, used 120211K [0x00000000a0000000, 0x0000000100000000)
  region size 1024K, 2 young (2048K), 2 survivors (2048K)
 Metaspace       used 93614K, committed 94336K, reserved 1179648K
  class space    used 12542K, committed 12928K, reserved 1048576K
}
Event: 66.409 GC heap before
{Heap before GC invocations=40 (full 0):
 garbage-first heap   total 208896K, used 163219K [0x00000000a0000000, 0x0000000100000000)
  region size 1024K, 45 young (46080K), 2 survivors (2048K)
 Metaspace       used 96687K, committed 97408K, reserved 1179648K
  class space    used 12812K, committed 13120K, reserved 1048576K
}
Event: 66.435 GC heap after
{Heap after GC invocations=41 (full 0):
 garbage-first heap   total 208896K, used 126393K [0x00000000a0000000, 0x0000000100000000)
  region size 1024K, 6 young (6144K), 6 survivors (6144K)
 Metaspace       used 96687K, committed 97408K, reserved 1179648K
  class space    used 12812K, committed 13120K, reserved 1048576K
}

Deoptimization events (20 events):
Event: 66.734 Thread 0x0000026050d7a5d0 DEOPT PACKING pc=0x00000260014c795e sp=0x000000dd626fcae0
Event: 66.734 Thread 0x0000026050d7a5d0 DEOPT UNPACKING pc=0x0000026007582b43 sp=0x000000dd626fbfa0 mode 0
Event: 66.735 Thread 0x0000026050d7a5d0 DEOPT PACKING pc=0x00000260014c795e sp=0x000000dd626fcae0
Event: 66.735 Thread 0x0000026050d7a5d0 DEOPT UNPACKING pc=0x0000026007582b43 sp=0x000000dd626fbfa0 mode 0
Event: 66.738 Thread 0x0000026050d7a5d0 DEOPT PACKING pc=0x00000260014c795e sp=0x000000dd626fcae0
Event: 66.738 Thread 0x0000026050d7a5d0 DEOPT UNPACKING pc=0x0000026007582b43 sp=0x000000dd626fbfa0 mode 0
Event: 66.738 Thread 0x0000026050d7a5d0 DEOPT PACKING pc=0x00000260014c795e sp=0x000000dd626fcae0
Event: 66.739 Thread 0x0000026050d7a5d0 DEOPT UNPACKING pc=0x0000026007582b43 sp=0x000000dd626fbfa0 mode 0
Event: 66.740 Thread 0x0000026050d7a5d0 DEOPT PACKING pc=0x00000260014c795e sp=0x000000dd626fcae0
Event: 66.740 Thread 0x0000026050d7a5d0 DEOPT UNPACKING pc=0x0000026007582b43 sp=0x000000dd626fbfa0 mode 0
Event: 66.743 Thread 0x0000026050d7a5d0 DEOPT PACKING pc=0x00000260014c795e sp=0x000000dd626fcae0
Event: 66.744 Thread 0x0000026050d7a5d0 DEOPT UNPACKING pc=0x0000026007582b43 sp=0x000000dd626fbfa0 mode 0
Event: 66.745 Thread 0x0000026050d7a5d0 DEOPT PACKING pc=0x00000260014c795e sp=0x000000dd626fcae0
Event: 66.745 Thread 0x0000026050d7a5d0 DEOPT UNPACKING pc=0x0000026007582b43 sp=0x000000dd626fbfa0 mode 0
Event: 66.746 Thread 0x0000026050d7a5d0 DEOPT PACKING pc=0x00000260014c795e sp=0x000000dd626fcae0
Event: 66.746 Thread 0x0000026050d7a5d0 DEOPT UNPACKING pc=0x0000026007582b43 sp=0x000000dd626fbfa0 mode 0
Event: 66.746 Thread 0x0000026050d7a5d0 DEOPT PACKING pc=0x00000260014c795e sp=0x000000dd626fcae0
Event: 66.746 Thread 0x0000026050d7a5d0 DEOPT UNPACKING pc=0x0000026007582b43 sp=0x000000dd626fbfa0 mode 0
Event: 66.750 Thread 0x0000026050d7a5d0 DEOPT PACKING pc=0x00000260014c795e sp=0x000000dd626fcae0
Event: 66.750 Thread 0x0000026050d7a5d0 DEOPT UNPACKING pc=0x0000026007582b43 sp=0x000000dd626fbfa0 mode 0

Classes unloaded (3 events):
Event: 60.265 Thread 0x000002606c3f0580 Unloading class 0x0000026010b71000 'java/lang/invoke/LambdaForm$DMH+0x0000026010b71000'
Event: 60.266 Thread 0x000002606c3f0580 Unloading class 0x0000026010b70c00 'java/lang/invoke/LambdaForm$DMH+0x0000026010b70c00'
Event: 60.266 Thread 0x000002606c3f0580 Unloading class 0x0000026010b70800 'java/lang/invoke/LambdaForm$DMH+0x0000026010b70800'

Classes redefined (0 events):
No events

Internal exceptions (20 events):
Event: 58.928 Thread 0x0000026050d7bf20 Exception <a 'java/lang/NoSuchMethodError'{0x00000000a9e93150}: static Lcom/android/ide/common/resources/configuration/EnumBasedResourceQualifier;.<clinit>()V> (0x00000000a9e93150) 
thrown [s\open\src\hotspot\share\prims\jni.cpp, line 1112]
Event: 58.928 Thread 0x0000026050d7bf20 Exception <a 'java/lang/NoSuchMethodError'{0x00000000a9e96550}: static Lcom/android/ide/common/resources/configuration/EnumBasedResourceQualifier;.<clinit>()V> (0x00000000a9e96550) 
thrown [s\open\src\hotspot\share\prims\jni.cpp, line 1112]
Event: 58.929 Thread 0x0000026050d7bf20 Exception <a 'java/lang/NoSuchMethodError'{0x00000000a9e99168}: static Lcom/android/ide/common/resources/configuration/ResourceQualifier;.<clinit>()V> (0x00000000a9e99168) 
thrown [s\open\src\hotspot\share\prims\jni.cpp, line 1112]
Event: 58.930 Thread 0x0000026050d7bf20 Exception <a 'java/lang/NoSuchMethodError'{0x00000000a9eb07d0}: static Lcom/android/ide/common/resources/configuration/EnumBasedResourceQualifier;.<clinit>()V> (0x00000000a9eb07d0) 
thrown [s\open\src\hotspot\share\prims\jni.cpp, line 1112]
Event: 58.932 Thread 0x0000026050d7bf20 Exception <a 'java/lang/NoSuchMethodError'{0x00000000a9ec73d0}: static Lcom/android/ide/common/resources/configuration/EnumBasedResourceQualifier;.<clinit>()V> (0x00000000a9ec73d0) 
thrown [s\open\src\hotspot\share\prims\jni.cpp, line 1112]
Event: 58.938 Thread 0x0000026050d7bf20 Exception <a 'java/lang/NoSuchMethodError'{0x00000000a9ee83a8}: static Lcom/android/build/gradle/tasks/MergeResources$MergeResourcesVectorDrawableRenderer;.<clinit>()V> (0x00000000a9ee83a8) 
thrown [s\open\src\hotspot\share\prims\jni.cpp, line 1112]
Event: 58.938 Thread 0x0000026050d7bf20 Exception <a 'java/lang/NoSuchMethodError'{0x00000000a9eeade8}: static Ljava/lang/Object;.<clinit>()V> (0x00000000a9eeade8) 
thrown [s\open\src\hotspot\share\prims\jni.cpp, line 1112]
Event: 58.942 Thread 0x0000026050d7bf20 Exception <a 'java/lang/NoSuchMethodError'{0x00000000a9d098f0}: static Lcom/android/build/gradle/internal/LoggerWrapper$LoggerSupplier;.<clinit>()V> (0x00000000a9d098f0) 
thrown [s\open\src\hotspot\share\prims\jni.cpp, line 1112]
Event: 58.951 Thread 0x0000026050d7c940 Exception <a 'java/lang/NoSuchMethodError'{0x00000000a9d40940}: 'void java.lang.invoke.DirectMethodHandle$Holder.invokeSpecial(java.lang.Object, java.lang.Object, java.lang.Object, int)'> (0x00000000a9d40940) 
thrown [s\open\src\hotspot\share\interpreter\linkResolver.cpp, line 759]
Event: 59.038 Thread 0x0000026050d7bf20 Exception <a 'java/lang/NoSuchMethodError'{0x00000000a9cadb08}: static Lcom/android/ide/common/resources/configuration/ResourceQualifier;.<clinit>()V> (0x00000000a9cadb08) 
thrown [s\open\src\hotspot\share\prims\jni.cpp, line 1112]
Event: 59.304 Thread 0x0000026050d7c940 Exception <a 'java/lang/ClassNotFoundException'{0x00000000a9952870}: sun/awt/resources/spi/awtProvider> (0x00000000a9952870) 
thrown [s\open\src\hotspot\share\classfile\systemDictionary.cpp, line 256]
Event: 59.316 Thread 0x0000026050d7c940 Exception <a 'java/io/FileNotFoundException'{0x00000000a98ccfe8}> (0x00000000a98ccfe8) 
thrown [s\open\src\hotspot\share\prims\jni.cpp, line 516]
Event: 59.317 Thread 0x0000026050d7c940 Exception <a 'java/io/FileNotFoundException'{0x00000000a98ce9e8}> (0x00000000a98ce9e8) 
thrown [s\open\src\hotspot\share\prims\jni.cpp, line 516]
Event: 63.266 Thread 0x0000026050d7bf20 Exception <a 'java/lang/NoSuchMethodError'{0x00000000ab13a7a8}: 'java.lang.Object java.lang.invoke.Invokers$Holder.invoke_MT(java.lang.Object, java.lang.Object, java.lang.Object)'> (0x00000000ab13a7a8) 
thrown [s\open\src\hotspot\share\interpreter\linkResolver.cpp, line 759]
Event: 65.490 Thread 0x0000026050d7bf20 Exception <a 'java/lang/NoSuchMethodError'{0x00000000acaa3ee0}: static Lcom/android/ide/common/resources/CompileResourceRequest;.<clinit>()V> (0x00000000acaa3ee0) 
thrown [s\open\src\hotspot\share\prims\jni.cpp, line 1112]
Event: 65.495 Thread 0x0000026050d7bf20 Exception <a 'java/lang/NoSuchMethodError'{0x00000000acabb418}: static Ljava/lang/Object;.<clinit>()V> (0x00000000acabb418) 
thrown [s\open\src\hotspot\share\prims\jni.cpp, line 1112]
Event: 65.498 Thread 0x0000026050d7bf20 Exception <a 'java/lang/NoSuchMethodError'{0x00000000acacd450}: static Ljava/lang/Object;.<clinit>()V> (0x00000000acacd450) 
thrown [s\open\src\hotspot\share\prims\jni.cpp, line 1112]
Event: 65.500 Thread 0x0000026050d7bf20 Exception <a 'java/lang/NoSuchMethodError'{0x00000000acadf020}: static Ljava/lang/Object;.<clinit>()V> (0x00000000acadf020) 
thrown [s\open\src\hotspot\share\prims\jni.cpp, line 1112]
Event: 65.587 Thread 0x0000026050d7bf20 Exception <a 'java/lang/NoSuchMethodError'{0x00000000acbb5f98}: static Lkotlin/InitializedLazyImpl;.<clinit>()V> (0x00000000acbb5f98) 
thrown [s\open\src\hotspot\share\prims\jni.cpp, line 1112]
Event: 65.645 Thread 0x0000026050d7bf20 Exception <a 'java/lang/NoSuchMethodError'{0x00000000ac66e750}: static [Ljava/lang/Object;.<clinit>()V> (0x00000000ac66e750) 
thrown [s\open\src\hotspot\share\prims\jni.cpp, line 1112]

VM Operations (20 events):
Event: 63.119 Executing VM operation: HandshakeAllThreads
Event: 63.120 Executing VM operation: HandshakeAllThreads done
Event: 63.126 Executing VM operation: HandshakeAllThreads
Event: 63.127 Executing VM operation: HandshakeAllThreads done
Event: 63.149 Executing VM operation: HandshakeAllThreads
Event: 63.150 Executing VM operation: HandshakeAllThreads done
Event: 63.233 Executing VM operation: HandshakeAllThreads
Event: 63.234 Executing VM operation: HandshakeAllThreads done
Event: 63.236 Executing VM operation: HandshakeAllThreads
Event: 63.236 Executing VM operation: HandshakeAllThreads done
Event: 63.240 Executing VM operation: HandshakeAllThreads
Event: 63.240 Executing VM operation: HandshakeAllThreads done
Event: 64.250 Executing VM operation: Cleanup
Event: 64.250 Executing VM operation: Cleanup done
Event: 65.190 Executing VM operation: G1CollectForAllocation
Event: 65.272 Executing VM operation: G1CollectForAllocation done
Event: 65.518 Executing VM operation: G1CollectForAllocation
Event: 65.553 Executing VM operation: G1CollectForAllocation done
Event: 66.408 Executing VM operation: G1CollectForAllocation
Event: 66.439 Executing VM operation: G1CollectForAllocation done

Events (20 events):
Event: 65.867 loading class com/sun/xml/internal/stream/events/AttributeImpl done
Event: 65.867 loading class com/sun/xml/internal/stream/events/NamespaceImpl done
Event: 65.868 loading class com/sun/org/apache/xerces/internal/util/NamespaceSupport$Prefixes
Event: 65.868 loading class com/sun/org/apache/xerces/internal/util/NamespaceSupport$Prefixes done
Event: 65.869 loading class com/sun/xml/internal/stream/events/CharacterEvent
Event: 65.869 loading class javax/xml/stream/events/Characters
Event: 65.869 loading class javax/xml/stream/events/Characters done
Event: 65.869 loading class com/sun/xml/internal/stream/events/CharacterEvent done
Event: 65.877 loading class java/util/Spliterators$2Adapter
Event: 65.877 loading class java/util/PrimitiveIterator$OfInt
Event: 65.878 loading class java/util/PrimitiveIterator
Event: 65.878 loading class java/util/PrimitiveIterator done
Event: 65.878 loading class java/util/PrimitiveIterator$OfInt done
Event: 65.878 loading class java/util/Spliterators$2Adapter done
Event: 65.879 loading class com/sun/xml/internal/stream/events/EndElementEvent
Event: 65.879 loading class javax/xml/stream/events/EndElement
Event: 65.879 loading class javax/xml/stream/events/EndElement done
Event: 65.879 loading class com/sun/xml/internal/stream/events/EndElementEvent done
Event: 65.882 loading class java/lang/StringUTF16$CodePointsSpliterator
Event: 65.882 loading class java/lang/StringUTF16$CodePointsSpliterator done


Dynamic libraries:
0x00007ff712380000 - 0x00007ff712390000 	C:\Program Files\Java\jdk-17\bin\java.exe
0x00007ffa8f690000 - 0x00007ffa8f888000 	C:\WINDOWS\SYSTEM32\ntdll.dll
0x00007ffa8d8b0000 - 0x00007ffa8d971000 	C:\WINDOWS\System32\KERNEL32.DLL
0x00007ffa8d360000 - 0x00007ffa8d65d000 	C:\WINDOWS\System32\KERNELBASE.dll
0x00007ffa8d1b0000 - 0x00007ffa8d2b0000 	C:\WINDOWS\System32\ucrtbase.dll
0x00007ffa83d20000 - 0x00007ffa83d39000 	C:\Program Files\Java\jdk-17\bin\jli.dll
0x00007ffa8ef70000 - 0x00007ffa8f020000 	C:\WINDOWS\System32\ADVAPI32.dll
0x00007ffa8f550000 - 0x00007ffa8f5ee000 	C:\WINDOWS\System32\msvcrt.dll
0x00007ffa8e3c0000 - 0x00007ffa8e460000 	C:\WINDOWS\System32\sechost.dll
0x00007ffa8f420000 - 0x00007ffa8f543000 	C:\WINDOWS\System32\RPCRT4.dll
0x00007ffa8d690000 - 0x00007ffa8d6b7000 	C:\WINDOWS\System32\bcrypt.dll
0x00007ffa83d70000 - 0x00007ffa83d8b000 	C:\Program Files\Java\jdk-17\bin\VCRUNTIME140.dll
0x00007ffa8e220000 - 0x00007ffa8e3bd000 	C:\WINDOWS\System32\USER32.dll
0x00007ffa8d660000 - 0x00007ffa8d682000 	C:\WINDOWS\System32\win32u.dll
0x00007ffa8f380000 - 0x00007ffa8f3ab000 	C:\WINDOWS\System32\GDI32.dll
0x00007ffa8d090000 - 0x00007ffa8d1a7000 	C:\WINDOWS\System32\gdi32full.dll
0x00007ffa8cfa0000 - 0x00007ffa8d03d000 	C:\WINDOWS\System32\msvcp_win.dll
0x00007ffa7c1a0000 - 0x00007ffa7c43a000 	C:\WINDOWS\WinSxS\amd64_microsoft.windows.common-controls_6595b64144ccf1df_6.0.19041.4355_none_60b8b9eb71f62e16\COMCTL32.dll
0x00007ffa83f00000 - 0x00007ffa83f0a000 	C:\WINDOWS\SYSTEM32\VERSION.dll
0x00007ffa8d980000 - 0x00007ffa8d9af000 	C:\WINDOWS\System32\IMM32.DLL
0x00007ffa83bf0000 - 0x00007ffa83bfc000 	C:\Program Files\Java\jdk-17\bin\vcruntime140_1.dll
0x00007ffa6ac60000 - 0x00007ffa6acee000 	C:\Program Files\Java\jdk-17\bin\msvcp140.dll
0x00007ffa3b500000 - 0x00007ffa3c0e0000 	C:\Program Files\Java\jdk-17\bin\server\jvm.dll
0x00007ffa8e6c0000 - 0x00007ffa8e6c8000 	C:\WINDOWS\System32\PSAPI.DLL
0x00007ffa7ff90000 - 0x00007ffa7ffb7000 	C:\WINDOWS\SYSTEM32\WINMM.dll
0x00007ffa8b440000 - 0x00007ffa8b449000 	C:\WINDOWS\SYSTEM32\WSOCK32.dll
0x00007ffa8f3b0000 - 0x00007ffa8f41b000 	C:\WINDOWS\System32\WS2_32.dll
0x00007ffa8b5b0000 - 0x00007ffa8b5c2000 	C:\WINDOWS\SYSTEM32\kernel.appcore.dll
0x00007ffa83bb0000 - 0x00007ffa83bba000 	C:\Program Files\Java\jdk-17\bin\jimage.dll
0x00007ffa8aa70000 - 0x00007ffa8ac54000 	C:\WINDOWS\SYSTEM32\DBGHELP.DLL
0x00007ffa84990000 - 0x00007ffa849c4000 	C:\WINDOWS\SYSTEM32\dbgcore.DLL
0x00007ffa8cd40000 - 0x00007ffa8cdc2000 	C:\WINDOWS\System32\bcryptPrimitives.dll
0x00007ffa81a20000 - 0x00007ffa81a45000 	C:\Program Files\Java\jdk-17\bin\java.dll
0x00007ffa5aaf0000 - 0x00007ffa5abc7000 	C:\Program Files\Java\jdk-17\bin\jsvml.dll
0x00007ffa8dab0000 - 0x00007ffa8e21f000 	C:\WINDOWS\System32\SHELL32.dll
0x00007ffa8ac60000 - 0x00007ffa8b403000 	C:\WINDOWS\SYSTEM32\windows.storage.dll
0x00007ffa8f020000 - 0x00007ffa8f373000 	C:\WINDOWS\System32\combase.dll
0x00007ffa8c770000 - 0x00007ffa8c79e000 	C:\WINDOWS\SYSTEM32\Wldp.dll
0x00007ffa8eea0000 - 0x00007ffa8ef6d000 	C:\WINDOWS\System32\OLEAUT32.dll
0x00007ffa8d7a0000 - 0x00007ffa8d84d000 	C:\WINDOWS\System32\SHCORE.dll
0x00007ffa8da50000 - 0x00007ffa8daa5000 	C:\WINDOWS\System32\shlwapi.dll
0x00007ffa8cc70000 - 0x00007ffa8cc94000 	C:\WINDOWS\SYSTEM32\profapi.dll
0x00007ffa83920000 - 0x00007ffa83939000 	C:\Program Files\Java\jdk-17\bin\net.dll
0x00007ffa83df0000 - 0x00007ffa83efd000 	C:\WINDOWS\SYSTEM32\WINHTTP.dll
0x00007ffa8c4d0000 - 0x00007ffa8c53a000 	C:\WINDOWS\system32\mswsock.dll
0x00007ffa82e70000 - 0x00007ffa82e86000 	C:\Program Files\Java\jdk-17\bin\nio.dll
0x00007ffa83b60000 - 0x00007ffa83b78000 	C:\Program Files\Java\jdk-17\bin\zip.dll
0x00007ffa83970000 - 0x00007ffa83980000 	C:\Program Files\Java\jdk-17\bin\verify.dll
0x00007ffa7e9b0000 - 0x00007ffa7e9d7000 	C:\Users\Violin\.gradle\native\68d5fa5c4cc2d200863cafc0d521ce42e7d3e7ee720ec0a83991735586a16f82\windows-amd64\native-platform.dll
0x00007ffa57c80000 - 0x00007ffa57dc4000 	C:\Users\Violin\.gradle\native\e376f236ea51e6404a007f0833ffe2c6e607c4080706a723a18a27aeea778392\windows-amd64\native-platform-file-events.dll
0x00007ffa819e0000 - 0x00007ffa819ea000 	C:\Program Files\Java\jdk-17\bin\management.dll
0x00007ffa819b0000 - 0x00007ffa819bb000 	C:\Program Files\Java\jdk-17\bin\management_ext.dll
0x00007ffa8c6c0000 - 0x00007ffa8c6d8000 	C:\WINDOWS\SYSTEM32\CRYPTSP.dll
0x00007ffa8bd80000 - 0x00007ffa8bdb4000 	C:\WINDOWS\system32\rsaenh.dll
0x00007ffa8cbf0000 - 0x00007ffa8cc1e000 	C:\WINDOWS\SYSTEM32\USERENV.dll
0x00007ffa8c6e0000 - 0x00007ffa8c6ec000 	C:\WINDOWS\SYSTEM32\CRYPTBASE.dll
0x00007ffa8c160000 - 0x00007ffa8c19b000 	C:\WINDOWS\SYSTEM32\IPHLPAPI.DLL
0x00007ffa8ed60000 - 0x00007ffa8ed68000 	C:\WINDOWS\System32\NSI.dll
0x00007ffa84b50000 - 0x00007ffa84b67000 	C:\WINDOWS\SYSTEM32\dhcpcsvc6.DLL
0x00007ffa84bc0000 - 0x00007ffa84bdd000 	C:\WINDOWS\SYSTEM32\dhcpcsvc.DLL
0x00007ffa8c1a0000 - 0x00007ffa8c26a000 	C:\WINDOWS\SYSTEM32\DNSAPI.dll
0x00007ffa81870000 - 0x00007ffa8187e000 	C:\Program Files\Java\jdk-17\bin\sunmscapi.dll
0x00007ffa8cdd0000 - 0x00007ffa8cf2c000 	C:\WINDOWS\System32\CRYPT32.dll
0x00007ffa8c7e0000 - 0x00007ffa8c809000 	C:\WINDOWS\SYSTEM32\ncrypt.dll
0x00007ffa8c7a0000 - 0x00007ffa8c7db000 	C:\WINDOWS\SYSTEM32\NTASN1.dll
0x00007ffa86c90000 - 0x00007ffa86c97000 	C:\WINDOWS\system32\wshunix.dll
0x00007ffa82630000 - 0x00007ffa8263a000 	C:\Windows\System32\rasadhlp.dll
0x00007ffa826d0000 - 0x00007ffa82750000 	C:\WINDOWS\System32\fwpuclnt.dll
0x00007ffa508a0000 - 0x00007ffa50a31000 	C:\Program Files\Java\jdk-17\bin\awt.dll
0x00007ffa88ab0000 - 0x00007ffa88b44000 	C:\WINDOWS\SYSTEM32\apphelp.dll
0x00007ffa8a5f0000 - 0x00007ffa8a61f000 	C:\WINDOWS\system32\DWMAPI.DLL
0x00007ffa89af0000 - 0x00007ffa89b8e000 	C:\WINDOWS\system32\uxtheme.dll

dbghelp: loaded successfully - version: 4.0.5 - missing functions: none
symbol engine: initialized successfully - sym options: 0x614 - pdb path: .;C:\Program Files\Java\jdk-17\bin;C:\WINDOWS\SYSTEM32;C:\WINDOWS\WinSxS\amd64_microsoft.windows.common-controls_6595b64144ccf1df_6.0.19041.4355_none_60b8b9eb71f62e16;C:\Program Files\Java\jdk-17\bin\server;C:\Users\Violin\.gradle\native\68d5fa5c4cc2d200863cafc0d521ce42e7d3e7ee720ec0a83991735586a16f82\windows-amd64;C:\Users\Violin\.gradle\native\e376f236ea51e6404a007f0833ffe2c6e607c4080706a723a18a27aeea778392\windows-amd64

VM Arguments:
jvm_args: --add-opens=java.base/java.util=ALL-UNNAMED --add-opens=java.base/java.lang=ALL-UNNAMED --add-opens=java.base/java.lang.invoke=ALL-UNNAMED --add-opens=java.prefs/java.util.prefs=ALL-UNNAMED --add-opens=java.base/java.nio.charset=ALL-UNNAMED --add-opens=java.base/java.net=ALL-UNNAMED --add-opens=java.base/java.util.concurrent.atomic=ALL-UNNAMED -Xmx1536m -Dfile.encoding=UTF-8 -Duser.country=KR -Duser.language=ko -Duser.variant 
java_command: org.gradle.launcher.daemon.bootstrap.GradleDaemon 8.0
java_class_path (initial): C:\Users\Violin\.gradle\wrapper\dists\gradle-8.0-bin\ca5e32bp14vu59qr306oxotwh\gradle-8.0\lib\gradle-launcher-8.0.jar
Launcher Type: SUN_STANDARD

[Global flags]
     intx CICompilerCount                          = 3                                         {product} {ergonomic}
     uint ConcGCThreads                            = 1                                         {product} {ergonomic}
     uint G1ConcRefinementThreads                  = 4                                         {product} {ergonomic}
   size_t G1HeapRegionSize                         = 1048576                                   {product} {ergonomic}
    uintx GCDrainStackTargetSize                   = 64                                        {product} {ergonomic}
   size_t InitialHeapSize                          = 67108864                                  {product} {ergonomic}
   size_t MarkStackSize                            = 4194304                                   {product} {ergonomic}
   size_t MaxHeapSize                              = 1610612736                                {product} {command line}
   size_t MaxNewSize                               = 965738496                                 {product} {ergonomic}
   size_t MinHeapDeltaBytes                        = 1048576                                   {product} {ergonomic}
   size_t MinHeapSize                              = 8388608                                   {product} {ergonomic}
    uintx NonNMethodCodeHeapSize                   = 5832780                                {pd product} {ergonomic}
    uintx NonProfiledCodeHeapSize                  = 122912730                              {pd product} {ergonomic}
    uintx ProfiledCodeHeapSize                     = 122912730                              {pd product} {ergonomic}
    uintx ReservedCodeCacheSize                    = 251658240                              {pd product} {ergonomic}
     bool SegmentedCodeCache                       = true                                      {product} {ergonomic}
   size_t SoftMaxHeapSize                          = 1610612736                             {manageable} {ergonomic}
     bool UseCompressedClassPointers               = true                           {product lp64_product} {ergonomic}
     bool UseCompressedOops                        = true                           {product lp64_product} {ergonomic}
     bool UseG1GC                                  = true                                      {product} {ergonomic}
     bool UseLargePagesIndividualAllocation        = false                                  {pd product} {ergonomic}

Logging:
Log output configuration:
 #0: stdout all=warning uptime,level,tags
 #1: stderr all=off uptime,level,tags

Environment Variables:
JAVA_HOME=C:/Program Files/Java/jdk-17
CLASSPATH=C:\Users\Violin\AndroidStudioProjects\Simple Bank Manager\\gradle\wrapper\gradle-wrapper.jar
PATH=C:\Program Files\Common Files\Oracle\Java\javapath;C:\Program Files (x86)\Intel\iCLS Client\;C:\Program Files\Intel\iCLS Client\;C:\WINDOWS\system32;C:\WINDOWS;C:\WINDOWS\System32\Wbem;C:\WINDOWS\System32\WindowsPowerShell\v1.0\;C:\Program Files\Intel\WiFi\bin\;C:\Program Files\Common Files\Intel\WirelessCommon\;C:\Program Files (x86)\Intel\Intel(R) Management Engine Components\DAL;C:\Program Files\Intel\Intel(R) Management Engine Components\DAL;C:\Program Files (x86)\Intel\Intel(R) Management Engine Components\IPT;C:\Program Files\Intel\Intel(R) Management Engine Components\IPT;C:\WINDOWS\System32\OpenSSH\;C:\Program Files\Git\cmd;C:\Gradle\gradle-8.7\bin;C:\Program Files\dotnet\;C:\Users\Violin\SDKs\platform-tools-latest-windows\platform-tools;C:\Users\Violin\AppData\Local\Microsoft\WindowsApps;C:\Users\Violin\AppData\Local\GitHubDesktop\bin;C:\Users\Violin\SDKs\platform-tools-latest-windows\platform-tools;
USERNAME=Violin
OS=Windows_NT
PROCESSOR_IDENTIFIER=Intel64 Family 6 Model 78 Stepping 3, GenuineIntel



---------------  S Y S T E M  ---------------

OS:
 Windows 10 , 64 bit Build 19041 (10.0.19041.4842)
OS uptime: 11 days 9:05 hours

CPU: total 4 (initial active 4) (2 cores per cpu, 2 threads per core) family 6 model 78 stepping 3 microcode 0xcc, cx8, cmov, fxsr, ht, mmx, 3dnowpref, sse, sse2, sse3, ssse3, sse4.1, sse4.2, popcnt, lzcnt, tsc, tscinvbit, avx, avx2, aes, erms, clmul, bmi1, bmi2, adx, fma, vzeroupper, clflush, clflushopt

Memory: 4k page, system-wide physical 4010M (224M free)
TotalPageFile size 16298M (AvailPageFile size 4M)
current process WorkingSet (physical memory assigned to process): 392M, peak: 392M
current process commit charge ("private bytes"): 494M, peak: 495M

vm_info: Java HotSpot(TM) 64-Bit Server VM (17.0.11+7-LTS-207) for windows-amd64 JRE (17.0.11+7-LTS-207), built on Mar 11 2024 19:01:50 by "mach5one" with MS VC++ 17.6 (VS2022)

END.
