#
# There is insufficient memory for the Java Runtime Environment to continue.
# Native memory allocation (mmap) failed to map 212860928 bytes for G1 virtual space
# Possible reasons:
#   The system is out of physical RAM or swap space
#   The process is running with CompressedOops enabled, and the Java Heap may be blocking the growth of the native heap
# Possible solutions:
#   Reduce memory load on the system
#   Increase physical memory or swap space
#   Check if swap backing store is full
#   Decrease Java heap size (-Xmx/-Xms)
#   Decrease number of Java threads
#   Decrease Java thread stack sizes (-Xss)
#   Set larger code cache with -XX:ReservedCodeCacheSize=
#   JVM is running with Unscaled Compressed Oops mode in which the Java heap is
#     placed in the first 4GB address space. The Java Heap base address is the
#     maximum limit for the native heap growth. Please use -XX:HeapBaseMinAddress
#     to set the Java Heap base and to place the Java Heap above 4GB virtual address.
# This output file may be truncated or incomplete.
#
#  Out of Memory Error (os_windows.cpp:3548), pid=37704, tid=45244
#
# JRE version: Java(TM) SE Runtime Environment (17.0.11+7) (build 17.0.11+7-LTS-207)
# Java VM: Java HotSpot(TM) 64-Bit Server VM (17.0.11+7-LTS-207, mixed mode, sharing, tiered, compressed oops, compressed class ptrs, g1 gc, windows-amd64)
# No core dump will be written. Minidumps are not enabled by default on client versions of Windows
#

---------------  S U M M A R Y ------------

Command Line: --add-opens=java.base/java.util=ALL-UNNAMED --add-opens=java.base/java.lang=ALL-UNNAMED --add-opens=java.base/java.lang.invoke=ALL-UNNAMED --add-opens=java.prefs/java.util.prefs=ALL-UNNAMED --add-opens=java.base/java.nio.charset=ALL-UNNAMED --add-opens=java.base/java.net=ALL-UNNAMED --add-opens=java.base/java.util.concurrent.atomic=ALL-UNNAMED -Xmx1536m -Dfile.encoding=UTF-8 -Duser.country=KR -Duser.language=ko -Duser.variant -javaagent:C:\Users\Violin\.gradle\wrapper\dists\gradle-8.7-bin\bhs2wmbdwecv87pi65oeuq5iu\gradle-8.7\lib\agents\gradle-instrumentation-agent-8.7.jar org.gradle.launcher.daemon.bootstrap.GradleDaemon 8.7

Host: Intel(R) Core(TM) i5-6200U CPU @ 2.30GHz, 4 cores, 3G,  Windows 10 , 64 bit Build 19041 (10.0.19041.3636)
Time: Fri Aug  2 01:47:06 2024  Windows 10 , 64 bit Build 19041 (10.0.19041.3636) elapsed time: 107.087092 seconds (0d 0h 1m 47s)

---------------  T H R E A D  ---------------

Current thread (0x0000018317ccef90):  VMThread "VM Thread" [stack: 0x000000770cb00000,0x000000770cc00000] [id=45244]

Stack: [0x000000770cb00000,0x000000770cc00000]
Native frames: (J=compiled Java code, j=interpreted, Vv=VM code, C=native code)
V  [jvm.dll+0x679cca]
V  [jvm.dll+0x7da13d]
V  [jvm.dll+0x7dba83]
V  [jvm.dll+0x7dc0f3]
V  [jvm.dll+0x2449af]
V  [jvm.dll+0x676ce9]
V  [jvm.dll+0x66b852]
V  [jvm.dll+0x3018d6]
V  [jvm.dll+0x308e76]
V  [jvm.dll+0x3596ee]
V  [jvm.dll+0x35991f]
V  [jvm.dll+0x2d89a8]
V  [jvm.dll+0x2d6ddd]
V  [jvm.dll+0x2d642c]
V  [jvm.dll+0x319f8b]
V  [jvm.dll+0x7e09eb]
V  [jvm.dll+0x7e1724]
V  [jvm.dll+0x7e1c3d]
V  [jvm.dll+0x7e2014]
V  [jvm.dll+0x7e20e0]
V  [jvm.dll+0x78a85a]
V  [jvm.dll+0x678bb5]
C  [ucrtbase.dll+0x21bb2]
C  [KERNEL32.DLL+0x17344]
C  [ntdll.dll+0x4cc91]

VM_Operation (0x000000770e7fdfe0): G1CollectForAllocation, mode: safepoint, requested by thread 0x000001837ad85120


---------------  P R O C E S S  ---------------

Threads class SMR info:
_java_thread_list=0x000001837da70e20, length=76, elements={
0x0000018317c08080, 0x0000018317cdb390, 0x0000018317cdc120, 0x0000018334246a70,
0x0000018334248550, 0x000001833424ae30, 0x000001833424b700, 0x000001833424c9c0,
0x0000018334252d00, 0x00000183342d3940, 0x00000183342fd700, 0x000001833442f760,
0x000001837a38f040, 0x000001837a60b7f0, 0x000001837a1a6100, 0x000001837a3a4f00,
0x000001837a8a1950, 0x000001837ad837d0, 0x000001837ad83ce0, 0x000001837ad86560,
0x000001837ad832c0, 0x000001837ad84700, 0x000001837ad85630, 0x000001837ad85b40,
0x000001837ad85120, 0x000001837ad86050, 0x000001837ad86a70, 0x000001837ad841f0,
0x000001837b6e9920, 0x000001837b6e4d30, 0x000001837b6e3e00, 0x000001837b6e6b90,
0x000001837b6e38f0, 0x000001837b6e70a0, 0x000001837b6e4310, 0x000001837b6e9e30,
0x000001837b6e5240, 0x000001837b6e5c60, 0x000001837b6e4820, 0x000001837b6e6170,
0x000001837b6e6680, 0x000001837b6e75b0, 0x000001837b6e7ac0, 0x000001837b6e89f0,
0x000001837b6e8f00, 0x000001837b6e9410, 0x000001837b6ea340, 0x000001837b6e33e0,
0x000001837cf0a6d0, 0x000001837cf06f20, 0x000001837cf055d0, 0x000001837cf09290,
0x000001837cf08d80, 0x000001837cf09cb0, 0x000001837cf0a1c0, 0x000001837cf0bb10,
0x000001837cf08360, 0x000001837cf05ae0, 0x000001837cf06500, 0x000001837cf07430,
0x000001837cf097a0, 0x000001837cf06a10, 0x000001837cf0c020, 0x000001837cf07940,
0x000001837cf08870, 0x000001837cf0abe0, 0x000001837cf0b600, 0x000001837cf0b0f0,
0x000001837cf0c530, 0x000001837cf050c0, 0x000001837cf0ca40, 0x000001837cf05ff0,
0x000001837e1bafc0, 0x000001837e1b5ec0, 0x000001837e1bbef0, 0x000001837e1b8c50
}

Java Threads: ( => current thread )
  0x0000018317c08080 JavaThread "main" [_thread_blocked, id=11144, stack(0x000000770c500000,0x000000770c600000)]
  0x0000018317cdb390 JavaThread "Reference Handler" daemon [_thread_blocked, id=42500, stack(0x000000770cc00000,0x000000770cd00000)]
  0x0000018317cdc120 JavaThread "Finalizer" daemon [_thread_blocked, id=31072, stack(0x000000770cd00000,0x000000770ce00000)]
  0x0000018334246a70 JavaThread "Signal Dispatcher" daemon [_thread_blocked, id=45268, stack(0x000000770ce00000,0x000000770cf00000)]
  0x0000018334248550 JavaThread "Attach Listener" daemon [_thread_blocked, id=38392, stack(0x000000770cf00000,0x000000770d000000)]
  0x000001833424ae30 JavaThread "Service Thread" daemon [_thread_blocked, id=29320, stack(0x000000770d000000,0x000000770d100000)]
  0x000001833424b700 JavaThread "Monitor Deflation Thread" daemon [_thread_blocked, id=39976, stack(0x000000770d100000,0x000000770d200000)]
  0x000001833424c9c0 JavaThread "C2 CompilerThread0" daemon [_thread_blocked, id=43572, stack(0x000000770d200000,0x000000770d300000)]
  0x0000018334252d00 JavaThread "C1 CompilerThread0" daemon [_thread_blocked, id=43948, stack(0x000000770d300000,0x000000770d400000)]
  0x00000183342d3940 JavaThread "Sweeper thread" daemon [_thread_blocked, id=43476, stack(0x000000770d400000,0x000000770d500000)]
  0x00000183342fd700 JavaThread "Common-Cleaner" daemon [_thread_blocked, id=38820, stack(0x000000770d500000,0x000000770d600000)]
  0x000001833442f760 JavaThread "Notification Thread" daemon [_thread_blocked, id=35176, stack(0x000000770d600000,0x000000770d700000)]
  0x000001837a38f040 JavaThread "Daemon health stats" [_thread_blocked, id=37412, stack(0x000000770db00000,0x000000770dc00000)]
  0x000001837a60b7f0 JavaThread "Incoming local TCP Connector on port 57521" [_thread_in_native, id=43184, stack(0x000000770dc00000,0x000000770dd00000)]
  0x000001837a1a6100 JavaThread "Daemon periodic checks" [_thread_blocked, id=45492, stack(0x000000770dd00000,0x000000770de00000)]
  0x000001837a3a4f00 JavaThread "Daemon" [_thread_blocked, id=41652, stack(0x000000770de00000,0x000000770df00000)]
  0x000001837a8a1950 JavaThread "Handler for socket connection from /127.0.0.1:57521 to /127.0.0.1:57522" [_thread_in_native, id=40668, stack(0x000000770df00000,0x000000770e000000)]
  0x000001837ad837d0 JavaThread "Cancel handler" [_thread_blocked, id=42016, stack(0x000000770e000000,0x000000770e100000)]
  0x000001837ad83ce0 JavaThread "Daemon worker" [_thread_blocked, id=40376, stack(0x000000770e100000,0x000000770e200000)]
  0x000001837ad86560 JavaThread "Asynchronous log dispatcher for DefaultDaemonConnection: socket connection from /127.0.0.1:57521 to /127.0.0.1:57522" [_thread_blocked, id=39556, stack(0x000000770e200000,0x000000770e300000)]
  0x000001837ad832c0 JavaThread "Stdin handler" [_thread_blocked, id=39328, stack(0x000000770e300000,0x000000770e400000)]
  0x000001837ad84700 JavaThread "Daemon client event forwarder" [_thread_blocked, id=42600, stack(0x000000770e400000,0x000000770e500000)]
  0x000001837ad85630 JavaThread "Cache worker for journal cache (C:\Users\Violin\.gradle\caches\journal-1)" [_thread_blocked, id=44476, stack(0x000000770e500000,0x000000770e600000)]
  0x000001837ad85b40 JavaThread "File lock request listener" [_thread_in_native, id=42668, stack(0x000000770e600000,0x000000770e700000)]
  0x000001837ad85120 JavaThread "Cache worker for file hash cache (C:\Users\Violin\.gradle\caches\8.7\fileHashes)" [_thread_blocked, id=38132, stack(0x000000770e700000,0x000000770e800000)]
  0x000001837ad86050 JavaThread "Cache worker for file hash cache (C:\Users\Violin\AndroidStudioProjects\Simple Bank Manager\.gradle\8.7\fileHashes)" [_thread_blocked, id=13060, stack(0x000000770e800000,0x000000770e900000)]
  0x000001837ad86a70 JavaThread "File watcher server" daemon [_thread_blocked, id=29616, stack(0x000000770e900000,0x000000770ea00000)]
  0x000001837ad841f0 JavaThread "File watcher consumer" daemon [_thread_blocked, id=44596, stack(0x000000770ea00000,0x000000770eb00000)]
  0x000001837b6e9920 JavaThread "Cache worker for checksums cache (C:\Users\Violin\AndroidStudioProjects\Simple Bank Manager\.gradle\8.7\checksums)" [_thread_blocked, id=44156, stack(0x000000770eb00000,0x000000770ec00000)]
  0x000001837b6e4d30 JavaThread "Cache worker for cache directory md-supplier (C:\Users\Violin\.gradle\caches\8.7\md-supplier)" [_thread_blocked, id=39892, stack(0x000000770ec00000,0x000000770ed00000)]
  0x000001837b6e3e00 JavaThread "Cache worker for cache directory md-rule (C:\Users\Violin\.gradle\caches\8.7\md-rule)" [_thread_blocked, id=45960, stack(0x000000770ed00000,0x000000770ee00000)]
  0x000001837b6e6b90 JavaThread "Cache worker for file content cache (C:\Users\Violin\.gradle\caches\8.7\fileContent)" [_thread_blocked, id=44496, stack(0x000000770ee00000,0x000000770ef00000)]
  0x000001837b6e38f0 JavaThread "jar transforms" [_thread_blocked, id=6868, stack(0x000000770ef00000,0x000000770f000000)]
  0x000001837b6e70a0 JavaThread "Unconstrained build operations" [_thread_blocked, id=45180, stack(0x000000770f300000,0x000000770f400000)]
  0x000001837b6e4310 JavaThread "Unconstrained build operations Thread 2" [_thread_blocked, id=39372, stack(0x000000770f400000,0x000000770f500000)]
  0x000001837b6e9e30 JavaThread "jar transforms Thread 2" [_thread_blocked, id=31044, stack(0x000000770f500000,0x000000770f600000)]
  0x000001837b6e5240 JavaThread "Cache worker for Build Output Cleanup Cache (C:\Users\Violin\AndroidStudioProjects\Simple Bank Manager\.gradle\buildOutputCleanup)" [_thread_blocked, id=44808, stack(0x000000770f600000,0x000000770f700000)]
  0x000001837b6e5c60 JavaThread "jar transforms Thread 3" [_thread_blocked, id=41364, stack(0x000000770c200000,0x000000770c300000)]
  0x000001837b6e4820 JavaThread "Unconstrained build operations Thread 3" [_thread_blocked, id=37252, stack(0x000000770c300000,0x000000770c400000)]
  0x000001837b6e6170 JavaThread "Unconstrained build operations Thread 4" [_thread_blocked, id=25780, stack(0x000000770c400000,0x000000770c500000)]
  0x000001837b6e6680 JavaThread "Unconstrained build operations Thread 5" [_thread_blocked, id=33176, stack(0x000000770f700000,0x000000770f800000)]
  0x000001837b6e75b0 JavaThread "Unconstrained build operations Thread 6" [_thread_blocked, id=42872, stack(0x000000770f800000,0x000000770f900000)]
  0x000001837b6e7ac0 JavaThread "Unconstrained build operations Thread 7" [_thread_blocked, id=19084, stack(0x000000770f900000,0x000000770fa00000)]
  0x000001837b6e89f0 JavaThread "Unconstrained build operations Thread 8" [_thread_blocked, id=22408, stack(0x000000770fa00000,0x000000770fb00000)]
  0x000001837b6e8f00 JavaThread "jar transforms Thread 4" [_thread_blocked, id=40184, stack(0x000000770fb00000,0x000000770fc00000)]
  0x000001837b6e9410 JavaThread "Memory manager" [_thread_blocked, id=22616, stack(0x000000770fc00000,0x000000770fd00000)]
  0x000001837b6ea340 JavaThread "build event listener" [_thread_blocked, id=40232, stack(0x000000770fd00000,0x000000770fe00000)]
  0x000001837b6e33e0 JavaThread "included builds" [_thread_blocked, id=21140, stack(0x000000770fe00000,0x000000770ff00000)]
  0x000001837cf0a6d0 JavaThread "Execution worker" [_thread_blocked, id=12660, stack(0x000000770ff00000,0x0000007710000000)]
  0x000001837cf06f20 JavaThread "Execution worker Thread 2" [_thread_blocked, id=43904, stack(0x0000007710000000,0x0000007710100000)]
  0x000001837cf055d0 JavaThread "Execution worker Thread 3" [_thread_blocked, id=38960, stack(0x0000007710100000,0x0000007710200000)]
  0x000001837cf09290 JavaThread "Cache worker for execution history cache (C:\Users\Violin\AndroidStudioProjects\Simple Bank Manager\.gradle\8.7\executionHistory)" [_thread_blocked, id=37220, stack(0x0000007710200000,0x0000007710300000)]
  0x000001837cf08d80 JavaThread "Unconstrained build operations Thread 9" [_thread_blocked, id=40952, stack(0x0000007710300000,0x0000007710400000)]
  0x000001837cf09cb0 JavaThread "Unconstrained build operations Thread 10" [_thread_blocked, id=45576, stack(0x0000007710400000,0x0000007710500000)]
  0x000001837cf0a1c0 JavaThread "Unconstrained build operations Thread 11" [_thread_blocked, id=40840, stack(0x0000007710500000,0x0000007710600000)]
  0x000001837cf0bb10 JavaThread "Unconstrained build operations Thread 12" [_thread_blocked, id=9076, stack(0x0000007710600000,0x0000007710700000)]
  0x000001837cf08360 JavaThread "Unconstrained build operations Thread 13" [_thread_blocked, id=30968, stack(0x0000007710700000,0x0000007710800000)]
  0x000001837cf05ae0 JavaThread "Unconstrained build operations Thread 14" [_thread_blocked, id=41820, stack(0x0000007710800000,0x0000007710900000)]
  0x000001837cf06500 JavaThread "Unconstrained build operations Thread 15" [_thread_blocked, id=31764, stack(0x0000007710900000,0x0000007710a00000)]
  0x000001837cf07430 JavaThread "Unconstrained build operations Thread 16" [_thread_blocked, id=43236, stack(0x0000007710a00000,0x0000007710b00000)]
  0x000001837cf097a0 JavaThread "Unconstrained build operations Thread 17" [_thread_blocked, id=39832, stack(0x0000007710b00000,0x0000007710c00000)]
  0x000001837cf06a10 JavaThread "Unconstrained build operations Thread 18" [_thread_blocked, id=45624, stack(0x0000007710c00000,0x0000007710d00000)]
  0x000001837cf0c020 JavaThread "Unconstrained build operations Thread 19" [_thread_blocked, id=45120, stack(0x0000007710d00000,0x0000007710e00000)]
  0x000001837cf07940 JavaThread "Unconstrained build operations Thread 20" [_thread_blocked, id=32780, stack(0x0000007710e00000,0x0000007710f00000)]
  0x000001837cf08870 JavaThread "Unconstrained build operations Thread 21" [_thread_blocked, id=41664, stack(0x0000007710f00000,0x0000007711000000)]
  0x000001837cf0abe0 JavaThread "Unconstrained build operations Thread 22" [_thread_blocked, id=38376, stack(0x0000007711000000,0x0000007711100000)]
  0x000001837cf0b600 JavaThread "Unconstrained build operations Thread 23" [_thread_blocked, id=43944, stack(0x0000007711100000,0x0000007711200000)]
  0x000001837cf0b0f0 JavaThread "Unconstrained build operations Thread 24" [_thread_blocked, id=38916, stack(0x0000007711200000,0x0000007711300000)]
  0x000001837cf0c530 JavaThread "Unconstrained build operations Thread 25" [_thread_blocked, id=40844, stack(0x0000007711300000,0x0000007711400000)]
  0x000001837cf050c0 JavaThread "Unconstrained build operations Thread 26" [_thread_blocked, id=45760, stack(0x0000007711400000,0x0000007711500000)]
  0x000001837cf0ca40 JavaThread "Unconstrained build operations Thread 27" [_thread_blocked, id=43924, stack(0x0000007711500000,0x0000007711600000)]
  0x000001837cf05ff0 JavaThread "Unconstrained build operations Thread 28" [_thread_blocked, id=18860, stack(0x0000007711600000,0x0000007711700000)]
  0x000001837e1bafc0 JavaThread "Unconstrained build operations Thread 29" [_thread_blocked, id=41516, stack(0x0000007711700000,0x0000007711800000)]
  0x000001837e1b5ec0 JavaThread "Unconstrained build operations Thread 30" [_thread_blocked, id=45684, stack(0x0000007711800000,0x0000007711900000)]
  0x000001837e1bbef0 JavaThread "Unconstrained build operations Thread 31" [_thread_blocked, id=34840, stack(0x0000007711900000,0x0000007711a00000)]
  0x000001837e1b8c50 JavaThread "Unconstrained build operations Thread 32" [_thread_blocked, id=36556, stack(0x0000007711a00000,0x0000007711b00000)]

Other Threads:
=>0x0000018317ccef90 VMThread "VM Thread" [stack: 0x000000770cb00000,0x000000770cc00000] [id=45244]
  0x0000018317c08e50 WatcherThread [stack: 0x000000770d700000,0x000000770d800000] [id=35440]
  0x0000018317c52730 GCTaskThread "GC Thread#0" [stack: 0x000000770c600000,0x000000770c700000] [id=32164]
  0x000001833464f9b0 GCTaskThread "GC Thread#1" [stack: 0x000000770d800000,0x000000770d900000] [id=41992]
  0x00000183346d0030 GCTaskThread "GC Thread#2" [stack: 0x000000770d900000,0x000000770da00000] [id=5424]
  0x000001837a1a8280 GCTaskThread "GC Thread#3" [stack: 0x000000770da00000,0x000000770db00000] [id=38716]
  0x0000018317c605a0 ConcurrentGCThread "G1 Main Marker" [stack: 0x000000770c700000,0x000000770c800000] [id=38204]
  0x0000018317c60ec0 ConcurrentGCThread "G1 Conc#0" [stack: 0x000000770c800000,0x000000770c900000] [id=45152]
  0x0000018317cae5d0 ConcurrentGCThread "G1 Refine#0" [stack: 0x000000770c900000,0x000000770ca00000] [id=33932]
  0x0000018317caf7f0 ConcurrentGCThread "G1 Service" [stack: 0x000000770ca00000,0x000000770cb00000] [id=43376]

Threads with active compile tasks:

VM state: at safepoint (normal execution)

VM Mutex/Monitor currently owned by a thread:  ([mutex/lock_event])
[0x0000018317c02130] Threads_lock - owner thread: 0x0000018317ccef90
[0x0000018317c03600] Heap_lock - owner thread: 0x000001837ad85120

Heap address: 0x00000000a0000000, size: 1536 MB, Compressed Oops mode: 32-bit

CDS archive(s) mapped at: [0x0000018335000000-0x0000018335bd0000-0x0000018335bd0000), size 12386304, SharedBaseAddress: 0x0000018335000000, ArchiveRelocationMode: 1.
Compressed class space mapped at: 0x0000018336000000-0x0000018376000000, reserved size: 1073741824
Narrow klass base: 0x0000018335000000, Narrow klass shift: 0, Narrow klass range: 0x100000000

GC Precious Log:
 CPUs: 4 total, 4 available
 Memory: 4010M
 Large Page Support: Disabled
 NUMA Support: Disabled
 Compressed Oops: Enabled (32-bit)
 Heap Region Size: 1M
 Heap Min Capacity: 8M
 Heap Initial Capacity: 64M
 Heap Max Capacity: 1536M
 Pre-touch: Disabled
 Parallel Workers: 4
 Concurrent Workers: 1
 Concurrent Refinement Workers: 4
 Periodic GC: Disabled

Heap:
 garbage-first heap   total 235520K, used 105800K [0x00000000a0000000, 0x0000000100000000)
  region size 1024K, 5 young (5120K), 5 survivors (5120K)
 Metaspace       used 88378K, committed 89088K, reserved 1179648K
  class space    used 12177K, committed 12544K, reserved 1048576K

Heap Regions: E=young(eden), S=young(survivor), O=old, HS=humongous(starts), HC=humongous(continues), CS=collection set, F=free, OA=open archive, CA=closed archive, TAMS=top-at-mark-start (previous, next)
|   0|0x00000000a0000000, 0x00000000a0100000, 0x00000000a0100000|100%| O|  |TAMS 0x00000000a0100000, 0x00000000a0000000| Untracked 
|   1|0x00000000a0100000, 0x00000000a0200000, 0x00000000a0200000|100%|HS|  |TAMS 0x00000000a0200000, 0x00000000a0100000| Complete 
|   2|0x00000000a0200000, 0x00000000a0300000, 0x00000000a0300000|100%|HC|  |TAMS 0x00000000a0300000, 0x00000000a0200000| Complete 
|   3|0x00000000a0300000, 0x00000000a0400000, 0x00000000a0400000|100%|HC|  |TAMS 0x00000000a0400000, 0x00000000a0300000| Complete 
|   4|0x00000000a0400000, 0x00000000a0500000, 0x00000000a0500000|100%|HC|  |TAMS 0x00000000a0500000, 0x00000000a0400000| Complete 
|   5|0x00000000a0500000, 0x00000000a0600000, 0x00000000a0600000|100%| O|  |TAMS 0x00000000a0600000, 0x00000000a0500000| Untracked 
|   6|0x00000000a0600000, 0x00000000a0700000, 0x00000000a0700000|100%| O|  |TAMS 0x00000000a0700000, 0x00000000a0600000| Untracked 
|   7|0x00000000a0700000, 0x00000000a0800000, 0x00000000a0800000|100%| O|  |TAMS 0x00000000a0800000, 0x00000000a0700000| Untracked 
|   8|0x00000000a0800000, 0x00000000a0900000, 0x00000000a0900000|100%| O|  |TAMS 0x00000000a0900000, 0x00000000a0800000| Untracked 
|   9|0x00000000a0900000, 0x00000000a0a00000, 0x00000000a0a00000|100%| O|  |TAMS 0x00000000a0a00000, 0x00000000a0900000| Untracked 
|  10|0x00000000a0a00000, 0x00000000a0b00000, 0x00000000a0b00000|100%| O|  |TAMS 0x00000000a0b00000, 0x00000000a0a00000| Untracked 
|  11|0x00000000a0b00000, 0x00000000a0c00000, 0x00000000a0c00000|100%| O|  |TAMS 0x00000000a0c00000, 0x00000000a0b00000| Untracked 
|  12|0x00000000a0c00000, 0x00000000a0d00000, 0x00000000a0d00000|100%| O|  |TAMS 0x00000000a0d00000, 0x00000000a0c00000| Untracked 
|  13|0x00000000a0d00000, 0x00000000a0e00000, 0x00000000a0e00000|100%| O|  |TAMS 0x00000000a0e00000, 0x00000000a0d00000| Untracked 
|  14|0x00000000a0e00000, 0x00000000a0f00000, 0x00000000a0f00000|100%| O|  |TAMS 0x00000000a0f00000, 0x00000000a0e00000| Untracked 
|  15|0x00000000a0f00000, 0x00000000a1000000, 0x00000000a1000000|100%| O|  |TAMS 0x00000000a1000000, 0x00000000a0f00000| Untracked 
|  16|0x00000000a1000000, 0x00000000a1100000, 0x00000000a1100000|100%| O|  |TAMS 0x00000000a1100000, 0x00000000a1000000| Untracked 
|  17|0x00000000a1100000, 0x00000000a1200000, 0x00000000a1200000|100%| O|  |TAMS 0x00000000a1200000, 0x00000000a1100000| Untracked 
|  18|0x00000000a1200000, 0x00000000a1300000, 0x00000000a1300000|100%| O|  |TAMS 0x00000000a1300000, 0x00000000a1200000| Untracked 
|  19|0x00000000a1300000, 0x00000000a1400000, 0x00000000a1400000|100%| O|  |TAMS 0x00000000a1400000, 0x00000000a1300000| Untracked 
|  20|0x00000000a1400000, 0x00000000a1500000, 0x00000000a1500000|100%| O|  |TAMS 0x00000000a1500000, 0x00000000a1400000| Untracked 
|  21|0x00000000a1500000, 0x00000000a1600000, 0x00000000a1600000|100%| O|  |TAMS 0x00000000a1600000, 0x00000000a1500000| Untracked 
|  22|0x00000000a1600000, 0x00000000a1700000, 0x00000000a1700000|100%| O|  |TAMS 0x00000000a1700000, 0x00000000a1600000| Untracked 
|  23|0x00000000a1700000, 0x00000000a1800000, 0x00000000a1800000|100%| O|  |TAMS 0x00000000a1800000, 0x00000000a1700000| Untracked 
|  24|0x00000000a1800000, 0x00000000a1900000, 0x00000000a1900000|100%| O|  |TAMS 0x00000000a1900000, 0x00000000a1800000| Untracked 
|  25|0x00000000a1900000, 0x00000000a1a00000, 0x00000000a1a00000|100%| O|  |TAMS 0x00000000a1a00000, 0x00000000a1900000| Untracked 
|  26|0x00000000a1a00000, 0x00000000a1b00000, 0x00000000a1b00000|100%| O|  |TAMS 0x00000000a1b00000, 0x00000000a1a00000| Untracked 
|  27|0x00000000a1b00000, 0x00000000a1c00000, 0x00000000a1c00000|100%| O|  |TAMS 0x00000000a1c00000, 0x00000000a1b00000| Untracked 
|  28|0x00000000a1c00000, 0x00000000a1d00000, 0x00000000a1d00000|100%| O|  |TAMS 0x00000000a1d00000, 0x00000000a1c00000| Untracked 
|  29|0x00000000a1d00000, 0x00000000a1e00000, 0x00000000a1e00000|100%| O|  |TAMS 0x00000000a1e00000, 0x00000000a1d00000| Untracked 
|  30|0x00000000a1e00000, 0x00000000a1f00000, 0x00000000a1f00000|100%| O|  |TAMS 0x00000000a1f00000, 0x00000000a1e00000| Untracked 
|  31|0x00000000a1f00000, 0x00000000a2000000, 0x00000000a2000000|100%| O|  |TAMS 0x00000000a2000000, 0x00000000a1f00000| Untracked 
|  32|0x00000000a2000000, 0x00000000a2100000, 0x00000000a2100000|100%| O|  |TAMS 0x00000000a2100000, 0x00000000a2000000| Untracked 
|  33|0x00000000a2100000, 0x00000000a2200000, 0x00000000a2200000|100%| O|  |TAMS 0x00000000a2200000, 0x00000000a2100000| Untracked 
|  34|0x00000000a2200000, 0x00000000a2300000, 0x00000000a2300000|100%|HS|  |TAMS 0x00000000a2300000, 0x00000000a2200000| Complete 
|  35|0x00000000a2300000, 0x00000000a2400000, 0x00000000a2400000|100%| O|  |TAMS 0x00000000a2400000, 0x00000000a2300000| Untracked 
|  36|0x00000000a2400000, 0x00000000a2500000, 0x00000000a2500000|100%| O|  |TAMS 0x00000000a2500000, 0x00000000a2400000| Untracked 
|  37|0x00000000a2500000, 0x00000000a2600000, 0x00000000a2600000|100%| O|  |TAMS 0x00000000a2600000, 0x00000000a2500000| Untracked 
|  38|0x00000000a2600000, 0x00000000a2700000, 0x00000000a2700000|100%| O|  |TAMS 0x00000000a2700000, 0x00000000a2600000| Untracked 
|  39|0x00000000a2700000, 0x00000000a2800000, 0x00000000a2800000|100%| O|  |TAMS 0x00000000a2800000, 0x00000000a2700000| Untracked 
|  40|0x00000000a2800000, 0x00000000a2900000, 0x00000000a2900000|100%| O|  |TAMS 0x00000000a2900000, 0x00000000a2800000| Untracked 
|  41|0x00000000a2900000, 0x00000000a2a00000, 0x00000000a2a00000|100%| O|  |TAMS 0x00000000a2a00000, 0x00000000a2900000| Untracked 
|  42|0x00000000a2a00000, 0x00000000a2b00000, 0x00000000a2b00000|100%| O|  |TAMS 0x00000000a2b00000, 0x00000000a2a00000| Untracked 
|  43|0x00000000a2b00000, 0x00000000a2c00000, 0x00000000a2c00000|100%| O|  |TAMS 0x00000000a2c00000, 0x00000000a2b00000| Untracked 
|  44|0x00000000a2c00000, 0x00000000a2d00000, 0x00000000a2d00000|100%| O|  |TAMS 0x00000000a2d00000, 0x00000000a2c00000| Untracked 
|  45|0x00000000a2d00000, 0x00000000a2e00000, 0x00000000a2e00000|100%| O|  |TAMS 0x00000000a2e00000, 0x00000000a2d00000| Untracked 
|  46|0x00000000a2e00000, 0x00000000a2f00000, 0x00000000a2f00000|100%| O|  |TAMS 0x00000000a2f00000, 0x00000000a2e00000| Untracked 
|  47|0x00000000a2f00000, 0x00000000a3000000, 0x00000000a3000000|100%| O|  |TAMS 0x00000000a3000000, 0x00000000a2f00000| Untracked 
|  48|0x00000000a3000000, 0x00000000a3100000, 0x00000000a3100000|100%| O|  |TAMS 0x00000000a3100000, 0x00000000a3000000| Untracked 
|  49|0x00000000a3100000, 0x00000000a3200000, 0x00000000a3200000|100%| O|  |TAMS 0x00000000a3100000, 0x00000000a3100000| Untracked 
|  50|0x00000000a3200000, 0x00000000a3300000, 0x00000000a3300000|100%|HS|  |TAMS 0x00000000a3300000, 0x00000000a3200000| Complete 
|  51|0x00000000a3300000, 0x00000000a3400000, 0x00000000a3400000|100%|HS|  |TAMS 0x00000000a3400000, 0x00000000a3300000| Complete 
|  52|0x00000000a3400000, 0x00000000a3500000, 0x00000000a3500000|100%|HS|  |TAMS 0x00000000a3500000, 0x00000000a3400000| Complete 
|  53|0x00000000a3500000, 0x00000000a3600000, 0x00000000a3600000|100%|HC|  |TAMS 0x00000000a3600000, 0x00000000a3500000| Complete 
|  54|0x00000000a3600000, 0x00000000a3700000, 0x00000000a3700000|100%|HC|  |TAMS 0x00000000a3700000, 0x00000000a3600000| Complete 
|  55|0x00000000a3700000, 0x00000000a3800000, 0x00000000a3800000|100%| O|  |TAMS 0x00000000a3800000, 0x00000000a3700000| Untracked 
|  56|0x00000000a3800000, 0x00000000a3900000, 0x00000000a3900000|100%|HS|  |TAMS 0x00000000a3900000, 0x00000000a3800000| Complete 
|  57|0x00000000a3900000, 0x00000000a3a00000, 0x00000000a3a00000|100%| O|  |TAMS 0x00000000a3a00000, 0x00000000a3900000| Untracked 
|  58|0x00000000a3a00000, 0x00000000a3b00000, 0x00000000a3b00000|100%| O|  |TAMS 0x00000000a3b00000, 0x00000000a3a00000| Untracked 
|  59|0x00000000a3b00000, 0x00000000a3c00000, 0x00000000a3c00000|100%| O|  |TAMS 0x00000000a3c00000, 0x00000000a3b00000| Untracked 
|  60|0x00000000a3c00000, 0x00000000a3d00000, 0x00000000a3d00000|100%| O|  |TAMS 0x00000000a3d00000, 0x00000000a3c00000| Untracked 
|  61|0x00000000a3d00000, 0x00000000a3e00000, 0x00000000a3e00000|100%| O|  |TAMS 0x00000000a3e00000, 0x00000000a3d00000| Untracked 
|  62|0x00000000a3e00000, 0x00000000a3f00000, 0x00000000a3f00000|100%| O|  |TAMS 0x00000000a3f00000, 0x00000000a3e00000| Untracked 
|  63|0x00000000a3f00000, 0x00000000a4000000, 0x00000000a4000000|100%| O|  |TAMS 0x00000000a4000000, 0x00000000a3f00000| Untracked 
|  64|0x00000000a4000000, 0x00000000a4100000, 0x00000000a4100000|100%| O|  |TAMS 0x00000000a4100000, 0x00000000a4000000| Untracked 
|  65|0x00000000a4100000, 0x00000000a4200000, 0x00000000a4200000|100%| O|  |TAMS 0x00000000a4100000, 0x00000000a4100000| Untracked 
|  66|0x00000000a4200000, 0x00000000a4300000, 0x00000000a4300000|100%| O|  |TAMS 0x00000000a4241e08, 0x00000000a4200000| Untracked 
|  67|0x00000000a4300000, 0x00000000a4400000, 0x00000000a4400000|100%| O|  |TAMS 0x00000000a4300000, 0x00000000a4300000| Untracked 
|  68|0x00000000a4400000, 0x00000000a4500000, 0x00000000a4500000|100%| O|  |TAMS 0x00000000a4400000, 0x00000000a4400000| Untracked 
|  69|0x00000000a4500000, 0x00000000a4600000, 0x00000000a4600000|100%| O|  |TAMS 0x00000000a4500000, 0x00000000a4500000| Untracked 
|  70|0x00000000a4600000, 0x00000000a4700000, 0x00000000a4700000|100%| O|  |TAMS 0x00000000a4600000, 0x00000000a4600000| Untracked 
|  71|0x00000000a4700000, 0x00000000a4800000, 0x00000000a4800000|100%| O|  |TAMS 0x00000000a4700000, 0x00000000a4700000| Untracked 
|  72|0x00000000a4800000, 0x00000000a4900000, 0x00000000a4900000|100%| O|  |TAMS 0x00000000a4800000, 0x00000000a4800000| Untracked 
|  73|0x00000000a4900000, 0x00000000a4a00000, 0x00000000a4a00000|100%|HS|  |TAMS 0x00000000a4900000, 0x00000000a4900000| Complete 
|  74|0x00000000a4a00000, 0x00000000a4b00000, 0x00000000a4b00000|100%|HS|  |TAMS 0x00000000a4a00000, 0x00000000a4a00000| Complete 
|  75|0x00000000a4b00000, 0x00000000a4c00000, 0x00000000a4c00000|100%|HC|  |TAMS 0x00000000a4b00000, 0x00000000a4b00000| Complete 
|  76|0x00000000a4c00000, 0x00000000a4d00000, 0x00000000a4d00000|100%|HC|  |TAMS 0x00000000a4c00000, 0x00000000a4c00000| Complete 
|  77|0x00000000a4d00000, 0x00000000a4e00000, 0x00000000a4e00000|100%| O|  |TAMS 0x00000000a4d00000, 0x00000000a4d00000| Untracked 
|  78|0x00000000a4e00000, 0x00000000a4f00000, 0x00000000a4f00000|100%| O|  |TAMS 0x00000000a4e00000, 0x00000000a4e00000| Untracked 
|  79|0x00000000a4f00000, 0x00000000a5000000, 0x00000000a5000000|100%| O|  |TAMS 0x00000000a4f00000, 0x00000000a4f00000| Untracked 
|  80|0x00000000a5000000, 0x00000000a5100000, 0x00000000a5100000|100%| O|  |TAMS 0x00000000a5000000, 0x00000000a5000000| Untracked 
|  81|0x00000000a5100000, 0x00000000a5200000, 0x00000000a5200000|100%| O|  |TAMS 0x00000000a5100000, 0x00000000a5100000| Untracked 
|  82|0x00000000a5200000, 0x00000000a5300000, 0x00000000a5300000|100%| O|  |TAMS 0x00000000a5200000, 0x00000000a5200000| Untracked 
|  83|0x00000000a5300000, 0x00000000a5400000, 0x00000000a5400000|100%| O|  |TAMS 0x00000000a5300000, 0x00000000a5300000| Untracked 
|  84|0x00000000a5400000, 0x00000000a5500000, 0x00000000a5500000|100%| O|  |TAMS 0x00000000a5400000, 0x00000000a5400000| Untracked 
|  85|0x00000000a5500000, 0x00000000a5600000, 0x00000000a5600000|100%| O|  |TAMS 0x00000000a5500000, 0x00000000a5500000| Untracked 
|  86|0x00000000a5600000, 0x00000000a5700000, 0x00000000a5700000|100%| O|  |TAMS 0x00000000a5600000, 0x00000000a5600000| Untracked 
|  87|0x00000000a5700000, 0x00000000a5800000, 0x00000000a5800000|100%| O|  |TAMS 0x00000000a5700000, 0x00000000a5700000| Untracked 
|  88|0x00000000a5800000, 0x00000000a5900000, 0x00000000a5900000|100%| O|  |TAMS 0x00000000a5800000, 0x00000000a5800000| Untracked 
|  89|0x00000000a5900000, 0x00000000a5a00000, 0x00000000a5a00000|100%| O|  |TAMS 0x00000000a5900000, 0x00000000a5900000| Untracked 
|  90|0x00000000a5a00000, 0x00000000a5b00000, 0x00000000a5b00000|100%| O|  |TAMS 0x00000000a5a00000, 0x00000000a5a00000| Untracked 
|  91|0x00000000a5b00000, 0x00000000a5c00000, 0x00000000a5c00000|100%| O|  |TAMS 0x00000000a5b00000, 0x00000000a5b00000| Untracked 
|  92|0x00000000a5c00000, 0x00000000a5d00000, 0x00000000a5d00000|100%| O|  |TAMS 0x00000000a5c00000, 0x00000000a5c00000| Untracked 
|  93|0x00000000a5d00000, 0x00000000a5e00000, 0x00000000a5e00000|100%| O|  |TAMS 0x00000000a5d00000, 0x00000000a5d00000| Untracked 
|  94|0x00000000a5e00000, 0x00000000a5f00000, 0x00000000a5f00000|100%| O|  |TAMS 0x00000000a5e00000, 0x00000000a5e00000| Untracked 
|  95|0x00000000a5f00000, 0x00000000a6000000, 0x00000000a6000000|100%| O|  |TAMS 0x00000000a5f00000, 0x00000000a5f00000| Untracked 
|  96|0x00000000a6000000, 0x00000000a6100000, 0x00000000a6100000|100%| O|  |TAMS 0x00000000a6000000, 0x00000000a6000000| Untracked 
|  97|0x00000000a6100000, 0x00000000a6200000, 0x00000000a6200000|100%| O|  |TAMS 0x00000000a6100000, 0x00000000a6100000| Untracked 
|  98|0x00000000a6200000, 0x00000000a6280800, 0x00000000a6300000| 50%| O|  |TAMS 0x00000000a6200000, 0x00000000a6200000| Untracked 
|  99|0x00000000a6300000, 0x00000000a6300000, 0x00000000a6400000|  0%| F|  |TAMS 0x00000000a6300000, 0x00000000a6300000| Untracked 
| 100|0x00000000a6400000, 0x00000000a6400000, 0x00000000a6500000|  0%| F|  |TAMS 0x00000000a6400000, 0x00000000a6400000| Untracked 
| 101|0x00000000a6500000, 0x00000000a6500000, 0x00000000a6600000|  0%| F|  |TAMS 0x00000000a6500000, 0x00000000a6500000| Untracked 
| 102|0x00000000a6600000, 0x00000000a6600000, 0x00000000a6700000|  0%| F|  |TAMS 0x00000000a6600000, 0x00000000a6600000| Untracked 
| 103|0x00000000a6700000, 0x00000000a6700000, 0x00000000a6800000|  0%| F|  |TAMS 0x00000000a6700000, 0x00000000a6700000| Untracked 
| 104|0x00000000a6800000, 0x00000000a6800000, 0x00000000a6900000|  0%| F|  |TAMS 0x00000000a6800000, 0x00000000a6800000| Untracked 
| 105|0x00000000a6900000, 0x00000000a6900000, 0x00000000a6a00000|  0%| F|  |TAMS 0x00000000a6900000, 0x00000000a6900000| Untracked 
| 106|0x00000000a6a00000, 0x00000000a6a00000, 0x00000000a6b00000|  0%| F|  |TAMS 0x00000000a6a00000, 0x00000000a6a00000| Untracked 
| 107|0x00000000a6b00000, 0x00000000a6b00000, 0x00000000a6c00000|  0%| F|  |TAMS 0x00000000a6b00000, 0x00000000a6b00000| Untracked 
| 108|0x00000000a6c00000, 0x00000000a6c00000, 0x00000000a6d00000|  0%| F|  |TAMS 0x00000000a6c00000, 0x00000000a6c00000| Untracked 
| 109|0x00000000a6d00000, 0x00000000a6d00000, 0x00000000a6e00000|  0%| F|  |TAMS 0x00000000a6d00000, 0x00000000a6d00000| Untracked 
| 110|0x00000000a6e00000, 0x00000000a6e00000, 0x00000000a6f00000|  0%| F|  |TAMS 0x00000000a6e00000, 0x00000000a6e00000| Untracked 
| 111|0x00000000a6f00000, 0x00000000a6f00000, 0x00000000a7000000|  0%| F|  |TAMS 0x00000000a6f00000, 0x00000000a6f00000| Untracked 
| 112|0x00000000a7000000, 0x00000000a7000000, 0x00000000a7100000|  0%| F|  |TAMS 0x00000000a7000000, 0x00000000a7000000| Untracked 
| 113|0x00000000a7100000, 0x00000000a7100000, 0x00000000a7200000|  0%| F|  |TAMS 0x00000000a7100000, 0x00000000a7100000| Untracked 
| 114|0x00000000a7200000, 0x00000000a7200000, 0x00000000a7300000|  0%| F|  |TAMS 0x00000000a7200000, 0x00000000a7200000| Untracked 
| 115|0x00000000a7300000, 0x00000000a7300000, 0x00000000a7400000|  0%| F|  |TAMS 0x00000000a7300000, 0x00000000a7300000| Untracked 
| 116|0x00000000a7400000, 0x00000000a7400000, 0x00000000a7500000|  0%| F|  |TAMS 0x00000000a7400000, 0x00000000a7400000| Untracked 
| 117|0x00000000a7500000, 0x00000000a7500000, 0x00000000a7600000|  0%| F|  |TAMS 0x00000000a7500000, 0x00000000a7500000| Untracked 
| 118|0x00000000a7600000, 0x00000000a7600000, 0x00000000a7700000|  0%| F|  |TAMS 0x00000000a7600000, 0x00000000a7600000| Untracked 
| 119|0x00000000a7700000, 0x00000000a7700000, 0x00000000a7800000|  0%| F|  |TAMS 0x00000000a7700000, 0x00000000a7700000| Untracked 
| 120|0x00000000a7800000, 0x00000000a7800000, 0x00000000a7900000|  0%| F|  |TAMS 0x00000000a7800000, 0x00000000a7800000| Untracked 
| 121|0x00000000a7900000, 0x00000000a7900000, 0x00000000a7a00000|  0%| F|  |TAMS 0x00000000a7900000, 0x00000000a7900000| Untracked 
| 122|0x00000000a7a00000, 0x00000000a7a00000, 0x00000000a7b00000|  0%| F|  |TAMS 0x00000000a7a00000, 0x00000000a7a00000| Untracked 
| 123|0x00000000a7b00000, 0x00000000a7b00000, 0x00000000a7c00000|  0%| F|  |TAMS 0x00000000a7b00000, 0x00000000a7b00000| Untracked 
| 124|0x00000000a7c00000, 0x00000000a7c00000, 0x00000000a7d00000|  0%| F|  |TAMS 0x00000000a7c00000, 0x00000000a7c00000| Untracked 
| 125|0x00000000a7d00000, 0x00000000a7d00000, 0x00000000a7e00000|  0%| F|  |TAMS 0x00000000a7d00000, 0x00000000a7d00000| Untracked 
| 126|0x00000000a7e00000, 0x00000000a7e00000, 0x00000000a7f00000|  0%| F|  |TAMS 0x00000000a7e00000, 0x00000000a7e00000| Untracked 
| 127|0x00000000a7f00000, 0x00000000a7f00000, 0x00000000a8000000|  0%| F|  |TAMS 0x00000000a7f00000, 0x00000000a7f00000| Untracked 
| 128|0x00000000a8000000, 0x00000000a8000000, 0x00000000a8100000|  0%| F|  |TAMS 0x00000000a8000000, 0x00000000a8000000| Untracked 
| 129|0x00000000a8100000, 0x00000000a8100000, 0x00000000a8200000|  0%| F|  |TAMS 0x00000000a8100000, 0x00000000a8100000| Untracked 
| 130|0x00000000a8200000, 0x00000000a8200000, 0x00000000a8300000|  0%| F|  |TAMS 0x00000000a8200000, 0x00000000a8200000| Untracked 
| 131|0x00000000a8300000, 0x00000000a8300000, 0x00000000a8400000|  0%| F|  |TAMS 0x00000000a8300000, 0x00000000a8300000| Untracked 
| 132|0x00000000a8400000, 0x00000000a8400000, 0x00000000a8500000|  0%| F|  |TAMS 0x00000000a8400000, 0x00000000a8400000| Untracked 
| 133|0x00000000a8500000, 0x00000000a8500000, 0x00000000a8600000|  0%| F|  |TAMS 0x00000000a8500000, 0x00000000a8500000| Untracked 
| 134|0x00000000a8600000, 0x00000000a8600000, 0x00000000a8700000|  0%| F|  |TAMS 0x00000000a8600000, 0x00000000a8600000| Untracked 
| 135|0x00000000a8700000, 0x00000000a8700000, 0x00000000a8800000|  0%| F|  |TAMS 0x00000000a8700000, 0x00000000a8700000| Untracked 
| 136|0x00000000a8800000, 0x00000000a8800000, 0x00000000a8900000|  0%| F|  |TAMS 0x00000000a8800000, 0x00000000a8800000| Untracked 
| 137|0x00000000a8900000, 0x00000000a8900000, 0x00000000a8a00000|  0%| F|  |TAMS 0x00000000a8900000, 0x00000000a8900000| Untracked 
| 138|0x00000000a8a00000, 0x00000000a8a00000, 0x00000000a8b00000|  0%| F|  |TAMS 0x00000000a8a00000, 0x00000000a8a00000| Untracked 
| 139|0x00000000a8b00000, 0x00000000a8b00000, 0x00000000a8c00000|  0%| F|  |TAMS 0x00000000a8b00000, 0x00000000a8b00000| Untracked 
| 140|0x00000000a8c00000, 0x00000000a8c00000, 0x00000000a8d00000|  0%| F|  |TAMS 0x00000000a8c00000, 0x00000000a8c00000| Untracked 
| 141|0x00000000a8d00000, 0x00000000a8d00000, 0x00000000a8e00000|  0%| F|  |TAMS 0x00000000a8d00000, 0x00000000a8d00000| Untracked 
| 142|0x00000000a8e00000, 0x00000000a8e00000, 0x00000000a8f00000|  0%| F|  |TAMS 0x00000000a8e00000, 0x00000000a8e00000| Untracked 
| 143|0x00000000a8f00000, 0x00000000a8f00000, 0x00000000a9000000|  0%| F|  |TAMS 0x00000000a8f00000, 0x00000000a8f00000| Untracked 
| 144|0x00000000a9000000, 0x00000000a9000000, 0x00000000a9100000|  0%| F|  |TAMS 0x00000000a9000000, 0x00000000a9000000| Untracked 
| 145|0x00000000a9100000, 0x00000000a9100000, 0x00000000a9200000|  0%| F|  |TAMS 0x00000000a9100000, 0x00000000a9100000| Untracked 
| 146|0x00000000a9200000, 0x00000000a9200000, 0x00000000a9300000|  0%| F|  |TAMS 0x00000000a9200000, 0x00000000a9200000| Untracked 
| 147|0x00000000a9300000, 0x00000000a9300000, 0x00000000a9400000|  0%| F|  |TAMS 0x00000000a9300000, 0x00000000a9300000| Untracked 
| 148|0x00000000a9400000, 0x00000000a9400000, 0x00000000a9500000|  0%| F|  |TAMS 0x00000000a9400000, 0x00000000a9400000| Untracked 
| 149|0x00000000a9500000, 0x00000000a9500000, 0x00000000a9600000|  0%| F|  |TAMS 0x00000000a9500000, 0x00000000a9500000| Untracked 
| 150|0x00000000a9600000, 0x00000000a9600000, 0x00000000a9700000|  0%| F|  |TAMS 0x00000000a9600000, 0x00000000a9600000| Untracked 
| 151|0x00000000a9700000, 0x00000000a9700000, 0x00000000a9800000|  0%| F|  |TAMS 0x00000000a9700000, 0x00000000a9700000| Untracked 
| 152|0x00000000a9800000, 0x00000000a9800000, 0x00000000a9900000|  0%| F|  |TAMS 0x00000000a9800000, 0x00000000a9800000| Untracked 
| 153|0x00000000a9900000, 0x00000000a9900000, 0x00000000a9a00000|  0%| F|  |TAMS 0x00000000a9900000, 0x00000000a9900000| Untracked 
| 154|0x00000000a9a00000, 0x00000000a9a00000, 0x00000000a9b00000|  0%| F|  |TAMS 0x00000000a9a00000, 0x00000000a9a00000| Untracked 
| 155|0x00000000a9b00000, 0x00000000a9b00000, 0x00000000a9c00000|  0%| F|  |TAMS 0x00000000a9b00000, 0x00000000a9b00000| Untracked 
| 156|0x00000000a9c00000, 0x00000000a9c00000, 0x00000000a9d00000|  0%| F|  |TAMS 0x00000000a9c00000, 0x00000000a9c00000| Untracked 
| 157|0x00000000a9d00000, 0x00000000a9d00000, 0x00000000a9e00000|  0%| F|  |TAMS 0x00000000a9d00000, 0x00000000a9d00000| Untracked 
| 158|0x00000000a9e00000, 0x00000000a9e00000, 0x00000000a9f00000|  0%| F|  |TAMS 0x00000000a9e00000, 0x00000000a9e00000| Untracked 
| 159|0x00000000a9f00000, 0x00000000a9f00000, 0x00000000aa000000|  0%| F|  |TAMS 0x00000000a9f00000, 0x00000000a9f00000| Untracked 
| 160|0x00000000aa000000, 0x00000000aa000000, 0x00000000aa100000|  0%| F|  |TAMS 0x00000000aa000000, 0x00000000aa000000| Untracked 
| 161|0x00000000aa100000, 0x00000000aa100000, 0x00000000aa200000|  0%| F|  |TAMS 0x00000000aa100000, 0x00000000aa100000| Untracked 
| 162|0x00000000aa200000, 0x00000000aa200000, 0x00000000aa300000|  0%| F|  |TAMS 0x00000000aa200000, 0x00000000aa200000| Untracked 
| 163|0x00000000aa300000, 0x00000000aa300000, 0x00000000aa400000|  0%| F|  |TAMS 0x00000000aa300000, 0x00000000aa300000| Untracked 
| 164|0x00000000aa400000, 0x00000000aa400000, 0x00000000aa500000|  0%| F|  |TAMS 0x00000000aa400000, 0x00000000aa400000| Untracked 
| 165|0x00000000aa500000, 0x00000000aa500000, 0x00000000aa600000|  0%| F|  |TAMS 0x00000000aa500000, 0x00000000aa500000| Untracked 
| 166|0x00000000aa600000, 0x00000000aa600000, 0x00000000aa700000|  0%| F|  |TAMS 0x00000000aa600000, 0x00000000aa600000| Untracked 
| 167|0x00000000aa700000, 0x00000000aa700000, 0x00000000aa800000|  0%| F|  |TAMS 0x00000000aa700000, 0x00000000aa700000| Untracked 
| 168|0x00000000aa800000, 0x00000000aa800000, 0x00000000aa900000|  0%| F|  |TAMS 0x00000000aa800000, 0x00000000aa800000| Untracked 
| 169|0x00000000aa900000, 0x00000000aa900000, 0x00000000aaa00000|  0%| F|  |TAMS 0x00000000aa900000, 0x00000000aa900000| Untracked 
| 170|0x00000000aaa00000, 0x00000000aaa00000, 0x00000000aab00000|  0%| F|  |TAMS 0x00000000aaa00000, 0x00000000aaa00000| Untracked 
| 171|0x00000000aab00000, 0x00000000aab00000, 0x00000000aac00000|  0%| F|  |TAMS 0x00000000aab00000, 0x00000000aab00000| Untracked 
| 172|0x00000000aac00000, 0x00000000aac00000, 0x00000000aad00000|  0%| F|  |TAMS 0x00000000aac00000, 0x00000000aac00000| Untracked 
| 173|0x00000000aad00000, 0x00000000aad00000, 0x00000000aae00000|  0%| F|  |TAMS 0x00000000aad00000, 0x00000000aad00000| Untracked 
| 174|0x00000000aae00000, 0x00000000aae00000, 0x00000000aaf00000|  0%| F|  |TAMS 0x00000000aae00000, 0x00000000aae00000| Untracked 
| 175|0x00000000aaf00000, 0x00000000aaf00000, 0x00000000ab000000|  0%| F|  |TAMS 0x00000000aaf00000, 0x00000000aaf00000| Untracked 
| 176|0x00000000ab000000, 0x00000000ab0d1960, 0x00000000ab100000| 81%| S|CS|TAMS 0x00000000ab000000, 0x00000000ab000000| Complete 
| 177|0x00000000ab100000, 0x00000000ab200000, 0x00000000ab200000|100%| S|CS|TAMS 0x00000000ab100000, 0x00000000ab100000| Complete 
| 178|0x00000000ab200000, 0x00000000ab300000, 0x00000000ab300000|100%| S|CS|TAMS 0x00000000ab200000, 0x00000000ab200000| Complete 
| 179|0x00000000ab300000, 0x00000000ab400000, 0x00000000ab400000|100%| S|CS|TAMS 0x00000000ab300000, 0x00000000ab300000| Complete 
| 180|0x00000000ab400000, 0x00000000ab500000, 0x00000000ab500000|100%| S|CS|TAMS 0x00000000ab400000, 0x00000000ab400000| Complete 
| 181|0x00000000ab500000, 0x00000000ab500000, 0x00000000ab600000|  0%| F|  |TAMS 0x00000000ab500000, 0x00000000ab500000| Untracked 
| 182|0x00000000ab600000, 0x00000000ab600000, 0x00000000ab700000|  0%| F|  |TAMS 0x00000000ab600000, 0x00000000ab600000| Untracked 
| 183|0x00000000ab700000, 0x00000000ab700000, 0x00000000ab800000|  0%| F|  |TAMS 0x00000000ab700000, 0x00000000ab700000| Untracked 
| 184|0x00000000ab800000, 0x00000000ab800000, 0x00000000ab900000|  0%| F|  |TAMS 0x00000000ab800000, 0x00000000ab800000| Untracked 
| 185|0x00000000ab900000, 0x00000000ab900000, 0x00000000aba00000|  0%| F|  |TAMS 0x00000000ab900000, 0x00000000ab900000| Untracked 
| 186|0x00000000aba00000, 0x00000000aba00000, 0x00000000abb00000|  0%| F|  |TAMS 0x00000000aba00000, 0x00000000aba00000| Untracked 
| 187|0x00000000abb00000, 0x00000000abb00000, 0x00000000abc00000|  0%| F|  |TAMS 0x00000000abb00000, 0x00000000abb00000| Untracked 
| 188|0x00000000abc00000, 0x00000000abc00000, 0x00000000abd00000|  0%| F|  |TAMS 0x00000000abc00000, 0x00000000abc00000| Untracked 
| 189|0x00000000abd00000, 0x00000000abd00000, 0x00000000abe00000|  0%| F|  |TAMS 0x00000000abd00000, 0x00000000abd00000| Untracked 
| 190|0x00000000abe00000, 0x00000000abe00000, 0x00000000abf00000|  0%| F|  |TAMS 0x00000000abe00000, 0x00000000abe00000| Untracked 
| 191|0x00000000abf00000, 0x00000000abf00000, 0x00000000ac000000|  0%| F|  |TAMS 0x00000000abf00000, 0x00000000abf00000| Untracked 
| 192|0x00000000ac000000, 0x00000000ac000000, 0x00000000ac100000|  0%| F|  |TAMS 0x00000000ac000000, 0x00000000ac000000| Untracked 
| 193|0x00000000ac100000, 0x00000000ac100000, 0x00000000ac200000|  0%| F|  |TAMS 0x00000000ac100000, 0x00000000ac100000| Untracked 
| 194|0x00000000ac200000, 0x00000000ac200000, 0x00000000ac300000|  0%| F|  |TAMS 0x00000000ac200000, 0x00000000ac200000| Untracked 
| 195|0x00000000ac300000, 0x00000000ac300000, 0x00000000ac400000|  0%| F|  |TAMS 0x00000000ac300000, 0x00000000ac300000| Untracked 
| 196|0x00000000ac400000, 0x00000000ac400000, 0x00000000ac500000|  0%| F|  |TAMS 0x00000000ac400000, 0x00000000ac400000| Untracked 
| 197|0x00000000ac500000, 0x00000000ac500000, 0x00000000ac600000|  0%| F|  |TAMS 0x00000000ac500000, 0x00000000ac500000| Untracked 
| 198|0x00000000ac600000, 0x00000000ac600000, 0x00000000ac700000|  0%| F|  |TAMS 0x00000000ac600000, 0x00000000ac600000| Untracked 
| 199|0x00000000ac700000, 0x00000000ac700000, 0x00000000ac800000|  0%| F|  |TAMS 0x00000000ac700000, 0x00000000ac700000| Untracked 
| 200|0x00000000ac800000, 0x00000000ac800000, 0x00000000ac900000|  0%| F|  |TAMS 0x00000000ac800000, 0x00000000ac800000| Untracked 
| 201|0x00000000ac900000, 0x00000000ac900000, 0x00000000aca00000|  0%| F|  |TAMS 0x00000000ac900000, 0x00000000ac900000| Untracked 
| 202|0x00000000aca00000, 0x00000000aca00000, 0x00000000acb00000|  0%| F|  |TAMS 0x00000000aca00000, 0x00000000aca00000| Untracked 
| 203|0x00000000acb00000, 0x00000000acb00000, 0x00000000acc00000|  0%| F|  |TAMS 0x00000000acb00000, 0x00000000acb00000| Untracked 
| 204|0x00000000acc00000, 0x00000000acc00000, 0x00000000acd00000|  0%| F|  |TAMS 0x00000000acc00000, 0x00000000acc00000| Untracked 
| 205|0x00000000acd00000, 0x00000000acd00000, 0x00000000ace00000|  0%| F|  |TAMS 0x00000000acd00000, 0x00000000acd00000| Untracked 
| 206|0x00000000ace00000, 0x00000000ace00000, 0x00000000acf00000|  0%| F|  |TAMS 0x00000000ace00000, 0x00000000ace00000| Untracked 
| 207|0x00000000acf00000, 0x00000000acf00000, 0x00000000ad000000|  0%| F|  |TAMS 0x00000000acf00000, 0x00000000acf00000| Untracked 
| 208|0x00000000ad000000, 0x00000000ad000000, 0x00000000ad100000|  0%| F|  |TAMS 0x00000000ad000000, 0x00000000ad000000| Untracked 
| 209|0x00000000ad100000, 0x00000000ad100000, 0x00000000ad200000|  0%| F|  |TAMS 0x00000000ad100000, 0x00000000ad100000| Untracked 
| 210|0x00000000ad200000, 0x00000000ad200000, 0x00000000ad300000|  0%| F|  |TAMS 0x00000000ad200000, 0x00000000ad200000| Untracked 
| 211|0x00000000ad300000, 0x00000000ad300000, 0x00000000ad400000|  0%| F|  |TAMS 0x00000000ad300000, 0x00000000ad300000| Untracked 
| 212|0x00000000ad400000, 0x00000000ad400000, 0x00000000ad500000|  0%| F|  |TAMS 0x00000000ad400000, 0x00000000ad400000| Untracked 
| 213|0x00000000ad500000, 0x00000000ad500000, 0x00000000ad600000|  0%| F|  |TAMS 0x00000000ad500000, 0x00000000ad500000| Untracked 
| 214|0x00000000ad600000, 0x00000000ad600000, 0x00000000ad700000|  0%| F|  |TAMS 0x00000000ad600000, 0x00000000ad600000| Untracked 
| 215|0x00000000ad700000, 0x00000000ad700000, 0x00000000ad800000|  0%| F|  |TAMS 0x00000000ad700000, 0x00000000ad700000| Untracked 
| 216|0x00000000ad800000, 0x00000000ad800000, 0x00000000ad900000|  0%| F|  |TAMS 0x00000000ad800000, 0x00000000ad800000| Untracked 
| 217|0x00000000ad900000, 0x00000000ad900000, 0x00000000ada00000|  0%| F|  |TAMS 0x00000000ad900000, 0x00000000ad900000| Untracked 
| 218|0x00000000ada00000, 0x00000000ada00000, 0x00000000adb00000|  0%| F|  |TAMS 0x00000000ada00000, 0x00000000ada00000| Untracked 
| 219|0x00000000adb00000, 0x00000000adb00000, 0x00000000adc00000|  0%| F|  |TAMS 0x00000000adb00000, 0x00000000adb00000| Untracked 
| 220|0x00000000adc00000, 0x00000000adc00000, 0x00000000add00000|  0%| F|  |TAMS 0x00000000adc00000, 0x00000000adc00000| Untracked 
| 221|0x00000000add00000, 0x00000000add00000, 0x00000000ade00000|  0%| F|  |TAMS 0x00000000add00000, 0x00000000add00000| Untracked 
| 222|0x00000000ade00000, 0x00000000ade00000, 0x00000000adf00000|  0%| F|  |TAMS 0x00000000ade00000, 0x00000000ade00000| Untracked 
| 223|0x00000000adf00000, 0x00000000adf00000, 0x00000000ae000000|  0%| F|  |TAMS 0x00000000adf00000, 0x00000000adf00000| Untracked 
| 224|0x00000000ae000000, 0x00000000ae000000, 0x00000000ae100000|  0%| F|  |TAMS 0x00000000ae000000, 0x00000000ae000000| Untracked 
| 225|0x00000000ae100000, 0x00000000ae100000, 0x00000000ae200000|  0%| F|  |TAMS 0x00000000ae100000, 0x00000000ae100000| Untracked 
| 226|0x00000000ae200000, 0x00000000ae200000, 0x00000000ae300000|  0%| F|  |TAMS 0x00000000ae200000, 0x00000000ae200000| Untracked 
| 227|0x00000000ae300000, 0x00000000ae300000, 0x00000000ae400000|  0%| F|  |TAMS 0x00000000ae300000, 0x00000000ae300000| Untracked 
| 228|0x00000000ae400000, 0x00000000ae400000, 0x00000000ae500000|  0%| F|  |TAMS 0x00000000ae400000, 0x00000000ae400000| Untracked 
| 229|0x00000000ae500000, 0x00000000ae500000, 0x00000000ae600000|  0%| F|  |TAMS 0x00000000ae500000, 0x00000000ae500000| Untracked 

Card table byte_map: [0x000001832e7d0000,0x000001832ead0000] _byte_map_base: 0x000001832e2d0000

Marking Bits (Prev, Next): (CMBitMap*) 0x0000018317c53c70, (CMBitMap*) 0x0000018317c53cb0
 Prev Bits: [0x000001832edd0000, 0x00000183305d0000)
 Next Bits: [0x00000183305d0000, 0x0000018331dd0000)

Polling page: 0x0000018315c00000

Metaspace:

Usage:
  Non-class:     74.41 MB used.
      Class:     11.89 MB used.
       Both:     86.31 MB used.

Virtual space:
  Non-class space:      128.00 MB reserved,      74.75 MB ( 58%) committed,  2 nodes.
      Class space:        1.00 GB reserved,      12.25 MB (  1%) committed,  1 nodes.
             Both:        1.12 GB reserved,      87.00 MB (  8%) committed. 

Chunk freelists:
   Non-Class:  4.39 MB
       Class:  3.72 MB
        Both:  8.11 MB

MaxMetaspaceSize: unlimited
CompressedClassSpaceSize: 1.00 GB
Initial GC threshold: 21.00 MB
Current GC threshold: 96.06 MB
CDS: on
MetaspaceReclaimPolicy: balanced
 - commit_granule_bytes: 65536.
 - commit_granule_words: 8192.
 - virtual_space_node_default_size: 8388608.
 - enlarge_chunks_in_place: 1.
 - new_chunks_are_fully_committed: 0.
 - uncommit_free_chunks: 1.
 - use_allocation_guard: 0.
 - handle_deallocations: 1.


Internal statistics:

num_allocs_failed_limit: 3.
num_arena_births: 852.
num_arena_deaths: 0.
num_vsnodes_births: 3.
num_vsnodes_deaths: 0.
num_space_committed: 1392.
num_space_uncommitted: 0.
num_chunks_returned_to_freelist: 3.
num_chunks_taken_from_freelist: 4366.
num_chunk_merges: 3.
num_chunk_splits: 2843.
num_chunks_enlarged: 1876.
num_inconsistent_stats: 0.

CodeHeap 'non-profiled nmethods': size=120000Kb used=5480Kb max_used=5480Kb free=114519Kb
 bounds [0x0000018326fa0000, 0x0000018327500000, 0x000001832e4d0000]
CodeHeap 'profiled nmethods': size=120000Kb used=19890Kb max_used=20241Kb free=100109Kb
 bounds [0x000001831f4d0000, 0x00000183208a0000, 0x0000018326a00000]
CodeHeap 'non-nmethods': size=5760Kb used=2418Kb max_used=2505Kb free=3341Kb
 bounds [0x0000018326a00000, 0x0000018326c90000, 0x0000018326fa0000]
 total_blobs=11290 nmethods=10336 adapters=866
 compilation: enabled
              stopped_count=0, restarted_count=0
 full_count=0

Compilation events (20 events):
Event: 106.602 Thread 0x0000018334252d00 12000       3       com.google.common.cache.LocalCache$AccessQueue::remove (44 bytes)
Event: 106.604 Thread 0x0000018334252d00 nmethod 12000 0x000001831f74e610 code [0x000001831f74e840, 0x000001831f74f0b8]
Event: 106.607 Thread 0x000001833424c9c0 12002       4       java.io.BufferedInputStream::fill (203 bytes)
Event: 106.622 Thread 0x000001833424c9c0 nmethod 12002 0x00000183274f5e90 code [0x00000183274f6040, 0x00000183274f6688]
Event: 106.622 Thread 0x000001833424c9c0 12003       4       java.lang.String::encode (48 bytes)
Event: 106.629 Thread 0x000001833424c9c0 nmethod 12003 0x00000183274f6910 code [0x00000183274f6ac0, 0x00000183274f6dc8]
Event: 106.698 Thread 0x000001833424c9c0 12004       4       org.gradle.internal.snapshot.impl.DirectorySnapshotter$PathVisitor::shouldVisit (92 bytes)
Event: 106.773 Thread 0x000001833424c9c0 nmethod 12004 0x00000183274f7010 code [0x00000183274f71e0, 0x00000183274f7e48]
Event: 106.773 Thread 0x000001833424c9c0 12006       4       com.google.common.cache.LocalCache$Strength$1::referenceValue (28 bytes)
Event: 106.775 Thread 0x000001833424c9c0 nmethod 12006 0x00000183274f8690 code [0x00000183274f8820, 0x00000183274f8918]
Event: 106.775 Thread 0x000001833424c9c0 12005       4       sun.nio.fs.WindowsPath$WindowsPathWithAttributes::getFileSystem (5 bytes)
Event: 106.776 Thread 0x000001833424c9c0 nmethod 12005 0x00000183274f8a10 code [0x00000183274f8b80, 0x00000183274f8bf8]
Event: 106.813 Thread 0x000001833424c9c0 12007       4       org.gradle.internal.snapshot.ChildMapFactory::childMapFromSorted (84 bytes)
Event: 106.825 Thread 0x000001833424c9c0 nmethod 12007 0x00000183274f8d10 code [0x00000183274f8ec0, 0x00000183274f9258]
Event: 106.867 Thread 0x000001833424c9c0 12008       4       com.google.common.util.concurrent.AbstractFuture$UnsafeAtomicHelper::casValue (13 bytes)
Event: 106.870 Thread 0x000001833424c9c0 nmethod 12008 0x00000183274f9510 code [0x00000183274f9680, 0x00000183274f97f8]
Event: 106.876 Thread 0x000001833424c9c0 12009       4       com.google.common.util.concurrent.AbstractFuture::set (33 bytes)
Event: 106.887 Thread 0x000001833424c9c0 nmethod 12009 0x00000183274f9890 code [0x00000183274f9a20, 0x00000183274f9d78]
Event: 106.900 Thread 0x000001833424c9c0 12010       4       java.util.stream.ForEachOps$ForEachOp$OfRef::accept (11 bytes)
Event: 106.902 Thread 0x000001833424c9c0 nmethod 12010 0x00000183274f9f10 code [0x00000183274fa080, 0x00000183274fa118]

GC Heap History (20 events):
Event: 68.775 GC heap after
{Heap after GC invocations=38 (full 0):
 garbage-first heap   total 117760K, used 67913K [0x00000000a0000000, 0x0000000100000000)
  region size 1024K, 1 young (1024K), 1 survivors (1024K)
 Metaspace       used 55575K, committed 56064K, reserved 1114112K
  class space    used 7525K, committed 7744K, reserved 1048576K
}
Event: 69.194 GC heap before
{Heap before GC invocations=38 (full 0):
 garbage-first heap   total 117760K, used 70985K [0x00000000a0000000, 0x0000000100000000)
  region size 1024K, 5 young (5120K), 1 survivors (1024K)
 Metaspace       used 56041K, committed 56576K, reserved 1114112K
  class space    used 7572K, committed 7808K, reserved 1048576K
}
Event: 69.199 GC heap after
{Heap after GC invocations=39 (full 0):
 garbage-first heap   total 117760K, used 67241K [0x00000000a0000000, 0x0000000100000000)
  region size 1024K, 1 young (1024K), 1 survivors (1024K)
 Metaspace       used 56041K, committed 56576K, reserved 1114112K
  class space    used 7572K, committed 7808K, reserved 1048576K
}
Event: 70.438 GC heap before
{Heap before GC invocations=39 (full 0):
 garbage-first heap   total 117760K, used 87721K [0x00000000a0000000, 0x0000000100000000)
  region size 1024K, 22 young (22528K), 1 survivors (1024K)
 Metaspace       used 58140K, committed 58688K, reserved 1114112K
  class space    used 7797K, committed 8064K, reserved 1048576K
}
Event: 70.459 GC heap after
{Heap after GC invocations=40 (full 0):
 garbage-first heap   total 235520K, used 67813K [0x00000000a0000000, 0x0000000100000000)
  region size 1024K, 1 young (1024K), 1 survivors (1024K)
 Metaspace       used 58140K, committed 58688K, reserved 1114112K
  class space    used 7797K, committed 8064K, reserved 1048576K
}
Event: 75.779 GC heap before
{Heap before GC invocations=41 (full 0):
 garbage-first heap   total 235520K, used 159973K [0x00000000a0000000, 0x0000000100000000)
  region size 1024K, 85 young (87040K), 1 survivors (1024K)
 Metaspace       used 63784K, committed 64384K, reserved 1114112K
  class space    used 8600K, committed 8896K, reserved 1048576K
}
Event: 75.805 GC heap after
{Heap after GC invocations=42 (full 0):
 garbage-first heap   total 235520K, used 74290K [0x00000000a0000000, 0x0000000100000000)
  region size 1024K, 8 young (8192K), 8 survivors (8192K)
 Metaspace       used 63784K, committed 64384K, reserved 1114112K
  class space    used 8600K, committed 8896K, reserved 1048576K
}
Event: 75.897 GC heap before
{Heap before GC invocations=42 (full 0):
 garbage-first heap   total 235520K, used 77362K [0x00000000a0000000, 0x0000000100000000)
  region size 1024K, 11 young (11264K), 8 survivors (8192K)
 Metaspace       used 64006K, committed 64576K, reserved 1114112K
  class space    used 8632K, committed 8896K, reserved 1048576K
}
Event: 75.921 GC heap after
{Heap after GC invocations=43 (full 0):
 garbage-first heap   total 235520K, used 74481K [0x00000000a0000000, 0x0000000100000000)
  region size 1024K, 1 young (1024K), 1 survivors (1024K)
 Metaspace       used 64006K, committed 64576K, reserved 1114112K
  class space    used 8632K, committed 8896K, reserved 1048576K
}
Event: 79.720 GC heap before
{Heap before GC invocations=43 (full 0):
 garbage-first heap   total 235520K, used 179953K [0x00000000a0000000, 0x0000000100000000)
  region size 1024K, 100 young (102400K), 1 survivors (1024K)
 Metaspace       used 70721K, committed 71360K, reserved 1114112K
  class space    used 9511K, committed 9792K, reserved 1048576K
}
Event: 79.773 GC heap after
{Heap after GC invocations=44 (full 0):
 garbage-first heap   total 235520K, used 83633K [0x00000000a0000000, 0x0000000100000000)
  region size 1024K, 6 young (6144K), 6 survivors (6144K)
 Metaspace       used 70721K, committed 71360K, reserved 1114112K
  class space    used 9511K, committed 9792K, reserved 1048576K
}
Event: 84.478 GC heap before
{Heap before GC invocations=44 (full 0):
 garbage-first heap   total 235520K, used 180913K [0x00000000a0000000, 0x0000000100000000)
  region size 1024K, 101 young (103424K), 6 survivors (6144K)
 Metaspace       used 77517K, committed 78144K, reserved 1179648K
  class space    used 10630K, committed 10944K, reserved 1048576K
}
Event: 84.577 GC heap after
{Heap after GC invocations=45 (full 0):
 garbage-first heap   total 235520K, used 88022K [0x00000000a0000000, 0x0000000100000000)
  region size 1024K, 11 young (11264K), 11 survivors (11264K)
 Metaspace       used 77517K, committed 78144K, reserved 1179648K
  class space    used 10630K, committed 10944K, reserved 1048576K
}
Event: 87.953 GC heap before
{Heap before GC invocations=45 (full 0):
 garbage-first heap   total 235520K, used 186326K [0x00000000a0000000, 0x0000000100000000)
  region size 1024K, 107 young (109568K), 11 survivors (11264K)
 Metaspace       used 83822K, committed 84480K, reserved 1179648K
  class space    used 11524K, committed 11840K, reserved 1048576K
}
Event: 88.296 GC heap after
{Heap after GC invocations=46 (full 0):
 garbage-first heap   total 235520K, used 94442K [0x00000000a0000000, 0x0000000100000000)
  region size 1024K, 11 young (11264K), 11 survivors (11264K)
 Metaspace       used 83822K, committed 84480K, reserved 1179648K
  class space    used 11524K, committed 11840K, reserved 1048576K
}
Event: 91.291 GC heap before
{Heap before GC invocations=46 (full 0):
 garbage-first heap   total 235520K, used 143594K [0x00000000a0000000, 0x0000000100000000)
  region size 1024K, 59 young (60416K), 11 survivors (11264K)
 Metaspace       used 87091K, committed 87808K, reserved 1179648K
  class space    used 12023K, committed 12352K, reserved 1048576K
}
Event: 91.434 GC heap after
{Heap after GC invocations=47 (full 0):
 garbage-first heap   total 235520K, used 98706K [0x00000000a0000000, 0x0000000100000000)
  region size 1024K, 5 young (5120K), 5 survivors (5120K)
 Metaspace       used 87091K, committed 87808K, reserved 1179648K
  class space    used 12023K, committed 12352K, reserved 1048576K
}
Event: 102.254 GC heap before
{Heap before GC invocations=47 (full 0):
 garbage-first heap   total 235520K, used 189842K [0x00000000a0000000, 0x0000000100000000)
  region size 1024K, 94 young (96256K), 5 survivors (5120K)
 Metaspace       used 88068K, committed 88768K, reserved 1179648K
  class space    used 12142K, committed 12480K, reserved 1048576K
}
Event: 102.519 GC heap after
{Heap after GC invocations=48 (full 0):
 garbage-first heap   total 235520K, used 103358K [0x00000000a0000000, 0x0000000100000000)
  region size 1024K, 10 young (10240K), 10 survivors (10240K)
 Metaspace       used 88068K, committed 88768K, reserved 1179648K
  class space    used 12142K, committed 12480K, reserved 1048576K
}
Event: 106.923 GC heap before
{Heap before GC invocations=48 (full 0):
 garbage-first heap   total 235520K, used 152510K [0x00000000a0000000, 0x0000000100000000)
  region size 1024K, 59 young (60416K), 10 survivors (10240K)
 Metaspace       used 88378K, committed 89088K, reserved 1179648K
  class space    used 12177K, committed 12544K, reserved 1048576K
}

Deoptimization events (20 events):
Event: 105.247 Thread 0x000001837cf06f20 DEOPT PACKING pc=0x00000183274c9bc0 sp=0x00000077100fa370
Event: 105.247 Thread 0x000001837cf06f20 DEOPT UNPACKING pc=0x0000018326a523a3 sp=0x00000077100fa2a0 mode 2
Event: 105.247 Thread 0x000001837cf06f20 Uncommon trap: trap_request=0xffffffbe fr.pc=0x00000183274c8de8 relative=0x0000000000000388
Event: 105.247 Thread 0x000001837cf06f20 Uncommon trap: reason=profile_predicate action=maybe_recompile pc=0x00000183274c8de8 method=java.util.Collections.indexedBinarySearch(Ljava/util/List;Ljava/lang/Object;Ljava/util/Comparator;)I @ 15 c2
Event: 105.247 Thread 0x000001837cf06f20 DEOPT PACKING pc=0x00000183274c8de8 sp=0x00000077100fa2f0
Event: 105.247 Thread 0x000001837cf06f20 DEOPT UNPACKING pc=0x0000018326a523a3 sp=0x00000077100fa2a0 mode 2
Event: 105.779 Thread 0x000001837cf06f20 Uncommon trap: trap_request=0xffffff76 fr.pc=0x00000183274c09b0 relative=0x0000000000000090
Event: 105.779 Thread 0x000001837cf06f20 Uncommon trap: reason=predicate action=maybe_recompile pc=0x00000183274c09b0 method=java.util.TimSort.binarySort([Ljava/lang/Object;IIILjava/util/Comparator;)V @ 34 c2
Event: 105.779 Thread 0x000001837cf06f20 DEOPT PACKING pc=0x00000183274c09b0 sp=0x00000077100fbf10
Event: 105.779 Thread 0x000001837cf06f20 DEOPT UNPACKING pc=0x0000018326a523a3 sp=0x00000077100fbec0 mode 2
Event: 105.788 Thread 0x000001837cf06f20 Uncommon trap: trap_request=0xffffffc6 fr.pc=0x00000183270d8540 relative=0x0000000000000760
Event: 105.788 Thread 0x000001837cf06f20 Uncommon trap: reason=bimorphic_or_optimized_type_check action=maybe_recompile pc=0x00000183270d8540 method=sun.security.provider.DigestBase.engineUpdate([BII)V @ 128 c2
Event: 105.788 Thread 0x000001837cf06f20 DEOPT PACKING pc=0x00000183270d8540 sp=0x00000077100fbc50
Event: 105.788 Thread 0x000001837cf06f20 DEOPT UNPACKING pc=0x0000018326a523a3 sp=0x00000077100fbc18 mode 2
Event: 106.044 Thread 0x000001837cf06f20 DEOPT PACKING pc=0x000001831ff3e34b sp=0x00000077100f9100
Event: 106.045 Thread 0x000001837cf06f20 DEOPT UNPACKING pc=0x0000018326a52b43 sp=0x00000077100f8610 mode 0
Event: 106.143 Thread 0x000001837cf06f20 Uncommon trap: trap_request=0xffffffde fr.pc=0x0000018327482ee4 relative=0x0000000000000324
Event: 106.143 Thread 0x000001837cf06f20 Uncommon trap: reason=class_check action=maybe_recompile pc=0x0000018327482ee4 method=com.google.common.collect.AbstractMapBasedMultimap.createCollection(Ljava/lang/Object;)Ljava/util/Collection; @ 1 c2
Event: 106.143 Thread 0x000001837cf06f20 DEOPT PACKING pc=0x0000018327482ee4 sp=0x00000077100f96d0
Event: 106.143 Thread 0x000001837cf06f20 DEOPT UNPACKING pc=0x0000018326a523a3 sp=0x00000077100f9690 mode 2

Classes unloaded (0 events):
No events

Classes redefined (0 events):
No events

Internal exceptions (20 events):
Event: 90.190 Thread 0x000001837b6e33e0 Exception <a 'sun/nio/fs/WindowsException'{0x00000000ac4377d8}> (0x00000000ac4377d8) 
thrown [s\open\src\hotspot\share\prims\jni.cpp, line 516]
Event: 90.225 Thread 0x000001837b6e33e0 Exception <a 'java/lang/NoSuchMethodError'{0x00000000ac1cc7f8}: 'int java.lang.invoke.DirectMethodHandle$Holder.invokeSpecial(java.lang.Object, java.lang.Object, java.lang.Object, java.lang.Object, java.lang.Object)'> (0x00000000ac1cc7f8) 
thrown [s\open\src\hotspot\share\interpreter\linkResolver.cpp, line 759]
Event: 90.253 Thread 0x000001837cf055d0 Exception <a 'sun/nio/fs/WindowsException'{0x00000000ac186cb0}> (0x00000000ac186cb0) 
thrown [s\open\src\hotspot\share\prims\jni.cpp, line 516]
Event: 90.255 Thread 0x000001837cf055d0 Exception <a 'sun/nio/fs/WindowsException'{0x00000000ac188e70}> (0x00000000ac188e70) 
thrown [s\open\src\hotspot\share\prims\jni.cpp, line 516]
Event: 90.256 Thread 0x000001837cf055d0 Exception <a 'sun/nio/fs/WindowsException'{0x00000000ac18aff0}> (0x00000000ac18aff0) 
thrown [s\open\src\hotspot\share\prims\jni.cpp, line 516]
Event: 90.257 Thread 0x000001837cf055d0 Exception <a 'sun/nio/fs/WindowsException'{0x00000000ac18d240}> (0x00000000ac18d240) 
thrown [s\open\src\hotspot\share\prims\jni.cpp, line 516]
Event: 90.328 Thread 0x000001837cf055d0 Exception <a 'java/lang/IncompatibleClassChangeError'{0x00000000ac0a73d0}: Found class java.lang.Object, but interface was expected> (0x00000000ac0a73d0) 
thrown [s\open\src\hotspot\share\interpreter\linkResolver.cpp, line 826]
Event: 91.557 Thread 0x000001837cf08d80 Exception <a 'java/lang/NoSuchMethodError'{0x00000000ae56a7b8}: 'java.lang.Object java.lang.invoke.DirectMethodHandle$Holder.invokeSpecialIFC(java.lang.Object, java.lang.Object, java.lang.Object)'> (0x00000000ae56a7b8) 
thrown [s\open\src\hotspot\share\interpreter\linkResolver.cpp, line 759]
Event: 91.561 Thread 0x000001837cf0a1c0 Exception <a 'java/lang/NoSuchMethodError'{0x00000000ae5cf9f0}: 'java.lang.Object java.lang.invoke.DirectMethodHandle$Holder.invokeSpecialIFC(java.lang.Object, java.lang.Object, java.lang.Object)'> (0x00000000ae5cf9f0) 
thrown [s\open\src\hotspot\share\interpreter\linkResolver.cpp, line 759]
Event: 94.224 Thread 0x000001837cf055d0 Implicit null exception at 0x000001832711ff60 to 0x000001832711fff8
Event: 94.232 Thread 0x000001837cf08d80 Implicit null exception at 0x000001832711ff60 to 0x000001832711fff8
Event: 94.267 Thread 0x000001837cf08d80 Exception <a 'java/lang/NoSuchMethodError'{0x00000000abe56400}: 'void java.lang.invoke.DirectMethodHandle$Holder.invokeVirtual(java.lang.Object, java.lang.Object)'> (0x00000000abe56400) 
thrown [s\open\src\hotspot\share\interpreter\linkResolver.cpp, line 759]
Event: 97.253 Thread 0x000001837cf055d0 Exception <a 'java/lang/NoSuchMethodError'{0x00000000aa2db320}: 'int java.lang.invoke.DirectMethodHandle$Holder.invokeStaticInit(java.lang.Object, java.lang.Object, java.lang.Object, java.lang.Object, java.lang.Object)'> (0x00000000aa2db320) 
thrown [s\open\src\hotspot\share\interpreter\linkResolver.cpp, line 759]
Event: 104.808 Thread 0x000001837cf0b0f0 Implicit null exception at 0x00000183271cc8c0 to 0x00000183271cd100
Event: 105.772 Thread 0x000001837cf06f20 Exception <a 'java/lang/NoSuchMethodError'{0x00000000aca8b778}: static Lcom/android/build/gradle/internal/scope/InternalArtifactType;.<clinit>()V> (0x00000000aca8b778) 
thrown [s\open\src\hotspot\share\prims\jni.cpp, line 1112]
Event: 105.779 Thread 0x000001837cf06f20 Exception <a 'java/lang/NoSuchMethodError'{0x00000000aca8dc88}: static Lcom/android/build/gradle/internal/scope/InternalArtifactType;.<clinit>()V> (0x00000000aca8dc88) 
thrown [s\open\src\hotspot\share\prims\jni.cpp, line 1112]
Event: 105.780 Thread 0x000001837cf06f20 Exception <a 'java/lang/NoSuchMethodError'{0x00000000aca90e28}: static Lcom/android/build/api/artifact/Artifact$Single;.<clinit>()V> (0x00000000aca90e28) 
thrown [s\open\src\hotspot\share\prims\jni.cpp, line 1112]
Event: 105.781 Thread 0x000001837cf06f20 Exception <a 'java/lang/NoSuchMethodError'{0x00000000aca93660}: static Ljava/lang/Object;.<clinit>()V> (0x00000000aca93660) 
thrown [s\open\src\hotspot\share\prims\jni.cpp, line 1112]
Event: 105.787 Thread 0x000001837cf06f20 Exception <a 'java/lang/NoSuchMethodError'{0x00000000acaacff8}: static Lcom/android/build/api/artifact/ArtifactKind;.<clinit>()V> (0x00000000acaacff8) 
thrown [s\open\src\hotspot\share\prims\jni.cpp, line 1112]
Event: 105.789 Thread 0x000001837cf06f20 Exception <a 'java/lang/NoSuchMethodError'{0x00000000acab0fb8}: static Lcom/android/build/api/artifact/ArtifactKind;.<clinit>()V> (0x00000000acab0fb8) 
thrown [s\open\src\hotspot\share\prims\jni.cpp, line 1112]

VM Operations (20 events):
Event: 99.153 Executing VM operation: Cleanup done
Event: 100.154 Executing VM operation: Cleanup
Event: 100.168 Executing VM operation: Cleanup done
Event: 101.182 Executing VM operation: Cleanup
Event: 101.182 Executing VM operation: Cleanup done
Event: 102.182 Executing VM operation: Cleanup
Event: 102.198 Executing VM operation: Cleanup done
Event: 102.250 Executing VM operation: G1CollectForAllocation
Event: 102.521 Executing VM operation: G1CollectForAllocation done
Event: 103.522 Executing VM operation: Cleanup
Event: 103.588 Executing VM operation: Cleanup done
Event: 104.598 Executing VM operation: Cleanup
Event: 104.599 Executing VM operation: Cleanup done
Event: 105.612 Executing VM operation: Cleanup
Event: 105.612 Executing VM operation: Cleanup done
Event: 106.007 Executing VM operation: HandshakeAllThreads
Event: 106.016 Executing VM operation: HandshakeAllThreads done
Event: 106.022 Executing VM operation: HandshakeAllThreads
Event: 106.022 Executing VM operation: HandshakeAllThreads done
Event: 106.923 Executing VM operation: G1CollectForAllocation

Events (20 events):
Event: 105.768 loading class java/io/ObjectStreamClass$1
Event: 105.769 loading class java/io/ObjectStreamClass$1 done
Event: 105.770 loading class java/io/ObjectStreamClass$MemberSignature
Event: 105.771 loading class java/io/ObjectStreamClass$MemberSignature done
Event: 105.771 loading class java/io/ObjectStreamClass$3
Event: 105.771 loading class java/io/ObjectStreamClass$3 done
Event: 105.773 loading class java/io/ObjectStreamClass$4
Event: 105.774 loading class java/io/ObjectStreamClass$4 done
Event: 105.774 loading class java/io/ObjectStreamClass$5
Event: 105.774 loading class java/io/ObjectStreamClass$5 done
Event: 105.781 loading class java/io/ObjectStreamClass$ClassDataSlot
Event: 105.782 loading class java/io/ObjectStreamClass$ClassDataSlot done
Event: 105.782 loading class java/io/ObjectStreamClass$ExceptionInfo
Event: 105.782 loading class java/io/ObjectStreamClass$ExceptionInfo done
Event: 105.789 loading class jdk/internal/reflect/UnsafeQualifiedStaticLongFieldAccessorImpl
Event: 105.791 loading class jdk/internal/reflect/UnsafeQualifiedStaticLongFieldAccessorImpl done
Event: 106.050 Thread 0x000001837e1bafc0 Thread added: 0x000001837e1bafc0
Event: 106.150 Thread 0x000001837e1b5ec0 Thread added: 0x000001837e1b5ec0
Event: 106.151 Thread 0x000001837e1bbef0 Thread added: 0x000001837e1bbef0
Event: 106.152 Thread 0x000001837e1b8c50 Thread added: 0x000001837e1b8c50


Dynamic libraries:
0x00007ff7b6110000 - 0x00007ff7b6120000 	C:\Program Files\Java\jdk-17\bin\java.exe
0x00007ff96c9d0000 - 0x00007ff96cbc8000 	C:\WINDOWS\SYSTEM32\ntdll.dll
0x00007ff96c870000 - 0x00007ff96c92d000 	C:\WINDOWS\System32\KERNEL32.DLL
0x00007ff96a1f0000 - 0x00007ff96a4e6000 	C:\WINDOWS\System32\KERNELBASE.dll
0x00007ff96a0c0000 - 0x00007ff96a1c0000 	C:\WINDOWS\System32\ucrtbase.dll
0x00007ff963160000 - 0x00007ff963179000 	C:\Program Files\Java\jdk-17\bin\jli.dll
0x00007ff960940000 - 0x00007ff96095b000 	C:\Program Files\Java\jdk-17\bin\VCRUNTIME140.dll
0x00007ff96aa10000 - 0x00007ff96aac0000 	C:\WINDOWS\System32\ADVAPI32.dll
0x00007ff96b910000 - 0x00007ff96b9ae000 	C:\WINDOWS\System32\msvcrt.dll
0x00007ff96b7b0000 - 0x00007ff96b850000 	C:\WINDOWS\System32\sechost.dll
0x00007ff96b310000 - 0x00007ff96b433000 	C:\WINDOWS\System32\RPCRT4.dll
0x00007ff96a1c0000 - 0x00007ff96a1e7000 	C:\WINDOWS\System32\bcrypt.dll
0x00007ff96b5a0000 - 0x00007ff96b73f000 	C:\WINDOWS\System32\USER32.dll
0x00007ff96a090000 - 0x00007ff96a0b2000 	C:\WINDOWS\System32\win32u.dll
0x00007ff96b850000 - 0x00007ff96b87b000 	C:\WINDOWS\System32\GDI32.dll
0x00007ff953f00000 - 0x00007ff95419a000 	C:\WINDOWS\WinSxS\amd64_microsoft.windows.common-controls_6595b64144ccf1df_6.0.19041.4355_none_60b8b9eb71f62e16\COMCTL32.dll
0x00007ff96a740000 - 0x00007ff96a857000 	C:\WINDOWS\System32\gdi32full.dll
0x00007ff96a540000 - 0x00007ff96a5dd000 	C:\WINDOWS\System32\msvcp_win.dll
0x00007ff961130000 - 0x00007ff96113a000 	C:\WINDOWS\SYSTEM32\VERSION.dll
0x00007ff96b570000 - 0x00007ff96b59f000 	C:\WINDOWS\System32\IMM32.DLL
0x00007ff9627f0000 - 0x00007ff9627fc000 	C:\Program Files\Java\jdk-17\bin\vcruntime140_1.dll
0x00007ff9532b0000 - 0x00007ff95333e000 	C:\Program Files\Java\jdk-17\bin\msvcp140.dll
0x00007ff913330000 - 0x00007ff913f10000 	C:\Program Files\Java\jdk-17\bin\server\jvm.dll
0x00007ff96aac0000 - 0x00007ff96aac8000 	C:\WINDOWS\System32\PSAPI.DLL
0x00007ff967fd0000 - 0x00007ff967fd9000 	C:\WINDOWS\SYSTEM32\WSOCK32.dll
0x00007ff956920000 - 0x00007ff956947000 	C:\WINDOWS\SYSTEM32\WINMM.dll
0x00007ff96b740000 - 0x00007ff96b7ab000 	C:\WINDOWS\System32\WS2_32.dll
0x00007ff9688a0000 - 0x00007ff9688b2000 	C:\WINDOWS\SYSTEM32\kernel.appcore.dll
0x00007ff960c30000 - 0x00007ff960c3a000 	C:\Program Files\Java\jdk-17\bin\jimage.dll
0x00007ff967c70000 - 0x00007ff967e54000 	C:\WINDOWS\SYSTEM32\DBGHELP.DLL
0x00007ff961c70000 - 0x00007ff961ca4000 	C:\WINDOWS\SYSTEM32\dbgcore.DLL
0x00007ff96a980000 - 0x00007ff96aa02000 	C:\WINDOWS\System32\bcryptPrimitives.dll
0x00007ff9604d0000 - 0x00007ff9604de000 	C:\Program Files\Java\jdk-17\bin\instrument.dll
0x00007ff95a900000 - 0x00007ff95a925000 	C:\Program Files\Java\jdk-17\bin\java.dll
0x00007ff94e170000 - 0x00007ff94e247000 	C:\Program Files\Java\jdk-17\bin\jsvml.dll
0x00007ff96aaf0000 - 0x00007ff96b25c000 	C:\WINDOWS\System32\SHELL32.dll
0x00007ff9680f0000 - 0x00007ff96888d000 	C:\WINDOWS\SYSTEM32\windows.storage.dll
0x00007ff96c310000 - 0x00007ff96c663000 	C:\WINDOWS\System32\combase.dll
0x00007ff969ab0000 - 0x00007ff969ade000 	C:\WINDOWS\SYSTEM32\Wldp.dll
0x00007ff96b9c0000 - 0x00007ff96ba8d000 	C:\WINDOWS\System32\OLEAUT32.dll
0x00007ff96baf0000 - 0x00007ff96bb9d000 	C:\WINDOWS\System32\SHCORE.dll
0x00007ff96bc20000 - 0x00007ff96bc75000 	C:\WINDOWS\System32\shlwapi.dll
0x00007ff969fc0000 - 0x00007ff969fe4000 	C:\WINDOWS\SYSTEM32\profapi.dll
0x00007ff95a8a0000 - 0x00007ff95a8b8000 	C:\Program Files\Java\jdk-17\bin\zip.dll
0x00007ff95a800000 - 0x00007ff95a819000 	C:\Program Files\Java\jdk-17\bin\net.dll
0x00007ff960600000 - 0x00007ff96070a000 	C:\WINDOWS\SYSTEM32\WINHTTP.dll
0x00007ff969810000 - 0x00007ff96987a000 	C:\WINDOWS\system32\mswsock.dll
0x00007ff95a7a0000 - 0x00007ff95a7b6000 	C:\Program Files\Java\jdk-17\bin\nio.dll
0x00007ff960a10000 - 0x00007ff960a20000 	C:\Program Files\Java\jdk-17\bin\verify.dll
0x00007ff93ba70000 - 0x00007ff93ba97000 	C:\Users\Violin\.gradle\native\c067742578af261105cb4f569cf0c3c89f3d7b1fecec35dd04571415982c5e48\windows-amd64\native-platform.dll
0x00007ff93d6c0000 - 0x00007ff93d804000 	C:\Users\Violin\.gradle\native\38dada09dfb8b06ba9b0570ebf7e218e3eb74d4ef43ca46872605cf95ebc2f47\windows-amd64\native-platform-file-events.dll
0x00007ff95a890000 - 0x00007ff95a89a000 	C:\Program Files\Java\jdk-17\bin\management.dll
0x00007ff95a7f0000 - 0x00007ff95a7fb000 	C:\Program Files\Java\jdk-17\bin\management_ext.dll
0x00007ff969a10000 - 0x00007ff969a28000 	C:\WINDOWS\SYSTEM32\CRYPTSP.dll
0x00007ff9690c0000 - 0x00007ff9690f4000 	C:\WINDOWS\system32\rsaenh.dll
0x00007ff969f70000 - 0x00007ff969f9e000 	C:\WINDOWS\SYSTEM32\USERENV.dll
0x00007ff969a00000 - 0x00007ff969a0c000 	C:\WINDOWS\SYSTEM32\CRYPTBASE.dll
0x00007ff9694a0000 - 0x00007ff9694db000 	C:\WINDOWS\SYSTEM32\IPHLPAPI.DLL
0x00007ff96c2a0000 - 0x00007ff96c2a8000 	C:\WINDOWS\System32\NSI.dll
0x00007ff961110000 - 0x00007ff961127000 	C:\WINDOWS\SYSTEM32\dhcpcsvc6.DLL
0x00007ff961a70000 - 0x00007ff961a8d000 	C:\WINDOWS\SYSTEM32\dhcpcsvc.DLL
0x00007ff9694f0000 - 0x00007ff9695ba000 	C:\WINDOWS\SYSTEM32\DNSAPI.dll
0x00007ff95a730000 - 0x00007ff95a73e000 	C:\Program Files\Java\jdk-17\bin\sunmscapi.dll
0x00007ff96a5e0000 - 0x00007ff96a73e000 	C:\WINDOWS\System32\CRYPT32.dll
0x00007ff969b20000 - 0x00007ff969b49000 	C:\WINDOWS\SYSTEM32\ncrypt.dll
0x00007ff969ae0000 - 0x00007ff969b1b000 	C:\WINDOWS\SYSTEM32\NTASN1.dll
0x00007ff964540000 - 0x00007ff964547000 	C:\WINDOWS\system32\wshunix.dll
0x00007ff95a9b0000 - 0x00007ff95a9ba000 	C:\Windows\System32\rasadhlp.dll
0x00007ff95af20000 - 0x00007ff95afa0000 	C:\WINDOWS\System32\fwpuclnt.dll

dbghelp: loaded successfully - version: 4.0.5 - missing functions: none
symbol engine: initialized successfully - sym options: 0x614 - pdb path: .;C:\Program Files\Java\jdk-17\bin;C:\WINDOWS\SYSTEM32;C:\WINDOWS\WinSxS\amd64_microsoft.windows.common-controls_6595b64144ccf1df_6.0.19041.4355_none_60b8b9eb71f62e16;C:\Program Files\Java\jdk-17\bin\server;C:\Users\Violin\.gradle\native\c067742578af261105cb4f569cf0c3c89f3d7b1fecec35dd04571415982c5e48\windows-amd64;C:\Users\Violin\.gradle\native\38dada09dfb8b06ba9b0570ebf7e218e3eb74d4ef43ca46872605cf95ebc2f47\windows-amd64

VM Arguments:
jvm_args: --add-opens=java.base/java.util=ALL-UNNAMED --add-opens=java.base/java.lang=ALL-UNNAMED --add-opens=java.base/java.lang.invoke=ALL-UNNAMED --add-opens=java.prefs/java.util.prefs=ALL-UNNAMED --add-opens=java.base/java.nio.charset=ALL-UNNAMED --add-opens=java.base/java.net=ALL-UNNAMED --add-opens=java.base/java.util.concurrent.atomic=ALL-UNNAMED -Xmx1536m -Dfile.encoding=UTF-8 -Duser.country=KR -Duser.language=ko -Duser.variant -javaagent:C:\Users\Violin\.gradle\wrapper\dists\gradle-8.7-bin\bhs2wmbdwecv87pi65oeuq5iu\gradle-8.7\lib\agents\gradle-instrumentation-agent-8.7.jar 
java_command: org.gradle.launcher.daemon.bootstrap.GradleDaemon 8.7
java_class_path (initial): C:\Users\Violin\.gradle\wrapper\dists\gradle-8.7-bin\bhs2wmbdwecv87pi65oeuq5iu\gradle-8.7\lib\gradle-launcher-8.7.jar
Launcher Type: SUN_STANDARD

[Global flags]
     intx CICompilerCount                          = 3                                         {product} {ergonomic}
     uint ConcGCThreads                            = 1                                         {product} {ergonomic}
     uint G1ConcRefinementThreads                  = 4                                         {product} {ergonomic}
   size_t G1HeapRegionSize                         = 1048576                                   {product} {ergonomic}
    uintx GCDrainStackTargetSize                   = 64                                        {product} {ergonomic}
   size_t InitialHeapSize                          = 67108864                                  {product} {ergonomic}
   size_t MarkStackSize                            = 4194304                                   {product} {ergonomic}
   size_t MaxHeapSize                              = 1610612736                                {product} {command line}
   size_t MaxNewSize                               = 965738496                                 {product} {ergonomic}
   size_t MinHeapDeltaBytes                        = 1048576                                   {product} {ergonomic}
   size_t MinHeapSize                              = 8388608                                   {product} {ergonomic}
    uintx NonNMethodCodeHeapSize                   = 5832780                                {pd product} {ergonomic}
    uintx NonProfiledCodeHeapSize                  = 122912730                              {pd product} {ergonomic}
    uintx ProfiledCodeHeapSize                     = 122912730                              {pd product} {ergonomic}
    uintx ReservedCodeCacheSize                    = 251658240                              {pd product} {ergonomic}
     bool SegmentedCodeCache                       = true                                      {product} {ergonomic}
   size_t SoftMaxHeapSize                          = 1610612736                             {manageable} {ergonomic}
     bool UseCompressedClassPointers               = true                           {product lp64_product} {ergonomic}
     bool UseCompressedOops                        = true                           {product lp64_product} {ergonomic}
     bool UseG1GC                                  = true                                      {product} {ergonomic}
     bool UseLargePagesIndividualAllocation        = false                                  {pd product} {ergonomic}

Logging:
Log output configuration:
 #0: stdout all=warning uptime,level,tags
 #1: stderr all=off uptime,level,tags

Environment Variables:
JAVA_HOME=C:/Program Files/Java/jdk-17
CLASSPATH=C:\Users\Violin\AndroidStudioProjects\Simple Bank Manager\\gradle\wrapper\gradle-wrapper.jar
PATH=C:\Program Files\Common Files\Oracle\Java\javapath;C:\Program Files (x86)\Intel\iCLS Client\;C:\Program Files\Intel\iCLS Client\;C:\WINDOWS\system32;C:\WINDOWS;C:\WINDOWS\System32\Wbem;C:\WINDOWS\System32\WindowsPowerShell\v1.0\;C:\Program Files\Intel\WiFi\bin\;C:\Program Files\Common Files\Intel\WirelessCommon\;C:\Program Files (x86)\Intel\Intel(R) Management Engine Components\DAL;C:\Program Files\Intel\Intel(R) Management Engine Components\DAL;C:\Program Files (x86)\Intel\Intel(R) Management Engine Components\IPT;C:\Program Files\Intel\Intel(R) Management Engine Components\IPT;C:\WINDOWS\System32\OpenSSH\;C:\Program Files\Git\cmd;C:\Gradle\gradle-8.7\bin;C:\Program Files\dotnet\;C:\Users\Violin\SDKs\platform-tools-latest-windows\platform-tools;C:\Users\Violin\AppData\Local\Microsoft\WindowsApps;C:\Users\Violin\AppData\Local\GitHubDesktop\bin;C:\Users\Violin\SDKs\platform-tools-latest-windows\platform-tools;
USERNAME=Violin
OS=Windows_NT
PROCESSOR_IDENTIFIER=Intel64 Family 6 Model 78 Stepping 3, GenuineIntel



---------------  S Y S T E M  ---------------

OS:
 Windows 10 , 64 bit Build 19041 (10.0.19041.3636)
OS uptime: 42 days 21:42 hours

CPU: total 4 (initial active 4) (2 cores per cpu, 2 threads per core) family 6 model 78 stepping 3 microcode 0xcc, cx8, cmov, fxsr, ht, mmx, 3dnowpref, sse, sse2, sse3, ssse3, sse4.1, sse4.2, popcnt, lzcnt, tsc, tscinvbit, avx, avx2, aes, erms, clmul, bmi1, bmi2, adx, fma, vzeroupper, clflush, clflushopt

Memory: 4k page, system-wide physical 4010M (200M free)
TotalPageFile size 16298M (AvailPageFile size 134M)
current process WorkingSet (physical memory assigned to process): 234M, peak: 336M
current process commit charge ("private bytes"): 502M, peak: 705M

vm_info: Java HotSpot(TM) 64-Bit Server VM (17.0.11+7-LTS-207) for windows-amd64 JRE (17.0.11+7-LTS-207), built on Mar 11 2024 19:01:50 by "mach5one" with MS VC++ 17.6 (VS2022)

END.
