#
# There is insufficient memory for the Java Runtime Environment to continue.
# Native memory allocation (mmap) failed to map 8388608 bytes for G1 virtual space
# Possible reasons:
#   The system is out of physical RAM or swap space
#   The process is running with CompressedOops enabled, and the Java Heap may be blocking the growth of the native heap
# Possible solutions:
#   Reduce memory load on the system
#   Increase physical memory or swap space
#   Check if swap backing store is full
#   Decrease Java heap size (-Xmx/-Xms)
#   Decrease number of Java threads
#   Decrease Java thread stack sizes (-Xss)
#   Set larger code cache with -XX:ReservedCodeCacheSize=
#   JVM is running with Unscaled Compressed Oops mode in which the Java heap is
#     placed in the first 4GB address space. The Java Heap base address is the
#     maximum limit for the native heap growth. Please use -XX:HeapBaseMinAddress
#     to set the Java Heap base and to place the Java Heap above 4GB virtual address.
# This output file may be truncated or incomplete.
#
#  Out of Memory Error (os_windows.cpp:3548), pid=15872, tid=29280
#
# JRE version: Java(TM) SE Runtime Environment (17.0.11+7) (build 17.0.11+7-LTS-207)
# Java VM: Java HotSpot(TM) 64-Bit Server VM (17.0.11+7-LTS-207, mixed mode, sharing, tiered, compressed oops, compressed class ptrs, g1 gc, windows-amd64)
# No core dump will be written. Minidumps are not enabled by default on client versions of Windows
#

---------------  S U M M A R Y ------------

Command Line: -Djava.awt.headless=true -Dorg.gradle.internal.worker.tmpdir=C:\Users\Violin\AndroidStudioProjects\Simple Bank Manager\Simple Bank Manager\task\build\tmp\testDebugUnitTest\work -Dorg.gradle.native=false -Xmx512m -Dfile.encoding=x-windows-949 -Duser.country=KR -Duser.language=ko -Duser.variant -ea worker.org.gradle.process.internal.worker.GradleWorkerMain 'Gradle Test Executor 1'

Host: Intel(R) Core(TM) i5-6200U CPU @ 2.30GHz, 4 cores, 3G,  Windows 10 , 64 bit Build 19041 (10.0.19041.3636)
Time: Fri Aug  2 01:28:48 2024  Windows 10 , 64 bit Build 19041 (10.0.19041.3636) elapsed time: 30.746327 seconds (0d 0h 0m 30s)

---------------  T H R E A D  ---------------

Current thread (0x0000025efa020bb0):  VMThread "VM Thread" [stack: 0x00000063dab00000,0x00000063dac00000] [id=29280]

Stack: [0x00000063dab00000,0x00000063dac00000]
Native frames: (J=compiled Java code, j=interpreted, Vv=VM code, C=native code)
V  [jvm.dll+0x679cca]
V  [jvm.dll+0x7da13d]
V  [jvm.dll+0x7dba83]
V  [jvm.dll+0x7dc0f3]
V  [jvm.dll+0x2449af]
V  [jvm.dll+0x676ce9]
V  [jvm.dll+0x66b852]
V  [jvm.dll+0x3018d6]
V  [jvm.dll+0x308e76]
V  [jvm.dll+0x3596ee]
V  [jvm.dll+0x35991f]
V  [jvm.dll+0x2d89a8]
V  [jvm.dll+0x2dba16]
V  [jvm.dll+0x2e611b]
V  [jvm.dll+0x31a1a0]
V  [jvm.dll+0x7e09eb]
V  [jvm.dll+0x7e1724]
V  [jvm.dll+0x7e1c3d]
V  [jvm.dll+0x7e2014]
V  [jvm.dll+0x7e20e0]
V  [jvm.dll+0x78a85a]
V  [jvm.dll+0x678bb5]
C  [ucrtbase.dll+0x21bb2]
C  [KERNEL32.DLL+0x17344]
C  [ntdll.dll+0x4cc91]

VM_Operation (0x00000063da7ff7c0): G1Concurrent, mode: safepoint, requested by thread 0x0000025ef9fc8a90


---------------  P R O C E S S  ---------------

Threads class SMR info:
_java_thread_list=0x0000025edcd5b3c0, length=16, elements={
0x0000025ef9f90530, 0x0000025efa029770, 0x0000025efa02a5f0, 0x0000025e96944fc0,
0x0000025e969489b0, 0x0000025e96949370, 0x0000025e96949d30, 0x0000025e9694ca30,
0x0000025e96990730, 0x0000025efa04e370, 0x0000025e96c478e0, 0x0000025e96c50080,
0x0000025edc235e70, 0x0000025e96adaa60, 0x0000025edc278280, 0x0000025edce4b450
}

Java Threads: ( => current thread )
  0x0000025ef9f90530 JavaThread "Test worker" [_thread_blocked, id=42028, stack(0x00000063da500000,0x00000063da600000)]
  0x0000025efa029770 JavaThread "Reference Handler" daemon [_thread_blocked, id=28548, stack(0x00000063dac00000,0x00000063dad00000)]
  0x0000025efa02a5f0 JavaThread "Finalizer" daemon [_thread_blocked, id=31548, stack(0x00000063dad00000,0x00000063dae00000)]
  0x0000025e96944fc0 JavaThread "Signal Dispatcher" daemon [_thread_blocked, id=14436, stack(0x00000063dae00000,0x00000063daf00000)]
  0x0000025e969489b0 JavaThread "Attach Listener" daemon [_thread_blocked, id=18732, stack(0x00000063daf00000,0x00000063db000000)]
  0x0000025e96949370 JavaThread "Service Thread" daemon [_thread_blocked, id=43816, stack(0x00000063db000000,0x00000063db100000)]
  0x0000025e96949d30 JavaThread "Monitor Deflation Thread" daemon [_thread_blocked, id=9092, stack(0x00000063db100000,0x00000063db200000)]
  0x0000025e9694ca30 JavaThread "C2 CompilerThread0" daemon [_thread_blocked, id=45172, stack(0x00000063db200000,0x00000063db300000)]
  0x0000025e96990730 JavaThread "C1 CompilerThread0" daemon [_thread_blocked, id=34744, stack(0x00000063db300000,0x00000063db400000)]
  0x0000025efa04e370 JavaThread "Sweeper thread" daemon [_thread_blocked, id=44092, stack(0x00000063db400000,0x00000063db500000)]
  0x0000025e96c478e0 JavaThread "Notification Thread" daemon [_thread_blocked, id=26292, stack(0x00000063db500000,0x00000063db600000)]
  0x0000025e96c50080 JavaThread "Common-Cleaner" daemon [_thread_blocked, id=42548, stack(0x00000063db700000,0x00000063db800000)]
  0x0000025edc235e70 JavaThread "/127.0.0.1:57131 to /127.0.0.1:57130 workers" [_thread_blocked, id=26104, stack(0x00000063dbd00000,0x00000063dbe00000)]
  0x0000025e96adaa60 JavaThread "/127.0.0.1:57131 to /127.0.0.1:57130 workers Thread 2" [_thread_blocked, id=25780, stack(0x00000063dbe00000,0x00000063dbf00000)]
  0x0000025edc278280 JavaThread "/127.0.0.1:57131 to /127.0.0.1:57130 workers Thread 3" [_thread_in_native, id=44636, stack(0x00000063dbf00000,0x00000063dc000000)]
  0x0000025edce4b450 JavaThread "SDK 29 Main Thread" [_thread_in_native, id=38916, stack(0x00000063dc000000,0x00000063dc100000)]

Other Threads:
=>0x0000025efa020bb0 VMThread "VM Thread" [stack: 0x00000063dab00000,0x00000063dac00000] [id=29280]
  0x0000025e96c4dde0 WatcherThread [stack: 0x00000063db600000,0x00000063db700000] [id=44500]
  0x0000025ef9fc4b50 GCTaskThread "GC Thread#0" [stack: 0x00000063da600000,0x00000063da700000] [id=45040]
  0x0000025edc1add80 GCTaskThread "GC Thread#1" [stack: 0x00000063db800000,0x00000063db900000] [id=42308]
  0x0000025edc1ef3d0 GCTaskThread "GC Thread#2" [stack: 0x00000063db900000,0x00000063dba00000] [id=40432]
  0x0000025edc1ef690 GCTaskThread "GC Thread#3" [stack: 0x00000063dba00000,0x00000063dbb00000] [id=44516]
  0x0000025ef9fc8a90 ConcurrentGCThread "G1 Main Marker" [stack: 0x00000063da700000,0x00000063da800000] [id=39160]
  0x0000025ef9fc94a0 ConcurrentGCThread "G1 Conc#0" [stack: 0x00000063da800000,0x00000063da900000] [id=36556]
  0x0000025efa0043d0 ConcurrentGCThread "G1 Refine#0" [stack: 0x00000063da900000,0x00000063daa00000] [id=38636]
  0x0000025edc1ef010 ConcurrentGCThread "G1 Refine#1" [stack: 0x00000063dbb00000,0x00000063dbc00000] [id=29968]
  0x0000025efa004e00 ConcurrentGCThread "G1 Service" [stack: 0x00000063daa00000,0x00000063dab00000] [id=34840]

Threads with active compile tasks:
C2 CompilerThread0    30835 3052       4       org.robolectric.internal.bytecode.InstrumentationConfiguration::shouldAcquire (128 bytes)

VM state: at safepoint (normal execution)

VM Mutex/Monitor currently owned by a thread:  ([mutex/lock_event])
[0x0000025ef9f8d180] Threads_lock - owner thread: 0x0000025efa020bb0
[0x0000025ef9f8d060] Heap_lock - owner thread: 0x0000025ef9fc8a90

Heap address: 0x00000000e0000000, size: 512 MB, Compressed Oops mode: 32-bit

CDS archive(s) mapped at: [0x0000025e97000000-0x0000025e97bd0000-0x0000025e97bd0000), size 12386304, SharedBaseAddress: 0x0000025e97000000, ArchiveRelocationMode: 1.
Compressed class space mapped at: 0x0000025e98000000-0x0000025ed8000000, reserved size: 1073741824
Narrow klass base: 0x0000025e97000000, Narrow klass shift: 0, Narrow klass range: 0x100000000

GC Precious Log:
 CPUs: 4 total, 4 available
 Memory: 4010M
 Large Page Support: Disabled
 NUMA Support: Disabled
 Compressed Oops: Enabled (32-bit)
 Heap Region Size: 1M
 Heap Min Capacity: 8M
 Heap Initial Capacity: 64M
 Heap Max Capacity: 512M
 Pre-touch: Disabled
 Parallel Workers: 4
 Concurrent Workers: 1
 Concurrent Refinement Workers: 4
 Periodic GC: Disabled

Heap:
 garbage-first heap   total 104448K, used 65347K [0x00000000e0000000, 0x0000000100000000)
  region size 1024K, 2 young (2048K), 1 survivors (1024K)
 Metaspace       used 27565K, committed 28672K, reserved 1114112K
  class space    used 2699K, committed 3200K, reserved 1048576K

Heap Regions: E=young(eden), S=young(survivor), O=old, HS=humongous(starts), HC=humongous(continues), CS=collection set, F=free, OA=open archive, CA=closed archive, TAMS=top-at-mark-start (previous, next)
|   0|0x00000000e0000000, 0x00000000e0100000, 0x00000000e0100000|100%| O|  |TAMS 0x00000000e0100000, 0x00000000e0000000| Updating 
|   1|0x00000000e0100000, 0x00000000e0200000, 0x00000000e0200000|100%| O|  |TAMS 0x00000000e0200000, 0x00000000e0100000| Untracked 
|   2|0x00000000e0200000, 0x00000000e0300000, 0x00000000e0300000|100%| O|  |TAMS 0x00000000e0300000, 0x00000000e0200000| Untracked 
|   3|0x00000000e0300000, 0x00000000e0400000, 0x00000000e0400000|100%| O|  |TAMS 0x00000000e0400000, 0x00000000e0300000| Untracked 
|   4|0x00000000e0400000, 0x00000000e0500000, 0x00000000e0500000|100%| O|  |TAMS 0x00000000e0500000, 0x00000000e0400000| Untracked 
|   5|0x00000000e0500000, 0x00000000e0600000, 0x00000000e0600000|100%| O|  |TAMS 0x00000000e0600000, 0x00000000e0500000| Untracked 
|   6|0x00000000e0600000, 0x00000000e0700000, 0x00000000e0700000|100%| O|  |TAMS 0x00000000e0700000, 0x00000000e0600000| Updating 
|   7|0x00000000e0700000, 0x00000000e0800000, 0x00000000e0800000|100%|HS|  |TAMS 0x00000000e0800000, 0x00000000e0700000| Complete 
|   8|0x00000000e0800000, 0x00000000e0900000, 0x00000000e0900000|100%|HC|  |TAMS 0x00000000e0900000, 0x00000000e0800000| Complete 
|   9|0x00000000e0900000, 0x00000000e0a00000, 0x00000000e0a00000|100%|HC|  |TAMS 0x00000000e0a00000, 0x00000000e0900000| Complete 
|  10|0x00000000e0a00000, 0x00000000e0b00000, 0x00000000e0b00000|100%|HC|  |TAMS 0x00000000e0b00000, 0x00000000e0a00000| Complete 
|  11|0x00000000e0b00000, 0x00000000e0c00000, 0x00000000e0c00000|100%|HC|  |TAMS 0x00000000e0c00000, 0x00000000e0b00000| Complete 
|  12|0x00000000e0c00000, 0x00000000e0d00000, 0x00000000e0d00000|100%|HS|  |TAMS 0x00000000e0d00000, 0x00000000e0c00000| Complete 
|  13|0x00000000e0d00000, 0x00000000e0e00000, 0x00000000e0e00000|100%| O|  |TAMS 0x00000000e0e00000, 0x00000000e0d00000| Untracked 
|  14|0x00000000e0e00000, 0x00000000e0f00000, 0x00000000e0f00000|100%| O|  |TAMS 0x00000000e0f00000, 0x00000000e0e00000| Untracked 
|  15|0x00000000e0f00000, 0x00000000e1000000, 0x00000000e1000000|100%| O|  |TAMS 0x00000000e1000000, 0x00000000e0f00000| Untracked 
|  16|0x00000000e1000000, 0x00000000e1100000, 0x00000000e1100000|100%| O|  |TAMS 0x00000000e1100000, 0x00000000e1000000| Untracked 
|  17|0x00000000e1100000, 0x00000000e1200000, 0x00000000e1200000|100%| O|  |TAMS 0x00000000e1200000, 0x00000000e1100000| Untracked 
|  18|0x00000000e1200000, 0x00000000e1300000, 0x00000000e1300000|100%| O|  |TAMS 0x00000000e1300000, 0x00000000e1200000| Untracked 
|  19|0x00000000e1300000, 0x00000000e1400000, 0x00000000e1400000|100%| O|  |TAMS 0x00000000e1400000, 0x00000000e1300000| Updating 
|  20|0x00000000e1400000, 0x00000000e1500000, 0x00000000e1500000|100%| O|  |TAMS 0x00000000e1500000, 0x00000000e1400000| Untracked 
|  21|0x00000000e1500000, 0x00000000e1600000, 0x00000000e1600000|100%| O|  |TAMS 0x00000000e1600000, 0x00000000e1500000| Untracked 
|  22|0x00000000e1600000, 0x00000000e1700000, 0x00000000e1700000|100%| O|  |TAMS 0x00000000e1700000, 0x00000000e1600000| Updating 
|  23|0x00000000e1700000, 0x00000000e1800000, 0x00000000e1800000|100%| O|  |TAMS 0x00000000e1700000, 0x00000000e1700000| Untracked 
|  24|0x00000000e1800000, 0x00000000e1900000, 0x00000000e1900000|100%| O|  |TAMS 0x00000000e1800000, 0x00000000e1800000| Untracked 
|  25|0x00000000e1900000, 0x00000000e1918400, 0x00000000e1a00000|  9%| O|  |TAMS 0x00000000e1900000, 0x00000000e1900000| Updating 
|  26|0x00000000e1a00000, 0x00000000e1b00000, 0x00000000e1b00000|100%| O|  |TAMS 0x00000000e1b00000, 0x00000000e1a00000| Updating 
|  27|0x00000000e1b00000, 0x00000000e1c00000, 0x00000000e1c00000|100%| O|  |TAMS 0x00000000e1c00000, 0x00000000e1b00000| Updating 
|  28|0x00000000e1c00000, 0x00000000e1d00000, 0x00000000e1d00000|100%| O|  |TAMS 0x00000000e1d00000, 0x00000000e1c00000| Updating 
|  29|0x00000000e1d00000, 0x00000000e1e00000, 0x00000000e1e00000|100%| O|  |TAMS 0x00000000e1e00000, 0x00000000e1d00000| Updating 
|  30|0x00000000e1e00000, 0x00000000e1f00000, 0x00000000e1f00000|100%| O|  |TAMS 0x00000000e1f00000, 0x00000000e1e00000| Updating 
|  31|0x00000000e1f00000, 0x00000000e2000000, 0x00000000e2000000|100%| O|  |TAMS 0x00000000e2000000, 0x00000000e1f00000| Untracked 
|  32|0x00000000e2000000, 0x00000000e2100000, 0x00000000e2100000|100%| O|  |TAMS 0x00000000e2100000, 0x00000000e2000000| Updating 
|  33|0x00000000e2100000, 0x00000000e2200000, 0x00000000e2200000|100%| O|  |TAMS 0x00000000e2200000, 0x00000000e2100000| Updating 
|  34|0x00000000e2200000, 0x00000000e2200000, 0x00000000e2300000|  0%| F|  |TAMS 0x00000000e2200000, 0x00000000e2200000| Untracked 
|  35|0x00000000e2300000, 0x00000000e2300000, 0x00000000e2400000|  0%| F|  |TAMS 0x00000000e2300000, 0x00000000e2300000| Untracked 
|  36|0x00000000e2400000, 0x00000000e2400000, 0x00000000e2500000|  0%| F|  |TAMS 0x00000000e2400000, 0x00000000e2400000| Untracked 
|  37|0x00000000e2500000, 0x00000000e2500000, 0x00000000e2600000|  0%| F|  |TAMS 0x00000000e2500000, 0x00000000e2500000| Untracked 
|  38|0x00000000e2600000, 0x00000000e2600000, 0x00000000e2700000|  0%| F|  |TAMS 0x00000000e2600000, 0x00000000e2600000| Untracked 
|  39|0x00000000e2700000, 0x00000000e2700000, 0x00000000e2800000|  0%| F|  |TAMS 0x00000000e2700000, 0x00000000e2700000| Untracked 
|  40|0x00000000e2800000, 0x00000000e2800000, 0x00000000e2900000|  0%| F|  |TAMS 0x00000000e2800000, 0x00000000e2800000| Untracked 
|  41|0x00000000e2900000, 0x00000000e2900000, 0x00000000e2a00000|  0%| F|  |TAMS 0x00000000e2900000, 0x00000000e2900000| Untracked 
|  42|0x00000000e2a00000, 0x00000000e2a00000, 0x00000000e2b00000|  0%| F|  |TAMS 0x00000000e2a00000, 0x00000000e2a00000| Untracked 
|  43|0x00000000e2b00000, 0x00000000e2b00000, 0x00000000e2c00000|  0%| F|  |TAMS 0x00000000e2b00000, 0x00000000e2b00000| Untracked 
|  44|0x00000000e2c00000, 0x00000000e2c00000, 0x00000000e2d00000|  0%| F|  |TAMS 0x00000000e2c00000, 0x00000000e2c00000| Untracked 
|  45|0x00000000e2d00000, 0x00000000e2d00000, 0x00000000e2e00000|  0%| F|  |TAMS 0x00000000e2d00000, 0x00000000e2d00000| Untracked 
|  46|0x00000000e2e00000, 0x00000000e2e00000, 0x00000000e2f00000|  0%| F|  |TAMS 0x00000000e2e00000, 0x00000000e2e00000| Untracked 
|  47|0x00000000e2f00000, 0x00000000e2f00000, 0x00000000e3000000|  0%| F|  |TAMS 0x00000000e2f00000, 0x00000000e2f00000| Untracked 
|  48|0x00000000e3000000, 0x00000000e3000000, 0x00000000e3100000|  0%| F|  |TAMS 0x00000000e3000000, 0x00000000e3000000| Untracked 
|  49|0x00000000e3100000, 0x00000000e3100000, 0x00000000e3200000|  0%| F|  |TAMS 0x00000000e3100000, 0x00000000e3100000| Untracked 
|  50|0x00000000e3200000, 0x00000000e3200000, 0x00000000e3300000|  0%| F|  |TAMS 0x00000000e3200000, 0x00000000e3200000| Untracked 
|  51|0x00000000e3300000, 0x00000000e3300000, 0x00000000e3400000|  0%| F|  |TAMS 0x00000000e3300000, 0x00000000e3300000| Untracked 
|  52|0x00000000e3400000, 0x00000000e3400000, 0x00000000e3500000|  0%| F|  |TAMS 0x00000000e3400000, 0x00000000e3400000| Untracked 
|  53|0x00000000e3500000, 0x00000000e3500000, 0x00000000e3600000|  0%| F|  |TAMS 0x00000000e3500000, 0x00000000e3500000| Untracked 
|  54|0x00000000e3600000, 0x00000000e3600000, 0x00000000e3700000|  0%| F|  |TAMS 0x00000000e3600000, 0x00000000e3600000| Untracked 
|  55|0x00000000e3700000, 0x00000000e3700000, 0x00000000e3800000|  0%| F|  |TAMS 0x00000000e3700000, 0x00000000e3700000| Untracked 
|  56|0x00000000e3800000, 0x00000000e38b8940, 0x00000000e3900000| 72%| S|CS|TAMS 0x00000000e3800000, 0x00000000e3800000| Complete 
|  57|0x00000000e3900000, 0x00000000e3900000, 0x00000000e3a00000|  0%| F|  |TAMS 0x00000000e3900000, 0x00000000e3900000| Untracked 
|  58|0x00000000e3a00000, 0x00000000e3a00000, 0x00000000e3b00000|  0%| F|  |TAMS 0x00000000e3a00000, 0x00000000e3a00000| Untracked 
|  59|0x00000000e3b00000, 0x00000000e3b00000, 0x00000000e3c00000|  0%| F|  |TAMS 0x00000000e3b00000, 0x00000000e3b00000| Untracked 
|  60|0x00000000e3c00000, 0x00000000e3c00000, 0x00000000e3d00000|  0%| F|  |TAMS 0x00000000e3c00000, 0x00000000e3c00000| Untracked 
|  61|0x00000000e3d00000, 0x00000000e3e00000, 0x00000000e3e00000|100%|HS|  |TAMS 0x00000000e3e00000, 0x00000000e3d00000| Complete 
|  62|0x00000000e3e00000, 0x00000000e3f00000, 0x00000000e3f00000|100%|HC|  |TAMS 0x00000000e3f00000, 0x00000000e3e00000| Complete 
|  63|0x00000000e3f00000, 0x00000000e4000000, 0x00000000e4000000|100%|HC|  |TAMS 0x00000000e4000000, 0x00000000e3f00000| Complete 
|  64|0x00000000e4000000, 0x00000000e4100000, 0x00000000e4100000|100%|HC|  |TAMS 0x00000000e4100000, 0x00000000e4000000| Complete 
|  65|0x00000000e4100000, 0x00000000e4200000, 0x00000000e4200000|100%|HC|  |TAMS 0x00000000e4200000, 0x00000000e4100000| Complete 
|  66|0x00000000e4200000, 0x00000000e4300000, 0x00000000e4300000|100%|HC|  |TAMS 0x00000000e4300000, 0x00000000e4200000| Complete 
|  67|0x00000000e4300000, 0x00000000e4400000, 0x00000000e4400000|100%|HC|  |TAMS 0x00000000e4400000, 0x00000000e4300000| Complete 
|  68|0x00000000e4400000, 0x00000000e4500000, 0x00000000e4500000|100%|HC|  |TAMS 0x00000000e4500000, 0x00000000e4400000| Complete 
|  69|0x00000000e4500000, 0x00000000e4600000, 0x00000000e4600000|100%|HC|  |TAMS 0x00000000e4600000, 0x00000000e4500000| Complete 
|  70|0x00000000e4600000, 0x00000000e4700000, 0x00000000e4700000|100%|HC|  |TAMS 0x00000000e4700000, 0x00000000e4600000| Complete 
|  71|0x00000000e4700000, 0x00000000e4800000, 0x00000000e4800000|100%|HC|  |TAMS 0x00000000e4800000, 0x00000000e4700000| Complete 
|  72|0x00000000e4800000, 0x00000000e4900000, 0x00000000e4900000|100%|HC|  |TAMS 0x00000000e4900000, 0x00000000e4800000| Complete 
|  73|0x00000000e4900000, 0x00000000e4a00000, 0x00000000e4a00000|100%|HC|  |TAMS 0x00000000e4a00000, 0x00000000e4900000| Complete 
|  74|0x00000000e4a00000, 0x00000000e4b00000, 0x00000000e4b00000|100%|HC|  |TAMS 0x00000000e4b00000, 0x00000000e4a00000| Complete 
|  75|0x00000000e4b00000, 0x00000000e4c00000, 0x00000000e4c00000|100%|HC|  |TAMS 0x00000000e4c00000, 0x00000000e4b00000| Complete 
|  76|0x00000000e4c00000, 0x00000000e4d00000, 0x00000000e4d00000|100%|HC|  |TAMS 0x00000000e4d00000, 0x00000000e4c00000| Complete 
|  77|0x00000000e4d00000, 0x00000000e4e00000, 0x00000000e4e00000|100%|HC|  |TAMS 0x00000000e4e00000, 0x00000000e4d00000| Complete 
|  78|0x00000000e4e00000, 0x00000000e4f00000, 0x00000000e4f00000|100%|HC|  |TAMS 0x00000000e4f00000, 0x00000000e4e00000| Complete 
|  79|0x00000000e4f00000, 0x00000000e5000000, 0x00000000e5000000|100%|HC|  |TAMS 0x00000000e5000000, 0x00000000e4f00000| Complete 
|  80|0x00000000e5000000, 0x00000000e5100000, 0x00000000e5100000|100%|HC|  |TAMS 0x00000000e5100000, 0x00000000e5000000| Complete 
|  81|0x00000000e5100000, 0x00000000e5200000, 0x00000000e5200000|100%|HC|  |TAMS 0x00000000e5200000, 0x00000000e5100000| Complete 
|  82|0x00000000e5200000, 0x00000000e5300000, 0x00000000e5300000|100%|HC|  |TAMS 0x00000000e5300000, 0x00000000e5200000| Complete 
|  83|0x00000000e5300000, 0x00000000e5400000, 0x00000000e5400000|100%|HC|  |TAMS 0x00000000e5400000, 0x00000000e5300000| Complete 
|  84|0x00000000e5400000, 0x00000000e5500000, 0x00000000e5500000|100%|HC|  |TAMS 0x00000000e5500000, 0x00000000e5400000| Complete 
|  85|0x00000000e5500000, 0x00000000e5600000, 0x00000000e5600000|100%|HC|  |TAMS 0x00000000e5600000, 0x00000000e5500000| Complete 
|  86|0x00000000e5600000, 0x00000000e5700000, 0x00000000e5700000|100%|HC|  |TAMS 0x00000000e5700000, 0x00000000e5600000| Complete 
|  87|0x00000000e5700000, 0x00000000e5800000, 0x00000000e5800000|100%|HC|  |TAMS 0x00000000e5800000, 0x00000000e5700000| Complete 
|  88|0x00000000e5800000, 0x00000000e5900000, 0x00000000e5900000|100%|HC|  |TAMS 0x00000000e5900000, 0x00000000e5800000| Complete 
|  89|0x00000000e5900000, 0x00000000e5a00000, 0x00000000e5a00000|100%|HC|  |TAMS 0x00000000e5a00000, 0x00000000e5900000| Complete 
|  90|0x00000000e5a00000, 0x00000000e5b00000, 0x00000000e5b00000|100%|HC|  |TAMS 0x00000000e5b00000, 0x00000000e5a00000| Complete 
|  91|0x00000000e5b00000, 0x00000000e5b00000, 0x00000000e5c00000|  0%| F|  |TAMS 0x00000000e5b00000, 0x00000000e5b00000| Untracked 
|  92|0x00000000e5c00000, 0x00000000e5c00000, 0x00000000e5d00000|  0%| F|  |TAMS 0x00000000e5c00000, 0x00000000e5c00000| Untracked 
|  93|0x00000000e5d00000, 0x00000000e5d00000, 0x00000000e5e00000|  0%| F|  |TAMS 0x00000000e5d00000, 0x00000000e5d00000| Untracked 
|  94|0x00000000e5e00000, 0x00000000e5e00000, 0x00000000e5f00000|  0%| F|  |TAMS 0x00000000e5e00000, 0x00000000e5e00000| Untracked 
|  95|0x00000000e5f00000, 0x00000000e5f00000, 0x00000000e6000000|  0%| F|  |TAMS 0x00000000e5f00000, 0x00000000e5f00000| Untracked 
|  96|0x00000000e6000000, 0x00000000e6000000, 0x00000000e6100000|  0%| F|  |TAMS 0x00000000e6000000, 0x00000000e6000000| Untracked 
|  97|0x00000000e6100000, 0x00000000e6100000, 0x00000000e6200000|  0%| F|  |TAMS 0x00000000e6100000, 0x00000000e6100000| Untracked 
|  98|0x00000000e6200000, 0x00000000e6200000, 0x00000000e6300000|  0%| F|  |TAMS 0x00000000e6200000, 0x00000000e6200000| Untracked 
|  99|0x00000000e6300000, 0x00000000e6300000, 0x00000000e6400000|  0%| F|  |TAMS 0x00000000e6300000, 0x00000000e6300000| Untracked 
| 100|0x00000000e6400000, 0x00000000e6400000, 0x00000000e6500000|  0%| F|  |TAMS 0x00000000e6400000, 0x00000000e6400000| Untracked 
| 101|0x00000000e6500000, 0x00000000e6541500, 0x00000000e6600000| 25%| E|  |TAMS 0x00000000e6500000, 0x00000000e6500000| Complete 

Card table byte_map: [0x0000025efa050000,0x0000025efa150000] _byte_map_base: 0x0000025ef9950000

Marking Bits (Prev, Next): (CMBitMap*) 0x0000025ef9fc61c0, (CMBitMap*) 0x0000025ef9fc6180
 Prev Bits: [0x0000025efaa50000, 0x0000025efb250000)
 Next Bits: [0x0000025efa250000, 0x0000025efaa50000)

Polling page: 0x0000025ef7e60000

Metaspace:

Usage:
  Non-class:     24.28 MB used.
      Class:      2.64 MB used.
       Both:     26.92 MB used.

Virtual space:
  Non-class space:       64.00 MB reserved,      24.88 MB ( 39%) committed,  1 nodes.
      Class space:        1.00 GB reserved,       3.12 MB ( <1%) committed,  1 nodes.
             Both:        1.06 GB reserved,      28.00 MB (  3%) committed. 

Chunk freelists:
   Non-Class:  7.09 MB
       Class:  12.89 MB
        Both:  19.98 MB

MaxMetaspaceSize: unlimited
CompressedClassSpaceSize: 1.00 GB
Initial GC threshold: 21.00 MB
Current GC threshold: 39.00 MB
CDS: on
MetaspaceReclaimPolicy: balanced
 - commit_granule_bytes: 65536.
 - commit_granule_words: 8192.
 - virtual_space_node_default_size: 8388608.
 - enlarge_chunks_in_place: 1.
 - new_chunks_are_fully_committed: 0.
 - uncommit_free_chunks: 1.
 - use_allocation_guard: 0.
 - handle_deallocations: 1.


Internal statistics:

num_allocs_failed_limit: 3.
num_arena_births: 1608.
num_arena_deaths: 0.
num_vsnodes_births: 2.
num_vsnodes_deaths: 0.
num_space_committed: 446.
num_space_uncommitted: 0.
num_chunks_returned_to_freelist: 3.
num_chunks_taken_from_freelist: 2654.
num_chunk_merges: 3.
num_chunk_splits: 1745.
num_chunks_enlarged: 1024.
num_inconsistent_stats: 0.

CodeHeap 'non-profiled nmethods': size=120000Kb used=1569Kb max_used=1569Kb free=118430Kb
 bounds [0x0000025e8f2c0000, 0x0000025e8f530000, 0x0000025e967f0000]
CodeHeap 'profiled nmethods': size=120000Kb used=6219Kb max_used=6219Kb free=113780Kb
 bounds [0x0000025e877f0000, 0x0000025e87e10000, 0x0000025e8ed20000]
CodeHeap 'non-nmethods': size=5760Kb used=1289Kb max_used=1316Kb free=4470Kb
 bounds [0x0000025e8ed20000, 0x0000025e8ef90000, 0x0000025e8f2c0000]
 total_blobs=3660 nmethods=3047 adapters=525
 compilation: enabled
              stopped_count=0, restarted_count=0
 full_count=0

Compilation events (20 events):
Event: 30.419 Thread 0x0000025e9694ca30 nmethod 3041 0x0000025e8f445910 code [0x0000025e8f445b40, 0x0000025e8f446ad0]
Event: 30.420 Thread 0x0000025e9694ca30 3043       4       java.lang.ref.Reference::refersToImpl (6 bytes)
Event: 30.421 Thread 0x0000025e9694ca30 nmethod 3043 0x0000025e8f447210 code [0x0000025e8f447380, 0x0000025e8f447418]
Event: 30.445 Thread 0x0000025e96990730 3044       3       java.lang.invoke.BoundMethodHandle$Species_L::copyWith (7 bytes)
Event: 30.445 Thread 0x0000025e96990730 nmethod 3044 0x0000025e87dfef10 code [0x0000025e87dff0a0, 0x0000025e87dff1e8]
Event: 30.492 Thread 0x0000025e9694ca30 3045       4       java.lang.invoke.MethodType::insertParameterTypes (121 bytes)
Event: 30.493 Thread 0x0000025e96990730 3046       3       java.lang.invoke.LambdaForm$MH/0x0000025e981c1400::invoke (54 bytes)
Event: 30.494 Thread 0x0000025e96990730 nmethod 3046 0x0000025e87dff290 code [0x0000025e87dff4c0, 0x0000025e87dfff08]
Event: 30.514 Thread 0x0000025e9694ca30 nmethod 3045 0x0000025e8f447510 code [0x0000025e8f4476c0, 0x0000025e8f447ce8]
Event: 30.514 Thread 0x0000025e9694ca30 3047       4       java.lang.invoke.BoundMethodHandle::<init> (32 bytes)
Event: 30.522 Thread 0x0000025e9694ca30 nmethod 3047 0x0000025e8f448110 code [0x0000025e8f4482a0, 0x0000025e8f4485a8]
Event: 30.531 Thread 0x0000025e96990730 3048       3       java.lang.invoke.LambdaForm$MH/0x0000025e982bb800::linkToCallSite (21 bytes)
Event: 30.532 Thread 0x0000025e96990730 nmethod 3048 0x0000025e87e00210 code [0x0000025e87e003e0, 0x0000025e87e00988]
Event: 30.532 Thread 0x0000025e96990730 3049       3       java.lang.invoke.LambdaForm$MH/0x0000025e982bb400::guard (103 bytes)
Event: 30.533 Thread 0x0000025e96990730 nmethod 3049 0x0000025e87e00b10 code [0x0000025e87e00d20, 0x0000025e87e01708]
Event: 30.533 Thread 0x0000025e96990730 3050   !   3       java.lang.invoke.LambdaForm$MH/0x0000025e982ba000::guardWithCatch (79 bytes)
Event: 30.534 Thread 0x0000025e96990730 nmethod 3050 0x0000025e87e01910 code [0x0000025e87e01b00, 0x0000025e87e02448]
Event: 30.534 Thread 0x0000025e96990730 3051       3       java.lang.invoke.LambdaForm$DMH/0x0000025e982b9000::invokeStatic (18 bytes)
Event: 30.535 Thread 0x0000025e96990730 nmethod 3051 0x0000025e87e02690 code [0x0000025e87e02860, 0x0000025e87e02d38]
Event: 30.577 Thread 0x0000025e9694ca30 3052       4       org.robolectric.internal.bytecode.InstrumentationConfiguration::shouldAcquire (128 bytes)

GC Heap History (20 events):
Event: 6.257 GC heap before
{Heap before GC invocations=0 (full 0):
 garbage-first heap   total 65536K, used 13312K [0x00000000e0000000, 0x0000000100000000)
  region size 1024K, 13 young (13312K), 0 survivors (0K)
 Metaspace       used 3382K, committed 3584K, reserved 1114112K
  class space    used 405K, committed 512K, reserved 1048576K
}
Event: 6.300 GC heap after
{Heap after GC invocations=1 (full 0):
 garbage-first heap   total 65536K, used 6580K [0x00000000e0000000, 0x0000000100000000)
  region size 1024K, 2 young (2048K), 2 survivors (2048K)
 Metaspace       used 3382K, committed 3584K, reserved 1114112K
  class space    used 405K, committed 512K, reserved 1048576K
}
Event: 8.683 GC heap before
{Heap before GC invocations=1 (full 0):
 garbage-first heap   total 65536K, used 11700K [0x00000000e0000000, 0x0000000100000000)
  region size 1024K, 8 young (8192K), 2 survivors (2048K)
 Metaspace       used 5681K, committed 5888K, reserved 1114112K
  class space    used 726K, committed 832K, reserved 1048576K
}
Event: 8.690 GC heap after
{Heap after GC invocations=2 (full 0):
 garbage-first heap   total 65536K, used 8097K [0x00000000e0000000, 0x0000000100000000)
  region size 1024K, 1 young (1024K), 1 survivors (1024K)
 Metaspace       used 5681K, committed 5888K, reserved 1114112K
  class space    used 726K, committed 832K, reserved 1048576K
}
Event: 11.561 GC heap before
{Heap before GC invocations=2 (full 0):
 garbage-first heap   total 65536K, used 31649K [0x00000000e0000000, 0x0000000100000000)
  region size 1024K, 18 young (18432K), 1 survivors (1024K)
 Metaspace       used 10526K, committed 10752K, reserved 1114112K
  class space    used 1303K, committed 1408K, reserved 1048576K
}
Event: 11.568 GC heap after
{Heap after GC invocations=3 (full 0):
 garbage-first heap   total 65536K, used 17408K [0x00000000e0000000, 0x0000000100000000)
  region size 1024K, 3 young (3072K), 3 survivors (3072K)
 Metaspace       used 10526K, committed 10752K, reserved 1114112K
  class space    used 1303K, committed 1408K, reserved 1048576K
}
Event: 14.046 GC heap before
{Heap before GC invocations=3 (full 0):
 garbage-first heap   total 65536K, used 45056K [0x00000000e0000000, 0x0000000100000000)
  region size 1024K, 25 young (25600K), 3 survivors (3072K)
 Metaspace       used 15064K, committed 15360K, reserved 1114112K
  class space    used 1656K, committed 1792K, reserved 1048576K
}
Event: 14.063 GC heap after
{Heap after GC invocations=4 (full 0):
 garbage-first heap   total 65536K, used 18432K [0x00000000e0000000, 0x0000000100000000)
  region size 1024K, 4 young (4096K), 4 survivors (4096K)
 Metaspace       used 15064K, committed 15360K, reserved 1114112K
  class space    used 1656K, committed 1792K, reserved 1048576K
}
Event: 16.979 GC heap before
{Heap before GC invocations=4 (full 0):
 garbage-first heap   total 65536K, used 40960K [0x00000000e0000000, 0x0000000100000000)
  region size 1024K, 26 young (26624K), 4 survivors (4096K)
 Metaspace       used 19495K, committed 20096K, reserved 1114112K
  class space    used 2127K, committed 2432K, reserved 1048576K
}
Event: 16.991 GC heap after
{Heap after GC invocations=5 (full 0):
 garbage-first heap   total 65536K, used 20976K [0x00000000e0000000, 0x0000000100000000)
  region size 1024K, 3 young (3072K), 3 survivors (3072K)
 Metaspace       used 19495K, committed 20096K, reserved 1114112K
  class space    used 2127K, committed 2432K, reserved 1048576K
}
Event: 17.653 GC heap before
{Heap before GC invocations=5 (full 0):
 garbage-first heap   total 65536K, used 25072K [0x00000000e0000000, 0x0000000100000000)
  region size 1024K, 9 young (9216K), 3 survivors (3072K)
 Metaspace       used 20787K, committed 21504K, reserved 1114112K
  class space    used 2226K, committed 2560K, reserved 1048576K
}
Event: 17.662 GC heap after
{Heap after GC invocations=6 (full 0):
 garbage-first heap   total 65536K, used 21526K [0x00000000e0000000, 0x0000000100000000)
  region size 1024K, 1 young (1024K), 1 survivors (1024K)
 Metaspace       used 20787K, committed 21504K, reserved 1114112K
  class space    used 2226K, committed 2560K, reserved 1048576K
}
Event: 26.721 GC heap before
{Heap before GC invocations=7 (full 0):
 garbage-first heap   total 65536K, used 49174K [0x00000000e0000000, 0x0000000100000000)
  region size 1024K, 24 young (24576K), 1 survivors (1024K)
 Metaspace       used 23135K, committed 23936K, reserved 1114112K
  class space    used 2373K, committed 2752K, reserved 1048576K
}
Event: 26.734 GC heap after
{Heap after GC invocations=8 (full 0):
 garbage-first heap   total 65536K, used 34263K [0x00000000e0000000, 0x0000000100000000)
  region size 1024K, 3 young (3072K), 3 survivors (3072K)
 Metaspace       used 23135K, committed 23936K, reserved 1114112K
  class space    used 2373K, committed 2752K, reserved 1048576K
}
Event: 27.701 GC heap before
{Heap before GC invocations=8 (full 0):
 garbage-first heap   total 65536K, used 35287K [0x00000000e0000000, 0x0000000100000000)
  region size 1024K, 6 young (6144K), 3 survivors (3072K)
 Metaspace       used 23177K, committed 23936K, reserved 1114112K
  class space    used 2377K, committed 2752K, reserved 1048576K
}
Event: 27.711 GC heap after
{Heap after GC invocations=9 (full 0):
 garbage-first heap   total 65536K, used 31151K [0x00000000e0000000, 0x0000000100000000)
  region size 1024K, 2 young (2048K), 2 survivors (2048K)
 Metaspace       used 23177K, committed 23936K, reserved 1114112K
  class space    used 2377K, committed 2752K, reserved 1048576K
}
Event: 29.823 GC heap before
{Heap before GC invocations=10 (full 0):
 garbage-first heap   total 104448K, used 72111K [0x00000000e0000000, 0x0000000100000000)
  region size 1024K, 13 young (13312K), 2 survivors (2048K)
 Metaspace       used 24482K, committed 25600K, reserved 1114112K
  class space    used 2547K, committed 3072K, reserved 1048576K
}
Event: 29.832 GC heap after
{Heap after GC invocations=11 (full 0):
 garbage-first heap   total 104448K, used 64512K [0x00000000e0000000, 0x0000000100000000)
  region size 1024K, 2 young (2048K), 2 survivors (2048K)
 Metaspace       used 24482K, committed 25600K, reserved 1114112K
  class space    used 2547K, committed 3072K, reserved 1048576K
}
Event: 30.611 GC heap before
{Heap before GC invocations=11 (full 0):
 garbage-first heap   total 104448K, used 76800K [0x00000000e0000000, 0x0000000100000000)
  region size 1024K, 15 young (15360K), 2 survivors (2048K)
 Metaspace       used 27535K, committed 28608K, reserved 1114112K
  class space    used 2697K, committed 3200K, reserved 1048576K
}
Event: 30.617 GC heap after
{Heap after GC invocations=12 (full 0):
 garbage-first heap   total 104448K, used 65347K [0x00000000e0000000, 0x0000000100000000)
  region size 1024K, 1 young (1024K), 1 survivors (1024K)
 Metaspace       used 27535K, committed 28608K, reserved 1114112K
  class space    used 2697K, committed 3200K, reserved 1048576K
}

Deoptimization events (20 events):
Event: 29.452 Thread 0x0000025edce4b450 Uncommon trap: trap_request=0xffffffbe fr.pc=0x0000025e8f427264 relative=0x00000000000002c4
Event: 29.452 Thread 0x0000025edce4b450 Uncommon trap: reason=profile_predicate action=maybe_recompile pc=0x0000025e8f427264 method=jdk.internal.jimage.ImageStringsReader.stringFromByteBufferMatches(Ljava/nio/ByteBuffer;ILjava/lang/String;I)I @ 19 c2
Event: 29.452 Thread 0x0000025edce4b450 DEOPT PACKING pc=0x0000025e8f427264 sp=0x00000063dc0f87d0
Event: 29.452 Thread 0x0000025edce4b450 DEOPT UNPACKING pc=0x0000025e8ed723a3 sp=0x00000063dc0f8748 mode 2
Event: 29.616 Thread 0x0000025edce4b450 Uncommon trap: trap_request=0xffffff45 fr.pc=0x0000025e8f3befb0 relative=0x00000000000044d0
Event: 29.616 Thread 0x0000025edce4b450 Uncommon trap: reason=unstable_if action=reinterpret pc=0x0000025e8f3befb0 method=jdk.internal.org.objectweb.asm.Frame.push(I)V @ 26 c2
Event: 29.616 Thread 0x0000025edce4b450 DEOPT PACKING pc=0x0000025e8f3befb0 sp=0x00000063dc0fae90
Event: 29.616 Thread 0x0000025edce4b450 DEOPT UNPACKING pc=0x0000025e8ed723a3 sp=0x00000063dc0fada8 mode 2
Event: 29.619 Thread 0x0000025edce4b450 Uncommon trap: trap_request=0xffffff45 fr.pc=0x0000025e8f388ee8 relative=0x0000000000000248
Event: 29.619 Thread 0x0000025edce4b450 Uncommon trap: reason=unstable_if action=reinterpret pc=0x0000025e8f388ee8 method=jdk.internal.org.objectweb.asm.Frame.push(I)V @ 26 c2
Event: 29.619 Thread 0x0000025edce4b450 DEOPT PACKING pc=0x0000025e8f388ee8 sp=0x00000063dc0fa9a0
Event: 29.619 Thread 0x0000025edce4b450 DEOPT UNPACKING pc=0x0000025e8ed723a3 sp=0x00000063dc0fa958 mode 2
Event: 29.686 Thread 0x0000025edce4b450 Uncommon trap: trap_request=0xffffff45 fr.pc=0x0000025e8f3670cc relative=0x000000000000092c
Event: 29.686 Thread 0x0000025edce4b450 Uncommon trap: reason=unstable_if action=reinterpret pc=0x0000025e8f3670cc method=java.util.HashMap.putVal(ILjava/lang/Object;Ljava/lang/Object;ZZ)Ljava/lang/Object; @ 109 c2
Event: 29.686 Thread 0x0000025edce4b450 DEOPT PACKING pc=0x0000025e8f3670cc sp=0x00000063dc0fad70
Event: 29.686 Thread 0x0000025edce4b450 DEOPT UNPACKING pc=0x0000025e8ed723a3 sp=0x00000063dc0fad18 mode 2
Event: 29.686 Thread 0x0000025edce4b450 Uncommon trap: trap_request=0xffffff45 fr.pc=0x0000025e8f3559b0 relative=0x0000000000000a50
Event: 29.686 Thread 0x0000025edce4b450 Uncommon trap: reason=unstable_if action=reinterpret pc=0x0000025e8f3559b0 method=java.util.HashMap.resize()[Ljava/util/HashMap$Node; @ 203 c2
Event: 29.686 Thread 0x0000025edce4b450 DEOPT PACKING pc=0x0000025e8f3559b0 sp=0x00000063dc0faca0
Event: 29.686 Thread 0x0000025edce4b450 DEOPT UNPACKING pc=0x0000025e8ed723a3 sp=0x00000063dc0fac38 mode 2

Classes unloaded (0 events):
No events

Classes redefined (0 events):
No events

Internal exceptions (20 events):
Event: 29.649 Thread 0x0000025edce4b450 Exception <a 'java/lang/NoSuchMethodError'{0x00000000e5eb80e8}: 'void java.lang.invoke.DirectMethodHandle$Holder.invokeSpecial(java.lang.Object, java.lang.Object, long, int, int, java.lang.Object, int, int, int, int, int, int, int, int, int, int, int, int, int, int, int)'> (0x00000000e5eb80e8) 
thrown [s\open\src\hotspot\share\interpreter\linkResolver.cpp, line 759]
Event: 29.650 Thread 0x0000025edce4b450 Exception <a 'java/lang/NoSuchMethodError'{0x00000000e5ebc130}: 'void java.lang.invoke.Invokers$Holder.exactInvoker(java.lang.Object, java.lang.Object, long, int, int, java.lang.Object, int, int, int, int, int, int, int, int, int, int, int, int, int, int, int)'> (0x00000000e5ebc130) 
thrown [s\open\src\hotspot\share\interpreter\linkResolver.cpp, line 759]
Event: 29.655 Thread 0x0000025edce4b450 Exception <a 'java/lang/NoSuchMethodError'{0x00000000e5ec4ef0}: 'void java.lang.invoke.DelegatingMethodHandle$Holder.delegate(java.lang.Object, java.lang.Object, long, int, int, java.lang.Object, int, int, int, int, int, int, int, int, int, int, int, int, int, int, int)'> (0x00000000e5ec4ef0) 
thrown [s\open\src\hotspot\share\interpreter\linkResolver.cpp, line 759]
Event: 29.703 Thread 0x0000025edce4b450 Exception <a 'java/lang/NoSuchMethodError'{0x00000000e5de36c0}: 'void java.lang.invoke.DirectMethodHandle$Holder.invokeStatic(java.lang.Object, long)'> (0x00000000e5de36c0) 
thrown [s\open\src\hotspot\share\interpreter\linkResolver.cpp, line 759]
Event: 29.714 Thread 0x0000025edce4b450 Exception <a 'java/lang/NoSuchMethodError'{0x00000000e5df2dd8}: 'void java.lang.invoke.DirectMethodHandle$Holder.invokeSpecial(java.lang.Object, java.lang.Object, long)'> (0x00000000e5df2dd8) 
thrown [s\open\src\hotspot\share\interpreter\linkResolver.cpp, line 759]
Event: 29.718 Thread 0x0000025edce4b450 Exception <a 'java/lang/NoSuchMethodError'{0x00000000e5df6508}: 'void java.lang.invoke.Invokers$Holder.exactInvoker(java.lang.Object, java.lang.Object, long)'> (0x00000000e5df6508) 
thrown [s\open\src\hotspot\share\interpreter\linkResolver.cpp, line 759]
Event: 29.721 Thread 0x0000025edce4b450 Exception <a 'java/lang/NoSuchMethodError'{0x00000000e5dfd980}: 'void java.lang.invoke.DelegatingMethodHandle$Holder.delegate(java.lang.Object, java.lang.Object, long)'> (0x00000000e5dfd980) 
thrown [s\open\src\hotspot\share\interpreter\linkResolver.cpp, line 759]
Event: 29.729 Thread 0x0000025edce4b450 Exception <a 'java/lang/NoSuchMethodError'{0x00000000e5c0c330}: 'void java.lang.invoke.Invokers$Holder.linkToCallSite(long, java.lang.Object)'> (0x00000000e5c0c330) 
thrown [s\open\src\hotspot\share\interpreter\linkResolver.cpp, line 759]
Event: 29.763 Thread 0x0000025edce4b450 Exception <a 'java/lang/NoSuchMethodError'{0x00000000e5cb75d8}: 'void java.lang.invoke.Invokers$Holder.exactInvoker(java.lang.Object, java.lang.Object, java.lang.Object, long)'> (0x00000000e5cb75d8) 
thrown [s\open\src\hotspot\share\interpreter\linkResolver.cpp, line 759]
Event: 29.765 Thread 0x0000025edce4b450 Exception <a 'java/lang/NoSuchMethodError'{0x00000000e5cbedb0}: 'void java.lang.invoke.DelegatingMethodHandle$Holder.delegate(java.lang.Object, java.lang.Object, java.lang.Object, long)'> (0x00000000e5cbedb0) 
thrown [s\open\src\hotspot\share\interpreter\linkResolver.cpp, line 759]
Event: 29.767 Thread 0x0000025edce4b450 Exception <a 'java/lang/NoSuchMethodError'{0x00000000e5cd0c38}: 'void java.lang.invoke.Invokers$Holder.linkToCallSite(java.lang.Object, long, java.lang.Object)'> (0x00000000e5cd0c38) 
thrown [s\open\src\hotspot\share\interpreter\linkResolver.cpp, line 759]
Event: 29.785 Thread 0x0000025edce4b450 Exception <a 'java/lang/NoSuchMethodError'{0x00000000e5ce2570}: 'java.lang.Object java.lang.invoke.DirectMethodHandle$Holder.invokeSpecial(java.lang.Object, java.lang.Object, java.lang.Object, java.lang.Object, java.lang.Object, java.lang.Object, java.lang.Object, java.lang.Object, java.lang.Object, java.lang.Object, java.lang.Object, java.lang.Object)'> (0x00000000e5ce2570) 
thrown [s\open\src\hotspot\share\interpreter\linkResolver.cpp, line 759]
Event: 29.789 Thread 0x0000025edce4b450 Exception <a 'java/lang/NoSuchMethodError'{0x00000000e5b043b8}: 'java.lang.Object java.lang.invoke.DelegatingMethodHandle$Holder.delegate(java.lang.Object, java.lang.Object, java.lang.Object, java.lang.Object, java.lang.Object, java.lang.Object, java.lang.Object, java.lang.Object, java.lang.Object, int, java.lang.Object, java.lang.Object)'> (0x00000000e5b043b8) 
thrown [s\open\src\hotspot\share\interpreter\linkResolver.cpp, line 759]
Event: 29.790 Thread 0x0000025edce4b450 Exception <a 'java/lang/NoSuchMethodError'{0x00000000e5b12e80}: 'void java.lang.invoke.DirectMethodHandle$Holder.invokeSpecial(java.lang.Object, java.lang.Object, java.lang.Object, java.lang.Object, java.lang.Object, java.lang.Object, java.lang.Object, java.lang.Object, java.lang.Object, int, java.lang.Object, java.lang.Object)'> (0x00000000e5b12e80) 
thrown [s\open\src\hotspot\share\interpreter\linkResolver.cpp, line 759]
Event: 29.791 Thread 0x0000025edce4b450 Exception <a 'java/lang/NoSuchMethodError'{0x00000000e5b17280}: 'void java.lang.invoke.Invokers$Holder.exactInvoker(java.lang.Object, java.lang.Object, java.lang.Object, java.lang.Object, java.lang.Object, java.lang.Object, java.lang.Object, java.lang.Object, java.lang.Object, int, java.lang.Object, java.lang.Object)'> (0x00000000e5b17280) 
thrown [s\open\src\hotspot\share\interpreter\linkResolver.cpp, line 759]
Event: 29.792 Thread 0x0000025edce4b450 Exception <a 'java/lang/NoSuchMethodError'{0x00000000e5b20cb0}: 'void java.lang.invoke.DelegatingMethodHandle$Holder.delegate(java.lang.Object, java.lang.Object, java.lang.Object, java.lang.Object, java.lang.Object, java.lang.Object, java.lang.Object, java.lang.Object, java.lang.Object, int, java.lang.Object, java.lang.Object)'> (0x00000000e5b20cb0) 
thrown [s\open\src\hotspot\share\interpreter\linkResolver.cpp, line 759]
Event: 29.804 Thread 0x0000025edce4b450 Exception <a 'java/lang/NoSuchMethodError'{0x00000000e5b6c130}: 'void java.lang.invoke.DelegatingMethodHandle$Holder.delegate(java.lang.Object, java.lang.Object, int, int)'> (0x00000000e5b6c130) 
thrown [s\open\src\hotspot\share\interpreter\linkResolver.cpp, line 759]
Event: 29.813 Thread 0x0000025edce4b450 Exception <a 'java/lang/NoSuchMethodError'{0x00000000e5ba6d98}: 'void java.lang.invoke.DirectMethodHandle$Holder.invokeStatic(java.lang.Object, java.lang.Object, java.lang.Object, java.lang.Object)'> (0x00000000e5ba6d98) 
thrown [s\open\src\hotspot\share\interpreter\linkResolver.cpp, line 759]
Event: 29.814 Thread 0x0000025edce4b450 Exception <a 'java/lang/NoSuchMethodError'{0x00000000e5baa860}: 'void java.lang.invoke.DirectMethodHandle$Holder.invokeStaticInit(java.lang.Object, java.lang.Object, java.lang.Object, java.lang.Object)'> (0x00000000e5baa860) 
thrown [s\open\src\hotspot\share\interpreter\linkResolver.cpp, line 759]
Event: 29.908 Thread 0x0000025edce4b450 Exception <a 'java/lang/NoSuchMethodError'{0x00000000e64d6188}: 'int java.lang.invoke.DelegatingMethodHandle$Holder.delegate(java.lang.Object, java.lang.Object, int, int)'> (0x00000000e64d6188) 
thrown [s\open\src\hotspot\share\interpreter\linkResolver.cpp, line 759]

VM Operations (20 events):
Event: 17.721 Executing VM operation: G1Concurrent done
Event: 18.447 Executing VM operation: HandshakeAllThreads
Event: 18.447 Executing VM operation: HandshakeAllThreads done
Event: 19.458 Executing VM operation: Cleanup
Event: 19.458 Executing VM operation: Cleanup done
Event: 26.721 Executing VM operation: G1CollectForAllocation
Event: 26.734 Executing VM operation: G1CollectForAllocation done
Event: 27.701 Executing VM operation: G1TryInitiateConcMark
Event: 27.718 Executing VM operation: G1TryInitiateConcMark done
Event: 27.792 Executing VM operation: G1Concurrent
Event: 27.830 Executing VM operation: G1Concurrent done
Event: 27.866 Executing VM operation: G1Concurrent
Event: 27.866 Executing VM operation: G1Concurrent done
Event: 28.869 Executing VM operation: Cleanup
Event: 28.869 Executing VM operation: Cleanup done
Event: 29.823 Executing VM operation: G1CollectForAllocation
Event: 29.833 Executing VM operation: G1CollectForAllocation done
Event: 30.611 Executing VM operation: G1CollectForAllocation
Event: 30.619 Executing VM operation: G1CollectForAllocation done
Event: 30.728 Executing VM operation: G1Concurrent

Events (20 events):
Event: 16.678 loading class java/util/PriorityQueue
Event: 16.679 loading class java/util/PriorityQueue done
Event: 17.420 loading class java/util/concurrent/RejectedExecutionException
Event: 17.420 loading class java/util/concurrent/RejectedExecutionException done
Event: 17.511 loading class java/io/StringWriter
Event: 17.511 loading class java/io/StringWriter done
Event: 17.829 loading class java/util/Collections$SynchronizedRandomAccessList
Event: 17.830 loading class java/util/Collections$SynchronizedList
Event: 17.830 loading class java/util/Collections$SynchronizedList done
Event: 17.831 loading class java/util/Collections$SynchronizedRandomAccessList done
Event: 17.889 loading class jdk/internal/reflect/UnsafeObjectFieldAccessorImpl
Event: 17.889 loading class jdk/internal/reflect/UnsafeObjectFieldAccessorImpl done
Event: 18.284 loading class java/io/FilenameFilter
Event: 18.289 loading class java/io/FilenameFilter done
Event: 18.606 loading class java/nio/charset/CharacterCodingException
Event: 18.606 loading class java/nio/charset/CharacterCodingException done
Event: 19.149 loading class java/util/zip/ZipException
Event: 19.150 loading class java/util/zip/ZipException done
Event: 29.536 loading class java/lang/ThreadLocal$SuppliedThreadLocal
Event: 29.537 loading class java/lang/ThreadLocal$SuppliedThreadLocal done


Dynamic libraries:
0x00007ff7b6110000 - 0x00007ff7b6120000 	C:\Program Files\Java\jdk-17\bin\java.exe
0x00007ff96c9d0000 - 0x00007ff96cbc8000 	C:\WINDOWS\SYSTEM32\ntdll.dll
0x00007ff96c870000 - 0x00007ff96c92d000 	C:\WINDOWS\System32\KERNEL32.DLL
0x00007ff96a1f0000 - 0x00007ff96a4e6000 	C:\WINDOWS\System32\KERNELBASE.dll
0x00007ff96a0c0000 - 0x00007ff96a1c0000 	C:\WINDOWS\System32\ucrtbase.dll
0x00007ff963160000 - 0x00007ff963179000 	C:\Program Files\Java\jdk-17\bin\jli.dll
0x00007ff96aa10000 - 0x00007ff96aac0000 	C:\WINDOWS\System32\ADVAPI32.dll
0x00007ff96b910000 - 0x00007ff96b9ae000 	C:\WINDOWS\System32\msvcrt.dll
0x00007ff96b7b0000 - 0x00007ff96b850000 	C:\WINDOWS\System32\sechost.dll
0x00007ff960940000 - 0x00007ff96095b000 	C:\Program Files\Java\jdk-17\bin\VCRUNTIME140.dll
0x00007ff96b310000 - 0x00007ff96b433000 	C:\WINDOWS\System32\RPCRT4.dll
0x00007ff96a1c0000 - 0x00007ff96a1e7000 	C:\WINDOWS\System32\bcrypt.dll
0x00007ff96b5a0000 - 0x00007ff96b73f000 	C:\WINDOWS\System32\USER32.dll
0x00007ff96a090000 - 0x00007ff96a0b2000 	C:\WINDOWS\System32\win32u.dll
0x00007ff96b850000 - 0x00007ff96b87b000 	C:\WINDOWS\System32\GDI32.dll
0x00007ff96a740000 - 0x00007ff96a857000 	C:\WINDOWS\System32\gdi32full.dll
0x00007ff96a540000 - 0x00007ff96a5dd000 	C:\WINDOWS\System32\msvcp_win.dll
0x00007ff961130000 - 0x00007ff96113a000 	C:\WINDOWS\SYSTEM32\VERSION.dll
0x00007ff953f00000 - 0x00007ff95419a000 	C:\WINDOWS\WinSxS\amd64_microsoft.windows.common-controls_6595b64144ccf1df_6.0.19041.4355_none_60b8b9eb71f62e16\COMCTL32.dll
0x00007ff96b570000 - 0x00007ff96b59f000 	C:\WINDOWS\System32\IMM32.DLL
0x00007ff9627f0000 - 0x00007ff9627fc000 	C:\Program Files\Java\jdk-17\bin\vcruntime140_1.dll
0x00007ff9532b0000 - 0x00007ff95333e000 	C:\Program Files\Java\jdk-17\bin\msvcp140.dll
0x00007ff913330000 - 0x00007ff913f10000 	C:\Program Files\Java\jdk-17\bin\server\jvm.dll
0x00007ff96aac0000 - 0x00007ff96aac8000 	C:\WINDOWS\System32\PSAPI.DLL
0x00007ff967fd0000 - 0x00007ff967fd9000 	C:\WINDOWS\SYSTEM32\WSOCK32.dll
0x00007ff96b740000 - 0x00007ff96b7ab000 	C:\WINDOWS\System32\WS2_32.dll
0x00007ff956920000 - 0x00007ff956947000 	C:\WINDOWS\SYSTEM32\WINMM.dll
0x00007ff9688a0000 - 0x00007ff9688b2000 	C:\WINDOWS\SYSTEM32\kernel.appcore.dll
0x00007ff960c30000 - 0x00007ff960c3a000 	C:\Program Files\Java\jdk-17\bin\jimage.dll
0x00007ff967c70000 - 0x00007ff967e54000 	C:\WINDOWS\SYSTEM32\DBGHELP.DLL
0x00007ff961c70000 - 0x00007ff961ca4000 	C:\WINDOWS\SYSTEM32\dbgcore.DLL
0x00007ff96a980000 - 0x00007ff96aa02000 	C:\WINDOWS\System32\bcryptPrimitives.dll
0x00007ff95a900000 - 0x00007ff95a925000 	C:\Program Files\Java\jdk-17\bin\java.dll
0x00007ff94e170000 - 0x00007ff94e247000 	C:\Program Files\Java\jdk-17\bin\jsvml.dll
0x00007ff96aaf0000 - 0x00007ff96b25c000 	C:\WINDOWS\System32\SHELL32.dll
0x00007ff9680f0000 - 0x00007ff96888d000 	C:\WINDOWS\SYSTEM32\windows.storage.dll
0x00007ff96c310000 - 0x00007ff96c663000 	C:\WINDOWS\System32\combase.dll
0x00007ff969ab0000 - 0x00007ff969ade000 	C:\WINDOWS\SYSTEM32\Wldp.dll
0x00007ff96b9c0000 - 0x00007ff96ba8d000 	C:\WINDOWS\System32\OLEAUT32.dll
0x00007ff96baf0000 - 0x00007ff96bb9d000 	C:\WINDOWS\System32\SHCORE.dll
0x00007ff96bc20000 - 0x00007ff96bc75000 	C:\WINDOWS\System32\shlwapi.dll
0x00007ff969fc0000 - 0x00007ff969fe4000 	C:\WINDOWS\SYSTEM32\profapi.dll
0x00007ff95a800000 - 0x00007ff95a819000 	C:\Program Files\Java\jdk-17\bin\net.dll
0x00007ff960600000 - 0x00007ff96070a000 	C:\WINDOWS\SYSTEM32\WINHTTP.dll
0x00007ff969810000 - 0x00007ff96987a000 	C:\WINDOWS\system32\mswsock.dll
0x00007ff95a7a0000 - 0x00007ff95a7b6000 	C:\Program Files\Java\jdk-17\bin\nio.dll
0x00007ff95a8a0000 - 0x00007ff95a8b8000 	C:\Program Files\Java\jdk-17\bin\zip.dll
0x00007ff960a10000 - 0x00007ff960a20000 	C:\Program Files\Java\jdk-17\bin\verify.dll
0x00007ff95a730000 - 0x00007ff95a73e000 	C:\Program Files\Java\jdk-17\bin\sunmscapi.dll
0x00007ff96a5e0000 - 0x00007ff96a73e000 	C:\WINDOWS\System32\CRYPT32.dll
0x00007ff969b20000 - 0x00007ff969b49000 	C:\WINDOWS\SYSTEM32\ncrypt.dll
0x00007ff969ae0000 - 0x00007ff969b1b000 	C:\WINDOWS\SYSTEM32\NTASN1.dll
0x00007ff964540000 - 0x00007ff964547000 	C:\WINDOWS\system32\wshunix.dll
0x00007ff969a10000 - 0x00007ff969a28000 	C:\WINDOWS\SYSTEM32\CRYPTSP.dll
0x00007ff9690c0000 - 0x00007ff9690f4000 	C:\WINDOWS\system32\rsaenh.dll
0x00007ff969f70000 - 0x00007ff969f9e000 	C:\WINDOWS\SYSTEM32\USERENV.dll
0x00007ff969a00000 - 0x00007ff969a0c000 	C:\WINDOWS\SYSTEM32\CRYPTBASE.dll
0x00007ff9694a0000 - 0x00007ff9694db000 	C:\WINDOWS\SYSTEM32\IPHLPAPI.DLL
0x00007ff96c2a0000 - 0x00007ff96c2a8000 	C:\WINDOWS\System32\NSI.dll
0x00007ff961110000 - 0x00007ff961127000 	C:\WINDOWS\SYSTEM32\dhcpcsvc6.DLL
0x00007ff961a70000 - 0x00007ff961a8d000 	C:\WINDOWS\SYSTEM32\dhcpcsvc.DLL
0x00007ff9694f0000 - 0x00007ff9695ba000 	C:\WINDOWS\SYSTEM32\DNSAPI.dll

dbghelp: loaded successfully - version: 4.0.5 - missing functions: none
symbol engine: initialized successfully - sym options: 0x614 - pdb path: .;C:\Program Files\Java\jdk-17\bin;C:\WINDOWS\SYSTEM32;C:\WINDOWS\WinSxS\amd64_microsoft.windows.common-controls_6595b64144ccf1df_6.0.19041.4355_none_60b8b9eb71f62e16;C:\Program Files\Java\jdk-17\bin\server

VM Arguments:
jvm_args: -Djava.awt.headless=true -Dorg.gradle.internal.worker.tmpdir=C:\Users\Violin\AndroidStudioProjects\Simple Bank Manager\Simple Bank Manager\task\build\tmp\testDebugUnitTest\work -Dorg.gradle.native=false -Xmx512m -Dfile.encoding=x-windows-949 -Duser.country=KR -Duser.language=ko -Duser.variant -ea 
java_command: worker.org.gradle.process.internal.worker.GradleWorkerMain 'Gradle Test Executor 1'
java_class_path (initial): C:\Users\Violin\.gradle\caches\8.7\workerMain\gradle-worker.jar;C:\Users\Violin\AndroidStudioProjects\Simple Bank Manager\Simple Bank Manager\task\build\intermediates\unit_test_config_directory\debugUnitTest\out;C:\Users\Violin\AndroidStudioProjects\Simple Bank Manager\Simple Bank Manager\task\build\tmp\kotlin-classes\debugUnitTest;C:\Users\Violin\AndroidStudioProjects\Simple Bank Manager\Simple Bank Manager\task\build\intermediates\runtime_app_classes_jar\debug\classes.jar;C:\Users\Violin\.gradle\caches\transforms-4\ea04da98f6f139c9b13a1543dc22f9e1\transformed\jetified-robolectric-4.7.3.jar;C:\Users\Violin\.gradle\caches\transforms-4\ee18e53027180ca16baccf275ba6f036\transformed\jetified-junit-4.13.2.jar;C:\Users\Violin\.gradle\caches\transforms-4\db9cec43e06e8b2cf4936d1f5d426c59\transformed\jetified-viewbinding-7.4.0-runtime.jar;C:\Users\Violin\.gradle\caches\transforms-4\60b685f6c52eb7a11a4a056fb8581820\transformed\navigation-fragment-ktx-2.4.2-runtime.jar;C:\Users\Violin\.gradle\caches\transforms-4\f36d6c9cb1aa8147a9a50c7a763d7c86\transformed\navigation-fragment-2.4.2-runtime.jar;C:\Users\Violin\.gradle\caches\transforms-4\7d40a6a249cbd3e1055be6e200f50349\transformed\jetified-fragment-ktx-1.5.7-runtime.jar;C:\Users\Violin\.gradle\caches\transforms-4\8647dfca03e765bb626447145c7f5720\transformed\navigation-ui-ktx-2.4.2-runtime.jar;C:\Users\Violin\.gradle\caches\transforms-4\96a0bbed7e222b07448a3c931f59f246\transformed\navigation-runtime-ktx-2.4.2-runtime.jar;C:\Users\Violin\.gradle\caches\transforms-4\c10e26420198e04f5512696a40cb6098\transformed\navigation-ui-2.4.2-runtime.jar;C:\Users\Violin\.gradle\caches\transforms-4\1d9fd23816d12ee46035be87ece679f7\transformed\navigation-runtime-2.4.2-runtime.jar;C:\Users\Violin\.gradle\caches\transforms-4\ebd3418b3da59c629c96e4e675d5d691\transformed\jetified-activity-ktx-1.5.1-runtime.jar;C:\Users\Violin\.gradle\caches\transforms-4\2105f823572985411ab120cb41bc2078\transformed\navigation-common-ktx-
Launcher Type: SUN_STANDARD

[Global flags]
     intx CICompilerCount                          = 3                                         {product} {ergonomic}
     uint ConcGCThreads                            = 1                                         {product} {ergonomic}
     uint G1ConcRefinementThreads                  = 4                                         {product} {ergonomic}
   size_t G1HeapRegionSize                         = 1048576                                   {product} {ergonomic}
    uintx GCDrainStackTargetSize                   = 64                                        {product} {ergonomic}
   size_t InitialHeapSize                          = 67108864                                  {product} {ergonomic}
   size_t MarkStackSize                            = 4194304                                   {product} {ergonomic}
   size_t MaxHeapSize                              = 536870912                                 {product} {command line}
   size_t MaxNewSize                               = 321912832                                 {product} {ergonomic}
   size_t MinHeapDeltaBytes                        = 1048576                                   {product} {ergonomic}
   size_t MinHeapSize                              = 8388608                                   {product} {ergonomic}
    uintx NonNMethodCodeHeapSize                   = 5832780                                {pd product} {ergonomic}
    uintx NonProfiledCodeHeapSize                  = 122912730                              {pd product} {ergonomic}
    uintx ProfiledCodeHeapSize                     = 122912730                              {pd product} {ergonomic}
    uintx ReservedCodeCacheSize                    = 251658240                              {pd product} {ergonomic}
     bool SegmentedCodeCache                       = true                                      {product} {ergonomic}
   size_t SoftMaxHeapSize                          = 536870912                              {manageable} {ergonomic}
     bool UseCompressedClassPointers               = true                           {product lp64_product} {ergonomic}
     bool UseCompressedOops                        = true                           {product lp64_product} {ergonomic}
     bool UseG1GC                                  = true                                      {product} {ergonomic}
     bool UseLargePagesIndividualAllocation        = false                                  {pd product} {ergonomic}

Logging:
Log output configuration:
 #0: stdout all=warning uptime,level,tags
 #1: stderr all=off uptime,level,tags

Environment Variables:
CLASSPATH=C:\Gradle\gradle-8.7\lib\gradle-launcher-8.7.jar
PATH=C:\Program Files\Common Files\Oracle\Java\javapath;C:\Program Files (x86)\Intel\iCLS Client\;C:\Program Files\Intel\iCLS Client\;C:\WINDOWS\system32;C:\WINDOWS;C:\WINDOWS\System32\Wbem;C:\WINDOWS\System32\WindowsPowerShell\v1.0\;C:\Program Files\Intel\WiFi\bin\;C:\Program Files\Common Files\Intel\WirelessCommon\;C:\Program Files (x86)\Intel\Intel(R) Management Engine Components\DAL;C:\Program Files\Intel\Intel(R) Management Engine Components\DAL;C:\Program Files (x86)\Intel\Intel(R) Management Engine Components\IPT;C:\Program Files\Intel\Intel(R) Management Engine Components\IPT;C:\WINDOWS\System32\OpenSSH\;C:\Program Files\Git\cmd;C:\Gradle\gradle-8.7\bin;C:\Program Files\dotnet\;C:\Users\Violin\SDKs\platform-tools-latest-windows\platform-tools;C:\Users\Violin\AppData\Local\Microsoft\WindowsApps;C:\Users\Violin\AppData\Local\GitHubDesktop\bin;C:\Users\Violin\SDKs\platform-tools-latest-windows\platform-tools;
USERNAME=Violin
OS=Windows_NT
PROCESSOR_IDENTIFIER=Intel64 Family 6 Model 78 Stepping 3, GenuineIntel



---------------  S Y S T E M  ---------------

OS:
 Windows 10 , 64 bit Build 19041 (10.0.19041.3636)
OS uptime: 42 days 21:24 hours

CPU: total 4 (initial active 4) (2 cores per cpu, 2 threads per core) family 6 model 78 stepping 3 microcode 0xcc, cx8, cmov, fxsr, ht, mmx, 3dnowpref, sse, sse2, sse3, ssse3, sse4.1, sse4.2, popcnt, lzcnt, tsc, tscinvbit, avx, avx2, aes, erms, clmul, bmi1, bmi2, adx, fma, vzeroupper, clflush, clflushopt

Memory: 4k page, system-wide physical 4010M (190M free)
TotalPageFile size 16298M (AvailPageFile size 6M)
current process WorkingSet (physical memory assigned to process): 172M, peak: 172M
current process commit charge ("private bytes"): 233M, peak: 239M

vm_info: Java HotSpot(TM) 64-Bit Server VM (17.0.11+7-LTS-207) for windows-amd64 JRE (17.0.11+7-LTS-207), built on Mar 11 2024 19:01:50 by "mach5one" with MS VC++ 17.6 (VS2022)

END.
